#
# There is insufficient memory for the Java Runtime Environment to continue.
# Native memory allocation (malloc) failed to allocate 1283056 bytes. Error detail: Chunk::new
# Possible reasons:
#   The system is out of physical RAM or swap space
#   This process is running with CompressedOops enabled, and the Java Heap may be blocking the growth of the native heap
# Possible solutions:
#   Reduce memory load on the system
#   Increase physical memory or swap space
#   Check if swap backing store is full
#   Decrease Java heap size (-Xmx/-Xms)
#   Decrease number of Java threads
#   Decrease Java thread stack sizes (-Xss)
#   Set larger code cache with -XX:ReservedCodeCacheSize=
#   JVM is running with Unscaled Compressed Oops mode in which the Java heap is
#     placed in the first 4GB address space. The Java Heap base address is the
#     maximum limit for the native heap growth. Please use -XX:HeapBaseMinAddress
#     to set the Java Heap base and to place the Java Heap above 4GB virtual address.
# This output file may be truncated or incomplete.
#
#  Out of Memory Error (arena.cpp:168), pid=31120, tid=31664
#
# JRE version: OpenJDK Runtime Environment Temurin-21.0.10+7 (21.0.10+7) (build 21.0.10+7-LTS)
# Java VM: OpenJDK 64-Bit Server VM Temurin-21.0.10+7 (21.0.10+7-LTS, mixed mode, sharing, tiered, compressed oops, compressed class ptrs, g1 gc, windows-amd64)
# No core dump will be written. Minidumps are not enabled by default on client versions of Windows
#

---------------  S U M M A R Y ------------

Command Line: --add-opens=java.base/java.lang=ALL-UNNAMED --add-opens=java.base/java.lang.invoke=ALL-UNNAMED --add-opens=java.base/java.util=ALL-UNNAMED --add-opens=java.prefs/java.util.prefs=ALL-UNNAMED --add-exports=jdk.compiler/com.sun.tools.javac.api=ALL-UNNAMED --add-exports=jdk.compiler/com.sun.tools.javac.util=ALL-UNNAMED --add-opens=java.base/java.util=ALL-UNNAMED --add-opens=java.prefs/java.util.prefs=ALL-UNNAMED --add-opens=java.base/java.nio.charset=ALL-UNNAMED --add-opens=java.base/java.net=ALL-UNNAMED --add-opens=java.base/java.util.concurrent.atomic=ALL-UNNAMED --add-opens=java.xml/javax.xml.namespace=ALL-UNNAMED -Xmx1024m -Dfile.encoding=UTF-8 -Duser.country=IN -Duser.language=en -Duser.variant -javaagent:C:\Users\HP\.gradle\wrapper\dists\gradle-8.13-bin\5xuhj0ry160q40clulazy9h7d\gradle-8.13\lib\agents\gradle-instrumentation-agent-8.13.jar org.gradle.launcher.daemon.bootstrap.GradleDaemon 8.13

Host: AMD Ryzen 5 5600H with Radeon Graphics         , 12 cores, 7G,  Windows 11 , 64 bit Build 26100 (10.0.26100.8328)
Time: Thu May 28 00:50:32 2026 India Standard Time elapsed time: 29.245501 seconds (0d 0h 0m 29s)

---------------  T H R E A D  ---------------

Current thread (0x0000027ac700efa0):  JavaThread "C2 CompilerThread0" daemon [_thread_in_native, id=31664, stack(0x000000d206f00000,0x000000d207000000) (1024K)]


Current CompileTask:
C2:29245 12281       4       org.gradle.internal.reflect.annotations.impl.DefaultTypeAnnotationMetadataStore$HasAnnotationMetadataBuilder::resolveAnnotations (142 bytes)

Stack: [0x000000d206f00000,0x000000d207000000]
Native frames: (J=compiled Java code, j=interpreted, Vv=VM code, C=native code)
V  [jvm.dll+0x6d7a39]
V  [jvm.dll+0x8b4b26]
V  [jvm.dll+0x8b70de]
V  [jvm.dll+0x8b77c3]
V  [jvm.dll+0x284346]
V  [jvm.dll+0xc66ed]
V  [jvm.dll+0xc6c31]
V  [jvm.dll+0x2fb29e]
V  [jvm.dll+0x5fe884]
V  [jvm.dll+0x255b17]
V  [jvm.dll+0x24e12a]
V  [jvm.dll+0x24ba42]
V  [jvm.dll+0x1cb34e]
V  [jvm.dll+0x25b85d]
V  [jvm.dll+0x259dea]
V  [jvm.dll+0x3f857e]
V  [jvm.dll+0x85f59d]
V  [jvm.dll+0x6d626d]
C  [ucrtbase.dll+0x37b0]
C  [KERNEL32.DLL+0x2e957]
C  [ntdll.dll+0x427c]


---------------  P R O C E S S  ---------------

Threads class SMR info:
_java_thread_list=0x0000027ac976b740, length=71, elements={
0x0000027ae801e390, 0x0000027a80c8d0e0, 0x0000027a80c908a0, 0x0000027a80c96440,
0x0000027a80c96ad0, 0x0000027a80c95720, 0x0000027a80c977f0, 0x0000027ac700efa0,
0x0000027ac700ff80, 0x0000027a80c97e80, 0x0000027a80c97160, 0x0000027a80c98510,
0x0000027a80c95db0, 0x0000027ac8b8c6b0, 0x0000027ac8b8d3d0, 0x0000027ac8b8ac70,
0x0000027ac8b8b300, 0x0000027ac8b8b990, 0x0000027ac8b89f50, 0x0000027ac8b8da60,
0x0000027ac8b8c020, 0x0000027ac8b8a5e0, 0x0000027ac8b90850, 0x0000027ac8b90ee0,
0x0000027ac8b901c0, 0x0000027ac8b91570, 0x0000027ac8b8e0f0, 0x0000027ac8b8e780,
0x0000027ac8b8ee10, 0x0000027ac96d4220, 0x0000027ac96d7d30, 0x0000027ac96d48b0,
0x0000027ac96d83c0, 0x0000027ac96d62f0, 0x0000027ac96d90e0, 0x0000027ac96d6980,
0x0000027ac96dab20, 0x0000027ac96d9770, 0x0000027ac96d9e00, 0x0000027ac96da490,
0x0000027ac96db1b0, 0x0000027ac96db840, 0x0000027acada9e20, 0x0000027acada69a0,
0x0000027acadaa4b0, 0x0000027acada8a70, 0x0000027acada9100, 0x0000027acada7030,
0x0000027acadaab40, 0x0000027acada76c0, 0x0000027acadab1d0, 0x0000027acada7d50,
0x0000027acadab860, 0x0000027acada9790, 0x0000027acada83e0, 0x0000027acadabef0,
0x0000027acadacc10, 0x0000027acadad930, 0x0000027acadac580, 0x0000027acadad2a0,
0x0000027acadadfc0, 0x0000027acb17fc60, 0x0000027acb181010, 0x0000027acb17ef40,
0x0000027acb17f5d0, 0x0000027acb1802f0, 0x0000027acb180980, 0x0000027acb17e220,
0x0000027acb1823c0, 0x0000027ac926d830, 0x0000027ac9271580
}

Java Threads: ( => current thread )
  0x0000027ae801e390 JavaThread "main"                              [_thread_blocked, id=23052, stack(0x000000d206000000,0x000000d206100000) (1024K)]
  0x0000027a80c8d0e0 JavaThread "Reference Handler"          daemon [_thread_blocked, id=27192, stack(0x000000d206900000,0x000000d206a00000) (1024K)]
  0x0000027a80c908a0 JavaThread "Finalizer"                  daemon [_thread_blocked, id=15668, stack(0x000000d206a00000,0x000000d206b00000) (1024K)]
  0x0000027a80c96440 JavaThread "Signal Dispatcher"          daemon [_thread_blocked, id=38376, stack(0x000000d206b00000,0x000000d206c00000) (1024K)]
  0x0000027a80c96ad0 JavaThread "Attach Listener"            daemon [_thread_blocked, id=12680, stack(0x000000d206c00000,0x000000d206d00000) (1024K)]
  0x0000027a80c95720 JavaThread "Service Thread"             daemon [_thread_blocked, id=34656, stack(0x000000d206d00000,0x000000d206e00000) (1024K)]
  0x0000027a80c977f0 JavaThread "Monitor Deflation Thread"   daemon [_thread_blocked, id=37172, stack(0x000000d206e00000,0x000000d206f00000) (1024K)]
=>0x0000027ac700efa0 JavaThread "C2 CompilerThread0"         daemon [_thread_in_native, id=31664, stack(0x000000d206f00000,0x000000d207000000) (1024K)]
  0x0000027ac700ff80 JavaThread "C1 CompilerThread0"         daemon [_thread_blocked, id=25436, stack(0x000000d207000000,0x000000d207100000) (1024K)]
  0x0000027a80c97e80 JavaThread "Common-Cleaner"             daemon [_thread_blocked, id=38864, stack(0x000000d207100000,0x000000d207200000) (1024K)]
  0x0000027a80c97160 JavaThread "Notification Thread"        daemon [_thread_blocked, id=25656, stack(0x000000d207200000,0x000000d207300000) (1024K)]
  0x0000027a80c98510 JavaThread "Daemon health stats"               [_thread_blocked, id=1840, stack(0x000000d207900000,0x000000d207a00000) (1024K)]
  0x0000027a80c95db0 JavaThread "Incoming local TCP Connector on port 53217"        [_thread_in_native, id=18604, stack(0x000000d207a00000,0x000000d207b00000) (1024K)]
  0x0000027ac8b8c6b0 JavaThread "Daemon periodic checks"            [_thread_blocked, id=18016, stack(0x000000d207b00000,0x000000d207c00000) (1024K)]
  0x0000027ac8b8d3d0 JavaThread "Daemon"                            [_thread_blocked, id=37228, stack(0x000000d207c00000,0x000000d207d00000) (1024K)]
  0x0000027ac8b8ac70 JavaThread "Handler for socket connection from /127.0.0.1:53217 to /127.0.0.1:53218"        [_thread_in_native, id=27556, stack(0x000000d207d00000,0x000000d207e00000) (1024K)]
  0x0000027ac8b8b300 JavaThread "Cancel handler"                    [_thread_blocked, id=18096, stack(0x000000d207e00000,0x000000d207f00000) (1024K)]
  0x0000027ac8b8b990 JavaThread "Daemon worker"                     [_thread_in_vm, id=32960, stack(0x000000d207f00000,0x000000d208000000) (1024K)]
  0x0000027ac8b89f50 JavaThread "Asynchronous log dispatcher for DefaultDaemonConnection: socket connection from /127.0.0.1:53217 to /127.0.0.1:53218"        [_thread_blocked, id=6320, stack(0x000000d208000000,0x000000d208100000) (1024K)]
  0x0000027ac8b8da60 JavaThread "Stdin handler"                     [_thread_blocked, id=6476, stack(0x000000d208100000,0x000000d208200000) (1024K)]
  0x0000027ac8b8c020 JavaThread "Daemon client event forwarder"        [_thread_blocked, id=16752, stack(0x000000d208200000,0x000000d208300000) (1024K)]
  0x0000027ac8b8a5e0 JavaThread "Cache worker for journal cache (C:\Users\HP\.gradle\caches\journal-1)"        [_thread_blocked, id=38788, stack(0x000000d208400000,0x000000d208500000) (1024K)]
  0x0000027ac8b90850 JavaThread "File lock request listener"        [_thread_in_native, id=35048, stack(0x000000d208500000,0x000000d208600000) (1024K)]
  0x0000027ac8b90ee0 JavaThread "Cache worker for file hash cache (C:\Users\HP\.gradle\caches\8.13\fileHashes)"        [_thread_blocked, id=20156, stack(0x000000d208300000,0x000000d208400000) (1024K)]
  0x0000027ac8b901c0 JavaThread "Cache worker for file hash cache (C:\Users\HP\Documents\Application_developement\Doctor_patient\Android app\Hospiq\.gradle\8.13\fileHashes)"        [_thread_blocked, id=35244, stack(0x000000d208c00000,0x000000d208d00000) (1024K)]
  0x0000027ac8b91570 JavaThread "Cache worker for Build Output Cleanup Cache (C:\Users\HP\Documents\Application_developement\Doctor_patient\Android app\Hospiq\.gradle\buildOutputCleanup)"        [_thread_blocked, id=27760, stack(0x000000d208d00000,0x000000d208e00000) (1024K)]
  0x0000027ac8b8e0f0 JavaThread "File lock release action executor"        [_thread_blocked, id=23212, stack(0x000000d208e00000,0x000000d208f00000) (1024K)]
  0x0000027ac8b8e780 JavaThread "File watcher server"        daemon [_thread_in_native, id=19600, stack(0x000000d208f00000,0x000000d209000000) (1024K)]
  0x0000027ac8b8ee10 JavaThread "File watcher consumer"      daemon [_thread_blocked, id=28228, stack(0x000000d209000000,0x000000d209100000) (1024K)]
  0x0000027ac96d4220 JavaThread "Cache worker for checksums cache (C:\Users\HP\Documents\Application_developement\Doctor_patient\Android app\Hospiq\.gradle\8.13\checksums)"        [_thread_blocked, id=19164, stack(0x000000d209100000,0x000000d209200000) (1024K)]
  0x0000027ac96d7d30 JavaThread "Cache worker for file content cache (C:\Users\HP\.gradle\caches\8.13\fileContent)"        [_thread_blocked, id=29176, stack(0x000000d209200000,0x000000d209300000) (1024K)]
  0x0000027ac96d48b0 JavaThread "Cache worker for cache directory md-supplier (C:\Users\HP\.gradle\caches\8.13\md-supplier)"        [_thread_blocked, id=29208, stack(0x000000d209300000,0x000000d209400000) (1024K)]
  0x0000027ac96d83c0 JavaThread "Cache worker for cache directory md-rule (C:\Users\HP\.gradle\caches\8.13\md-rule)"        [_thread_blocked, id=35336, stack(0x000000d209400000,0x000000d209500000) (1024K)]
  0x0000027ac96d62f0 JavaThread "Unconstrained build operations"        [_thread_blocked, id=34340, stack(0x000000d208600000,0x000000d208700000) (1024K)]
  0x0000027ac96d90e0 JavaThread "Unconstrained build operations Thread 2"        [_thread_blocked, id=9764, stack(0x000000d209500000,0x000000d209600000) (1024K)]
  0x0000027ac96d6980 JavaThread "Unconstrained build operations Thread 3"        [_thread_blocked, id=3328, stack(0x000000d209600000,0x000000d209700000) (1024K)]
  0x0000027ac96dab20 JavaThread "Unconstrained build operations Thread 4"        [_thread_blocked, id=10396, stack(0x000000d209700000,0x000000d209800000) (1024K)]
  0x0000027ac96d9770 JavaThread "Unconstrained build operations Thread 5"        [_thread_blocked, id=34280, stack(0x000000d209800000,0x000000d209900000) (1024K)]
  0x0000027ac96d9e00 JavaThread "Unconstrained build operations Thread 6"        [_thread_blocked, id=36104, stack(0x000000d209900000,0x000000d209a00000) (1024K)]
  0x0000027ac96da490 JavaThread "Unconstrained build operations Thread 7"        [_thread_blocked, id=26500, stack(0x000000d209a00000,0x000000d209b00000) (1024K)]
  0x0000027ac96db1b0 JavaThread "Unconstrained build operations Thread 8"        [_thread_blocked, id=9836, stack(0x000000d209b00000,0x000000d209c00000) (1024K)]
  0x0000027ac96db840 JavaThread "Unconstrained build operations Thread 9"        [_thread_blocked, id=24148, stack(0x000000d209c00000,0x000000d209d00000) (1024K)]
  0x0000027acada9e20 JavaThread "Unconstrained build operations Thread 10"        [_thread_blocked, id=36300, stack(0x000000d209d00000,0x000000d209e00000) (1024K)]
  0x0000027acada69a0 JavaThread "Unconstrained build operations Thread 11"        [_thread_blocked, id=36128, stack(0x000000d209e00000,0x000000d209f00000) (1024K)]
  0x0000027acadaa4b0 JavaThread "File lock release action executor Thread 2"        [_thread_blocked, id=24836, stack(0x000000d209f00000,0x000000d20a000000) (1024K)]
  0x0000027acada8a70 JavaThread "Unconstrained build operations Thread 12"        [_thread_blocked, id=14464, stack(0x000000d20a000000,0x000000d20a100000) (1024K)]
  0x0000027acada9100 JavaThread "Unconstrained build operations Thread 13"        [_thread_blocked, id=32192, stack(0x000000d20a100000,0x000000d20a200000) (1024K)]
  0x0000027acada7030 JavaThread "Unconstrained build operations Thread 14"        [_thread_blocked, id=3308, stack(0x000000d20a200000,0x000000d20a300000) (1024K)]
  0x0000027acadaab40 JavaThread "Unconstrained build operations Thread 15"        [_thread_blocked, id=37020, stack(0x000000d20a300000,0x000000d20a400000) (1024K)]
  0x0000027acada76c0 JavaThread "Unconstrained build operations Thread 16"        [_thread_blocked, id=35808, stack(0x000000d20a400000,0x000000d20a500000) (1024K)]
  0x0000027acadab1d0 JavaThread "Unconstrained build operations Thread 17"        [_thread_blocked, id=36504, stack(0x000000d20a500000,0x000000d20a600000) (1024K)]
  0x0000027acada7d50 JavaThread "Unconstrained build operations Thread 18"        [_thread_blocked, id=17920, stack(0x000000d20a600000,0x000000d20a700000) (1024K)]
  0x0000027acadab860 JavaThread "Unconstrained build operations Thread 19"        [_thread_blocked, id=29808, stack(0x000000d20a700000,0x000000d20a800000) (1024K)]
  0x0000027acada9790 JavaThread "Unconstrained build operations Thread 20"        [_thread_blocked, id=38656, stack(0x000000d20a800000,0x000000d20a900000) (1024K)]
  0x0000027acada83e0 JavaThread "Unconstrained build operations Thread 21"        [_thread_blocked, id=34948, stack(0x000000d20a900000,0x000000d20aa00000) (1024K)]
  0x0000027acadabef0 JavaThread "Unconstrained build operations Thread 22"        [_thread_blocked, id=28488, stack(0x000000d20aa00000,0x000000d20ab00000) (1024K)]
  0x0000027acadacc10 JavaThread "Unconstrained build operations Thread 23"        [_thread_blocked, id=35636, stack(0x000000d20ab00000,0x000000d20ac00000) (1024K)]
  0x0000027acadad930 JavaThread "Unconstrained build operations Thread 24"        [_thread_blocked, id=26248, stack(0x000000d20ac00000,0x000000d20ad00000) (1024K)]
  0x0000027acadac580 JavaThread "Unconstrained build operations Thread 25"        [_thread_blocked, id=19220, stack(0x000000d20ad00000,0x000000d20ae00000) (1024K)]
  0x0000027acadad2a0 JavaThread "Unconstrained build operations Thread 26"        [_thread_blocked, id=35656, stack(0x000000d20ae00000,0x000000d20af00000) (1024K)]
  0x0000027acadadfc0 JavaThread "Unconstrained build operations Thread 27"        [_thread_blocked, id=35084, stack(0x000000d20af00000,0x000000d20b000000) (1024K)]
  0x0000027acb17fc60 JavaThread "Unconstrained build operations Thread 28"        [_thread_blocked, id=12872, stack(0x000000d20b000000,0x000000d20b100000) (1024K)]
  0x0000027acb181010 JavaThread "Unconstrained build operations Thread 29"        [_thread_blocked, id=28872, stack(0x000000d20b100000,0x000000d20b200000) (1024K)]
  0x0000027acb17ef40 JavaThread "Unconstrained build operations Thread 30"        [_thread_blocked, id=36804, stack(0x000000d20b200000,0x000000d20b300000) (1024K)]
  0x0000027acb17f5d0 JavaThread "Unconstrained build operations Thread 31"        [_thread_blocked, id=37316, stack(0x000000d20b300000,0x000000d20b400000) (1024K)]
  0x0000027acb1802f0 JavaThread "Unconstrained build operations Thread 32"        [_thread_blocked, id=38480, stack(0x000000d20b400000,0x000000d20b500000) (1024K)]
  0x0000027acb180980 JavaThread "Unconstrained build operations Thread 33"        [_thread_blocked, id=30112, stack(0x000000d20b500000,0x000000d20b600000) (1024K)]
  0x0000027acb17e220 JavaThread "Memory manager"                    [_thread_blocked, id=19428, stack(0x000000d20b600000,0x000000d20b700000) (1024K)]
  0x0000027acb1823c0 JavaThread "build event listener"              [_thread_blocked, id=18828, stack(0x000000d20b700000,0x000000d20b800000) (1024K)]
  0x0000027ac926d830 JavaThread "C2 CompilerThread1"         daemon [_thread_in_native, id=19896, stack(0x000000d20b800000,0x000000d20b900000) (1024K)]
  0x0000027ac9271580 JavaThread "C2 CompilerThread2"         daemon [_thread_in_native, id=18812, stack(0x000000d20b900000,0x000000d20ba00000) (1024K)]
Total: 71

Other Threads:
  0x0000027a80c61af0 VMThread "VM Thread"                           [id=28900, stack(0x000000d206800000,0x000000d206900000) (1024K)]
  0x0000027a80c4d070 WatcherThread "VM Periodic Task Thread"        [id=38356, stack(0x000000d206700000,0x000000d206800000) (1024K)]
  0x0000027aea436100 WorkerThread "GC Thread#0"                     [id=9344, stack(0x000000d206200000,0x000000d206300000) (1024K)]
  0x0000027ac74c3830 WorkerThread "GC Thread#1"                     [id=38872, stack(0x000000d207300000,0x000000d207400000) (1024K)]
  0x0000027ac73e2c80 WorkerThread "GC Thread#2"                     [id=19308, stack(0x000000d207400000,0x000000d207500000) (1024K)]
  0x0000027ac73e3030 WorkerThread "GC Thread#3"                     [id=27488, stack(0x000000d207500000,0x000000d207600000) (1024K)]
  0x0000027ac7df7190 WorkerThread "GC Thread#4"                     [id=30936, stack(0x000000d207600000,0x000000d207700000) (1024K)]
  0x0000027ac7ce51d0 WorkerThread "GC Thread#5"                     [id=18504, stack(0x000000d207700000,0x000000d207800000) (1024K)]
  0x0000027ac7ce5580 WorkerThread "GC Thread#6"                     [id=15492, stack(0x000000d207800000,0x000000d207900000) (1024K)]
  0x0000027ac8c59940 WorkerThread "GC Thread#7"                     [id=35432, stack(0x000000d208700000,0x000000d208800000) (1024K)]
  0x0000027ac8c59cf0 WorkerThread "GC Thread#8"                     [id=28316, stack(0x000000d208800000,0x000000d208900000) (1024K)]
  0x0000027ac8c58e30 WorkerThread "GC Thread#9"                     [id=33808, stack(0x000000d208900000,0x000000d208a00000) (1024K)]
  0x0000027aea440bd0 ConcurrentGCThread "G1 Main Marker"            [id=28392, stack(0x000000d206300000,0x000000d206400000) (1024K)]
  0x0000027aea4415f0 WorkerThread "G1 Conc#0"                       [id=37564, stack(0x000000d206400000,0x000000d206500000) (1024K)]
  0x0000027ac9664f70 WorkerThread "G1 Conc#1"                       [id=19512, stack(0x000000d208a00000,0x000000d208b00000) (1024K)]
  0x0000027ac9665320 WorkerThread "G1 Conc#2"                       [id=39364, stack(0x000000d208b00000,0x000000d208c00000) (1024K)]
  0x0000027a80b1a220 ConcurrentGCThread "G1 Refine#0"               [id=30608, stack(0x000000d206500000,0x000000d206600000) (1024K)]
  0x0000027a80b1aa50 ConcurrentGCThread "G1 Service"                [id=38412, stack(0x000000d206600000,0x000000d206700000) (1024K)]
Total: 18

Threads with active compile tasks:
C2 CompilerThread0  29300 12281       4       org.gradle.internal.reflect.annotations.impl.DefaultTypeAnnotationMetadataStore$HasAnnotationMetadataBuilder::resolveAnnotations (142 bytes)
C2 CompilerThread1  29300 12367       4       jdk.internal.org.objectweb.asm.MethodWriter::<init> (232 bytes)
C2 CompilerThread2  29300 12370       4       jdk.internal.org.objectweb.asm.ClassWriter::visitMethod (57 bytes)
Total: 3

VM state: not at safepoint (normal execution)

VM Mutex/Monitor currently owned by a thread: None

Heap address: 0x00000000c0000000, size: 1024 MB, Compressed Oops mode: 32-bit

CDS archive(s) mapped at: [0x0000027a81000000-0x0000027a81ba0000-0x0000027a81ba0000), size 12189696, SharedBaseAddress: 0x0000027a81000000, ArchiveRelocationMode: 1.
Compressed class space mapped at: 0x0000027a82000000-0x0000027ac2000000, reserved size: 1073741824
Narrow klass base: 0x0000027a81000000, Narrow klass shift: 0, Narrow klass range: 0x100000000

GC Precious Log:
 CardTable entry size: 512
 Card Set container configuration: InlinePtr #cards 5 size 8 Array Of Cards #cards 12 size 40 Howl #buckets 4 coarsen threshold 1843 Howl Bitmap #cards 512 size 80 coarsen threshold 460 Card regions per heap region 1 cards per card region 2048
 CPUs: 12 total, 12 available
 Memory: 7521M
 Large Page Support: Disabled
 NUMA Support: Disabled
 Compressed Oops: Enabled (32-bit)
 Heap Region Size: 1M
 Heap Min Capacity: 8M
 Heap Initial Capacity: 118M
 Heap Max Capacity: 1G
 Pre-touch: Disabled
 Parallel Workers: 10
 Concurrent Workers: 3
 Concurrent Refinement Workers: 10
 Periodic GC: Disabled

Heap:
 garbage-first heap   total 168960K, used 131322K [0x00000000c0000000, 0x0000000100000000)
  region size 1024K, 32 young (32768K), 7 survivors (7168K)
 Metaspace       used 93784K, committed 96064K, reserved 1179648K
  class space    used 13441K, committed 14528K, reserved 1048576K

Heap Regions: E=young(eden), S=young(survivor), O=old, HS=humongous(starts), HC=humongous(continues), CS=collection set, F=free, TAMS=top-at-mark-start, PB=parsable bottom
|   0|0x00000000c0000000, 0x00000000c0100000, 0x00000000c0100000|100%|HS|  |TAMS 0x00000000c0000000| PB 0x00000000c0000000| Complete 
|   1|0x00000000c0100000, 0x00000000c0200000, 0x00000000c0200000|100%|HC|  |TAMS 0x00000000c0100000| PB 0x00000000c0100000| Complete 
|   2|0x00000000c0200000, 0x00000000c0300000, 0x00000000c0300000|100%|HC|  |TAMS 0x00000000c0200000| PB 0x00000000c0200000| Complete 
|   3|0x00000000c0300000, 0x00000000c0400000, 0x00000000c0400000|100%| O|  |TAMS 0x00000000c0300000| PB 0x00000000c0300000| Untracked 
|   4|0x00000000c0400000, 0x00000000c0500000, 0x00000000c0500000|100%| O|  |TAMS 0x00000000c0400000| PB 0x00000000c0400000| Untracked 
|   5|0x00000000c0500000, 0x00000000c0600000, 0x00000000c0600000|100%| O|  |TAMS 0x00000000c0500000| PB 0x00000000c0500000| Untracked 
|   6|0x00000000c0600000, 0x00000000c0700000, 0x00000000c0700000|100%|HS|  |TAMS 0x00000000c0600000| PB 0x00000000c0600000| Complete 
|   7|0x00000000c0700000, 0x00000000c0800000, 0x00000000c0800000|100%| O|  |TAMS 0x00000000c0700000| PB 0x00000000c0700000| Untracked 
|   8|0x00000000c0800000, 0x00000000c0900000, 0x00000000c0900000|100%| O|  |TAMS 0x00000000c0800000| PB 0x00000000c0800000| Untracked 
|   9|0x00000000c0900000, 0x00000000c0a00000, 0x00000000c0a00000|100%| O|  |TAMS 0x00000000c0900000| PB 0x00000000c0900000| Untracked 
|  10|0x00000000c0a00000, 0x00000000c0b00000, 0x00000000c0b00000|100%| O|  |TAMS 0x00000000c0a00000| PB 0x00000000c0a00000| Untracked 
|  11|0x00000000c0b00000, 0x00000000c0c00000, 0x00000000c0c00000|100%| O|  |TAMS 0x00000000c0b00000| PB 0x00000000c0b00000| Untracked 
|  12|0x00000000c0c00000, 0x00000000c0d00000, 0x00000000c0d00000|100%| O|  |TAMS 0x00000000c0c00000| PB 0x00000000c0c00000| Untracked 
|  13|0x00000000c0d00000, 0x00000000c0e00000, 0x00000000c0e00000|100%| O|  |TAMS 0x00000000c0d00000| PB 0x00000000c0d00000| Untracked 
|  14|0x00000000c0e00000, 0x00000000c0f00000, 0x00000000c0f00000|100%| O|  |TAMS 0x00000000c0e00000| PB 0x00000000c0e00000| Untracked 
|  15|0x00000000c0f00000, 0x00000000c1000000, 0x00000000c1000000|100%| O|  |TAMS 0x00000000c0f00000| PB 0x00000000c0f00000| Untracked 
|  16|0x00000000c1000000, 0x00000000c1100000, 0x00000000c1100000|100%| O|  |TAMS 0x00000000c1000000| PB 0x00000000c1000000| Untracked 
|  17|0x00000000c1100000, 0x00000000c1200000, 0x00000000c1200000|100%| O|  |TAMS 0x00000000c1100000| PB 0x00000000c1100000| Untracked 
|  18|0x00000000c1200000, 0x00000000c1300000, 0x00000000c1300000|100%| O|  |TAMS 0x00000000c1200000| PB 0x00000000c1200000| Untracked 
|  19|0x00000000c1300000, 0x00000000c1400000, 0x00000000c1400000|100%| O|  |TAMS 0x00000000c1300000| PB 0x00000000c1300000| Untracked 
|  20|0x00000000c1400000, 0x00000000c1500000, 0x00000000c1500000|100%| O|  |TAMS 0x00000000c1400000| PB 0x00000000c1400000| Untracked 
|  21|0x00000000c1500000, 0x00000000c1600000, 0x00000000c1600000|100%| O|  |TAMS 0x00000000c1500000| PB 0x00000000c1500000| Untracked 
|  22|0x00000000c1600000, 0x00000000c1700000, 0x00000000c1700000|100%| O|  |TAMS 0x00000000c1600000| PB 0x00000000c1600000| Untracked 
|  23|0x00000000c1700000, 0x00000000c1800000, 0x00000000c1800000|100%| O|  |TAMS 0x00000000c1700000| PB 0x00000000c1700000| Untracked 
|  24|0x00000000c1800000, 0x00000000c1900000, 0x00000000c1900000|100%| O|  |TAMS 0x00000000c1800000| PB 0x00000000c1800000| Untracked 
|  25|0x00000000c1900000, 0x00000000c1a00000, 0x00000000c1a00000|100%| O|  |TAMS 0x00000000c1900000| PB 0x00000000c1900000| Untracked 
|  26|0x00000000c1a00000, 0x00000000c1b00000, 0x00000000c1b00000|100%| O|  |TAMS 0x00000000c1a00000| PB 0x00000000c1a00000| Untracked 
|  27|0x00000000c1b00000, 0x00000000c1c00000, 0x00000000c1c00000|100%| O|  |TAMS 0x00000000c1b00000| PB 0x00000000c1b00000| Untracked 
|  28|0x00000000c1c00000, 0x00000000c1d00000, 0x00000000c1d00000|100%| O|  |TAMS 0x00000000c1c00000| PB 0x00000000c1c00000| Untracked 
|  29|0x00000000c1d00000, 0x00000000c1e00000, 0x00000000c1e00000|100%| O|  |TAMS 0x00000000c1d00000| PB 0x00000000c1d00000| Untracked 
|  30|0x00000000c1e00000, 0x00000000c1f00000, 0x00000000c1f00000|100%|HS|  |TAMS 0x00000000c1e00000| PB 0x00000000c1e00000| Complete 
|  31|0x00000000c1f00000, 0x00000000c2000000, 0x00000000c2000000|100%| O|  |TAMS 0x00000000c1f00000| PB 0x00000000c1f00000| Untracked 
|  32|0x00000000c2000000, 0x00000000c2100000, 0x00000000c2100000|100%| O|  |TAMS 0x00000000c2000000| PB 0x00000000c2000000| Untracked 
|  33|0x00000000c2100000, 0x00000000c2200000, 0x00000000c2200000|100%| O|  |TAMS 0x00000000c2100000| PB 0x00000000c2100000| Untracked 
|  34|0x00000000c2200000, 0x00000000c2300000, 0x00000000c2300000|100%| O|  |TAMS 0x00000000c2200000| PB 0x00000000c2200000| Untracked 
|  35|0x00000000c2300000, 0x00000000c2400000, 0x00000000c2400000|100%| O|  |TAMS 0x00000000c2300000| PB 0x00000000c2300000| Untracked 
|  36|0x00000000c2400000, 0x00000000c2500000, 0x00000000c2500000|100%| O|  |TAMS 0x00000000c2400000| PB 0x00000000c2400000| Untracked 
|  37|0x00000000c2500000, 0x00000000c2600000, 0x00000000c2600000|100%| O|  |TAMS 0x00000000c2500000| PB 0x00000000c2500000| Untracked 
|  38|0x00000000c2600000, 0x00000000c2700000, 0x00000000c2700000|100%| O|  |TAMS 0x00000000c2600000| PB 0x00000000c2600000| Untracked 
|  39|0x00000000c2700000, 0x00000000c2800000, 0x00000000c2800000|100%| O|  |TAMS 0x00000000c2700000| PB 0x00000000c2700000| Untracked 
|  40|0x00000000c2800000, 0x00000000c2900000, 0x00000000c2900000|100%|HS|  |TAMS 0x00000000c2800000| PB 0x00000000c2800000| Complete 
|  41|0x00000000c2900000, 0x00000000c2a00000, 0x00000000c2a00000|100%|HS|  |TAMS 0x00000000c2900000| PB 0x00000000c2900000| Complete 
|  42|0x00000000c2a00000, 0x00000000c2b00000, 0x00000000c2b00000|100%|HS|  |TAMS 0x00000000c2a00000| PB 0x00000000c2a00000| Complete 
|  43|0x00000000c2b00000, 0x00000000c2c00000, 0x00000000c2c00000|100%|HC|  |TAMS 0x00000000c2b00000| PB 0x00000000c2b00000| Complete 
|  44|0x00000000c2c00000, 0x00000000c2d00000, 0x00000000c2d00000|100%| O|  |TAMS 0x00000000c2c00000| PB 0x00000000c2c00000| Untracked 
|  45|0x00000000c2d00000, 0x00000000c2e00000, 0x00000000c2e00000|100%|HS|  |TAMS 0x00000000c2d00000| PB 0x00000000c2d00000| Complete 
|  46|0x00000000c2e00000, 0x00000000c2f00000, 0x00000000c2f00000|100%|HC|  |TAMS 0x00000000c2e00000| PB 0x00000000c2e00000| Complete 
|  47|0x00000000c2f00000, 0x00000000c3000000, 0x00000000c3000000|100%|HS|  |TAMS 0x00000000c2f00000| PB 0x00000000c2f00000| Complete 
|  48|0x00000000c3000000, 0x00000000c3100000, 0x00000000c3100000|100%|HS|  |TAMS 0x00000000c3000000| PB 0x00000000c3000000| Complete 
|  49|0x00000000c3100000, 0x00000000c3200000, 0x00000000c3200000|100%|HC|  |TAMS 0x00000000c3100000| PB 0x00000000c3100000| Complete 
|  50|0x00000000c3200000, 0x00000000c3300000, 0x00000000c3300000|100%|HC|  |TAMS 0x00000000c3200000| PB 0x00000000c3200000| Complete 
|  51|0x00000000c3300000, 0x00000000c3400000, 0x00000000c3400000|100%|HC|  |TAMS 0x00000000c3300000| PB 0x00000000c3300000| Complete 
|  52|0x00000000c3400000, 0x00000000c3500000, 0x00000000c3500000|100%|HS|  |TAMS 0x00000000c3400000| PB 0x00000000c3400000| Complete 
|  53|0x00000000c3500000, 0x00000000c3600000, 0x00000000c3600000|100%| O|  |TAMS 0x00000000c3500000| PB 0x00000000c3500000| Untracked 
|  54|0x00000000c3600000, 0x00000000c3700000, 0x00000000c3700000|100%|HS|  |TAMS 0x00000000c3600000| PB 0x00000000c3600000| Complete 
|  55|0x00000000c3700000, 0x00000000c3800000, 0x00000000c3800000|100%|HS|  |TAMS 0x00000000c3700000| PB 0x00000000c3700000| Complete 
|  56|0x00000000c3800000, 0x00000000c3900000, 0x00000000c3900000|100%| O|  |TAMS 0x00000000c3800000| PB 0x00000000c3800000| Untracked 
|  57|0x00000000c3900000, 0x00000000c3a00000, 0x00000000c3a00000|100%| O|  |TAMS 0x00000000c3900000| PB 0x00000000c3900000| Untracked 
|  58|0x00000000c3a00000, 0x00000000c3b00000, 0x00000000c3b00000|100%| O|  |TAMS 0x00000000c3a00000| PB 0x00000000c3a00000| Untracked 
|  59|0x00000000c3b00000, 0x00000000c3c00000, 0x00000000c3c00000|100%| O|  |TAMS 0x00000000c3b00000| PB 0x00000000c3b00000| Untracked 
|  60|0x00000000c3c00000, 0x00000000c3d00000, 0x00000000c3d00000|100%| O|  |TAMS 0x00000000c3c00000| PB 0x00000000c3c00000| Untracked 
|  61|0x00000000c3d00000, 0x00000000c3e00000, 0x00000000c3e00000|100%|HS|  |TAMS 0x00000000c3d00000| PB 0x00000000c3d00000| Complete 
|  62|0x00000000c3e00000, 0x00000000c3f00000, 0x00000000c3f00000|100%| O|  |TAMS 0x00000000c3e00000| PB 0x00000000c3e00000| Untracked 
|  63|0x00000000c3f00000, 0x00000000c4000000, 0x00000000c4000000|100%| O|  |TAMS 0x00000000c3f00000| PB 0x00000000c3f00000| Untracked 
|  64|0x00000000c4000000, 0x00000000c4100000, 0x00000000c4100000|100%| O|  |TAMS 0x00000000c4000000| PB 0x00000000c4000000| Untracked 
|  65|0x00000000c4100000, 0x00000000c4200000, 0x00000000c4200000|100%| O|  |TAMS 0x00000000c4100000| PB 0x00000000c4100000| Untracked 
|  66|0x00000000c4200000, 0x00000000c4300000, 0x00000000c4300000|100%| O|  |TAMS 0x00000000c4200000| PB 0x00000000c4200000| Untracked 
|  67|0x00000000c4300000, 0x00000000c4400000, 0x00000000c4400000|100%| O|  |TAMS 0x00000000c4300000| PB 0x00000000c4300000| Untracked 
|  68|0x00000000c4400000, 0x00000000c4500000, 0x00000000c4500000|100%| O|  |TAMS 0x00000000c4400000| PB 0x00000000c4400000| Untracked 
|  69|0x00000000c4500000, 0x00000000c4600000, 0x00000000c4600000|100%| O|  |TAMS 0x00000000c4500000| PB 0x00000000c4500000| Untracked 
|  70|0x00000000c4600000, 0x00000000c4700000, 0x00000000c4700000|100%| O|  |TAMS 0x00000000c4600000| PB 0x00000000c4600000| Untracked 
|  71|0x00000000c4700000, 0x00000000c4800000, 0x00000000c4800000|100%| O|  |TAMS 0x00000000c4700000| PB 0x00000000c4700000| Untracked 
|  72|0x00000000c4800000, 0x00000000c4900000, 0x00000000c4900000|100%|HS|  |TAMS 0x00000000c4800000| PB 0x00000000c4800000| Complete 
|  73|0x00000000c4900000, 0x00000000c4a00000, 0x00000000c4a00000|100%|HC|  |TAMS 0x00000000c4900000| PB 0x00000000c4900000| Complete 
|  74|0x00000000c4a00000, 0x00000000c4b00000, 0x00000000c4b00000|100%|HC|  |TAMS 0x00000000c4a00000| PB 0x00000000c4a00000| Complete 
|  75|0x00000000c4b00000, 0x00000000c4c00000, 0x00000000c4c00000|100%|HC|  |TAMS 0x00000000c4b00000| PB 0x00000000c4b00000| Complete 
|  76|0x00000000c4c00000, 0x00000000c4d00000, 0x00000000c4d00000|100%| O|  |TAMS 0x00000000c4c00000| PB 0x00000000c4c00000| Untracked 
|  77|0x00000000c4d00000, 0x00000000c4e00000, 0x00000000c4e00000|100%| O|  |TAMS 0x00000000c4d00000| PB 0x00000000c4d00000| Untracked 
|  78|0x00000000c4e00000, 0x00000000c4e00000, 0x00000000c4f00000|  0%| F|  |TAMS 0x00000000c4e00000| PB 0x00000000c4e00000| Untracked 
|  79|0x00000000c4f00000, 0x00000000c5000000, 0x00000000c5000000|100%| O|  |TAMS 0x00000000c4f00000| PB 0x00000000c4f00000| Untracked 
|  80|0x00000000c5000000, 0x00000000c5100000, 0x00000000c5100000|100%| O|  |TAMS 0x00000000c5000000| PB 0x00000000c5000000| Untracked 
|  81|0x00000000c5100000, 0x00000000c5200000, 0x00000000c5200000|100%| O|  |TAMS 0x00000000c5100000| PB 0x00000000c5100000| Untracked 
|  82|0x00000000c5200000, 0x00000000c5300000, 0x00000000c5300000|100%| O|  |TAMS 0x00000000c5200000| PB 0x00000000c5200000| Untracked 
|  83|0x00000000c5300000, 0x00000000c5400000, 0x00000000c5400000|100%| O|  |TAMS 0x00000000c5300000| PB 0x00000000c5300000| Untracked 
|  84|0x00000000c5400000, 0x00000000c5500000, 0x00000000c5500000|100%| O|  |TAMS 0x00000000c5400000| PB 0x00000000c5400000| Untracked 
|  85|0x00000000c5500000, 0x00000000c5600000, 0x00000000c5600000|100%| O|  |TAMS 0x00000000c5500000| PB 0x00000000c5500000| Untracked 
|  86|0x00000000c5600000, 0x00000000c5600000, 0x00000000c5700000|  0%| F|  |TAMS 0x00000000c5600000| PB 0x00000000c5600000| Untracked 
|  87|0x00000000c5700000, 0x00000000c5800000, 0x00000000c5800000|100%| O|  |TAMS 0x00000000c5700000| PB 0x00000000c5700000| Untracked 
|  88|0x00000000c5800000, 0x00000000c5900000, 0x00000000c5900000|100%| O|  |TAMS 0x00000000c5800000| PB 0x00000000c5800000| Untracked 
|  89|0x00000000c5900000, 0x00000000c5a00000, 0x00000000c5a00000|100%| O|  |TAMS 0x00000000c5900000| PB 0x00000000c5900000| Untracked 
|  90|0x00000000c5a00000, 0x00000000c5b00000, 0x00000000c5b00000|100%| O|  |TAMS 0x00000000c5a00000| PB 0x00000000c5a00000| Untracked 
|  91|0x00000000c5b00000, 0x00000000c5c00000, 0x00000000c5c00000|100%| O|  |TAMS 0x00000000c5b00000| PB 0x00000000c5b00000| Untracked 
|  92|0x00000000c5c00000, 0x00000000c5d00000, 0x00000000c5d00000|100%| O|  |TAMS 0x00000000c5c00000| PB 0x00000000c5c00000| Untracked 
|  93|0x00000000c5d00000, 0x00000000c5d3e850, 0x00000000c5e00000| 24%| O|  |TAMS 0x00000000c5d00000| PB 0x00000000c5d00000| Untracked 
|  94|0x00000000c5e00000, 0x00000000c5e00000, 0x00000000c5f00000|  0%| F|  |TAMS 0x00000000c5e00000| PB 0x00000000c5e00000| Untracked 
|  95|0x00000000c5f00000, 0x00000000c6000000, 0x00000000c6000000|100%| S|CS|TAMS 0x00000000c5f00000| PB 0x00000000c5f00000| Complete 
|  96|0x00000000c6000000, 0x00000000c6100000, 0x00000000c6100000|100%| S|CS|TAMS 0x00000000c6000000| PB 0x00000000c6000000| Complete 
|  97|0x00000000c6100000, 0x00000000c6200000, 0x00000000c6200000|100%| S|CS|TAMS 0x00000000c6100000| PB 0x00000000c6100000| Complete 
|  98|0x00000000c6200000, 0x00000000c6300000, 0x00000000c6300000|100%| S|CS|TAMS 0x00000000c6200000| PB 0x00000000c6200000| Complete 
|  99|0x00000000c6300000, 0x00000000c6400000, 0x00000000c6400000|100%| S|CS|TAMS 0x00000000c6300000| PB 0x00000000c6300000| Complete 
| 100|0x00000000c6400000, 0x00000000c6500000, 0x00000000c6500000|100%| S|CS|TAMS 0x00000000c6400000| PB 0x00000000c6400000| Complete 
| 101|0x00000000c6500000, 0x00000000c6600000, 0x00000000c6600000|100%| S|CS|TAMS 0x00000000c6500000| PB 0x00000000c6500000| Complete 
| 102|0x00000000c6600000, 0x00000000c6600000, 0x00000000c6700000|  0%| F|  |TAMS 0x00000000c6600000| PB 0x00000000c6600000| Untracked 
| 103|0x00000000c6700000, 0x00000000c6700000, 0x00000000c6800000|  0%| F|  |TAMS 0x00000000c6700000| PB 0x00000000c6700000| Untracked 
| 104|0x00000000c6800000, 0x00000000c6800000, 0x00000000c6900000|  0%| F|  |TAMS 0x00000000c6800000| PB 0x00000000c6800000| Untracked 
| 105|0x00000000c6900000, 0x00000000c6900000, 0x00000000c6a00000|  0%| F|  |TAMS 0x00000000c6900000| PB 0x00000000c6900000| Untracked 
| 106|0x00000000c6a00000, 0x00000000c6a00000, 0x00000000c6b00000|  0%| F|  |TAMS 0x00000000c6a00000| PB 0x00000000c6a00000| Untracked 
| 107|0x00000000c6b00000, 0x00000000c6b00000, 0x00000000c6c00000|  0%| F|  |TAMS 0x00000000c6b00000| PB 0x00000000c6b00000| Untracked 
| 108|0x00000000c6c00000, 0x00000000c6c00000, 0x00000000c6d00000|  0%| F|  |TAMS 0x00000000c6c00000| PB 0x00000000c6c00000| Untracked 
| 109|0x00000000c6d00000, 0x00000000c6d00000, 0x00000000c6e00000|  0%| F|  |TAMS 0x00000000c6d00000| PB 0x00000000c6d00000| Untracked 
| 110|0x00000000c6e00000, 0x00000000c6e00000, 0x00000000c6f00000|  0%| F|  |TAMS 0x00000000c6e00000| PB 0x00000000c6e00000| Untracked 
| 111|0x00000000c6f00000, 0x00000000c6f00000, 0x00000000c7000000|  0%| F|  |TAMS 0x00000000c6f00000| PB 0x00000000c6f00000| Untracked 
| 112|0x00000000c7000000, 0x00000000c7000000, 0x00000000c7100000|  0%| F|  |TAMS 0x00000000c7000000| PB 0x00000000c7000000| Untracked 
| 113|0x00000000c7100000, 0x00000000c7100000, 0x00000000c7200000|  0%| F|  |TAMS 0x00000000c7100000| PB 0x00000000c7100000| Untracked 
| 114|0x00000000c7200000, 0x00000000c7200000, 0x00000000c7300000|  0%| F|  |TAMS 0x00000000c7200000| PB 0x00000000c7200000| Untracked 
| 115|0x00000000c7300000, 0x00000000c7300000, 0x00000000c7400000|  0%| F|  |TAMS 0x00000000c7300000| PB 0x00000000c7300000| Untracked 
| 116|0x00000000c7400000, 0x00000000c7400000, 0x00000000c7500000|  0%| F|  |TAMS 0x00000000c7400000| PB 0x00000000c7400000| Untracked 
| 117|0x00000000c7500000, 0x00000000c7500000, 0x00000000c7600000|  0%| F|  |TAMS 0x00000000c7500000| PB 0x00000000c7500000| Untracked 
| 118|0x00000000c7600000, 0x00000000c7600000, 0x00000000c7700000|  0%| F|  |TAMS 0x00000000c7600000| PB 0x00000000c7600000| Untracked 
| 119|0x00000000c7700000, 0x00000000c7700000, 0x00000000c7800000|  0%| F|  |TAMS 0x00000000c7700000| PB 0x00000000c7700000| Untracked 
| 120|0x00000000c7800000, 0x00000000c7800000, 0x00000000c7900000|  0%| F|  |TAMS 0x00000000c7800000| PB 0x00000000c7800000| Untracked 
| 121|0x00000000c7900000, 0x00000000c7900000, 0x00000000c7a00000|  0%| F|  |TAMS 0x00000000c7900000| PB 0x00000000c7900000| Untracked 
| 122|0x00000000c7a00000, 0x00000000c7a00000, 0x00000000c7b00000|  0%| F|  |TAMS 0x00000000c7a00000| PB 0x00000000c7a00000| Untracked 
| 123|0x00000000c7b00000, 0x00000000c7b00000, 0x00000000c7c00000|  0%| F|  |TAMS 0x00000000c7b00000| PB 0x00000000c7b00000| Untracked 
| 124|0x00000000c7c00000, 0x00000000c7c00000, 0x00000000c7d00000|  0%| F|  |TAMS 0x00000000c7c00000| PB 0x00000000c7c00000| Untracked 
| 125|0x00000000c7d00000, 0x00000000c7d00000, 0x00000000c7e00000|  0%| F|  |TAMS 0x00000000c7d00000| PB 0x00000000c7d00000| Untracked 
| 126|0x00000000c7e00000, 0x00000000c7e00000, 0x00000000c7f00000|  0%| F|  |TAMS 0x00000000c7e00000| PB 0x00000000c7e00000| Untracked 
| 127|0x00000000c7f00000, 0x00000000c7f00000, 0x00000000c8000000|  0%| F|  |TAMS 0x00000000c7f00000| PB 0x00000000c7f00000| Untracked 
| 128|0x00000000c8000000, 0x00000000c8000000, 0x00000000c8100000|  0%| F|  |TAMS 0x00000000c8000000| PB 0x00000000c8000000| Untracked 
| 129|0x00000000c8100000, 0x00000000c8100000, 0x00000000c8200000|  0%| F|  |TAMS 0x00000000c8100000| PB 0x00000000c8100000| Untracked 
| 130|0x00000000c8200000, 0x00000000c8200000, 0x00000000c8300000|  0%| F|  |TAMS 0x00000000c8200000| PB 0x00000000c8200000| Untracked 
| 131|0x00000000c8300000, 0x00000000c8300000, 0x00000000c8400000|  0%| F|  |TAMS 0x00000000c8300000| PB 0x00000000c8300000| Untracked 
| 132|0x00000000c8400000, 0x00000000c8400000, 0x00000000c8500000|  0%| F|  |TAMS 0x00000000c8400000| PB 0x00000000c8400000| Untracked 
| 133|0x00000000c8500000, 0x00000000c8500000, 0x00000000c8600000|  0%| F|  |TAMS 0x00000000c8500000| PB 0x00000000c8500000| Untracked 
| 134|0x00000000c8600000, 0x00000000c8700000, 0x00000000c8700000|100%| E|CS|TAMS 0x00000000c8600000| PB 0x00000000c8600000| Complete 
| 135|0x00000000c8700000, 0x00000000c8800000, 0x00000000c8800000|100%| E|CS|TAMS 0x00000000c8700000| PB 0x00000000c8700000| Complete 
| 136|0x00000000c8800000, 0x00000000c8900000, 0x00000000c8900000|100%| E|CS|TAMS 0x00000000c8800000| PB 0x00000000c8800000| Complete 
| 137|0x00000000c8900000, 0x00000000c8a00000, 0x00000000c8a00000|100%| E|CS|TAMS 0x00000000c8900000| PB 0x00000000c8900000| Complete 
| 138|0x00000000c8a00000, 0x00000000c8b00000, 0x00000000c8b00000|100%| E|CS|TAMS 0x00000000c8a00000| PB 0x00000000c8a00000| Complete 
| 139|0x00000000c8b00000, 0x00000000c8c00000, 0x00000000c8c00000|100%| E|CS|TAMS 0x00000000c8b00000| PB 0x00000000c8b00000| Complete 
| 140|0x00000000c8c00000, 0x00000000c8d00000, 0x00000000c8d00000|100%| E|CS|TAMS 0x00000000c8c00000| PB 0x00000000c8c00000| Complete 
| 141|0x00000000c8d00000, 0x00000000c8e00000, 0x00000000c8e00000|100%| E|CS|TAMS 0x00000000c8d00000| PB 0x00000000c8d00000| Complete 
| 142|0x00000000c8e00000, 0x00000000c8f00000, 0x00000000c8f00000|100%| E|CS|TAMS 0x00000000c8e00000| PB 0x00000000c8e00000| Complete 
| 143|0x00000000c8f00000, 0x00000000c9000000, 0x00000000c9000000|100%| E|CS|TAMS 0x00000000c8f00000| PB 0x00000000c8f00000| Complete 
| 144|0x00000000c9000000, 0x00000000c9100000, 0x00000000c9100000|100%| E|CS|TAMS 0x00000000c9000000| PB 0x00000000c9000000| Complete 
| 145|0x00000000c9100000, 0x00000000c9200000, 0x00000000c9200000|100%| E|CS|TAMS 0x00000000c9100000| PB 0x00000000c9100000| Complete 
| 146|0x00000000c9200000, 0x00000000c9300000, 0x00000000c9300000|100%| E|CS|TAMS 0x00000000c9200000| PB 0x00000000c9200000| Complete 
| 147|0x00000000c9300000, 0x00000000c9400000, 0x00000000c9400000|100%| E|CS|TAMS 0x00000000c9300000| PB 0x00000000c9300000| Complete 
| 148|0x00000000c9400000, 0x00000000c9500000, 0x00000000c9500000|100%| E|CS|TAMS 0x00000000c9400000| PB 0x00000000c9400000| Complete 
| 149|0x00000000c9500000, 0x00000000c9600000, 0x00000000c9600000|100%| E|CS|TAMS 0x00000000c9500000| PB 0x00000000c9500000| Complete 
| 150|0x00000000c9600000, 0x00000000c9700000, 0x00000000c9700000|100%| E|CS|TAMS 0x00000000c9600000| PB 0x00000000c9600000| Complete 
| 151|0x00000000c9700000, 0x00000000c9800000, 0x00000000c9800000|100%| E|CS|TAMS 0x00000000c9700000| PB 0x00000000c9700000| Complete 
| 152|0x00000000c9800000, 0x00000000c9900000, 0x00000000c9900000|100%| E|CS|TAMS 0x00000000c9800000| PB 0x00000000c9800000| Complete 
| 153|0x00000000c9900000, 0x00000000c9a00000, 0x00000000c9a00000|100%| E|CS|TAMS 0x00000000c9900000| PB 0x00000000c9900000| Complete 
| 154|0x00000000c9a00000, 0x00000000c9b00000, 0x00000000c9b00000|100%| E|CS|TAMS 0x00000000c9a00000| PB 0x00000000c9a00000| Complete 
| 155|0x00000000c9b00000, 0x00000000c9c00000, 0x00000000c9c00000|100%| E|CS|TAMS 0x00000000c9b00000| PB 0x00000000c9b00000| Complete 
|1015|0x00000000ff700000, 0x00000000ff800000, 0x00000000ff800000|100%| O|  |TAMS 0x00000000ff700000| PB 0x00000000ff700000| Untracked 
|1016|0x00000000ff800000, 0x00000000ff900000, 0x00000000ff900000|100%| E|CS|TAMS 0x00000000ff800000| PB 0x00000000ff800000| Complete 
|1017|0x00000000ff900000, 0x00000000ffa00000, 0x00000000ffa00000|100%| E|CS|TAMS 0x00000000ff900000| PB 0x00000000ff900000| Complete 
|1018|0x00000000ffa00000, 0x00000000ffb00000, 0x00000000ffb00000|100%| E|CS|TAMS 0x00000000ffa00000| PB 0x00000000ffa00000| Complete 
|1019|0x00000000ffb00000, 0x00000000ffc00000, 0x00000000ffc00000|100%| O|  |TAMS 0x00000000ffb00000| PB 0x00000000ffb00000| Untracked 
|1020|0x00000000ffc00000, 0x00000000ffd00000, 0x00000000ffd00000|100%| O|  |TAMS 0x00000000ffc00000| PB 0x00000000ffc00000| Untracked 
|1021|0x00000000ffd00000, 0x00000000ffe00000, 0x00000000ffe00000|100%| O|  |TAMS 0x00000000ffd00000| PB 0x00000000ffd00000| Untracked 
|1022|0x00000000ffe00000, 0x00000000fff00000, 0x00000000fff00000|100%| O|  |TAMS 0x00000000ffe00000| PB 0x00000000ffe00000| Untracked 
|1023|0x00000000fff00000, 0x0000000100000000, 0x0000000100000000|100%| O|  |TAMS 0x00000000fff00000| PB 0x00000000fff00000| Untracked 

Card table byte_map: [0x0000027afcd10000,0x0000027afcf10000] _byte_map_base: 0x0000027afc710000

Marking Bits: (CMBitMap*) 0x0000027aea436720
 Bits: [0x0000027afcf10000, 0x0000027afdf10000)

Polling page: 0x0000027ae8200000

Metaspace:

Usage:
  Non-class:     78.49 MB used.
      Class:     13.13 MB used.
       Both:     91.62 MB used.

Virtual space:
  Non-class space:      128.00 MB reserved,      79.62 MB ( 62%) committed,  2 nodes.
      Class space:        1.00 GB reserved,      14.19 MB (  1%) committed,  1 nodes.
             Both:        1.12 GB reserved,      93.81 MB (  8%) committed. 

Chunk freelists:
   Non-Class:  256.00 KB
       Class:  1.64 MB
        Both:  1.89 MB

MaxMetaspaceSize: unlimited
CompressedClassSpaceSize: 1.00 GB
Initial GC threshold: 21.00 MB
Current GC threshold: 146.38 MB
CDS: on
 - commit_granule_bytes: 65536.
 - commit_granule_words: 8192.
 - virtual_space_node_default_size: 8388608.
 - enlarge_chunks_in_place: 1.
 - use_allocation_guard: 0.


Internal statistics:

num_allocs_failed_limit: 6.
num_arena_births: 4122.
num_arena_deaths: 0.
num_vsnodes_births: 3.
num_vsnodes_deaths: 0.
num_space_committed: 1501.
num_space_uncommitted: 0.
num_chunks_returned_to_freelist: 6.
num_chunks_taken_from_freelist: 8483.
num_chunk_merges: 6.
num_chunk_splits: 5575.
num_chunks_enlarged: 3508.
num_inconsistent_stats: 0.

CodeHeap 'non-profiled nmethods': size=120000Kb used=6378Kb max_used=6378Kb free=113622Kb
 bounds [0x0000027af5080000, 0x0000027af56c0000, 0x0000027afc5b0000]
CodeHeap 'profiled nmethods': size=120000Kb used=19752Kb max_used=19752Kb free=100247Kb
 bounds [0x0000027aed5b0000, 0x0000027aee900000, 0x0000027af4ae0000]
CodeHeap 'non-nmethods': size=5760Kb used=2016Kb max_used=2082Kb free=3743Kb
 bounds [0x0000027af4ae0000, 0x0000027af4d50000, 0x0000027af5080000]
CodeCache: size=245760Kb, used=28146Kb, max_used=28212Kb, free=217612Kb
 total_blobs=11646, nmethods=10771, adapters=779, full_count=0
Compilation: enabled, stopped_count=0, restarted_count=0

Compilation events (20 events):
Event: 29.133 Thread 0x0000027ac700ff80 nmethod 12340 0x0000027aee8ed210 code [0x0000027aee8ed3c0, 0x0000027aee8ed568]
Event: 29.133 Thread 0x0000027ac700ff80 12341       3       org.gradle.api.internal.collections.SortedSetElementSource::removePending (6 bytes)
Event: 29.133 Thread 0x0000027ac700ff80 nmethod 12341 0x0000027aee8ed690 code [0x0000027aee8ed840, 0x0000027aee8ed978]
Event: 29.138 Thread 0x0000027ac700ff80 12342       3       java.lang.invoke.LambdaForm$MH/0x0000027a82dcc000::invoke (42 bytes)
Event: 29.139 Thread 0x0000027ac700ff80 nmethod 12342 0x0000027aee8eda10 code [0x0000027aee8edca0, 0x0000027aee8ee950]
Event: 29.144 Thread 0x0000027ac9271580 12343       4       java.lang.invoke.DirectMethodHandle::preparedLambdaForm (244 bytes)
Event: 29.147 Thread 0x0000027ac700ff80 12344       3       org.gradle.internal.execution.model.annotations.InputPropertyAnnotationHandler$$Lambda/0x0000027a828af4b8::test (12 bytes)
Event: 29.147 Thread 0x0000027ac700ff80 nmethod 12344 0x0000027aee8eed90 code [0x0000027aee8eef40, 0x0000027aee8ef178]
Event: 29.151 Thread 0x0000027ac9271580 nmethod 12343 0x0000027af56abf90 code [0x0000027af56ac1e0, 0x0000027af56ac7f0]
Event: 29.153 Thread 0x0000027ac9271580 12345       4       java.util.LinkedList::add (7 bytes)
Event: 29.157 Thread 0x0000027ac9271580 nmethod 12345 0x0000027af56acd90 code [0x0000027af56acf20, 0x0000027af56ad2e8]
Event: 29.157 Thread 0x0000027ac9271580 12346       4       org.gradle.internal.instantiation.generator.AbstractClassGenerator$ManagedPropertiesHandler::claimPropertyImplementation (141 bytes)
Event: 29.173 Thread 0x0000027ac700ff80 12347       3       org.gradle.api.DefaultTask::dependsOn (6 bytes)
Event: 29.174 Thread 0x0000027ac700ff80 nmethod 12347 0x0000027aee8ef290 code [0x0000027aee8ef440, 0x0000027aee8ef580]
Event: 29.174 Thread 0x0000027ac700ff80 12348       3       org.gradle.api.internal.AbstractTask::dependsOn (21 bytes)
Event: 29.174 Thread 0x0000027ac700ff80 nmethod 12348 0x0000027aee8ef610 code [0x0000027aee8ef840, 0x0000027aee8f00c0]
Event: 29.175 Thread 0x0000027ac700ff80 12349       1       com.android.build.gradle.internal.dsl.CompileSdkVersionImpl::getApiLevel (5 bytes)
Event: 29.176 Thread 0x0000027ac700ff80 nmethod 12349 0x0000027af56ad390 code [0x0000027af56ad520, 0x0000027af56ad5e8]
Event: 29.176 Thread 0x0000027ac700ff80 12350       3       kotlin.jvm.internal.PropertyReference1::invoke (6 bytes)
Event: 29.176 Thread 0x0000027ac700ff80 nmethod 12350 0x0000027aee8f0490 code [0x0000027aee8f0640, 0x0000027aee8f0808]

GC Heap History (20 events):
Event: 17.632 GC heap before
{Heap before GC invocations=27 (full 0):
 garbage-first heap   total 135168K, used 115561K [0x00000000c0000000, 0x0000000100000000)
  region size 1024K, 41 young (41984K), 5 survivors (5120K)
 Metaspace       used 69126K, committed 71168K, reserved 1114112K
  class space    used 9833K, committed 10880K, reserved 1048576K
}
Event: 17.639 GC heap after
{Heap after GC invocations=28 (full 0):
 garbage-first heap   total 135168K, used 81784K [0x00000000c0000000, 0x0000000100000000)
  region size 1024K, 3 young (3072K), 3 survivors (3072K)
 Metaspace       used 69126K, committed 71168K, reserved 1114112K
  class space    used 9833K, committed 10880K, reserved 1048576K
}
Event: 18.285 GC heap before
{Heap before GC invocations=28 (full 0):
 garbage-first heap   total 135168K, used 102264K [0x00000000c0000000, 0x0000000100000000)
  region size 1024K, 24 young (24576K), 3 survivors (3072K)
 Metaspace       used 71638K, committed 73600K, reserved 1114112K
  class space    used 10209K, committed 11200K, reserved 1048576K
}
Event: 18.289 GC heap after
{Heap after GC invocations=29 (full 0):
 garbage-first heap   total 135168K, used 82654K [0x00000000c0000000, 0x0000000100000000)
  region size 1024K, 4 young (4096K), 4 survivors (4096K)
 Metaspace       used 71638K, committed 73600K, reserved 1114112K
  class space    used 10209K, committed 11200K, reserved 1048576K
}
Event: 20.098 GC heap before
{Heap before GC invocations=30 (full 0):
 garbage-first heap   total 147456K, used 124638K [0x00000000c0000000, 0x0000000100000000)
  region size 1024K, 41 young (41984K), 4 survivors (4096K)
 Metaspace       used 74818K, committed 76864K, reserved 1179648K
  class space    used 10617K, committed 11648K, reserved 1048576K
}
Event: 20.113 GC heap after
{Heap after GC invocations=31 (full 0):
 garbage-first heap   total 147456K, used 89457K [0x00000000c0000000, 0x0000000100000000)
  region size 1024K, 6 young (6144K), 6 survivors (6144K)
 Metaspace       used 74818K, committed 76864K, reserved 1179648K
  class space    used 10617K, committed 11648K, reserved 1048576K
}
Event: 21.698 GC heap before
{Heap before GC invocations=31 (full 0):
 garbage-first heap   total 147456K, used 131441K [0x00000000c0000000, 0x0000000100000000)
  region size 1024K, 47 young (48128K), 6 survivors (6144K)
 Metaspace       used 75931K, committed 78016K, reserved 1179648K
  class space    used 10762K, committed 11776K, reserved 1048576K
}
Event: 21.712 GC heap after
{Heap after GC invocations=32 (full 0):
 garbage-first heap   total 147456K, used 92959K [0x00000000c0000000, 0x0000000100000000)
  region size 1024K, 6 young (6144K), 6 survivors (6144K)
 Metaspace       used 75931K, committed 78016K, reserved 1179648K
  class space    used 10762K, committed 11776K, reserved 1048576K
}
Event: 23.369 GC heap before
{Heap before GC invocations=32 (full 0):
 garbage-first heap   total 147456K, used 132895K [0x00000000c0000000, 0x0000000100000000)
  region size 1024K, 45 young (46080K), 6 survivors (6144K)
 Metaspace       used 77964K, committed 80000K, reserved 1179648K
  class space    used 11034K, committed 12032K, reserved 1048576K
}
Event: 23.406 GC heap after
{Heap after GC invocations=33 (full 0):
 garbage-first heap   total 147456K, used 95862K [0x00000000c0000000, 0x0000000100000000)
  region size 1024K, 4 young (4096K), 4 survivors (4096K)
 Metaspace       used 77964K, committed 80000K, reserved 1179648K
  class space    used 11034K, committed 12032K, reserved 1048576K
}
Event: 24.340 GC heap before
{Heap before GC invocations=34 (full 0):
 garbage-first heap   total 160768K, used 134774K [0x00000000c0000000, 0x0000000100000000)
  region size 1024K, 41 young (41984K), 4 survivors (4096K)
 Metaspace       used 80757K, committed 82816K, reserved 1179648K
  class space    used 11466K, committed 12480K, reserved 1048576K
}
Event: 24.343 GC heap after
{Heap after GC invocations=35 (full 0):
 garbage-first heap   total 160768K, used 97610K [0x00000000c0000000, 0x0000000100000000)
  region size 1024K, 2 young (2048K), 2 survivors (2048K)
 Metaspace       used 80757K, committed 82816K, reserved 1179648K
  class space    used 11466K, committed 12480K, reserved 1048576K
}
Event: 26.089 GC heap before
{Heap before GC invocations=35 (full 0):
 garbage-first heap   total 160768K, used 143690K [0x00000000c0000000, 0x0000000100000000)
  region size 1024K, 47 young (48128K), 2 survivors (2048K)
 Metaspace       used 84402K, committed 86656K, reserved 1179648K
  class space    used 12083K, committed 13184K, reserved 1048576K
}
Event: 26.092 GC heap after
{Heap after GC invocations=36 (full 0):
 garbage-first heap   total 160768K, used 96875K [0x00000000c0000000, 0x0000000100000000)
  region size 1024K, 4 young (4096K), 4 survivors (4096K)
 Metaspace       used 84402K, committed 86656K, reserved 1179648K
  class space    used 12083K, committed 13184K, reserved 1048576K
}
Event: 27.389 GC heap before
{Heap before GC invocations=36 (full 0):
 garbage-first heap   total 160768K, used 145003K [0x00000000c0000000, 0x0000000100000000)
  region size 1024K, 51 young (52224K), 4 survivors (4096K)
 Metaspace       used 87652K, committed 89856K, reserved 1179648K
  class space    used 12551K, committed 13632K, reserved 1048576K
}
Event: 27.395 GC heap after
{Heap after GC invocations=37 (full 0):
 garbage-first heap   total 160768K, used 100518K [0x00000000c0000000, 0x0000000100000000)
  region size 1024K, 7 young (7168K), 7 survivors (7168K)
 Metaspace       used 87652K, committed 89856K, reserved 1179648K
  class space    used 12551K, committed 13632K, reserved 1048576K
}
Event: 28.186 GC heap before
{Heap before GC invocations=38 (full 0):
 garbage-first heap   total 168960K, used 147622K [0x00000000c0000000, 0x0000000100000000)
  region size 1024K, 52 young (53248K), 7 survivors (7168K)
 Metaspace       used 89998K, committed 92224K, reserved 1179648K
  class space    used 12912K, committed 14016K, reserved 1048576K
}
Event: 28.192 GC heap after
{Heap after GC invocations=39 (full 0):
 garbage-first heap   total 168960K, used 104343K [0x00000000c0000000, 0x0000000100000000)
  region size 1024K, 7 young (7168K), 7 survivors (7168K)
 Metaspace       used 89998K, committed 92224K, reserved 1179648K
  class space    used 12912K, committed 14016K, reserved 1048576K
}
Event: 28.912 GC heap before
{Heap before GC invocations=39 (full 0):
 garbage-first heap   total 168960K, used 154519K [0x00000000c0000000, 0x0000000100000000)
  region size 1024K, 56 young (57344K), 7 survivors (7168K)
 Metaspace       used 92437K, committed 94656K, reserved 1179648K
  class space    used 13250K, committed 14336K, reserved 1048576K
}
Event: 28.921 GC heap after
{Heap after GC invocations=40 (full 0):
 garbage-first heap   total 168960K, used 106746K [0x00000000c0000000, 0x0000000100000000)
  region size 1024K, 7 young (7168K), 7 survivors (7168K)
 Metaspace       used 92437K, committed 94656K, reserved 1179648K
  class space    used 13250K, committed 14336K, reserved 1048576K
}

Dll operation events (14 events):
Event: 0.153 Loaded shared library C:\Users\HP\.vscode\extensions\redhat.java-1.54.0-win32-x64\jre\21.0.10-win32-x86_64\bin\java.dll
Event: 0.237 Loaded shared library C:\Users\HP\.vscode\extensions\redhat.java-1.54.0-win32-x64\jre\21.0.10-win32-x86_64\bin\zip.dll
Event: 0.258 Loaded shared library C:\Users\HP\.vscode\extensions\redhat.java-1.54.0-win32-x64\jre\21.0.10-win32-x86_64\bin\instrument.dll
Event: 0.398 Loaded shared library C:\Users\HP\.vscode\extensions\redhat.java-1.54.0-win32-x64\jre\21.0.10-win32-x86_64\bin\net.dll
Event: 0.494 Loaded shared library C:\Users\HP\.vscode\extensions\redhat.java-1.54.0-win32-x64\jre\21.0.10-win32-x86_64\bin\nio.dll
Event: 0.499 Loaded shared library C:\Users\HP\.vscode\extensions\redhat.java-1.54.0-win32-x64\jre\21.0.10-win32-x86_64\bin\zip.dll
Event: 0.920 Loaded shared library C:\Users\HP\.vscode\extensions\redhat.java-1.54.0-win32-x64\jre\21.0.10-win32-x86_64\bin\jimage.dll
Event: 1.259 Loaded shared library C:\Users\HP\.vscode\extensions\redhat.java-1.54.0-win32-x64\jre\21.0.10-win32-x86_64\bin\verify.dll
Event: 1.429 Loaded shared library C:\Users\HP\.gradle\native\1def1411415f61bf3af743bc5b6707747c0891f09f0c88961ee8f79bc544acac\windows-amd64\native-platform.dll
Event: 1.446 Loaded shared library C:\Users\HP\.gradle\native\0.2.7\x86_64-windows-gnu\gradle-fileevents.dll
Event: 3.216 Loaded shared library C:\Users\HP\.vscode\extensions\redhat.java-1.54.0-win32-x64\jre\21.0.10-win32-x86_64\bin\management.dll
Event: 3.325 Loaded shared library C:\Users\HP\.vscode\extensions\redhat.java-1.54.0-win32-x64\jre\21.0.10-win32-x86_64\bin\management_ext.dll
Event: 3.570 Loaded shared library C:\Users\HP\.vscode\extensions\redhat.java-1.54.0-win32-x64\jre\21.0.10-win32-x86_64\bin\extnet.dll
Event: 4.158 Loaded shared library C:\Users\HP\.vscode\extensions\redhat.java-1.54.0-win32-x64\jre\21.0.10-win32-x86_64\bin\sunmscapi.dll

Deoptimization events (20 events):
Event: 29.060 Thread 0x0000027ac8b8b990 DEOPT PACKING pc=0x0000027af569aff0 sp=0x000000d207ff9380
Event: 29.060 Thread 0x0000027ac8b8b990 DEOPT UNPACKING pc=0x0000027af4b34422 sp=0x000000d207ff92b0 mode 2
Event: 29.060 Thread 0x0000027ac8b8b990 Uncommon trap: trap_request=0xffffffd6 fr.pc=0x0000027af569aff0 relative=0x0000000000000710
Event: 29.060 Thread 0x0000027ac8b8b990 Uncommon trap: reason=array_check action=maybe_recompile pc=0x0000027af569aff0 method=java.util.TimSort.reverseRange([Ljava/lang/Object;II)V @ 20 c2
Event: 29.060 Thread 0x0000027ac8b8b990 DEOPT PACKING pc=0x0000027af569aff0 sp=0x000000d207ff99b0
Event: 29.060 Thread 0x0000027ac8b8b990 DEOPT UNPACKING pc=0x0000027af4b34422 sp=0x000000d207ff98e0 mode 2
Event: 29.060 Thread 0x0000027ac8b8b990 Uncommon trap: trap_request=0xffffffd6 fr.pc=0x0000027af569aff0 relative=0x0000000000000710
Event: 29.060 Thread 0x0000027ac8b8b990 Uncommon trap: reason=array_check action=maybe_recompile pc=0x0000027af569aff0 method=java.util.TimSort.reverseRange([Ljava/lang/Object;II)V @ 20 c2
Event: 29.060 Thread 0x0000027ac8b8b990 DEOPT PACKING pc=0x0000027af569aff0 sp=0x000000d207ff99b0
Event: 29.060 Thread 0x0000027ac8b8b990 DEOPT UNPACKING pc=0x0000027af4b34422 sp=0x000000d207ff98e0 mode 2
Event: 29.095 Thread 0x0000027ac8b8b990 Uncommon trap: trap_request=0xffffffd6 fr.pc=0x0000027af56a7c40 relative=0x00000000000008e0
Event: 29.095 Thread 0x0000027ac8b8b990 Uncommon trap: reason=array_check action=maybe_recompile pc=0x0000027af56a7c40 method=java.util.TimSort.reverseRange([Ljava/lang/Object;II)V @ 27 c2
Event: 29.095 Thread 0x0000027ac8b8b990 DEOPT PACKING pc=0x0000027af56a7c40 sp=0x000000d207ffa050
Event: 29.095 Thread 0x0000027ac8b8b990 DEOPT UNPACKING pc=0x0000027af4b34422 sp=0x000000d207ff9f80 mode 2
Event: 29.118 Thread 0x0000027ac8b8b990 Uncommon trap: trap_request=0xffffffd6 fr.pc=0x0000027af56a7c40 relative=0x00000000000008e0
Event: 29.118 Thread 0x0000027ac8b8b990 Uncommon trap: reason=array_check action=maybe_recompile pc=0x0000027af56a7c40 method=java.util.TimSort.reverseRange([Ljava/lang/Object;II)V @ 27 c2
Event: 29.118 Thread 0x0000027ac8b8b990 DEOPT PACKING pc=0x0000027af56a7c40 sp=0x000000d207ff9d00
Event: 29.118 Thread 0x0000027ac8b8b990 DEOPT UNPACKING pc=0x0000027af4b34422 sp=0x000000d207ff9c30 mode 2
Event: 29.176 Thread 0x0000027ac8b8b990 DEOPT PACKING pc=0x0000027aee85089f sp=0x000000d207ffa280
Event: 29.176 Thread 0x0000027ac8b8b990 DEOPT UNPACKING pc=0x0000027af4b34bc2 sp=0x000000d207ff9758 mode 0

Classes loaded (20 events):
Event: 27.863 Loading class java/util/concurrent/ConcurrentSkipListMap$KeyIterator
Event: 27.863 Loading class java/util/concurrent/ConcurrentSkipListMap$KeyIterator done
Event: 27.863 Loading class java/net/InetAddress$NameServiceAddresses
Event: 27.864 Loading class java/net/InetAddress$Addresses
Event: 27.864 Loading class java/net/InetAddress$Addresses done
Event: 27.864 Loading class java/net/InetAddress$NameServiceAddresses done
Event: 27.864 Loading class java/net/spi/InetAddressResolverProvider
Event: 27.864 Loading class java/net/spi/InetAddressResolverProvider done
Event: 27.941 Loading class sun/net/InetAddressCachePolicy
Event: 27.945 Loading class sun/net/InetAddressCachePolicy done
Event: 27.945 Loading class sun/net/InetAddressCachePolicy$1
Event: 27.945 Loading class sun/net/InetAddressCachePolicy$1 done
Event: 27.945 Loading class java/net/InetAddress$CachedLookup
Event: 27.949 Loading class java/net/InetAddress$CachedLookup done
Event: 27.949 Loading class java/net/InetAddress$CachedLocalHost
Event: 27.952 Loading class java/net/InetAddress$CachedLocalHost done
Event: 28.435 Loading class java/io/NotSerializableException
Event: 28.436 Loading class java/io/NotSerializableException done
Event: 28.895 Loading class sun/reflect/generics/scope/DummyScope
Event: 28.895 Loading class sun/reflect/generics/scope/DummyScope done

Classes unloaded (0 events):
No events

Classes redefined (0 events):
No events

Internal exceptions (20 events):
Event: 27.085 Thread 0x0000027ac8b8b990 Exception <a 'java/lang/ClassNotFoundException'{0x00000000c72835b0}: org/gradle/api/internal/plugins/NaggingBasePluginConventionBeanInfo> (0x00000000c72835b0) 
thrown [s\src\hotspot\share\classfile\systemDictionary.cpp, line 312]
Event: 27.088 Thread 0x0000027ac8b8b990 Exception <a 'java/lang/ClassNotFoundException'{0x00000000c728fa80}: org/gradle/api/plugins/BasePluginConventionBeanInfo> (0x00000000c728fa80) 
thrown [s\src\hotspot\share\classfile\systemDictionary.cpp, line 312]
Event: 27.089 Thread 0x0000027ac8b8b990 Exception <a 'java/lang/ClassNotFoundException'{0x00000000c729b458}: org/gradle/api/plugins/BasePluginConventionCustomizer> (0x00000000c729b458) 
thrown [s\src\hotspot\share\classfile\systemDictionary.cpp, line 312]
Event: 27.090 Thread 0x0000027ac8b8b990 Exception <a 'java/lang/ClassNotFoundException'{0x00000000c72b2498}: org/gradle/api/internal/plugins/NaggingBasePluginConventionCustomizer> (0x00000000c72b2498) 
thrown [s\src\hotspot\share\classfile\systemDictionary.cpp, line 312]
Event: 27.097 Thread 0x0000027ac8b8b990 Exception <a 'java/lang/ClassNotFoundException'{0x00000000c72f4600}: org/gradle/api/plugins/internal/NaggingJavaPluginConventionBeanInfo> (0x00000000c72f4600) 
thrown [s\src\hotspot\share\classfile\systemDictionary.cpp, line 312]
Event: 27.097 Thread 0x0000027ac8b8b990 Exception <a 'java/lang/ClassNotFoundException'{0x00000000c7100d50}: org/gradle/api/plugins/JavaPluginConventionBeanInfo> (0x00000000c7100d50) 
thrown [s\src\hotspot\share\classfile\systemDictionary.cpp, line 312]
Event: 27.098 Thread 0x0000027ac8b8b990 Exception <a 'java/lang/ClassNotFoundException'{0x00000000c710c728}: org/gradle/api/plugins/JavaPluginConventionCustomizer> (0x00000000c710c728) 
thrown [s\src\hotspot\share\classfile\systemDictionary.cpp, line 312]
Event: 27.099 Thread 0x0000027ac8b8b990 Exception <a 'java/lang/ClassNotFoundException'{0x00000000c712d230}: org/gradle/api/plugins/internal/NaggingJavaPluginConventionCustomizer> (0x00000000c712d230) 
thrown [s\src\hotspot\share\classfile\systemDictionary.cpp, line 312]
Event: 27.173 Thread 0x0000027ac8b8b990 Exception <a 'java/lang/NoSuchMethodError'{0x00000000c6e890d0}: 'java.lang.Object java.lang.invoke.DirectMethodHandle$Holder.invokeStatic(java.lang.Object, int, java.lang.Object)'> (0x00000000c6e890d0) 
thrown [s\src\hotspot\share\interpreter\linkResolver.cpp, line 773]
Event: 27.474 Thread 0x0000027ac8b8b990 Implicit null exception at 0x0000027af52a6af9 to 0x0000027af52a6b24
Event: 27.740 Thread 0x0000027ac8b8b990 Implicit null exception at 0x0000027af5117da8 to 0x0000027af51199cc
Event: 28.204 Thread 0x0000027ac8b8b990 Implicit null exception at 0x0000027af561ef3e to 0x0000027af561f080
Event: 28.613 Thread 0x0000027ac8b8b990 Implicit null exception at 0x0000027af564e7bd to 0x0000027af564ed88
Event: 28.632 Thread 0x0000027ac8b8b990 Implicit null exception at 0x0000027af56533a2 to 0x0000027af5653700
Event: 28.716 Thread 0x0000027ac8b8b990 Implicit null exception at 0x0000027af56678aa to 0x0000027af5667ebc
Event: 28.737 Thread 0x0000027ac8b8b990 Implicit null exception at 0x0000027af566cdc7 to 0x0000027af566cf6b
Event: 28.772 Thread 0x0000027ac8b8b990 Implicit null exception at 0x0000027af5675cc7 to 0x0000027af5675e6b
Event: 28.875 Thread 0x0000027ac8b8b990 Implicit null exception at 0x0000027af56836b7 to 0x0000027af5683944
Event: 28.892 Thread 0x0000027ac8b8b990 Implicit null exception at 0x0000027af5685fcd to 0x0000027af568676c
Event: 28.975 Thread 0x0000027ac8b8b990 Implicit null exception at 0x0000027af5695a8a to 0x0000027af56961ec

ZGC Phase Switch (0 events):
No events

VM Operations (20 events):
Event: 27.200 Executing non-safepoint VM operation: HandshakeAllThreads (Deoptimize)
Event: 27.200 Executing non-safepoint VM operation: HandshakeAllThreads (Deoptimize) done
Event: 27.388 Executing safepoint VM operation: G1CollectForAllocation (G1 Evacuation Pause)
Event: 27.395 Executing safepoint VM operation: G1CollectForAllocation (G1 Evacuation Pause) done
Event: 27.435 Executing safepoint VM operation: G1PauseRemark
Event: 27.444 Executing safepoint VM operation: G1PauseRemark done
Event: 27.457 Executing safepoint VM operation: G1PauseCleanup
Event: 27.457 Executing safepoint VM operation: G1PauseCleanup done
Event: 28.060 Executing safepoint VM operation: ICBufferFull
Event: 28.060 Executing safepoint VM operation: ICBufferFull done
Event: 28.186 Executing safepoint VM operation: G1CollectForAllocation (G1 Evacuation Pause)
Event: 28.192 Executing safepoint VM operation: G1CollectForAllocation (G1 Evacuation Pause) done
Event: 28.438 Executing non-safepoint VM operation: HandshakeAllThreads (Deoptimize)
Event: 28.438 Executing non-safepoint VM operation: HandshakeAllThreads (Deoptimize) done
Event: 28.612 Executing non-safepoint VM operation: HandshakeAllThreads (Deoptimize)
Event: 28.612 Executing non-safepoint VM operation: HandshakeAllThreads (Deoptimize) done
Event: 28.898 Executing non-safepoint VM operation: HandshakeAllThreads (Deoptimize)
Event: 28.898 Executing non-safepoint VM operation: HandshakeAllThreads (Deoptimize) done
Event: 28.912 Executing safepoint VM operation: G1CollectForAllocation (G1 Evacuation Pause)
Event: 28.921 Executing safepoint VM operation: G1CollectForAllocation (G1 Evacuation Pause) done

Memory protections (0 events):
No events

Nmethod flushes (20 events):
Event: 27.442 Thread 0x0000027a80c61af0 flushing  nmethod 0x0000027aedebe710
Event: 27.442 Thread 0x0000027a80c61af0 flushing  nmethod 0x0000027aedf3ad90
Event: 27.442 Thread 0x0000027a80c61af0 flushing  nmethod 0x0000027aedf3b810
Event: 27.442 Thread 0x0000027a80c61af0 flushing  nmethod 0x0000027aee1c7b10
Event: 27.442 Thread 0x0000027a80c61af0 flushing  nmethod 0x0000027aee34a790
Event: 27.442 Thread 0x0000027a80c61af0 flushing  nmethod 0x0000027aed62e590
Event: 27.442 Thread 0x0000027a80c61af0 flushing osr nmethod 0x0000027aed7f1490
Event: 27.442 Thread 0x0000027a80c61af0 flushing  nmethod 0x0000027aeda2ee90
Event: 27.442 Thread 0x0000027a80c61af0 flushing  nmethod 0x0000027aeda30990
Event: 27.442 Thread 0x0000027a80c61af0 flushing  nmethod 0x0000027aedb8e890
Event: 27.442 Thread 0x0000027a80c61af0 flushing  nmethod 0x0000027aedbee510
Event: 27.442 Thread 0x0000027a80c61af0 flushing  nmethod 0x0000027aedce8810
Event: 27.442 Thread 0x0000027a80c61af0 flushing  nmethod 0x0000027aedce9810
Event: 27.442 Thread 0x0000027a80c61af0 flushing  nmethod 0x0000027aedd92e10
Event: 27.442 Thread 0x0000027a80c61af0 flushing  nmethod 0x0000027aede0a890
Event: 27.442 Thread 0x0000027a80c61af0 flushing  nmethod 0x0000027aee1a0f10
Event: 27.442 Thread 0x0000027a80c61af0 flushing  nmethod 0x0000027aee1a3710
Event: 27.442 Thread 0x0000027a80c61af0 flushing  nmethod 0x0000027aee2f4a90
Event: 27.442 Thread 0x0000027a80c61af0 flushing  nmethod 0x0000027aee350190
Event: 27.442 Thread 0x0000027a80c61af0 flushing  nmethod 0x0000027aee39e110

Events (20 events):
Event: 13.832 Thread 0x0000027ac8b8b990 Thread added: 0x0000027acada9790
Event: 13.833 Thread 0x0000027ac8b8b990 Thread added: 0x0000027acada83e0
Event: 13.836 Thread 0x0000027ac8b8b990 Thread added: 0x0000027acadabef0
Event: 14.150 Thread 0x0000027ac8b8b990 Thread added: 0x0000027acadacc10
Event: 14.151 Thread 0x0000027ac8b8b990 Thread added: 0x0000027acadad930
Event: 14.152 Thread 0x0000027ac8b8b990 Thread added: 0x0000027acadac580
Event: 14.152 Thread 0x0000027ac8b8b990 Thread added: 0x0000027acadad2a0
Event: 14.153 Thread 0x0000027ac8b8b990 Thread added: 0x0000027acadadfc0
Event: 14.153 Thread 0x0000027ac8b8b990 Thread added: 0x0000027acb17fc60
Event: 14.153 Thread 0x0000027ac8b8b990 Thread added: 0x0000027acb181010
Event: 14.154 Thread 0x0000027ac8b8b990 Thread added: 0x0000027acb17ef40
Event: 14.154 Thread 0x0000027ac8b8b990 Thread added: 0x0000027acb17f5d0
Event: 14.154 Thread 0x0000027ac8b8b990 Thread added: 0x0000027acb1802f0
Event: 14.155 Thread 0x0000027ac8b8b990 Thread added: 0x0000027acb180980
Event: 16.182 Thread 0x0000027ac8b8b990 Thread added: 0x0000027acb17e220
Event: 18.135 Thread 0x0000027ac8b8b990 Thread added: 0x0000027acb1823c0
Event: 25.479 Thread 0x0000027ac700ff80 Thread added: 0x0000027ac926d160
Event: 26.631 Thread 0x0000027ac926d160 Thread exited: 0x0000027ac926d160
Event: 26.699 Thread 0x0000027ac700ff80 Thread added: 0x0000027ac926d830
Event: 26.851 Thread 0x0000027ac700ff80 Thread added: 0x0000027ac9271580


Dynamic libraries:
0x00007ff6f13c0000 - 0x00007ff6f13ce000 	C:\Users\HP\.vscode\extensions\redhat.java-1.54.0-win32-x64\jre\21.0.10-win32-x86_64\bin\java.exe
0x00007ffd58e20000 - 0x00007ffd59087000 	C:\WINDOWS\SYSTEM32\ntdll.dll
0x00007ffd578d0000 - 0x00007ffd57999000 	C:\WINDOWS\System32\KERNEL32.DLL
0x00007ffd55b40000 - 0x00007ffd55f37000 	C:\WINDOWS\System32\KERNELBASE.dll
0x00007ffd530e0000 - 0x00007ffd53180000 	C:\WINDOWS\SYSTEM32\apphelp.dll
0x00007ffd569a0000 - 0x00007ffd56aeb000 	C:\WINDOWS\System32\ucrtbase.dll
0x00007ffd2eda0000 - 0x00007ffd2edb8000 	C:\Users\HP\.vscode\extensions\redhat.java-1.54.0-win32-x64\jre\21.0.10-win32-x86_64\bin\jli.dll
0x00007ffd56d70000 - 0x00007ffd56f36000 	C:\WINDOWS\System32\USER32.dll
0x00007ffd55f40000 - 0x00007ffd55f67000 	C:\WINDOWS\System32\win32u.dll
0x00007ffd57810000 - 0x00007ffd5783b000 	C:\WINDOWS\System32\GDI32.dll
0x00007ffd56870000 - 0x00007ffd5699c000 	C:\WINDOWS\System32\gdi32full.dll
0x00007ffd56af0000 - 0x00007ffd56b93000 	C:\WINDOWS\System32\msvcp_win.dll
0x00007ffd2d9e0000 - 0x00007ffd2d9fe000 	C:\Users\HP\.vscode\extensions\redhat.java-1.54.0-win32-x64\jre\21.0.10-win32-x86_64\bin\VCRUNTIME140.dll
0x00007ffd3ab10000 - 0x00007ffd3ada2000 	C:\WINDOWS\WinSxS\amd64_microsoft.windows.common-controls_6595b64144ccf1df_6.0.26100.8457_none_3e0b2faee331e92d\COMCTL32.dll
0x00007ffd58d30000 - 0x00007ffd58dd9000 	C:\WINDOWS\System32\msvcrt.dll
0x00007ffd582c0000 - 0x00007ffd582f2000 	C:\WINDOWS\System32\IMM32.DLL
0x00007ffd366e0000 - 0x00007ffd3683e000 	C:\Program Files (x86)\Citrix\ICA Client\ctxapclient64.dll
0x00007ffd57c40000 - 0x00007ffd57fc3000 	C:\WINDOWS\System32\combase.dll
0x00007ffd58b10000 - 0x00007ffd58c28000 	C:\WINDOWS\System32\RPCRT4.dll
0x00007ffd4e7f0000 - 0x00007ffd4e7fb000 	C:\WINDOWS\SYSTEM32\VERSION.dll
0x00007ffd55740000 - 0x00007ffd5576a000 	C:\WINDOWS\SYSTEM32\bcrypt.dll
0x00007ffd579a0000 - 0x00007ffd57a47000 	C:\WINDOWS\System32\sechost.dll
0x00007ffd56f40000 - 0x00007ffd56ff6000 	C:\WINDOWS\System32\ADVAPI32.dll
0x00007ffd54700000 - 0x00007ffd54736000 	C:\WINDOWS\SYSTEM32\ntmarta.dll
0x00007ffd55850000 - 0x00007ffd558f8000 	C:\WINDOWS\System32\bcryptprimitives.dll
0x00007ffd47e60000 - 0x00007ffd47e6c000 	C:\Users\HP\.vscode\extensions\redhat.java-1.54.0-win32-x64\jre\21.0.10-win32-x86_64\bin\vcruntime140_1.dll
0x00007ffcd0450000 - 0x00007ffcd04dd000 	C:\Users\HP\.vscode\extensions\redhat.java-1.54.0-win32-x64\jre\21.0.10-win32-x86_64\bin\msvcp140.dll
0x00007ffc4d7b0000 - 0x00007ffc4e551000 	C:\Users\HP\.vscode\extensions\redhat.java-1.54.0-win32-x64\jre\21.0.10-win32-x86_64\bin\server\jvm.dll
0x00007ffd57bb0000 - 0x00007ffd57c30000 	C:\WINDOWS\System32\WS2_32.dll
0x00007ffd556d0000 - 0x00007ffd5572e000 	C:\WINDOWS\SYSTEM32\POWRPROF.dll
0x00007ffd4d900000 - 0x00007ffd4d936000 	C:\WINDOWS\SYSTEM32\WINMM.dll
0x00007ffd556b0000 - 0x00007ffd556c4000 	C:\WINDOWS\SYSTEM32\UMPDC.dll
0x00007ffd545c0000 - 0x00007ffd545db000 	C:\WINDOWS\SYSTEM32\kernel.appcore.dll
0x00007ffd47e10000 - 0x00007ffd47e1a000 	C:\Users\HP\.vscode\extensions\redhat.java-1.54.0-win32-x64\jre\21.0.10-win32-x86_64\bin\jimage.dll
0x00007ffd48fa0000 - 0x00007ffd491e2000 	C:\WINDOWS\SYSTEM32\DBGHELP.DLL
0x00007ffd56c90000 - 0x00007ffd56d69000 	C:\WINDOWS\System32\OLEAUT32.dll
0x00007ffd38f00000 - 0x00007ffd38f3b000 	C:\WINDOWS\SYSTEM32\dbgcore.DLL
0x00007ffd41f80000 - 0x00007ffd41f8f000 	C:\Users\HP\.vscode\extensions\redhat.java-1.54.0-win32-x64\jre\21.0.10-win32-x86_64\bin\instrument.dll
0x00007ffd3a930000 - 0x00007ffd3a950000 	C:\Users\HP\.vscode\extensions\redhat.java-1.54.0-win32-x64\jre\21.0.10-win32-x86_64\bin\java.dll
0x0000027ac6000000 - 0x0000027ac676e000 	C:\WINDOWS\System32\SHELL32.dll
0x0000027ac6780000 - 0x0000027ac6fec000 	C:\WINDOWS\System32\windows.storage.dll
0x00007ffd58c30000 - 0x00007ffd58d26000 	C:\WINDOWS\System32\SHCORE.dll
0x00007ffd577a0000 - 0x00007ffd57806000 	C:\WINDOWS\System32\shlwapi.dll
0x00007ffd55770000 - 0x00007ffd55799000 	C:\WINDOWS\SYSTEM32\profapi.dll
0x00007ffd3a910000 - 0x00007ffd3a928000 	C:\Users\HP\.vscode\extensions\redhat.java-1.54.0-win32-x64\jre\21.0.10-win32-x86_64\bin\zip.dll
0x00007ffd42000000 - 0x00007ffd42010000 	C:\Users\HP\.vscode\extensions\redhat.java-1.54.0-win32-x64\jre\21.0.10-win32-x86_64\bin\net.dll
0x00007ffd4dfd0000 - 0x00007ffd4e0f9000 	C:\WINDOWS\SYSTEM32\WINHTTP.dll
0x00007ffd54b50000 - 0x00007ffd54bbc000 	C:\WINDOWS\system32\mswsock.dll
0x00007ffd2d550000 - 0x00007ffd2d566000 	C:\Users\HP\.vscode\extensions\redhat.java-1.54.0-win32-x64\jre\21.0.10-win32-x86_64\bin\nio.dll
0x00007ffd3caa0000 - 0x00007ffd3cab0000 	C:\Users\HP\.vscode\extensions\redhat.java-1.54.0-win32-x64\jre\21.0.10-win32-x86_64\bin\verify.dll
0x00007ffd28170000 - 0x00007ffd28197000 	C:\Users\HP\.gradle\native\1def1411415f61bf3af743bc5b6707747c0891f09f0c88961ee8f79bc544acac\windows-amd64\native-platform.dll
0x00007ffd177a0000 - 0x00007ffd17818000 	C:\Users\HP\.gradle\native\0.2.7\x86_64-windows-gnu\gradle-fileevents.dll
0x00007ffd3a310000 - 0x00007ffd3a31a000 	C:\Users\HP\.vscode\extensions\redhat.java-1.54.0-win32-x64\jre\21.0.10-win32-x86_64\bin\management.dll
0x00007ffd3a230000 - 0x00007ffd3a23c000 	C:\Users\HP\.vscode\extensions\redhat.java-1.54.0-win32-x64\jre\21.0.10-win32-x86_64\bin\management_ext.dll
0x00007ffd57fd0000 - 0x00007ffd57fd8000 	C:\WINDOWS\System32\PSAPI.DLL
0x00007ffd53fa0000 - 0x00007ffd53fd2000 	C:\WINDOWS\SYSTEM32\IPHLPAPI.DLL
0x00007ffd56ba0000 - 0x00007ffd56baa000 	C:\WINDOWS\System32\NSI.dll
0x00007ffd3a8d0000 - 0x00007ffd3a8d9000 	C:\Users\HP\.vscode\extensions\redhat.java-1.54.0-win32-x64\jre\21.0.10-win32-x86_64\bin\extnet.dll
0x00007ffd54e30000 - 0x00007ffd54e4b000 	C:\WINDOWS\SYSTEM32\CRYPTSP.dll
0x00007ffd54520000 - 0x00007ffd54559000 	C:\WINDOWS\system32\rsaenh.dll
0x00007ffd54c00000 - 0x00007ffd54c33000 	C:\WINDOWS\SYSTEM32\USERENV.dll
0x00007ffd54e50000 - 0x00007ffd54e5c000 	C:\WINDOWS\SYSTEM32\CRYPTBASE.dll
0x00007ffd3a8e0000 - 0x00007ffd3a8ee000 	C:\Users\HP\.vscode\extensions\redhat.java-1.54.0-win32-x64\jre\21.0.10-win32-x86_64\bin\sunmscapi.dll
0x00007ffd559c0000 - 0x00007ffd55b38000 	C:\WINDOWS\System32\CRYPT32.dll
0x00007ffd55050000 - 0x00007ffd55080000 	C:\WINDOWS\SYSTEM32\ncrypt.dll
0x00007ffd55000000 - 0x00007ffd5503f000 	C:\WINDOWS\SYSTEM32\NTASN1.dll
0x00007ffd27420000 - 0x00007ffd27428000 	C:\WINDOWS\system32\wshunix.dll
0x00007ffd272b0000 - 0x00007ffd272c8000 	C:\WINDOWS\system32\napinsp.dll
0x00007ffd54030000 - 0x00007ffd54162000 	C:\WINDOWS\SYSTEM32\DNSAPI.dll
0x00007ffd27290000 - 0x00007ffd272a3000 	C:\WINDOWS\System32\winrnr.dll
0x00007ffd27260000 - 0x00007ffd27282000 	C:\WINDOWS\system32\nlansp_c.dll
0x00007ffd4dbd0000 - 0x00007ffd4dbe6000 	C:\WINDOWS\system32\wshbth.dll
0x00007ffd4e940000 - 0x00007ffd4e94b000 	C:\Windows\System32\rasadhlp.dll
0x00007ffd4b2a0000 - 0x00007ffd4b326000 	C:\WINDOWS\System32\fwpuclnt.dll

JVMTI agents:
C:\Users\HP\.gradle\wrapper\dists\gradle-8.13-bin\5xuhj0ry160q40clulazy9h7d\gradle-8.13\lib\agents\gradle-instrumentation-agent-8.13.jar path:C:\Users\HP\.vscode\extensions\redhat.java-1.54.0-win32-x64\jre\21.0.10-win32-x86_64\bin\instrument.dll, loaded, initialized, instrumentlib options:none

dbghelp: loaded successfully - version: 4.0.5 - missing functions: none
symbol engine: initialized successfully - sym options: 0x614 - pdb path: .;C:\Users\HP\.vscode\extensions\redhat.java-1.54.0-win32-x64\jre\21.0.10-win32-x86_64\bin;C:\WINDOWS\SYSTEM32;C:\WINDOWS\WinSxS\amd64_microsoft.windows.common-controls_6595b64144ccf1df_6.0.26100.8457_none_3e0b2faee331e92d;C:\Program Files (x86)\Citrix\ICA Client;C:\Users\HP\.vscode\extensions\redhat.java-1.54.0-win32-x64\jre\21.0.10-win32-x86_64\bin\server;C:\Users\HP\.gradle\native\1def1411415f61bf3af743bc5b6707747c0891f09f0c88961ee8f79bc544acac\windows-amd64;C:\Users\HP\.gradle\native\0.2.7\x86_64-windows-gnu

VM Arguments:
jvm_args: --add-opens=java.base/java.lang=ALL-UNNAMED --add-opens=java.base/java.lang.invoke=ALL-UNNAMED --add-opens=java.base/java.util=ALL-UNNAMED --add-opens=java.prefs/java.util.prefs=ALL-UNNAMED --add-exports=jdk.compiler/com.sun.tools.javac.api=ALL-UNNAMED --add-exports=jdk.compiler/com.sun.tools.javac.util=ALL-UNNAMED --add-opens=java.base/java.util=ALL-UNNAMED --add-opens=java.prefs/java.util.prefs=ALL-UNNAMED --add-opens=java.base/java.nio.charset=ALL-UNNAMED --add-opens=java.base/java.net=ALL-UNNAMED --add-opens=java.base/java.util.concurrent.atomic=ALL-UNNAMED --add-opens=java.xml/javax.xml.namespace=ALL-UNNAMED -Xmx1024m -Dfile.encoding=UTF-8 -Duser.country=IN -Duser.language=en -Duser.variant -javaagent:C:\Users\HP\.gradle\wrapper\dists\gradle-8.13-bin\5xuhj0ry160q40clulazy9h7d\gradle-8.13\lib\agents\gradle-instrumentation-agent-8.13.jar 
java_command: org.gradle.launcher.daemon.bootstrap.GradleDaemon 8.13
java_class_path (initial): C:\Users\HP\.gradle\wrapper\dists\gradle-8.13-bin\5xuhj0ry160q40clulazy9h7d\gradle-8.13\lib\gradle-daemon-main-8.13.jar
Launcher Type: SUN_STANDARD

[Global flags]
     intx CICompilerCount                          = 4                                         {product} {ergonomic}
     uint ConcGCThreads                            = 3                                         {product} {ergonomic}
     uint G1ConcRefinementThreads                  = 10                                        {product} {ergonomic}
   size_t G1HeapRegionSize                         = 1048576                                   {product} {ergonomic}
    uintx GCDrainStackTargetSize                   = 64                                        {product} {ergonomic}
   size_t InitialHeapSize                          = 123731968                                 {product} {ergonomic}
   size_t MarkStackSize                            = 4194304                                   {product} {ergonomic}
   size_t MaxHeapSize                              = 1073741824                                {product} {command line}
   size_t MaxNewSize                               = 643825664                                 {product} {ergonomic}
   size_t MinHeapDeltaBytes                        = 1048576                                   {product} {ergonomic}
   size_t MinHeapSize                              = 8388608                                   {product} {ergonomic}
    uintx NonNMethodCodeHeapSize                   = 5839372                                {pd product} {ergonomic}
    uintx NonProfiledCodeHeapSize                  = 122909434                              {pd product} {ergonomic}
    uintx ProfiledCodeHeapSize                     = 122909434                              {pd product} {ergonomic}
    uintx ReservedCodeCacheSize                    = 251658240                              {pd product} {ergonomic}
     bool SegmentedCodeCache                       = true                                      {product} {ergonomic}
   size_t SoftMaxHeapSize                          = 1073741824                             {manageable} {ergonomic}
     bool UseCompressedOops                        = true                           {product lp64_product} {ergonomic}
     bool UseG1GC                                  = true                                      {product} {ergonomic}
     bool UseLargePagesIndividualAllocation        = false                                  {pd product} {ergonomic}

Logging:
Log output configuration:
 #0: stdout all=warning uptime,level,tags foldmultilines=false
 #1: stderr all=off uptime,level,tags foldmultilines=false

Release file:
JAVA_VERSION="21.0.10" 
MODULES="java.base java.compiler java.datatransfer java.xml java.prefs java.desktop java.instrument java.logging java.management java.security.sasl java.naming java.rmi java.management.rmi java.net.http java.scripting java.security.jgss java.transaction.xa java.sql java.sql.rowset java.xml.crypto java.se java.smartcardio jdk.accessibility jdk.internal.jvmstat jdk.attach jdk.charsets jdk.internal.opt jdk.zipfs jdk.compiler jdk.crypto.ec jdk.crypto.cryptoki jdk.crypto.mscapi jdk.dynalink jdk.internal.ed jdk.editpad jdk.hotspot.agent jdk.httpserver jdk.internal.le jdk.internal.vm.ci jdk.internal.vm.compiler jdk.internal.vm.compiler.management jdk.jartool jdk.javadoc jdk.jcmd jdk.management jdk.management.agent jdk.jconsole jdk.jdeps jdk.jdwp.agent jdk.jdi jdk.jfr jdk.jshell jdk.jsobject jdk.jstatd jdk.localedata jdk.management.jfr jdk.naming.dns jdk.naming.rmi jdk.net jdk.nio.mapmode jdk.random jdk.sctp jdk.security.auth jdk.security.jgss jdk.unsupported jdk.unsupported.desktop jdk.xml.dom" 

Environment Variables:
PATH=C:\Program Files\Common Files\Oracle\Java\javapath;C:\WINDOWS\system32;C:\WINDOWS;C:\WINDOWS\System32\Wbem;C:\WINDOWS\System32\WindowsPowerShell\v1.0\;C:\WINDOWS\System32\OpenSSH\;C:\Program Files\Git\cmd;c:\Users\HP\AppData\Local\Programs\cursor\resources\app\bin;C:\Program Files (x86)\Microsoft SQL Server\170\Tools\Binn\;C:\Program Files\Microsoft SQL Server\170\Tools\Binn\;C:\Program Files\Microsoft SQL Server\Client SDK\ODBC\180\Tools\Binn\;C:\Program Files\Microsoft SQL Server\170\DTS\Binn\;C:\Program Files\nodejs\;C:\Users\HP\AppData\Local\Programs\Python\Python311\Scripts\;C:\Users\HP\AppData\Local\Programs\Python\Python311\;C:\Users\HP\AppData\Local\Programs\Python\Python313\Scripts\;C:\Users\HP\AppData\Local\Programs\Python\Python313\;C:\Users\HP\AppData\Local\Programs\Python\Launcher\;C:\Users\HP\AppData\Local\Microsoft\WindowsApps;C:\Users\HP\AppData\Local\Programs\Microsoft VS Code\bin;C:\Users\HP\AppData\Local\Microsoft\WinGet\Packages\Gyan.FFmpeg_Microsoft.Winget.Source_8wekyb3d8bbwe\ffmpeg-8.0.1-full_build\bin;C:\Users\HP\AppData\Local\PowerToys\DSCModules\;C:\Users\HP\AppData\Roaming\npm;C:\Users\HP\AppData\Local\Programs\Antigravity IDE\bin
USERNAME=HP
OS=Windows_NT
PROCESSOR_IDENTIFIER=AMD64 Family 25 Model 80 Stepping 0, AuthenticAMD
TMP=C:\Users\HP\AppData\Local\Temp
TEMP=C:\Users\HP\AppData\Local\Temp




Periodic native trim disabled

---------------  S Y S T E M  ---------------

OS:
 Windows 11 , 64 bit Build 26100 (10.0.26100.8328)
OS uptime: 1 days 13:14 hours
Hyper-V role detected

CPU: total 12 (initial active 12) (12 cores per cpu, 2 threads per core) family 25 model 80 stepping 0 microcode 0xa50000f, cx8, cmov, fxsr, ht, mmx, 3dnowpref, sse, sse2, sse3, ssse3, sse4a, sse4.1, sse4.2, popcnt, lzcnt, tsc, tscinvbit, avx, avx2, aes, erms, clmul, bmi1, bmi2, adx, sha, fma, vzeroupper, clflush, clflushopt, hv, rdtscp, rdpid, fsrm, f16c, cet_ss
Processor Information for processor 0
  Max Mhz: 3301, Current Mhz: 3301, Mhz Limit: 3301
Processor Information for processor 1
  Max Mhz: 3301, Current Mhz: 2011, Mhz Limit: 3301
Processor Information for processor 2
  Max Mhz: 3301, Current Mhz: 2011, Mhz Limit: 3301
Processor Information for processor 3
  Max Mhz: 3301, Current Mhz: 3301, Mhz Limit: 3301
Processor Information for processor 4
  Max Mhz: 3301, Current Mhz: 3301, Mhz Limit: 3301
Processor Information for processor 5
  Max Mhz: 3301, Current Mhz: 3301, Mhz Limit: 3301
Processor Information for processor 6
  Max Mhz: 3301, Current Mhz: 3301, Mhz Limit: 3301
Processor Information for processor 7
  Max Mhz: 3301, Current Mhz: 2011, Mhz Limit: 3301
Processor Information for processor 8
  Max Mhz: 3301, Current Mhz: 2011, Mhz Limit: 3301
Processor Information for processor 9
  Max Mhz: 3301, Current Mhz: 2011, Mhz Limit: 3301
Processor Information for processor 10
  Max Mhz: 3301, Current Mhz: 3301, Mhz Limit: 3301
Processor Information for processor 11
  Max Mhz: 3301, Current Mhz: 2011, Mhz Limit: 3301

Memory: 4k page, system-wide physical 7521M (1042M free)
TotalPageFile size 31073M (AvailPageFile size 5M)
current process WorkingSet (physical memory assigned to process): 344M, peak: 344M
current process commit charge ("private bytes"): 486M, peak: 486M

vm_info: OpenJDK 64-Bit Server VM (21.0.10+7-LTS) for windows-amd64 JRE (21.0.10+7-LTS), built on 2026-01-20T00:00:00Z by "admin" with MS VC++ 17.12 (VS2022)

END.
