#
# There is insufficient memory for the Java Runtime Environment to continue.
# Native memory allocation (malloc) failed to allocate 1093296 bytes. Error detail: Chunk::new
# Possible reasons:
#   The system is out of physical RAM or swap space
#   This process is running with CompressedOops enabled, and the Java Heap may be blocking the growth of the native heap
# Possible solutions:
#   Reduce memory load on the system
#   Increase physical memory or swap space
#   Check if swap backing store is full
#   Decrease Java heap size (-Xmx/-Xms)
#   Decrease number of Java threads
#   Decrease Java thread stack sizes (-Xss)
#   Set larger code cache with -XX:ReservedCodeCacheSize=
#   JVM is running with Unscaled Compressed Oops mode in which the Java heap is
#     placed in the first 4GB address space. The Java Heap base address is the
#     maximum limit for the native heap growth. Please use -XX:HeapBaseMinAddress
#     to set the Java Heap base and to place the Java Heap above 4GB virtual address.
# This output file may be truncated or incomplete.
#
#  Out of Memory Error (arena.cpp:168), pid=39016, tid=24004
#
# JRE version: OpenJDK Runtime Environment (21.0.8) (build 21.0.8+-14196175-b1038.72)
# Java VM: OpenJDK 64-Bit Server VM (21.0.8+-14196175-b1038.72, mixed mode, tiered, compressed oops, compressed class ptrs, g1 gc, windows-amd64)
# No core dump will be written. Minidumps are not enabled by default on client versions of Windows
#

---------------  S U M M A R Y ------------

Command Line: --add-opens=java.base/java.lang=ALL-UNNAMED --add-opens=java.base/java.lang.invoke=ALL-UNNAMED --add-opens=java.base/java.util=ALL-UNNAMED --add-opens=java.prefs/java.util.prefs=ALL-UNNAMED --add-exports=jdk.compiler/com.sun.tools.javac.api=ALL-UNNAMED --add-exports=jdk.compiler/com.sun.tools.javac.util=ALL-UNNAMED --add-opens=java.base/java.util=ALL-UNNAMED --add-opens=java.prefs/java.util.prefs=ALL-UNNAMED --add-opens=java.base/java.nio.charset=ALL-UNNAMED --add-opens=java.base/java.net=ALL-UNNAMED --add-opens=java.base/java.util.concurrent.atomic=ALL-UNNAMED --add-opens=java.xml/javax.xml.namespace=ALL-UNNAMED -Xmx1024m -Dfile.encoding=UTF-8 -Duser.country=IN -Duser.language=en -Duser.variant -javaagent:C:\Users\HP\.gradle\wrapper\dists\gradle-8.13-bin\5xuhj0ry160q40clulazy9h7d\gradle-8.13\lib\agents\gradle-instrumentation-agent-8.13.jar org.gradle.launcher.daemon.bootstrap.GradleDaemon 8.13

Host: AMD Ryzen 5 5600H with Radeon Graphics         , 12 cores, 7G,  Windows 11 , 64 bit Build 26100 (10.0.26100.8328)
Time: Thu May 28 00:52:32 2026 India Standard Time elapsed time: 6.924383 seconds (0d 0h 0m 6s)

---------------  T H R E A D  ---------------

Current thread (0x000001780a3337e0):  JavaThread "C2 CompilerThread1" daemon [_thread_in_native, id=24004, stack(0x00000057ba500000,0x00000057ba600000) (1024K)]


Current CompileTask:
C2:6924 8136       4       org.gradle.cache.internal.btree.FreeListBlockStore::read (12 bytes)

Stack: [0x00000057ba500000,0x00000057ba600000]
Native frames: (J=compiled Java code, j=interpreted, Vv=VM code, C=native code)
V  [jvm.dll+0x6d68d9]
V  [jvm.dll+0x866693]
V  [jvm.dll+0x868c4e]
V  [jvm.dll+0x869333]
V  [jvm.dll+0x280566]
V  [jvm.dll+0xc07cd]
V  [jvm.dll+0xc0d03]
V  [jvm.dll+0x3b95e1]
V  [jvm.dll+0x385507]
V  [jvm.dll+0x38497a]
V  [jvm.dll+0x249252]
V  [jvm.dll+0x248821]
V  [jvm.dll+0x1c73a4]
V  [jvm.dll+0x257f9e]
V  [jvm.dll+0x2564e6]
V  [jvm.dll+0x3f4696]
V  [jvm.dll+0x80eac8]
V  [jvm.dll+0x6d512d]
C  [ucrtbase.dll+0x37b0]
C  [KERNEL32.DLL+0x2e957]
C  [ntdll.dll+0x427c]


---------------  P R O C E S S  ---------------

Threads class SMR info:
_java_thread_list=0x000001780ce215c0, length=89, elements={
0x000001786c79e330, 0x0000017807078bd0, 0x000001780708b200, 0x000001780709bfa0,
0x00000178070c5a40, 0x00000178070c64a0, 0x00000178070c6f00, 0x00000178070c7960,
0x00000178070a9f70, 0x00000178070eb4e0, 0x00000178073c4a10, 0x0000017809b65130,
0x0000017809992e30, 0x0000017809ced830, 0x0000017809a9f6d0, 0x000001780a0d8ec0,
0x000001780a00d5f0, 0x000001780a00dc60, 0x0000017809c4fcb0, 0x0000017809c93880,
0x000001780a113a90, 0x000001780a1147b0, 0x000001780a112d70, 0x000001780a113400,
0x000001780a3337e0, 0x000001780a114120, 0x000001780a1126e0, 0x000001780a1154d0,
0x000001780a112050, 0x000001780c8be8e0, 0x000001780c8c1040, 0x000001780c8bf600,
0x000001780c8c0320, 0x000001780c8be250, 0x000001780c8c23f0, 0x000001780c8bef70,
0x000001780c8c2a80, 0x000001780c8c37a0, 0x000001780c8c44c0, 0x000001780c8c3110,
0x000001780c8c4b50, 0x000001780c8c51e0, 0x000001780c8c5870, 0x000001780d9b9ff0,
0x000001780d9bcde0, 0x000001780d9bba30, 0x000001780d9bd470, 0x000001780d9bad10,
0x000001780d9ba680, 0x000001780d9bc0c0, 0x000001780d9bc750, 0x000001780d9bdb00,
0x000001780d9be190, 0x000001780d9be820, 0x000001780d9bb3a0, 0x000001780d9beeb0,
0x000001780baadba0, 0x000001780baac7f0, 0x000001780baaadb0, 0x000001780baace80,
0x000001780baad510, 0x000001780baaa720, 0x000001780baabad0, 0x000001780baae8c0,
0x000001780bab0990, 0x000001780bab16b0, 0x000001780bab0300, 0x000001780bab1020,
0x000001780baaef50, 0x000001780baaf5e0, 0x000001780baae230, 0x000001780bab1d40,
0x000001780baafc70, 0x000001780c689330, 0x000001780c688ca0, 0x000001780c68ba90,
0x000001780c68a050, 0x000001780c68c7b0, 0x000001780c68c120, 0x000001780c68a6e0,
0x000001780c68b400, 0x000001780c68ce40, 0x000001780c6899c0, 0x000001780c68d4d0,
0x000001780c68db60, 0x000001780c68e1f0, 0x000001780c68ad70, 0x000001780c68e880,
0x000001780c68ef10
}

Java Threads: ( => current thread )
  0x000001786c79e330 JavaThread "main"                              [_thread_blocked, id=32412, stack(0x00000057b7a00000,0x00000057b7b00000) (1024K)]
  0x0000017807078bd0 JavaThread "Common-Cleaner"             daemon [_thread_blocked, id=13320, stack(0x00000057b8300000,0x00000057b8400000) (1024K)]
  0x000001780708b200 JavaThread "Reference Handler"          daemon [_thread_blocked, id=37944, stack(0x00000057b8400000,0x00000057b8500000) (1024K)]
  0x000001780709bfa0 JavaThread "Finalizer"                  daemon [_thread_blocked, id=32540, stack(0x00000057b8500000,0x00000057b8600000) (1024K)]
  0x00000178070c5a40 JavaThread "Signal Dispatcher"          daemon [_thread_blocked, id=16464, stack(0x00000057b8600000,0x00000057b8700000) (1024K)]
  0x00000178070c64a0 JavaThread "Attach Listener"            daemon [_thread_blocked, id=18528, stack(0x00000057b8700000,0x00000057b8800000) (1024K)]
  0x00000178070c6f00 JavaThread "Service Thread"             daemon [_thread_blocked, id=35904, stack(0x00000057b8800000,0x00000057b8900000) (1024K)]
  0x00000178070c7960 JavaThread "Monitor Deflation Thread"   daemon [_thread_blocked, id=37280, stack(0x00000057b8900000,0x00000057b8a00000) (1024K)]
  0x00000178070a9f70 JavaThread "C2 CompilerThread0"         daemon [_thread_in_native, id=38324, stack(0x00000057b8a00000,0x00000057b8b00000) (1024K)]
  0x00000178070eb4e0 JavaThread "C1 CompilerThread0"         daemon [_thread_blocked, id=39808, stack(0x00000057b8b00000,0x00000057b8c00000) (1024K)]
  0x00000178073c4a10 JavaThread "Notification Thread"        daemon [_thread_blocked, id=2496, stack(0x00000057b8c00000,0x00000057b8d00000) (1024K)]
  0x0000017809b65130 JavaThread "Daemon health stats"               [_thread_blocked, id=28740, stack(0x00000057b9500000,0x00000057b9600000) (1024K)]
  0x0000017809992e30 JavaThread "Incoming local TCP Connector on port 62616"        [_thread_in_native, id=9844, stack(0x00000057b9600000,0x00000057b9700000) (1024K)]
  0x0000017809ced830 JavaThread "Daemon periodic checks"            [_thread_blocked, id=31304, stack(0x00000057b9700000,0x00000057b9800000) (1024K)]
  0x0000017809a9f6d0 JavaThread "Daemon"                            [_thread_blocked, id=28916, stack(0x00000057b9800000,0x00000057b9900000) (1024K)]
  0x000001780a0d8ec0 JavaThread "Handler for socket connection from /127.0.0.1:62616 to /127.0.0.1:62617"        [_thread_in_native, id=31024, stack(0x00000057b9900000,0x00000057b9a00000) (1024K)]
  0x000001780a00d5f0 JavaThread "Cancel handler"                    [_thread_blocked, id=33528, stack(0x00000057b9a00000,0x00000057b9b00000) (1024K)]
  0x000001780a00dc60 JavaThread "Daemon worker"                     [_thread_blocked, id=4044, stack(0x00000057b9b00000,0x00000057b9c00000) (1024K)]
  0x0000017809c4fcb0 JavaThread "Asynchronous log dispatcher for DefaultDaemonConnection: socket connection from /127.0.0.1:62616 to /127.0.0.1:62617"        [_thread_blocked, id=18376, stack(0x00000057b9c00000,0x00000057b9d00000) (1024K)]
  0x0000017809c93880 JavaThread "Stdin handler"                     [_thread_blocked, id=33488, stack(0x00000057b9d00000,0x00000057b9e00000) (1024K)]
  0x000001780a113a90 JavaThread "Daemon client event forwarder"        [_thread_blocked, id=30536, stack(0x00000057b9e00000,0x00000057b9f00000) (1024K)]
  0x000001780a1147b0 JavaThread "Cache worker for journal cache (C:\Users\HP\.gradle\caches\journal-1)"        [_thread_blocked, id=27940, stack(0x00000057ba200000,0x00000057ba300000) (1024K)]
  0x000001780a112d70 JavaThread "File lock request listener"        [_thread_in_native, id=38068, stack(0x00000057ba300000,0x00000057ba400000) (1024K)]
  0x000001780a113400 JavaThread "Cache worker for file hash cache (C:\Users\HP\.gradle\caches\8.13\fileHashes)"        [_thread_in_native, id=4236, stack(0x00000057ba400000,0x00000057ba500000) (1024K)]
=>0x000001780a3337e0 JavaThread "C2 CompilerThread1"         daemon [_thread_in_native, id=24004, stack(0x00000057ba500000,0x00000057ba600000) (1024K)]
  0x000001780a114120 JavaThread "Cache worker for file hash cache (C:\Users\HP\Documents\Application_developement\Doctor_patient\Android app\Hospiq\.gradle\8.13\fileHashes)"        [_thread_blocked, id=38972, stack(0x00000057ba600000,0x00000057ba700000) (1024K)]
  0x000001780a1126e0 JavaThread "Cache worker for Build Output Cleanup Cache (C:\Users\HP\Documents\Application_developement\Doctor_patient\Android app\Hospiq\.gradle\buildOutputCleanup)"        [_thread_blocked, id=2284, stack(0x00000057ba700000,0x00000057ba800000) (1024K)]
  0x000001780a1154d0 JavaThread "File watcher server"        daemon [_thread_in_native, id=36744, stack(0x00000057ba800000,0x00000057ba900000) (1024K)]
  0x000001780a112050 JavaThread "File watcher consumer"      daemon [_thread_blocked, id=19236, stack(0x00000057ba900000,0x00000057baa00000) (1024K)]
  0x000001780c8be8e0 JavaThread "jar transforms"                    [_thread_blocked, id=23208, stack(0x00000057baa00000,0x00000057bab00000) (1024K)]
  0x000001780c8c1040 JavaThread "jar transforms Thread 2"           [_thread_blocked, id=38524, stack(0x00000057bab00000,0x00000057bac00000) (1024K)]
  0x000001780c8bf600 JavaThread "Cache worker for checksums cache (C:\Users\HP\Documents\Application_developement\Doctor_patient\Android app\Hospiq\.gradle\8.13\checksums)"        [_thread_blocked, id=18316, stack(0x00000057bac00000,0x00000057bad00000) (1024K)]
  0x000001780c8c0320 JavaThread "Cache worker for file content cache (C:\Users\HP\.gradle\caches\8.13\fileContent)"        [_thread_blocked, id=17940, stack(0x00000057bad00000,0x00000057bae00000) (1024K)]
  0x000001780c8be250 JavaThread "jar transforms Thread 3"           [_thread_blocked, id=35440, stack(0x00000057bae00000,0x00000057baf00000) (1024K)]
  0x000001780c8c23f0 JavaThread "Cache worker for cache directory md-supplier (C:\Users\HP\.gradle\caches\8.13\md-supplier)"        [_thread_blocked, id=25552, stack(0x00000057baf00000,0x00000057bb000000) (1024K)]
  0x000001780c8bef70 JavaThread "Cache worker for cache directory md-rule (C:\Users\HP\.gradle\caches\8.13\md-rule)"        [_thread_blocked, id=18496, stack(0x00000057bb000000,0x00000057bb100000) (1024K)]
  0x000001780c8c2a80 JavaThread "Unconstrained build operations"        [_thread_blocked, id=25244, stack(0x00000057bb100000,0x00000057bb200000) (1024K)]
  0x000001780c8c37a0 JavaThread "Unconstrained build operations Thread 2"        [_thread_blocked, id=11068, stack(0x00000057bb200000,0x00000057bb300000) (1024K)]
  0x000001780c8c44c0 JavaThread "Unconstrained build operations Thread 3"        [_thread_blocked, id=13100, stack(0x00000057bb300000,0x00000057bb400000) (1024K)]
  0x000001780c8c3110 JavaThread "Unconstrained build operations Thread 4"        [_thread_blocked, id=29448, stack(0x00000057bb400000,0x00000057bb500000) (1024K)]
  0x000001780c8c4b50 JavaThread "Unconstrained build operations Thread 5"        [_thread_blocked, id=30916, stack(0x00000057bb500000,0x00000057bb600000) (1024K)]
  0x000001780c8c51e0 JavaThread "Unconstrained build operations Thread 6"        [_thread_blocked, id=28328, stack(0x00000057bb600000,0x00000057bb700000) (1024K)]
  0x000001780c8c5870 JavaThread "Unconstrained build operations Thread 7"        [_thread_blocked, id=30784, stack(0x00000057bb700000,0x00000057bb800000) (1024K)]
  0x000001780d9b9ff0 JavaThread "Unconstrained build operations Thread 8"        [_thread_blocked, id=26300, stack(0x00000057bb800000,0x00000057bb900000) (1024K)]
  0x000001780d9bcde0 JavaThread "Unconstrained build operations Thread 9"        [_thread_blocked, id=21744, stack(0x00000057bb900000,0x00000057bba00000) (1024K)]
  0x000001780d9bba30 JavaThread "Unconstrained build operations Thread 10"        [_thread_blocked, id=12128, stack(0x00000057bba00000,0x00000057bbb00000) (1024K)]
  0x000001780d9bd470 JavaThread "jar transforms Thread 4"           [_thread_blocked, id=25124, stack(0x00000057bbb00000,0x00000057bbc00000) (1024K)]
  0x000001780d9bad10 JavaThread "jar transforms Thread 5"           [_thread_blocked, id=36952, stack(0x00000057bbc00000,0x00000057bbd00000) (1024K)]
  0x000001780d9ba680 JavaThread "Unconstrained build operations Thread 11"        [_thread_blocked, id=16888, stack(0x00000057bbd00000,0x00000057bbe00000) (1024K)]
  0x000001780d9bc0c0 JavaThread "Unconstrained build operations Thread 12"        [_thread_blocked, id=19376, stack(0x00000057bbe00000,0x00000057bbf00000) (1024K)]
  0x000001780d9bc750 JavaThread "Unconstrained build operations Thread 13"        [_thread_blocked, id=27796, stack(0x00000057bbf00000,0x00000057bc000000) (1024K)]
  0x000001780d9bdb00 JavaThread "Unconstrained build operations Thread 14"        [_thread_blocked, id=33740, stack(0x00000057bc000000,0x00000057bc100000) (1024K)]
  0x000001780d9be190 JavaThread "Unconstrained build operations Thread 15"        [_thread_blocked, id=37940, stack(0x00000057bc100000,0x00000057bc200000) (1024K)]
  0x000001780d9be820 JavaThread "jar transforms Thread 6"           [_thread_blocked, id=36328, stack(0x00000057bc200000,0x00000057bc300000) (1024K)]
  0x000001780d9bb3a0 JavaThread "jar transforms Thread 7"           [_thread_blocked, id=18232, stack(0x00000057bc300000,0x00000057bc400000) (1024K)]
  0x000001780d9beeb0 JavaThread "jar transforms Thread 8"           [_thread_blocked, id=37340, stack(0x00000057bc400000,0x00000057bc500000) (1024K)]
  0x000001780baadba0 JavaThread "Unconstrained build operations Thread 16"        [_thread_blocked, id=30264, stack(0x00000057bc500000,0x00000057bc600000) (1024K)]
  0x000001780baac7f0 JavaThread "Unconstrained build operations Thread 17"        [_thread_blocked, id=31976, stack(0x00000057bc600000,0x00000057bc700000) (1024K)]
  0x000001780baaadb0 JavaThread "Unconstrained build operations Thread 18"        [_thread_blocked, id=19688, stack(0x00000057bc700000,0x00000057bc800000) (1024K)]
  0x000001780baace80 JavaThread "Unconstrained build operations Thread 19"        [_thread_blocked, id=37508, stack(0x00000057bc800000,0x00000057bc900000) (1024K)]
  0x000001780baad510 JavaThread "Unconstrained build operations Thread 20"        [_thread_blocked, id=28892, stack(0x00000057bc900000,0x00000057bca00000) (1024K)]
  0x000001780baaa720 JavaThread "Unconstrained build operations Thread 21"        [_thread_blocked, id=20880, stack(0x00000057bca00000,0x00000057bcb00000) (1024K)]
  0x000001780baabad0 JavaThread "Unconstrained build operations Thread 22"        [_thread_blocked, id=31108, stack(0x00000057bcb00000,0x00000057bcc00000) (1024K)]
  0x000001780baae8c0 JavaThread "Unconstrained build operations Thread 23"        [_thread_blocked, id=9792, stack(0x00000057bcc00000,0x00000057bcd00000) (1024K)]
  0x000001780bab0990 JavaThread "Unconstrained build operations Thread 24"        [_thread_blocked, id=12920, stack(0x00000057bcd00000,0x00000057bce00000) (1024K)]
  0x000001780bab16b0 JavaThread "Unconstrained build operations Thread 25"        [_thread_blocked, id=19408, stack(0x00000057bce00000,0x00000057bcf00000) (1024K)]
  0x000001780bab0300 JavaThread "Unconstrained build operations Thread 26"        [_thread_blocked, id=30284, stack(0x00000057bcf00000,0x00000057bd000000) (1024K)]
  0x000001780bab1020 JavaThread "Unconstrained build operations Thread 27"        [_thread_blocked, id=31628, stack(0x00000057bd000000,0x00000057bd100000) (1024K)]
  0x000001780baaef50 JavaThread "Unconstrained build operations Thread 28"        [_thread_blocked, id=17988, stack(0x00000057bd100000,0x00000057bd200000) (1024K)]
  0x000001780baaf5e0 JavaThread "Unconstrained build operations Thread 29"        [_thread_blocked, id=39060, stack(0x00000057bd200000,0x00000057bd300000) (1024K)]
  0x000001780baae230 JavaThread "Unconstrained build operations Thread 30"        [_thread_blocked, id=7984, stack(0x00000057bd300000,0x00000057bd400000) (1024K)]
  0x000001780bab1d40 JavaThread "Unconstrained build operations Thread 31"        [_thread_blocked, id=19084, stack(0x00000057bd400000,0x00000057bd500000) (1024K)]
  0x000001780baafc70 JavaThread "Unconstrained build operations Thread 32"        [_thread_blocked, id=17768, stack(0x00000057bd500000,0x00000057bd600000) (1024K)]
  0x000001780c689330 JavaThread "Unconstrained build operations Thread 33"        [_thread_blocked, id=29800, stack(0x00000057bd600000,0x00000057bd700000) (1024K)]
  0x000001780c688ca0 JavaThread "Unconstrained build operations Thread 34"        [_thread_blocked, id=38452, stack(0x00000057bd700000,0x00000057bd800000) (1024K)]
  0x000001780c68ba90 JavaThread "Unconstrained build operations Thread 35"        [_thread_blocked, id=18448, stack(0x00000057bd800000,0x00000057bd900000) (1024K)]
  0x000001780c68a050 JavaThread "Unconstrained build operations Thread 36"        [_thread_blocked, id=29700, stack(0x00000057bd900000,0x00000057bda00000) (1024K)]
  0x000001780c68c7b0 JavaThread "Unconstrained build operations Thread 37"        [_thread_blocked, id=18140, stack(0x00000057bda00000,0x00000057bdb00000) (1024K)]
  0x000001780c68c120 JavaThread "Unconstrained build operations Thread 38"        [_thread_blocked, id=24724, stack(0x00000057bdb00000,0x00000057bdc00000) (1024K)]
  0x000001780c68a6e0 JavaThread "Unconstrained build operations Thread 39"        [_thread_blocked, id=27532, stack(0x00000057bdc00000,0x00000057bdd00000) (1024K)]
  0x000001780c68b400 JavaThread "Unconstrained build operations Thread 40"        [_thread_blocked, id=2780, stack(0x00000057bdd00000,0x00000057bde00000) (1024K)]
  0x000001780c68ce40 JavaThread "Unconstrained build operations Thread 41"        [_thread_in_native, id=31688, stack(0x00000057bde00000,0x00000057bdf00000) (1024K)]
  0x000001780c6899c0 JavaThread "Unconstrained build operations Thread 42"        [_thread_blocked, id=26780, stack(0x00000057bdf00000,0x00000057be000000) (1024K)]
  0x000001780c68d4d0 JavaThread "Unconstrained build operations Thread 43"        [_thread_blocked, id=33124, stack(0x00000057be000000,0x00000057be100000) (1024K)]
  0x000001780c68db60 JavaThread "Unconstrained build operations Thread 44"        [_thread_blocked, id=31868, stack(0x00000057be100000,0x00000057be200000) (1024K)]
  0x000001780c68e1f0 JavaThread "Unconstrained build operations Thread 45"        [_thread_blocked, id=34976, stack(0x00000057be200000,0x00000057be300000) (1024K)]
  0x000001780c68ad70 JavaThread "Unconstrained build operations Thread 46"        [_thread_in_Java, id=37744, stack(0x00000057be300000,0x00000057be400000) (1024K)]
  0x000001780c68e880 JavaThread "Unconstrained build operations Thread 47"        [_thread_in_native, id=35792, stack(0x00000057be400000,0x00000057be500000) (1024K)]
  0x000001780c68ef10 JavaThread "Unconstrained build operations Thread 48"        [_thread_in_Java, id=34520, stack(0x00000057be500000,0x00000057be600000) (1024K)]
Total: 89

Other Threads:
  0x000001787fea67c0 VMThread "VM Thread"                           [id=31724, stack(0x00000057b8200000,0x00000057b8300000) (1024K)]
  0x000001787fe44b70 WatcherThread "VM Periodic Task Thread"        [id=26772, stack(0x00000057b8100000,0x00000057b8200000) (1024K)]
  0x000001786c7d7900 WorkerThread "GC Thread#0"                     [id=3088, stack(0x00000057b7c00000,0x00000057b7d00000) (1024K)]
  0x0000017808844dc0 WorkerThread "GC Thread#1"                     [id=4016, stack(0x00000057b8d00000,0x00000057b8e00000) (1024K)]
  0x0000017808845160 WorkerThread "GC Thread#2"                     [id=19416, stack(0x00000057b8e00000,0x00000057b8f00000) (1024K)]
  0x00000178088458a0 WorkerThread "GC Thread#3"                     [id=3680, stack(0x00000057b8f00000,0x00000057b9000000) (1024K)]
  0x0000017808845500 WorkerThread "GC Thread#4"                     [id=33432, stack(0x00000057b9000000,0x00000057b9100000) (1024K)]
  0x0000017808846380 WorkerThread "GC Thread#5"                     [id=26100, stack(0x00000057b9100000,0x00000057b9200000) (1024K)]
  0x0000017808844a20 WorkerThread "GC Thread#6"                     [id=39916, stack(0x00000057b9200000,0x00000057b9300000) (1024K)]
  0x0000017809cdfa90 WorkerThread "GC Thread#7"                     [id=28784, stack(0x00000057b9300000,0x00000057b9400000) (1024K)]
  0x0000017809cdf350 WorkerThread "GC Thread#8"                     [id=27836, stack(0x00000057b9400000,0x00000057b9500000) (1024K)]
  0x0000017809cdd650 WorkerThread "GC Thread#9"                     [id=36336, stack(0x00000057b9f00000,0x00000057ba000000) (1024K)]
  0x000001786c7e07f0 ConcurrentGCThread "G1 Main Marker"            [id=35216, stack(0x00000057b7d00000,0x00000057b7e00000) (1024K)]
  0x000001786c7e34e0 WorkerThread "G1 Conc#0"                       [id=29980, stack(0x00000057b7e00000,0x00000057b7f00000) (1024K)]
  0x0000017809cde870 WorkerThread "G1 Conc#1"                       [id=39256, stack(0x00000057ba000000,0x00000057ba100000) (1024K)]
  0x0000017809cdf6f0 WorkerThread "G1 Conc#2"                       [id=8892, stack(0x00000057ba100000,0x00000057ba200000) (1024K)]
  0x000001787fd13180 ConcurrentGCThread "G1 Refine#0"               [id=37728, stack(0x00000057b7f00000,0x00000057b8000000) (1024K)]
  0x000001787fd139a0 ConcurrentGCThread "G1 Service"                [id=28608, stack(0x00000057b8000000,0x00000057b8100000) (1024K)]
Total: 18

Threads with active compile tasks:
C2 CompilerThread0  7963 8375       4       org.gradle.cache.internal.btree.BTreePersistentIndexedCache::load (40 bytes)
C1 CompilerThread0  7963 8378       3       com.google.common.collect.ImmutableSortedMap::entrySet (5 bytes)
C2 CompilerThread1  7964 8136       4       org.gradle.cache.internal.btree.FreeListBlockStore::read (12 bytes)
Total: 3

VM state: at safepoint (normal execution)

VM Mutex/Monitor currently owned by a thread:  ([mutex/lock_event])
[0x00007ffcb70785b8] Threads_lock - owner thread: 0x000001787fea67c0
[0x00007ffcb70786b8] Heap_lock - owner thread: 0x000001780c68ad70

Heap address: 0x00000000c0000000, size: 1024 MB, Compressed Oops mode: 32-bit

CDS archive(s) not mapped
Compressed class space mapped at: 0x0000000100000000-0x0000000140000000, reserved size: 1073741824
Narrow klass base: 0x0000000000000000, Narrow klass shift: 3, Narrow klass range: 0x140000000

GC Precious Log:
 CardTable entry size: 512
 Card Set container configuration: InlinePtr #cards 5 size 8 Array Of Cards #cards 12 size 40 Howl #buckets 4 coarsen threshold 1843 Howl Bitmap #cards 512 size 80 coarsen threshold 460 Card regions per heap region 1 cards per card region 2048
 CPUs: 12 total, 12 available
 Memory: 7521M
 Large Page Support: Disabled
 NUMA Support: Disabled
 Compressed Oops: Enabled (32-bit)
 Heap Region Size: 1M
 Heap Min Capacity: 8M
 Heap Initial Capacity: 118M
 Heap Max Capacity: 1G
 Pre-touch: Disabled
 Parallel Workers: 10
 Concurrent Workers: 3
 Concurrent Refinement Workers: 10
 Periodic GC: Disabled

Heap:
 garbage-first heap   total 113664K, used 62286K [0x00000000c0000000, 0x0000000100000000)
  region size 1024K, 5 young (5120K), 1 survivors (1024K)
 Metaspace       used 72870K, committed 74560K, reserved 1114112K
  class space    used 10261K, committed 11072K, reserved 1048576K

Heap Regions: E=young(eden), S=young(survivor), O=old, HS=humongous(starts), HC=humongous(continues), CS=collection set, F=free, TAMS=top-at-mark-start, PB=parsable bottom
|   0|0x00000000c0000000, 0x00000000c0100000, 0x00000000c0100000|100%|HS|  |TAMS 0x00000000c0000000| PB 0x00000000c0000000| Complete 
|   1|0x00000000c0100000, 0x00000000c0200000, 0x00000000c0200000|100%|HC|  |TAMS 0x00000000c0100000| PB 0x00000000c0100000| Complete 
|   2|0x00000000c0200000, 0x00000000c0300000, 0x00000000c0300000|100%|HC|  |TAMS 0x00000000c0200000| PB 0x00000000c0200000| Complete 
|   3|0x00000000c0300000, 0x00000000c0400000, 0x00000000c0400000|100%| O|  |TAMS 0x00000000c0300000| PB 0x00000000c0300000| Untracked 
|   4|0x00000000c0400000, 0x00000000c0500000, 0x00000000c0500000|100%| O|  |TAMS 0x00000000c0400000| PB 0x00000000c0400000| Untracked 
|   5|0x00000000c0500000, 0x00000000c0600000, 0x00000000c0600000|100%| O|  |TAMS 0x00000000c0500000| PB 0x00000000c0500000| Untracked 
|   6|0x00000000c0600000, 0x00000000c0700000, 0x00000000c0700000|100%|HS|  |TAMS 0x00000000c0600000| PB 0x00000000c0600000| Complete 
|   7|0x00000000c0700000, 0x00000000c0800000, 0x00000000c0800000|100%| O|  |TAMS 0x00000000c0700000| PB 0x00000000c0700000| Untracked 
|   8|0x00000000c0800000, 0x00000000c0900000, 0x00000000c0900000|100%| O|  |TAMS 0x00000000c0800000| PB 0x00000000c0800000| Untracked 
|   9|0x00000000c0900000, 0x00000000c0a00000, 0x00000000c0a00000|100%| O|  |TAMS 0x00000000c0900000| PB 0x00000000c0900000| Untracked 
|  10|0x00000000c0a00000, 0x00000000c0b00000, 0x00000000c0b00000|100%| O|  |TAMS 0x00000000c0a00000| PB 0x00000000c0a00000| Untracked 
|  11|0x00000000c0b00000, 0x00000000c0c00000, 0x00000000c0c00000|100%| O|  |TAMS 0x00000000c0b00000| PB 0x00000000c0b00000| Untracked 
|  12|0x00000000c0c00000, 0x00000000c0d00000, 0x00000000c0d00000|100%| O|  |TAMS 0x00000000c0c00000| PB 0x00000000c0c00000| Untracked 
|  13|0x00000000c0d00000, 0x00000000c0e00000, 0x00000000c0e00000|100%| O|  |TAMS 0x00000000c0d00000| PB 0x00000000c0d00000| Untracked 
|  14|0x00000000c0e00000, 0x00000000c0f00000, 0x00000000c0f00000|100%| O|  |TAMS 0x00000000c0e00000| PB 0x00000000c0e00000| Untracked 
|  15|0x00000000c0f00000, 0x00000000c1000000, 0x00000000c1000000|100%| O|  |TAMS 0x00000000c0f00000| PB 0x00000000c0f00000| Untracked 
|  16|0x00000000c1000000, 0x00000000c1100000, 0x00000000c1100000|100%| O|  |TAMS 0x00000000c1000000| PB 0x00000000c1000000| Untracked 
|  17|0x00000000c1100000, 0x00000000c1200000, 0x00000000c1200000|100%| O|  |TAMS 0x00000000c1100000| PB 0x00000000c1100000| Untracked 
|  18|0x00000000c1200000, 0x00000000c1300000, 0x00000000c1300000|100%| O|  |TAMS 0x00000000c1200000| PB 0x00000000c1200000| Untracked 
|  19|0x00000000c1300000, 0x00000000c1400000, 0x00000000c1400000|100%| O|  |TAMS 0x00000000c1300000| PB 0x00000000c1300000| Untracked 
|  20|0x00000000c1400000, 0x00000000c1500000, 0x00000000c1500000|100%| O|  |TAMS 0x00000000c1400000| PB 0x00000000c1400000| Untracked 
|  21|0x00000000c1500000, 0x00000000c1600000, 0x00000000c1600000|100%| O|  |TAMS 0x00000000c1500000| PB 0x00000000c1500000| Untracked 
|  22|0x00000000c1600000, 0x00000000c1700000, 0x00000000c1700000|100%| O|  |TAMS 0x00000000c1600000| PB 0x00000000c1600000| Untracked 
|  23|0x00000000c1700000, 0x00000000c1800000, 0x00000000c1800000|100%| O|  |TAMS 0x00000000c1700000| PB 0x00000000c1700000| Untracked 
|  24|0x00000000c1800000, 0x00000000c1900000, 0x00000000c1900000|100%| O|  |TAMS 0x00000000c1800000| PB 0x00000000c1800000| Untracked 
|  25|0x00000000c1900000, 0x00000000c1a00000, 0x00000000c1a00000|100%| O|  |TAMS 0x00000000c1900000| PB 0x00000000c1900000| Untracked 
|  26|0x00000000c1a00000, 0x00000000c1b00000, 0x00000000c1b00000|100%| O|  |TAMS 0x00000000c1a00000| PB 0x00000000c1a00000| Untracked 
|  27|0x00000000c1b00000, 0x00000000c1c00000, 0x00000000c1c00000|100%| O|  |TAMS 0x00000000c1b00000| PB 0x00000000c1b00000| Untracked 
|  28|0x00000000c1c00000, 0x00000000c1d00000, 0x00000000c1d00000|100%| O|  |TAMS 0x00000000c1c00000| PB 0x00000000c1c00000| Untracked 
|  29|0x00000000c1d00000, 0x00000000c1e00000, 0x00000000c1e00000|100%| O|  |TAMS 0x00000000c1d00000| PB 0x00000000c1d00000| Untracked 
|  30|0x00000000c1e00000, 0x00000000c1f00000, 0x00000000c1f00000|100%| O|  |TAMS 0x00000000c1e00000| PB 0x00000000c1e00000| Untracked 
|  31|0x00000000c1f00000, 0x00000000c2000000, 0x00000000c2000000|100%| O|  |TAMS 0x00000000c1f00000| PB 0x00000000c1f00000| Untracked 
|  32|0x00000000c2000000, 0x00000000c2100000, 0x00000000c2100000|100%| O|  |TAMS 0x00000000c2000000| PB 0x00000000c2000000| Untracked 
|  33|0x00000000c2100000, 0x00000000c2200000, 0x00000000c2200000|100%| O|  |TAMS 0x00000000c2100000| PB 0x00000000c2100000| Untracked 
|  34|0x00000000c2200000, 0x00000000c2300000, 0x00000000c2300000|100%|HS|  |TAMS 0x00000000c2200000| PB 0x00000000c2200000| Complete 
|  35|0x00000000c2300000, 0x00000000c2400000, 0x00000000c2400000|100%|HC|  |TAMS 0x00000000c2300000| PB 0x00000000c2300000| Complete 
|  36|0x00000000c2400000, 0x00000000c2500000, 0x00000000c2500000|100%| O|  |TAMS 0x00000000c2400000| PB 0x00000000c2400000| Untracked 
|  37|0x00000000c2500000, 0x00000000c2600000, 0x00000000c2600000|100%| O|  |TAMS 0x00000000c2500000| PB 0x00000000c2500000| Untracked 
|  38|0x00000000c2600000, 0x00000000c2700000, 0x00000000c2700000|100%| O|  |TAMS 0x00000000c2600000| PB 0x00000000c2600000| Untracked 
|  39|0x00000000c2700000, 0x00000000c2800000, 0x00000000c2800000|100%| O|  |TAMS 0x00000000c2700000| PB 0x00000000c2700000| Untracked 
|  40|0x00000000c2800000, 0x00000000c2900000, 0x00000000c2900000|100%| O|  |TAMS 0x00000000c2800000| PB 0x00000000c2800000| Untracked 
|  41|0x00000000c2900000, 0x00000000c2a00000, 0x00000000c2a00000|100%| O|  |TAMS 0x00000000c2900000| PB 0x00000000c2900000| Untracked 
|  42|0x00000000c2a00000, 0x00000000c2b00000, 0x00000000c2b00000|100%| O|  |TAMS 0x00000000c2a00000| PB 0x00000000c2a00000| Untracked 
|  43|0x00000000c2b00000, 0x00000000c2c00000, 0x00000000c2c00000|100%| O|  |TAMS 0x00000000c2b00000| PB 0x00000000c2b00000| Untracked 
|  44|0x00000000c2c00000, 0x00000000c2d00000, 0x00000000c2d00000|100%| O|  |TAMS 0x00000000c2c00000| PB 0x00000000c2c00000| Untracked 
|  45|0x00000000c2d00000, 0x00000000c2e00000, 0x00000000c2e00000|100%| O|  |TAMS 0x00000000c2d00000| PB 0x00000000c2d00000| Untracked 
|  46|0x00000000c2e00000, 0x00000000c2f00000, 0x00000000c2f00000|100%| O|  |TAMS 0x00000000c2e00000| PB 0x00000000c2e00000| Untracked 
|  47|0x00000000c2f00000, 0x00000000c3000000, 0x00000000c3000000|100%| O|  |TAMS 0x00000000c2f00000| PB 0x00000000c2f00000| Untracked 
|  48|0x00000000c3000000, 0x00000000c3100000, 0x00000000c3100000|100%| O|  |TAMS 0x00000000c3000000| PB 0x00000000c3000000| Untracked 
|  49|0x00000000c3100000, 0x00000000c3200000, 0x00000000c3200000|100%| O|  |TAMS 0x00000000c3100000| PB 0x00000000c3100000| Untracked 
|  50|0x00000000c3200000, 0x00000000c3300000, 0x00000000c3300000|100%| O|  |TAMS 0x00000000c3200000| PB 0x00000000c3200000| Untracked 
|  51|0x00000000c3300000, 0x00000000c3400000, 0x00000000c3400000|100%| O|  |TAMS 0x00000000c3300000| PB 0x00000000c3300000| Untracked 
|  52|0x00000000c3400000, 0x00000000c3500000, 0x00000000c3500000|100%| O|  |TAMS 0x00000000c3400000| PB 0x00000000c3400000| Untracked 
|  53|0x00000000c3500000, 0x00000000c3600000, 0x00000000c3600000|100%| O|  |TAMS 0x00000000c3500000| PB 0x00000000c3500000| Untracked 
|  54|0x00000000c3600000, 0x00000000c3700000, 0x00000000c3700000|100%| O|  |TAMS 0x00000000c3600000| PB 0x00000000c3600000| Untracked 
|  55|0x00000000c3700000, 0x00000000c3800000, 0x00000000c3800000|100%| O|  |TAMS 0x00000000c3700000| PB 0x00000000c3700000| Untracked 
|  56|0x00000000c3800000, 0x00000000c38f67f0, 0x00000000c3900000| 96%| O|  |TAMS 0x00000000c3800000| PB 0x00000000c3800000| Untracked 
|  57|0x00000000c3900000, 0x00000000c3900000, 0x00000000c3a00000|  0%| F|  |TAMS 0x00000000c3900000| PB 0x00000000c3900000| Untracked 
|  58|0x00000000c3a00000, 0x00000000c3a00000, 0x00000000c3b00000|  0%| F|  |TAMS 0x00000000c3a00000| PB 0x00000000c3a00000| Untracked 
|  59|0x00000000c3b00000, 0x00000000c3b00000, 0x00000000c3c00000|  0%| F|  |TAMS 0x00000000c3b00000| PB 0x00000000c3b00000| Untracked 
|  60|0x00000000c3c00000, 0x00000000c3c00000, 0x00000000c3d00000|  0%| F|  |TAMS 0x00000000c3c00000| PB 0x00000000c3c00000| Untracked 
|  61|0x00000000c3d00000, 0x00000000c3d00000, 0x00000000c3e00000|  0%| F|  |TAMS 0x00000000c3d00000| PB 0x00000000c3d00000| Untracked 
|  62|0x00000000c3e00000, 0x00000000c3e00000, 0x00000000c3f00000|  0%| F|  |TAMS 0x00000000c3e00000| PB 0x00000000c3e00000| Untracked 
|  63|0x00000000c3f00000, 0x00000000c3f00000, 0x00000000c4000000|  0%| F|  |TAMS 0x00000000c3f00000| PB 0x00000000c3f00000| Untracked 
|  64|0x00000000c4000000, 0x00000000c4000000, 0x00000000c4100000|  0%| F|  |TAMS 0x00000000c4000000| PB 0x00000000c4000000| Untracked 
|  65|0x00000000c4100000, 0x00000000c4100000, 0x00000000c4200000|  0%| F|  |TAMS 0x00000000c4100000| PB 0x00000000c4100000| Untracked 
|  66|0x00000000c4200000, 0x00000000c4200000, 0x00000000c4300000|  0%| F|  |TAMS 0x00000000c4200000| PB 0x00000000c4200000| Untracked 
|  67|0x00000000c4300000, 0x00000000c4300000, 0x00000000c4400000|  0%| F|  |TAMS 0x00000000c4300000| PB 0x00000000c4300000| Untracked 
|  68|0x00000000c4400000, 0x00000000c4400000, 0x00000000c4500000|  0%| F|  |TAMS 0x00000000c4400000| PB 0x00000000c4400000| Untracked 
|  69|0x00000000c4500000, 0x00000000c4500000, 0x00000000c4600000|  0%| F|  |TAMS 0x00000000c4500000| PB 0x00000000c4500000| Untracked 
|  70|0x00000000c4600000, 0x00000000c4600000, 0x00000000c4700000|  0%| F|  |TAMS 0x00000000c4600000| PB 0x00000000c4600000| Untracked 
|  71|0x00000000c4700000, 0x00000000c4700000, 0x00000000c4800000|  0%| F|  |TAMS 0x00000000c4700000| PB 0x00000000c4700000| Untracked 
|  72|0x00000000c4800000, 0x00000000c4800000, 0x00000000c4900000|  0%| F|  |TAMS 0x00000000c4800000| PB 0x00000000c4800000| Untracked 
|  73|0x00000000c4900000, 0x00000000c4900000, 0x00000000c4a00000|  0%| F|  |TAMS 0x00000000c4900000| PB 0x00000000c4900000| Untracked 
|  74|0x00000000c4a00000, 0x00000000c4a00000, 0x00000000c4b00000|  0%| F|  |TAMS 0x00000000c4a00000| PB 0x00000000c4a00000| Untracked 
|  75|0x00000000c4b00000, 0x00000000c4b00000, 0x00000000c4c00000|  0%| F|  |TAMS 0x00000000c4b00000| PB 0x00000000c4b00000| Untracked 
|  76|0x00000000c4c00000, 0x00000000c4c00000, 0x00000000c4d00000|  0%| F|  |TAMS 0x00000000c4c00000| PB 0x00000000c4c00000| Untracked 
|  77|0x00000000c4d00000, 0x00000000c4d00000, 0x00000000c4e00000|  0%| F|  |TAMS 0x00000000c4d00000| PB 0x00000000c4d00000| Untracked 
|  78|0x00000000c4e00000, 0x00000000c4e00000, 0x00000000c4f00000|  0%| F|  |TAMS 0x00000000c4e00000| PB 0x00000000c4e00000| Untracked 
|  79|0x00000000c4f00000, 0x00000000c4f00000, 0x00000000c5000000|  0%| F|  |TAMS 0x00000000c4f00000| PB 0x00000000c4f00000| Untracked 
|  80|0x00000000c5000000, 0x00000000c5000000, 0x00000000c5100000|  0%| F|  |TAMS 0x00000000c5000000| PB 0x00000000c5000000| Untracked 
|  81|0x00000000c5100000, 0x00000000c5100000, 0x00000000c5200000|  0%| F|  |TAMS 0x00000000c5100000| PB 0x00000000c5100000| Untracked 
|  82|0x00000000c5200000, 0x00000000c5200000, 0x00000000c5300000|  0%| F|  |TAMS 0x00000000c5200000| PB 0x00000000c5200000| Untracked 
|  83|0x00000000c5300000, 0x00000000c5300000, 0x00000000c5400000|  0%| F|  |TAMS 0x00000000c5300000| PB 0x00000000c5300000| Untracked 
|  84|0x00000000c5400000, 0x00000000c5400000, 0x00000000c5500000|  0%| F|  |TAMS 0x00000000c5400000| PB 0x00000000c5400000| Untracked 
|  85|0x00000000c5500000, 0x00000000c5500000, 0x00000000c5600000|  0%| F|  |TAMS 0x00000000c5500000| PB 0x00000000c5500000| Untracked 
|  86|0x00000000c5600000, 0x00000000c5600000, 0x00000000c5700000|  0%| F|  |TAMS 0x00000000c5600000| PB 0x00000000c5600000| Untracked 
|  87|0x00000000c5700000, 0x00000000c5700000, 0x00000000c5800000|  0%| F|  |TAMS 0x00000000c5700000| PB 0x00000000c5700000| Untracked 
|  88|0x00000000c5800000, 0x00000000c5800000, 0x00000000c5900000|  0%| F|  |TAMS 0x00000000c5800000| PB 0x00000000c5800000| Untracked 
|  89|0x00000000c5900000, 0x00000000c5900000, 0x00000000c5a00000|  0%| F|  |TAMS 0x00000000c5900000| PB 0x00000000c5900000| Untracked 
|  90|0x00000000c5a00000, 0x00000000c5a00000, 0x00000000c5b00000|  0%| F|  |TAMS 0x00000000c5a00000| PB 0x00000000c5a00000| Untracked 
|  91|0x00000000c5b00000, 0x00000000c5b00000, 0x00000000c5c00000|  0%| F|  |TAMS 0x00000000c5b00000| PB 0x00000000c5b00000| Untracked 
|  92|0x00000000c5c00000, 0x00000000c5c00000, 0x00000000c5d00000|  0%| F|  |TAMS 0x00000000c5c00000| PB 0x00000000c5c00000| Untracked 
|  93|0x00000000c5d00000, 0x00000000c5d00000, 0x00000000c5e00000|  0%| F|  |TAMS 0x00000000c5d00000| PB 0x00000000c5d00000| Untracked 
|  94|0x00000000c5e00000, 0x00000000c5e00000, 0x00000000c5f00000|  0%| F|  |TAMS 0x00000000c5e00000| PB 0x00000000c5e00000| Untracked 
|  95|0x00000000c5f00000, 0x00000000c5f00000, 0x00000000c6000000|  0%| F|  |TAMS 0x00000000c5f00000| PB 0x00000000c5f00000| Untracked 
|  96|0x00000000c6000000, 0x00000000c6000000, 0x00000000c6100000|  0%| F|  |TAMS 0x00000000c6000000| PB 0x00000000c6000000| Untracked 
|  97|0x00000000c6100000, 0x00000000c6100000, 0x00000000c6200000|  0%| F|  |TAMS 0x00000000c6100000| PB 0x00000000c6100000| Untracked 
|  98|0x00000000c6200000, 0x00000000c6200000, 0x00000000c6300000|  0%| F|  |TAMS 0x00000000c6200000| PB 0x00000000c6200000| Untracked 
|  99|0x00000000c6300000, 0x00000000c6300000, 0x00000000c6400000|  0%| F|  |TAMS 0x00000000c6300000| PB 0x00000000c6300000| Untracked 
| 100|0x00000000c6400000, 0x00000000c6400000, 0x00000000c6500000|  0%| F|  |TAMS 0x00000000c6400000| PB 0x00000000c6400000| Untracked 
| 101|0x00000000c6500000, 0x00000000c6500000, 0x00000000c6600000|  0%| F|  |TAMS 0x00000000c6500000| PB 0x00000000c6500000| Untracked 
| 102|0x00000000c6600000, 0x00000000c6600000, 0x00000000c6700000|  0%| F|  |TAMS 0x00000000c6600000| PB 0x00000000c6600000| Untracked 
| 103|0x00000000c6700000, 0x00000000c6700000, 0x00000000c6800000|  0%| F|  |TAMS 0x00000000c6700000| PB 0x00000000c6700000| Untracked 
| 104|0x00000000c6800000, 0x00000000c6800000, 0x00000000c6900000|  0%| F|  |TAMS 0x00000000c6800000| PB 0x00000000c6800000| Untracked 
| 105|0x00000000c6900000, 0x00000000c6a00000, 0x00000000c6a00000|100%| S|CS|TAMS 0x00000000c6900000| PB 0x00000000c6900000| Complete 
| 106|0x00000000c6a00000, 0x00000000c6a00000, 0x00000000c6b00000|  0%| F|  |TAMS 0x00000000c6a00000| PB 0x00000000c6a00000| Untracked 
| 107|0x00000000c6b00000, 0x00000000c6b00000, 0x00000000c6c00000|  0%| F|  |TAMS 0x00000000c6b00000| PB 0x00000000c6b00000| Untracked 
| 108|0x00000000c6c00000, 0x00000000c6c00000, 0x00000000c6d00000|  0%| F|  |TAMS 0x00000000c6c00000| PB 0x00000000c6c00000| Untracked 
| 117|0x00000000c7500000, 0x00000000c7500000, 0x00000000c7600000|  0%| F|  |TAMS 0x00000000c7500000| PB 0x00000000c7500000| Untracked 
|1023|0x00000000fff00000, 0x00000000fff9a168, 0x0000000100000000| 60%| E|  |TAMS 0x00000000fff00000| PB 0x00000000fff00000| Complete 

Card table byte_map: [0x000001787f010000,0x000001787f210000] _byte_map_base: 0x000001787ea10000

Marking Bits: (CMBitMap*) 0x000001786c7d7f10
 Bits: [0x0000017800000000, 0x0000017801000000)

Polling page: 0x000001786a390000

Metaspace:

Usage:
  Non-class:     61.14 MB used.
      Class:     10.02 MB used.
       Both:     71.16 MB used.

Virtual space:
  Non-class space:       64.00 MB reserved,      62.00 MB ( 97%) committed,  1 nodes.
      Class space:        1.00 GB reserved,      10.81 MB (  1%) committed,  1 nodes.
             Both:        1.06 GB reserved,      72.81 MB (  7%) committed. 

Chunk freelists:
   Non-Class:  1.94 MB
       Class:  5.16 MB
        Both:  7.09 MB

MaxMetaspaceSize: unlimited
CompressedClassSpaceSize: 1.00 GB
Initial GC threshold: 21.00 MB
Current GC threshold: 120.88 MB
CDS: off
 - commit_granule_bytes: 65536.
 - commit_granule_words: 8192.
 - virtual_space_node_default_size: 8388608.
 - enlarge_chunks_in_place: 1.
 - use_allocation_guard: 0.


Internal statistics:

num_allocs_failed_limit: 8.
num_arena_births: 3290.
num_arena_deaths: 0.
num_vsnodes_births: 2.
num_vsnodes_deaths: 0.
num_space_committed: 1165.
num_space_uncommitted: 0.
num_chunks_returned_to_freelist: 8.
num_chunks_taken_from_freelist: 6289.
num_chunk_merges: 8.
num_chunk_splits: 4104.
num_chunks_enlarged: 2536.
num_inconsistent_stats: 0.

CodeHeap 'non-profiled nmethods': size=120000Kb used=3994Kb max_used=3994Kb free=116006Kb
 bounds [0x0000017877390000, 0x0000017877780000, 0x000001787e8c0000]
CodeHeap 'profiled nmethods': size=120000Kb used=13185Kb max_used=13185Kb free=106814Kb
 bounds [0x000001786f8c0000, 0x00000178705b0000, 0x0000017876df0000]
CodeHeap 'non-nmethods': size=5760Kb used=2758Kb max_used=2793Kb free=3001Kb
 bounds [0x0000017876df0000, 0x00000178770c0000, 0x0000017877390000]
CodeCache: size=245760Kb, used=19937Kb, max_used=19972Kb, free=225821Kb
 total_blobs=8204, nmethods=7306, adapters=802, full_count=0
Compilation: enabled, stopped_count=0, restarted_count=0

Compilation events (20 events):
Event: 6.859 Thread 0x00000178070eb4e0 nmethod 8317 0x0000017870579110 code [0x00000178705792c0, 0x00000178705793f8]
Event: 6.859 Thread 0x00000178070eb4e0 8318   !   3       sun.nio.ch.FileChannelImpl$Closer::run (28 bytes)
Event: 6.859 Thread 0x00000178070eb4e0 nmethod 8318 0x0000017870579490 code [0x00000178705796a0, 0x0000017870579d58]
Event: 6.859 Thread 0x00000178070eb4e0 8319       3       java.io.FileDescriptor$1::close (5 bytes)
Event: 6.860 Thread 0x00000178070eb4e0 nmethod 8319 0x000001787057a010 code [0x000001787057a200, 0x000001787057a718]
Event: 6.860 Thread 0x00000178070eb4e0 8320       3       org.gradle.internal.execution.steps.ExecuteWorkBuildOperationFiringStep$$Lambda/0x0000000100854528::<init> (10 bytes)
Event: 6.860 Thread 0x00000178070eb4e0 nmethod 8320 0x000001787057a910 code [0x000001787057aac0, 0x000001787057ac78]
Event: 6.860 Thread 0x00000178070eb4e0 8321       3       org.gradle.api.internal.artifacts.transform.AbstractTransformExecution::loadAlreadyProducedOutput (24 bytes)
Event: 6.860 Thread 0x00000178070eb4e0 nmethod 8321 0x000001787057ad10 code [0x000001787057af20, 0x000001787057b458]
Event: 6.860 Thread 0x00000178070eb4e0 8323       3       org.gradle.internal.execution.steps.ExecuteWorkBuildOperationFiringStep$ExecuteWorkResult::<init> (26 bytes)
Event: 6.860 Thread 0x00000178070eb4e0 nmethod 8323 0x000001787057b690 code [0x000001787057b840, 0x000001787057bb18]
Event: 6.860 Thread 0x00000178070eb4e0 8322       3       org.gradle.internal.execution.steps.IdentityCacheStep$$Lambda/0x0000000100854a00::apply (5 bytes)
Event: 6.860 Thread 0x00000178070eb4e0 nmethod 8322 0x000001787057bc10 code [0x000001787057bdc0, 0x000001787057bf28]
Event: 6.860 Thread 0x00000178070eb4e0 8325       3       sun.nio.cs.StreamDecoder::forInputStreamReader (11 bytes)
Event: 6.860 Thread 0x00000178070eb4e0 nmethod 8325 0x000001787057c010 code [0x000001787057c1c0, 0x000001787057c358]
Event: 6.860 Thread 0x00000178070eb4e0 8324       3       org.gradle.api.internal.artifacts.transform.TransformExecutionResultSerializer::<init> (5 bytes)
Event: 6.860 Thread 0x00000178070eb4e0 nmethod 8324 0x000001787057c410 code [0x000001787057c5c0, 0x000001787057c728]
Event: 6.860 Thread 0x00000178070eb4e0 8326   !   3       sun.nio.ch.FileChannelImpl::position (294 bytes)
Event: 6.862 Thread 0x00000178070eb4e0 nmethod 8326 0x000001787057c810 code [0x000001787057cb60, 0x000001787057dcd8]
Event: 6.865 Thread 0x00000178070eb4e0 8327       3       org.gradle.api.internal.artifacts.transform.TransformExecutionResult$Builder$ProducedOutputOnlyResult::lambda$resolveForWorkspace$0 (6 bytes)

GC Heap History (20 events):
Event: 4.498 GC heap before
{Heap before GC invocations=14 (full 0):
 garbage-first heap   total 86016K, used 74113K [0x00000000c0000000, 0x0000000100000000)
  region size 1024K, 43 young (44032K), 3 survivors (3072K)
 Metaspace       used 54220K, committed 55616K, reserved 1114112K
  class space    used 7576K, committed 8256K, reserved 1048576K
}
Event: 4.502 GC heap after
{Heap after GC invocations=15 (full 0):
 garbage-first heap   total 86016K, used 36338K [0x00000000c0000000, 0x0000000100000000)
  region size 1024K, 6 young (6144K), 6 survivors (6144K)
 Metaspace       used 54220K, committed 55616K, reserved 1114112K
  class space    used 7576K, committed 8256K, reserved 1048576K
}
Event: 4.716 GC heap before
{Heap before GC invocations=15 (full 0):
 garbage-first heap   total 86016K, used 54770K [0x00000000c0000000, 0x0000000100000000)
  region size 1024K, 25 young (25600K), 6 survivors (6144K)
 Metaspace       used 55793K, committed 57216K, reserved 1114112K
  class space    used 7862K, committed 8512K, reserved 1048576K
}
Event: 4.720 GC heap after
{Heap after GC invocations=16 (full 0):
 garbage-first heap   total 86016K, used 39989K [0x00000000c0000000, 0x0000000100000000)
  region size 1024K, 6 young (6144K), 6 survivors (6144K)
 Metaspace       used 55793K, committed 57216K, reserved 1114112K
  class space    used 7862K, committed 8512K, reserved 1048576K
}
Event: 4.972 GC heap before
{Heap before GC invocations=17 (full 0):
 garbage-first heap   total 86016K, used 76853K [0x00000000c0000000, 0x0000000100000000)
  region size 1024K, 39 young (39936K), 6 survivors (6144K)
 Metaspace       used 57877K, committed 59392K, reserved 1114112K
  class space    used 8057K, committed 8768K, reserved 1048576K
}
Event: 4.977 GC heap after
{Heap after GC invocations=18 (full 0):
 garbage-first heap   total 87040K, used 43744K [0x00000000c0000000, 0x0000000100000000)
  region size 1024K, 3 young (3072K), 3 survivors (3072K)
 Metaspace       used 57877K, committed 59392K, reserved 1114112K
  class space    used 8057K, committed 8768K, reserved 1048576K
}
Event: 5.300 GC heap before
{Heap before GC invocations=18 (full 0):
 garbage-first heap   total 87040K, used 76512K [0x00000000c0000000, 0x0000000100000000)
  region size 1024K, 35 young (35840K), 3 survivors (3072K)
 Metaspace       used 61495K, committed 63040K, reserved 1114112K
  class space    used 8592K, committed 9280K, reserved 1048576K
}
Event: 5.303 GC heap after
{Heap after GC invocations=19 (full 0):
 garbage-first heap   total 87040K, used 45753K [0x00000000c0000000, 0x0000000100000000)
  region size 1024K, 5 young (5120K), 5 survivors (5120K)
 Metaspace       used 61495K, committed 63040K, reserved 1114112K
  class space    used 8592K, committed 9280K, reserved 1048576K
}
Event: 5.646 GC heap before
{Heap before GC invocations=19 (full 0):
 garbage-first heap   total 87040K, used 75449K [0x00000000c0000000, 0x0000000100000000)
  region size 1024K, 34 young (34816K), 5 survivors (5120K)
 Metaspace       used 65490K, committed 67072K, reserved 1114112K
  class space    used 9180K, committed 9920K, reserved 1048576K
}
Event: 5.651 GC heap after
{Heap after GC invocations=20 (full 0):
 garbage-first heap   total 87040K, used 48023K [0x00000000c0000000, 0x0000000100000000)
  region size 1024K, 5 young (5120K), 5 survivors (5120K)
 Metaspace       used 65490K, committed 67072K, reserved 1114112K
  class space    used 9180K, committed 9920K, reserved 1048576K
}
Event: 5.967 GC heap before
{Heap before GC invocations=21 (full 0):
 garbage-first heap   total 87040K, used 76695K [0x00000000c0000000, 0x0000000100000000)
  region size 1024K, 33 young (33792K), 5 survivors (5120K)
 Metaspace       used 69053K, committed 70720K, reserved 1114112K
  class space    used 9773K, committed 10560K, reserved 1048576K
}
Event: 5.970 GC heap after
{Heap after GC invocations=22 (full 0):
 garbage-first heap   total 87040K, used 49334K [0x00000000c0000000, 0x0000000100000000)
  region size 1024K, 2 young (2048K), 2 survivors (2048K)
 Metaspace       used 69053K, committed 70720K, reserved 1114112K
  class space    used 9773K, committed 10560K, reserved 1048576K
}
Event: 6.423 GC heap before
{Heap before GC invocations=22 (full 0):
 garbage-first heap   total 87040K, used 78006K [0x00000000c0000000, 0x0000000100000000)
  region size 1024K, 31 young (31744K), 2 survivors (2048K)
 Metaspace       used 71977K, committed 73664K, reserved 1114112K
  class space    used 10229K, committed 11008K, reserved 1048576K
}
Event: 6.427 GC heap after
{Heap after GC invocations=23 (full 0):
 garbage-first heap   total 87040K, used 51345K [0x00000000c0000000, 0x0000000100000000)
  region size 1024K, 4 young (4096K), 4 survivors (4096K)
 Metaspace       used 71977K, committed 73664K, reserved 1114112K
  class space    used 10229K, committed 11008K, reserved 1048576K
}
Event: 6.645 GC heap before
{Heap before GC invocations=23 (full 0):
 garbage-first heap   total 87040K, used 75921K [0x00000000c0000000, 0x0000000100000000)
  region size 1024K, 29 young (29696K), 4 survivors (4096K)
 Metaspace       used 72481K, committed 74176K, reserved 1114112K
  class space    used 10261K, committed 11072K, reserved 1048576K
}
Event: 6.649 GC heap after
{Heap after GC invocations=24 (full 0):
 garbage-first heap   total 87040K, used 56207K [0x00000000c0000000, 0x0000000100000000)
  region size 1024K, 4 young (4096K), 4 survivors (4096K)
 Metaspace       used 72481K, committed 74176K, reserved 1114112K
  class space    used 10261K, committed 11072K, reserved 1048576K
}
Event: 6.727 GC heap before
{Heap before GC invocations=25 (full 0):
 garbage-first heap   total 94208K, used 76687K [0x00000000c0000000, 0x0000000100000000)
  region size 1024K, 24 young (24576K), 4 survivors (4096K)
 Metaspace       used 72590K, committed 74304K, reserved 1114112K
  class space    used 10261K, committed 11072K, reserved 1048576K
}
Event: 6.729 GC heap after
{Heap after GC invocations=26 (full 0):
 garbage-first heap   total 94208K, used 57420K [0x00000000c0000000, 0x0000000100000000)
  region size 1024K, 3 young (3072K), 3 survivors (3072K)
 Metaspace       used 72590K, committed 74304K, reserved 1114112K
  class space    used 10261K, committed 11072K, reserved 1048576K
}
Event: 6.797 GC heap before
{Heap before GC invocations=26 (full 0):
 garbage-first heap   total 94208K, used 81996K [0x00000000c0000000, 0x0000000100000000)
  region size 1024K, 28 young (28672K), 3 survivors (3072K)
 Metaspace       used 72710K, committed 74432K, reserved 1114112K
  class space    used 10261K, committed 11072K, reserved 1048576K
}
Event: 6.800 GC heap after
{Heap after GC invocations=27 (full 0):
 garbage-first heap   total 113664K, used 56976K [0x00000000c0000000, 0x0000000100000000)
  region size 1024K, 4 young (4096K), 4 survivors (4096K)
 Metaspace       used 72710K, committed 74432K, reserved 1114112K
  class space    used 10261K, committed 11072K, reserved 1048576K
}

Dll operation events (3 events):
Event: 0.010 Loaded shared library C:\Program Files\Android\Android Studio1\jbr\bin\java.dll
Event: 0.015 Loaded shared library C:\Program Files\Android\Android Studio1\jbr\bin\zip.dll
Event: 0.374 Loaded shared library C:\Program Files\Android\Android Studio1\jbr\bin\verify.dll

Deoptimization events (20 events):
Event: 6.920 Thread 0x000001780c68c120 Uncommon trap: reason=class_check action=maybe_recompile pc=0x000001787760a998 method=java.util.concurrent.ConcurrentHashMap.get(Ljava/lang/Object;)Ljava/lang/Object; @ 93 c2
Event: 6.920 Thread 0x000001780c68c120 DEOPT PACKING pc=0x000001787760a998 sp=0x00000057bdbfe210
Event: 6.920 Thread 0x000001780c68ad70 DEOPT UNPACKING pc=0x0000017876e446a2 sp=0x00000057be3fdb10 mode 2
Event: 6.920 Thread 0x000001780c68e880 Uncommon trap: reason=unstable_if action=reinterpret pc=0x00000178774f8f14 method=java.util.concurrent.ConcurrentHashMap.transfer([Ljava/util/concurrent/ConcurrentHashMap$Node;[Ljava/util/concurrent/ConcurrentHashMap$Node;)V @ 347 c2
Event: 6.920 Thread 0x000001780c68d4d0 DEOPT UNPACKING pc=0x0000017876e446a2 sp=0x00000057be0fdb90 mode 2
Event: 6.920 Thread 0x000001780c68a6e0 Uncommon trap: reason=class_check action=maybe_recompile pc=0x000001787760a998 method=java.util.concurrent.ConcurrentHashMap.get(Ljava/lang/Object;)Ljava/lang/Object; @ 93 c2
Event: 6.920 Thread 0x000001780c68c120 DEOPT UNPACKING pc=0x0000017876e446a2 sp=0x00000057bdbfe178 mode 2
Event: 6.920 Thread 0x000001780c68e880 DEOPT PACKING pc=0x00000178774f8f14 sp=0x00000057be4fe0d0
Event: 6.920 Thread 0x000001780c68a6e0 DEOPT PACKING pc=0x000001787760a998 sp=0x00000057bdcfdad0
Event: 6.920 Thread 0x000001780c6899c0 Uncommon trap: reason=unstable_if action=reinterpret pc=0x000001787767be4c method=java.util.concurrent.ConcurrentHashMap.addCount(JI)V @ 171 c2
Event: 6.920 Thread 0x000001780c6899c0 DEOPT PACKING pc=0x000001787767be4c sp=0x00000057bdffddd0
Event: 6.920 Thread 0x000001780c68a6e0 DEOPT UNPACKING pc=0x0000017876e446a2 sp=0x00000057bdcfda38 mode 2
Event: 6.920 Thread 0x000001780c68e880 DEOPT UNPACKING pc=0x0000017876e446a2 sp=0x00000057be4fe060 mode 2
Event: 6.920 Thread 0x000001780c68b400 Uncommon trap: reason=unstable_if action=reinterpret pc=0x000001787767be4c method=java.util.concurrent.ConcurrentHashMap.addCount(JI)V @ 171 c2
Event: 6.920 Thread 0x000001780c6899c0 DEOPT UNPACKING pc=0x0000017876e446a2 sp=0x00000057bdffdd10 mode 2
Event: 6.920 Thread 0x000001780c68ef10 Uncommon trap: reason=class_check action=maybe_recompile pc=0x000001787760a998 method=java.util.concurrent.ConcurrentHashMap.get(Ljava/lang/Object;)Ljava/lang/Object; @ 93 c2
Event: 6.920 Thread 0x000001780c68ef10 DEOPT PACKING pc=0x000001787760a998 sp=0x00000057be5fdf00
Event: 6.920 Thread 0x000001780c68b400 DEOPT PACKING pc=0x000001787767be4c sp=0x00000057bddfe260
Event: 6.920 Thread 0x000001780c68db60 Uncommon trap: reason=unstable_if action=reinterpret pc=0x000001787767be4c method=java.util.concurrent.ConcurrentHashMap.addCount(JI)V @ 171 c2
Event: 6.920 Thread 0x000001780c68e1f0 Uncommon trap: reason=unstable_if action=reinterpret pc=0x000001787767be4c method=java.util.concurrent.ConcurrentHashMap.addCount(JI)V @ 171 c2

Classes loaded (20 events):
Event: 6.154 Loading class sun/util/logging/PlatformLogger$ConfigurableBridge$LoggerConfiguration done
Event: 6.154 Loading class sun/util/logging/internal/LoggingProviderImpl$JULWrapper done
Event: 6.154 Loading class java/io/ObjectInputFilter$Config$BuiltinFilterFactory
Event: 6.154 Loading class java/io/ObjectInputFilter$Config$BuiltinFilterFactory done
Event: 6.154 Loading class jdk/internal/access/JavaObjectInputFilterAccess
Event: 6.154 Loading class jdk/internal/access/JavaObjectInputFilterAccess done
Event: 6.154 Loading class java/lang/System$Logger$Level
Event: 6.154 Loading class java/lang/System$Logger$Level done
Event: 6.155 Loading class jdk/internal/event/DeserializationEvent
Event: 6.155 Loading class jdk/internal/event/DeserializationEvent done
Event: 6.155 Loading class java/io/ObjectInputStream$FieldValues
Event: 6.155 Loading class java/io/ObjectInputStream$GetField
Event: 6.155 Loading class java/io/ObjectInputStream$GetField done
Event: 6.155 Loading class java/io/ObjectInputStream$FieldValues done
Event: 6.475 Loading class java/util/Collections$ReverseComparator
Event: 6.475 Loading class java/util/Collections$ReverseComparator done
Event: 6.475 Loading class java/util/Collections$ReverseComparator2
Event: 6.475 Loading class java/util/Collections$ReverseComparator2 done
Event: 6.771 Loading class java/lang/foreign/MemorySegment
Event: 6.772 Loading class java/lang/foreign/MemorySegment done

Classes unloaded (0 events):
No events

Classes redefined (0 events):
No events

Internal exceptions (20 events):
Event: 5.851 Thread 0x000001780a00dc60 Exception <a 'java/lang/ClassNotFoundException'{0x00000000c408df30}: org/gradle/internal/serialize/codecs/core/ClosureCodec$BrokenScriptCustomizer> (0x00000000c408df30) 
thrown [s\src\hotspot\share\classfile\systemDictionary.cpp, line 312]
Event: 5.852 Thread 0x000001780a00dc60 Exception <a 'java/lang/ClassNotFoundException'{0x00000000c40a7fa8}: org/gradle/api/invocation/GradleBeanInfo> (0x00000000c40a7fa8) 
thrown [s\src\hotspot\share\classfile\systemDictionary.cpp, line 312]
Event: 5.852 Thread 0x000001780a00dc60 Exception <a 'java/lang/ClassNotFoundException'{0x00000000c40b3fb8}: org/gradle/api/invocation/GradleCustomizer> (0x00000000c40b3fb8) 
thrown [s\src\hotspot\share\classfile\systemDictionary.cpp, line 312]
Event: 5.854 Thread 0x000001780a00dc60 Exception <a 'java/lang/NoSuchMethodError'{0x00000000c40d69f0}: 'void java.lang.invoke.Invokers$Holder.invokeExact_MT(java.lang.Object, java.lang.Object, int, java.lang.Object)'> (0x00000000c40d69f0) 
thrown [s\src\hotspot\share\interpreter\linkResolver.cpp, line 784]
Event: 5.858 Thread 0x000001780a00dc60 Exception <a 'java/lang/NoSuchMethodError'{0x00000000c3f08690}: 'void java.lang.invoke.Invokers$Holder.invokeExact_MT(java.lang.Object, java.lang.Object, long, java.lang.Object)'> (0x00000000c3f08690) 
thrown [s\src\hotspot\share\interpreter\linkResolver.cpp, line 784]
Event: 5.970 Thread 0x0000017807078bd0 Implicit null exception at 0x00000178776aac2f to 0x00000178776ab014
Event: 5.972 Thread 0x000001780a00dc60 Exception <a 'java/lang/NoSuchMethodError'{0x00000000c7516a98}: 'long java.lang.invoke.DirectMethodHandle$Holder.invokeStatic(java.lang.Object, long)'> (0x00000000c7516a98) 
thrown [s\src\hotspot\share\interpreter\linkResolver.cpp, line 784]
Event: 6.006 Thread 0x000001780a00dc60 Implicit null exception at 0x000001787761f8c3 to 0x000001787761fc00
Event: 6.027 Thread 0x000001780a00dc60 Exception <a 'java/lang/NoSuchMethodError'{0x00000000c4f9e5f0}: 'java.lang.Object java.lang.invoke.DirectMethodHandle$Holder.invokeVirtual(java.lang.Object, java.lang.Object, java.lang.Object, java.lang.Object, java.lang.Object, java.lang.Object, java.lang.Object, java.lang.Object, java.lang.Object, java.lang.Object, java.lang.Object, java.lang.Object, java.lang.Object, java.lang.Object, java.lang.Object, java.lang.Object, java.lang.Object)'> (0x00000000c4f9e5f0) 
thrown [s\src\hotspot\share\interpreter\li
Event: 6.027 Thread 0x000001780a00dc60 Exception <a 'java/lang/NoSuchMethodError'{0x00000000c4fa44c0}: 'java.lang.Object java.lang.invoke.DirectMethodHandle$Holder.invokeSpecial(java.lang.Object, java.lang.Object, java.lang.Object, java.lang.Object, java.lang.Object, java.lang.Object, java.lang.Object, java.lang.Object, java.lang.Object, java.lang.Object, java.lang.Object, java.lang.Object, java.lang.Object, java.lang.Object, java.lang.Object, java.lang.Object, java.lang.Object, java.lang.Object)'> (0x00000000c4fa44c0) 
thrown [s\src\hotspot\sh
Event: 6.027 Thread 0x000001780a00dc60 Exception <a 'java/lang/NoSuchMethodError'{0x00000000c4fa9a18}: 'java.lang.Object java.lang.invoke.DelegatingMethodHandle$Holder.reinvoke_L(java.lang.Object, java.lang.Object, java.lang.Object, java.lang.Object, java.lang.Object, java.lang.Object, java.lang.Object, java.lang.Object, java.lang.Object, java.lang.Object, java.lang.Object, java.lang.Object, java.lang.Object, java.lang.Object, java.lang.Object, java.lang.Object, java.lang.Object)'> (0x00000000c4fa9a18) 
thrown [s\src\hotspot\share\interpreter\l
Event: 6.142 Thread 0x000001780a00dc60 Exception <a 'java/lang/NoSuchMethodError'{0x00000000c462a568}: static Lorg/gradle/api/internal/catalog/DefaultVersionCatalog;.<clinit>()V> (0x00000000c462a568) 
thrown [s\src\hotspot\share\prims\jni.cpp, line 1144]
Event: 6.144 Thread 0x000001780a00dc60 Exception <a 'java/lang/NoSuchMethodError'{0x00000000c4661f38}: static [Ljava/lang/Object;.<clinit>()V> (0x00000000c4661f38) 
thrown [s\src\hotspot\share\prims\jni.cpp, line 1144]
Event: 6.145 Thread 0x000001780a00dc60 Exception <a 'java/lang/NoSuchMethodError'{0x00000000c4689678}: static Lorg/gradle/api/internal/catalog/DependencyModel;.<clinit>()V> (0x00000000c4689678) 
thrown [s\src\hotspot\share\prims\jni.cpp, line 1144]
Event: 6.145 Thread 0x000001780a00dc60 Exception <a 'java/lang/NoSuchMethodError'{0x00000000c468d4d0}: static Lorg/gradle/api/internal/catalog/AbstractContextAwareModel;.<clinit>()V> (0x00000000c468d4d0) 
thrown [s\src\hotspot\share\prims\jni.cpp, line 1144]
Event: 6.146 Thread 0x000001780a00dc60 Exception <a 'java/lang/NoSuchMethodError'{0x00000000c46a6fe0}: static Lorg/gradle/api/internal/artifacts/dependencies/AbstractVersionConstraint;.<clinit>()V> (0x00000000c46a6fe0) 
thrown [s\src\hotspot\share\prims\jni.cpp, line 1144]
Event: 6.149 Thread 0x000001780a00dc60 Exception <a 'java/lang/NoSuchMethodError'{0x00000000c45080c8}: static Lorg/gradle/api/internal/catalog/PluginModel;.<clinit>()V> (0x00000000c45080c8) 
thrown [s\src\hotspot\share\prims\jni.cpp, line 1144]
Event: 6.149 Thread 0x000001780a00dc60 Exception <a 'java/lang/NoSuchMethodError'{0x00000000c451ff40}: static Lorg/gradle/api/internal/catalog/VersionModel;.<clinit>()V> (0x00000000c451ff40) 
thrown [s\src\hotspot\share\prims\jni.cpp, line 1144]
Event: 6.220 Thread 0x000001780a00dc60 Exception <a 'java/lang/NoSuchMethodError'{0x00000000c41162e8}: 'int java.lang.invoke.DirectMethodHandle$Holder.invokeSpecialIFC(java.lang.Object, java.lang.Object, java.lang.Object)'> (0x00000000c41162e8) 
thrown [s\src\hotspot\share\interpreter\linkResolver.cpp, line 784]
Event: 6.257 Thread 0x000001780a00dc60 Exception <a 'java/lang/NoSuchMethodError'{0x00000000c3e7e2e0}: 'void java.lang.invoke.DirectMethodHandle$Holder.invokeStatic(java.lang.Object, java.lang.Object, java.lang.Object, int, java.lang.Object)'> (0x00000000c3e7e2e0) 
thrown [s\src\hotspot\share\interpreter\linkResolver.cpp, line 784]

ZGC Phase Switch (0 events):
No events

VM Operations (20 events):
Event: 6.265 Executing VM operation: HandshakeAllThreads (Deoptimize)
Event: 6.266 Executing VM operation: HandshakeAllThreads (Deoptimize) done
Event: 6.322 Executing VM operation: ICBufferFull
Event: 6.322 Executing VM operation: ICBufferFull done
Event: 6.422 Executing VM operation: G1CollectForAllocation (G1 Evacuation Pause)
Event: 6.427 Executing VM operation: G1CollectForAllocation (G1 Evacuation Pause) done
Event: 6.498 Executing VM operation: HandshakeAllThreads (Deoptimize)
Event: 6.498 Executing VM operation: HandshakeAllThreads (Deoptimize) done
Event: 6.587 Executing VM operation: ICBufferFull
Event: 6.587 Executing VM operation: ICBufferFull done
Event: 6.645 Executing VM operation: G1CollectForAllocation (G1 Evacuation Pause)
Event: 6.650 Executing VM operation: G1CollectForAllocation (G1 Evacuation Pause) done
Event: 6.671 Executing VM operation: G1PauseRemark
Event: 6.674 Executing VM operation: G1PauseRemark done
Event: 6.683 Executing VM operation: G1PauseCleanup
Event: 6.683 Executing VM operation: G1PauseCleanup done
Event: 6.727 Executing VM operation: G1CollectForAllocation (G1 Evacuation Pause)
Event: 6.730 Executing VM operation: G1CollectForAllocation (G1 Evacuation Pause) done
Event: 6.797 Executing VM operation: G1CollectForAllocation (G1 Evacuation Pause)
Event: 6.800 Executing VM operation: G1CollectForAllocation (G1 Evacuation Pause) done

Memory protections (0 events):
No events

Nmethod flushes (20 events):
Event: 6.673 Thread 0x000001787fea67c0 flushing  nmethod 0x00000178700e2d10
Event: 6.673 Thread 0x000001787fea67c0 flushing  nmethod 0x00000178700e5190
Event: 6.673 Thread 0x000001787fea67c0 flushing  nmethod 0x0000017870255610
Event: 6.673 Thread 0x000001787fea67c0 flushing  nmethod 0x00000178773cdb90
Event: 6.673 Thread 0x000001787fea67c0 flushing  nmethod 0x0000017877401d90
Event: 6.673 Thread 0x000001787fea67c0 flushing  nmethod 0x0000017877403210
Event: 6.673 Thread 0x000001787fea67c0 flushing  nmethod 0x000001786f931f90
Event: 6.673 Thread 0x000001787fea67c0 flushing  nmethod 0x000001786f933a10
Event: 6.673 Thread 0x000001787fea67c0 flushing  nmethod 0x000001786f98b810
Event: 6.673 Thread 0x000001787fea67c0 flushing  nmethod 0x000001786f991b90
Event: 6.673 Thread 0x000001787fea67c0 flushing  nmethod 0x000001786fa66a90
Event: 6.673 Thread 0x000001787fea67c0 flushing  nmethod 0x000001786faebe90
Event: 6.673 Thread 0x000001787fea67c0 flushing  nmethod 0x000001786fbadf90
Event: 6.673 Thread 0x000001787fea67c0 flushing  nmethod 0x000001786fbd9790
Event: 6.673 Thread 0x000001787fea67c0 flushing  nmethod 0x000001786fbda490
Event: 6.673 Thread 0x000001787fea67c0 flushing  nmethod 0x000001786fc78310
Event: 6.673 Thread 0x000001787fea67c0 flushing  nmethod 0x000001786fe28890
Event: 6.673 Thread 0x000001787fea67c0 flushing  nmethod 0x000001786fe8b690
Event: 6.673 Thread 0x000001787fea67c0 flushing  nmethod 0x000001786fe8e510
Event: 6.673 Thread 0x000001787fea67c0 flushing  nmethod 0x000001787014d190

Events (20 events):
Event: 6.597 Thread 0x000001780a00dc60 Thread added: 0x000001780baaf5e0
Event: 6.598 Thread 0x000001780a00dc60 Thread added: 0x000001780baae230
Event: 6.600 Thread 0x000001780a00dc60 Thread added: 0x000001780bab1d40
Event: 6.601 Thread 0x000001780a00dc60 Thread added: 0x000001780baafc70
Event: 6.603 Thread 0x000001780a00dc60 Thread added: 0x000001780c689330
Event: 6.604 Thread 0x000001780a00dc60 Thread added: 0x000001780c688ca0
Event: 6.605 Thread 0x000001780a00dc60 Thread added: 0x000001780c68ba90
Event: 6.606 Thread 0x000001780a00dc60 Thread added: 0x000001780c68a050
Event: 6.608 Thread 0x000001780a00dc60 Thread added: 0x000001780c68c7b0
Event: 6.765 Thread 0x000001780a00dc60 Thread added: 0x000001780c68c120
Event: 6.765 Thread 0x000001780a00dc60 Thread added: 0x000001780c68a6e0
Event: 6.765 Thread 0x000001780a00dc60 Thread added: 0x000001780c68b400
Event: 6.766 Thread 0x000001780a00dc60 Thread added: 0x000001780c68ce40
Event: 6.766 Thread 0x000001780a00dc60 Thread added: 0x000001780c6899c0
Event: 6.766 Thread 0x000001780a00dc60 Thread added: 0x000001780c68d4d0
Event: 6.766 Thread 0x000001780a00dc60 Thread added: 0x000001780c68db60
Event: 6.766 Thread 0x000001780a00dc60 Thread added: 0x000001780c68e1f0
Event: 6.767 Thread 0x000001780a00dc60 Thread added: 0x000001780c68ad70
Event: 6.767 Thread 0x000001780a00dc60 Thread added: 0x000001780c68e880
Event: 6.767 Thread 0x000001780a00dc60 Thread added: 0x000001780c68ef10


Dynamic libraries:
0x00007ff64d150000 - 0x00007ff64d15a000 	C:\Program Files\Android\Android Studio1\jbr\bin\java.exe
0x00007ffd58e20000 - 0x00007ffd59087000 	C:\WINDOWS\SYSTEM32\ntdll.dll
0x00007ffd578d0000 - 0x00007ffd57999000 	C:\WINDOWS\System32\KERNEL32.DLL
0x00007ffd55b40000 - 0x00007ffd55f37000 	C:\WINDOWS\System32\KERNELBASE.dll
0x00007ffd569a0000 - 0x00007ffd56aeb000 	C:\WINDOWS\System32\ucrtbase.dll
0x00007ffd42010000 - 0x00007ffd42028000 	C:\Program Files\Android\Android Studio1\jbr\bin\jli.dll
0x00007ffd56d70000 - 0x00007ffd56f36000 	C:\WINDOWS\System32\USER32.dll
0x00007ffd55f40000 - 0x00007ffd55f67000 	C:\WINDOWS\System32\win32u.dll
0x00007ffd57810000 - 0x00007ffd5783b000 	C:\WINDOWS\System32\GDI32.dll
0x00007ffd56870000 - 0x00007ffd5699c000 	C:\WINDOWS\System32\gdi32full.dll
0x00007ffd56af0000 - 0x00007ffd56b93000 	C:\WINDOWS\System32\msvcp_win.dll
0x00007ffcb64a0000 - 0x00007ffcb64bb000 	C:\Program Files\Android\Android Studio1\jbr\bin\VCRUNTIME140.dll
0x00007ffd3ab10000 - 0x00007ffd3ada2000 	C:\WINDOWS\WinSxS\amd64_microsoft.windows.common-controls_6595b64144ccf1df_6.0.26100.8457_none_3e0b2faee331e92d\COMCTL32.dll
0x00007ffd58d30000 - 0x00007ffd58dd9000 	C:\WINDOWS\System32\msvcrt.dll
0x00007ffd582c0000 - 0x00007ffd582f2000 	C:\WINDOWS\System32\IMM32.DLL
0x00007ffd366e0000 - 0x00007ffd3683e000 	C:\Program Files (x86)\Citrix\ICA Client\ctxapclient64.dll
0x00007ffd57c40000 - 0x00007ffd57fc3000 	C:\WINDOWS\System32\combase.dll
0x00007ffd58b10000 - 0x00007ffd58c28000 	C:\WINDOWS\System32\RPCRT4.dll
0x00007ffd4e7f0000 - 0x00007ffd4e7fb000 	C:\WINDOWS\SYSTEM32\VERSION.dll
0x00007ffd55740000 - 0x00007ffd5576a000 	C:\WINDOWS\SYSTEM32\bcrypt.dll
0x00007ffd579a0000 - 0x00007ffd57a47000 	C:\WINDOWS\System32\sechost.dll
0x00007ffd56f40000 - 0x00007ffd56ff6000 	C:\WINDOWS\System32\ADVAPI32.dll
0x00007ffd54700000 - 0x00007ffd54736000 	C:\WINDOWS\SYSTEM32\ntmarta.dll
0x00007ffd55850000 - 0x00007ffd558f8000 	C:\WINDOWS\System32\bcryptprimitives.dll
0x00007ffcb6490000 - 0x00007ffcb649c000 	C:\Program Files\Android\Android Studio1\jbr\bin\vcruntime140_1.dll
0x00007ffcb9750000 - 0x00007ffcb97dd000 	C:\Program Files\Android\Android Studio1\jbr\bin\msvcp140.dll
0x00007ffcb64c0000 - 0x00007ffcb7156000 	C:\Program Files\Android\Android Studio1\jbr\bin\server\jvm.dll
0x00007ffd57bb0000 - 0x00007ffd57c30000 	C:\WINDOWS\System32\WS2_32.dll
0x00007ffd556d0000 - 0x00007ffd5572e000 	C:\WINDOWS\SYSTEM32\POWRPROF.dll
0x00007ffd4d900000 - 0x00007ffd4d936000 	C:\WINDOWS\SYSTEM32\WINMM.dll
0x00007ffd556b0000 - 0x00007ffd556c4000 	C:\WINDOWS\SYSTEM32\UMPDC.dll
0x00007ffd545c0000 - 0x00007ffd545db000 	C:\WINDOWS\SYSTEM32\kernel.appcore.dll
0x00007ffcb6480000 - 0x00007ffcb648a000 	C:\Program Files\Android\Android Studio1\jbr\bin\jimage.dll
0x00007ffd48fa0000 - 0x00007ffd491e2000 	C:\WINDOWS\SYSTEM32\DBGHELP.DLL
0x00007ffd56c90000 - 0x00007ffd56d69000 	C:\WINDOWS\System32\OLEAUT32.dll
0x00007ffd38f00000 - 0x00007ffd38f3b000 	C:\WINDOWS\SYSTEM32\dbgcore.DLL
0x00007ffd47e30000 - 0x00007ffd47e3e000 	C:\Program Files\Android\Android Studio1\jbr\bin\instrument.dll
0x00007ffcb6460000 - 0x00007ffcb6480000 	C:\Program Files\Android\Android Studio1\jbr\bin\java.dll
0x00007ffcb6440000 - 0x00007ffcb6458000 	C:\Program Files\Android\Android Studio1\jbr\bin\zip.dll
0x0000017807400000 - 0x0000017807b6e000 	C:\WINDOWS\System32\SHELL32.dll
0x0000017807b80000 - 0x00000178083ec000 	C:\WINDOWS\System32\windows.storage.dll
0x00007ffd58c30000 - 0x00007ffd58d26000 	C:\WINDOWS\System32\SHCORE.dll
0x00007ffd577a0000 - 0x00007ffd57806000 	C:\WINDOWS\System32\shlwapi.dll
0x00007ffd55770000 - 0x00007ffd55799000 	C:\WINDOWS\SYSTEM32\profapi.dll
0x00007ffcb6410000 - 0x00007ffcb6420000 	C:\Program Files\Android\Android Studio1\jbr\bin\net.dll
0x00007ffd4dfd0000 - 0x00007ffd4e0f9000 	C:\WINDOWS\SYSTEM32\WINHTTP.dll
0x00007ffd54b50000 - 0x00007ffd54bbc000 	C:\WINDOWS\system32\mswsock.dll
0x00007ffcb63f0000 - 0x00007ffcb6406000 	C:\Program Files\Android\Android Studio1\jbr\bin\nio.dll
0x00007ffce6cc0000 - 0x00007ffce6cd0000 	C:\Program Files\Android\Android Studio1\jbr\bin\verify.dll
0x00007ffd28170000 - 0x00007ffd28197000 	C:\Users\HP\.gradle\native\1def1411415f61bf3af743bc5b6707747c0891f09f0c88961ee8f79bc544acac\windows-amd64\native-platform.dll
0x00007ffd177a0000 - 0x00007ffd17818000 	C:\Users\HP\.gradle\native\0.2.7\x86_64-windows-gnu\gradle-fileevents.dll
0x00007ffcb6420000 - 0x00007ffcb6429000 	C:\Program Files\Android\Android Studio1\jbr\bin\management.dll
0x00007ffcb5ae0000 - 0x00007ffcb5aeb000 	C:\Program Files\Android\Android Studio1\jbr\bin\management_ext.dll
0x00007ffd57fd0000 - 0x00007ffd57fd8000 	C:\WINDOWS\System32\PSAPI.DLL
0x00007ffd53fa0000 - 0x00007ffd53fd2000 	C:\WINDOWS\SYSTEM32\IPHLPAPI.DLL
0x00007ffd56ba0000 - 0x00007ffd56baa000 	C:\WINDOWS\System32\NSI.dll
0x00007ffcb6430000 - 0x00007ffcb6439000 	C:\Program Files\Android\Android Studio1\jbr\bin\extnet.dll
0x00007ffd54e30000 - 0x00007ffd54e4b000 	C:\WINDOWS\SYSTEM32\CRYPTSP.dll
0x00007ffd54520000 - 0x00007ffd54559000 	C:\WINDOWS\system32\rsaenh.dll
0x00007ffd54c00000 - 0x00007ffd54c33000 	C:\WINDOWS\SYSTEM32\USERENV.dll
0x00007ffd54e50000 - 0x00007ffd54e5c000 	C:\WINDOWS\SYSTEM32\CRYPTBASE.dll
0x00007ffd27420000 - 0x00007ffd27428000 	C:\WINDOWS\system32\wshunix.dll

JVMTI agents:
C:\Users\HP\.gradle\wrapper\dists\gradle-8.13-bin\5xuhj0ry160q40clulazy9h7d\gradle-8.13\lib\agents\gradle-instrumentation-agent-8.13.jar path:C:\Program Files\Android\Android Studio1\jbr\bin\instrument.dll, loaded, initialized, instrumentlib options:none

dbghelp: loaded successfully - version: 4.0.5 - missing functions: none
symbol engine: initialized successfully - sym options: 0x614 - pdb path: .;C:\Program Files\Android\Android Studio1\jbr\bin;C:\WINDOWS\SYSTEM32;C:\WINDOWS\WinSxS\amd64_microsoft.windows.common-controls_6595b64144ccf1df_6.0.26100.8457_none_3e0b2faee331e92d;C:\Program Files (x86)\Citrix\ICA Client;C:\Program Files\Android\Android Studio1\jbr\bin\server;C:\Users\HP\.gradle\native\1def1411415f61bf3af743bc5b6707747c0891f09f0c88961ee8f79bc544acac\windows-amd64;C:\Users\HP\.gradle\native\0.2.7\x86_64-windows-gnu

VM Arguments:
jvm_args: --add-opens=java.base/java.lang=ALL-UNNAMED --add-opens=java.base/java.lang.invoke=ALL-UNNAMED --add-opens=java.base/java.util=ALL-UNNAMED --add-opens=java.prefs/java.util.prefs=ALL-UNNAMED --add-exports=jdk.compiler/com.sun.tools.javac.api=ALL-UNNAMED --add-exports=jdk.compiler/com.sun.tools.javac.util=ALL-UNNAMED --add-opens=java.base/java.util=ALL-UNNAMED --add-opens=java.prefs/java.util.prefs=ALL-UNNAMED --add-opens=java.base/java.nio.charset=ALL-UNNAMED --add-opens=java.base/java.net=ALL-UNNAMED --add-opens=java.base/java.util.concurrent.atomic=ALL-UNNAMED --add-opens=java.xml/javax.xml.namespace=ALL-UNNAMED -Xmx1024m -Dfile.encoding=UTF-8 -Duser.country=IN -Duser.language=en -Duser.variant -javaagent:C:\Users\HP\.gradle\wrapper\dists\gradle-8.13-bin\5xuhj0ry160q40clulazy9h7d\gradle-8.13\lib\agents\gradle-instrumentation-agent-8.13.jar 
java_command: org.gradle.launcher.daemon.bootstrap.GradleDaemon 8.13
java_class_path (initial): C:\Users\HP\.gradle\wrapper\dists\gradle-8.13-bin\5xuhj0ry160q40clulazy9h7d\gradle-8.13\lib\gradle-daemon-main-8.13.jar
Launcher Type: SUN_STANDARD

[Global flags]
     intx CICompilerCount                          = 4                                         {product} {ergonomic}
     uint ConcGCThreads                            = 3                                         {product} {ergonomic}
     uint G1ConcRefinementThreads                  = 10                                        {product} {ergonomic}
   size_t G1HeapRegionSize                         = 1048576                                   {product} {ergonomic}
    uintx GCDrainStackTargetSize                   = 64                                        {product} {ergonomic}
   size_t InitialHeapSize                          = 123731968                                 {product} {ergonomic}
   size_t MarkStackSize                            = 4194304                                   {product} {ergonomic}
   size_t MaxHeapSize                              = 1073741824                                {product} {command line}
   size_t MaxNewSize                               = 643825664                                 {product} {ergonomic}
   size_t MinHeapDeltaBytes                        = 1048576                                   {product} {ergonomic}
   size_t MinHeapSize                              = 8388608                                   {product} {ergonomic}
    uintx NonNMethodCodeHeapSize                   = 5839372                                {pd product} {ergonomic}
    uintx NonProfiledCodeHeapSize                  = 122909434                              {pd product} {ergonomic}
    uintx ProfiledCodeHeapSize                     = 122909434                              {pd product} {ergonomic}
    uintx ReservedCodeCacheSize                    = 251658240                              {pd product} {ergonomic}
     bool SegmentedCodeCache                       = true                                      {product} {ergonomic}
   size_t SoftMaxHeapSize                          = 1073741824                             {manageable} {ergonomic}
     bool UseCompressedOops                        = true                           {product lp64_product} {ergonomic}
     bool UseG1GC                                  = true                                      {product} {ergonomic}
     bool UseLargePagesIndividualAllocation        = false                                  {pd product} {ergonomic}

Logging:
Log output configuration:
 #0: stdout all=warning uptime,level,tags foldmultilines=false
 #1: stderr all=off uptime,level,tags foldmultilines=false

Environment Variables:
PATH=C:\Program Files\Common Files\Oracle\Java\javapath;C:\WINDOWS\system32;C:\WINDOWS;C:\WINDOWS\System32\Wbem;C:\WINDOWS\System32\WindowsPowerShell\v1.0\;C:\WINDOWS\System32\OpenSSH\;C:\Program Files\Git\cmd;c:\Users\HP\AppData\Local\Programs\cursor\resources\app\bin;C:\Program Files (x86)\Microsoft SQL Server\170\Tools\Binn\;C:\Program Files\Microsoft SQL Server\170\Tools\Binn\;C:\Program Files\Microsoft SQL Server\Client SDK\ODBC\180\Tools\Binn\;C:\Program Files\Microsoft SQL Server\170\DTS\Binn\;C:\Program Files\nodejs\;C:\Users\HP\AppData\Local\Programs\Python\Python311\Scripts\;C:\Users\HP\AppData\Local\Programs\Python\Python311\;C:\Users\HP\AppData\Local\Programs\Python\Python313\Scripts\;C:\Users\HP\AppData\Local\Programs\Python\Python313\;C:\Users\HP\AppData\Local\Programs\Python\Launcher\;C:\Users\HP\AppData\Local\Microsoft\WindowsApps;C:\Users\HP\AppData\Local\Programs\Microsoft VS Code\bin;C:\Users\HP\AppData\Local\Microsoft\WinGet\Packages\Gyan.FFmpeg_Microsoft.Winget.Source_8wekyb3d8bbwe\ffmpeg-8.0.1-full_build\bin;C:\Users\HP\AppData\Local\PowerToys\DSCModules\;C:\Users\HP\AppData\Roaming\npm;C:\Users\HP\AppData\Local\Programs\Antigravity IDE\bin
USERNAME=HP
OS=Windows_NT
PROCESSOR_IDENTIFIER=AMD64 Family 25 Model 80 Stepping 0, AuthenticAMD
TMP=C:\Users\HP\AppData\Local\Temp
TEMP=C:\Users\HP\AppData\Local\Temp




Periodic native trim disabled

JNI global refs:
JNI global refs: 29, weak refs: 6

JNI global refs memory usage: 835, weak refs: 833

Process memory usage:
Resident Set Size: 342752K (4% of 7702244K total physical memory with 287140K free physical memory)

OOME stack traces (most recent first):
Classloader memory used:
Loader org.gradle.internal.classloader.VisitableURLClassLoader                         : 37135K
Loader bootstrap                                                                       : 23546K
Loader org.gradle.initialization.MixInLegacyTypesClassLoader                           : 10986K
Loader jdk.internal.loader.ClassLoaders$PlatformClassLoader                            : 520K
Loader jdk.internal.loader.ClassLoaders$AppClassLoader                                 : 235K
Loader org.gradle.internal.classloader.VisitableURLClassLoader                         : 213K
Loader jdk.internal.reflect.DelegatingClassLoader                                      : 114K
Loader org.gradle.groovy.scripts.internal.DefaultScriptCompilationHandler$ScriptClassLoader: 101168B
Loader org.gradle.internal.classloader.VisitableURLClassLoader$InstrumentingVisitableURLClassLoader: 18408B
Loader org.codehaus.groovy.runtime.callsite.CallSiteClassLoader                        : 10160B

Classes loaded by more than one classloader:
Class Program                                                                         : loaded 3 times (x 72B)
Class org.gradle.internal.classloader.ClassLoaderHierarchy                            : loaded 2 times (x 70B)
Class org.gradle.api.internal.classpath.ManifestUtil                                  : loaded 2 times (x 71B)
Class org.gradle.internal.classloader.DefaultClassLoaderFactory                       : loaded 2 times (x 82B)
Class org.gradle.internal.classloader.ClassLoaderVisitor                              : loaded 2 times (x 76B)
Class org.gradle.api.internal.classpath.EffectiveClassPath                            : loaded 2 times (x 90B)
Class ijKotlinCoroutineJvmDebugInit1_buww37xxpwyrlogzp1suct069$_run_closure1          : loaded 2 times (x 139B)
Class org.gradle.api.internal.DefaultClassPathProvider                                : loaded 2 times (x 76B)
Class [Lorg.gradle.api.internal.ClassPathProvider;                                    : loaded 2 times (x 69B)
Class org.gradle.api.internal.ClassPathProvider                                       : loaded 2 times (x 70B)
Class org.gradle.internal.service.UnknownServiceException                             : loaded 2 times (x 83B)
Class org.gradle.internal.classpath.TransformedClassPath                              : loaded 2 times (x 96B)
Class org.gradle.internal.classloader.InstrumentingClassLoader                        : loaded 2 times (x 70B)
Class org.gradle.internal.service.ServiceLocator                                      : loaded 2 times (x 70B)
Class org.gradle.internal.InternalTransformer                                         : loaded 2 times (x 70B)
Class org.gradle.internal.classloader.ClasspathUtil$1                                 : loaded 2 times (x 76B)
Class org.gradle.api.internal.classpath.DefaultModuleRegistry$DefaultModule           : loaded 2 times (x 86B)
Class org.gradle.api.internal.classpath.Module                                        : loaded 2 times (x 70B)
Class org.gradle.api.internal.classpath.UnknownModuleException                        : loaded 2 times (x 82B)
Class org.gradle.api.internal.DefaultClassPathRegistry                                : loaded 2 times (x 76B)
Class org.gradle.api.internal.ClassPathRegistry                                       : loaded 2 times (x 70B)
Class org.gradle.internal.classpath.DefaultClassPath$ImmutableUniqueList              : loaded 2 times (x 199B)
Class org.gradle.internal.classloader.FilteringClassLoader                            : loaded 2 times (x 105B)
Class Settings_gradle$1                                                               : loaded 2 times (x 74B)
Class org.gradle.internal.classpath.ClassPath                                         : loaded 2 times (x 70B)
Class org.gradle.api.UncheckedIOException                                             : loaded 2 times (x 82B)
Class org.gradle.internal.installation.GradleInstallation$1                           : loaded 2 times (x 75B)
Class org.gradle.api.internal.classpath.ModuleRegistry                                : loaded 2 times (x 70B)
Class org.gradle.api.internal.classpath.DefaultModuleRegistry                         : loaded 2 times (x 86B)
Class org.gradle.internal.service.ServiceLookupException                              : loaded 2 times (x 82B)
Class org.gradle.internal.classloader.ClassLoaderFactory                              : loaded 2 times (x 70B)
Class org.gradle.internal.service.CachingServiceLocator                               : loaded 2 times (x 82B)
Class org.gradle.internal.classloader.ClasspathUtil                                   : loaded 2 times (x 71B)
Class org.gradle.api.specs.Spec                                                       : loaded 2 times (x 70B)
Class ijKotlinCoroutineJvmDebugInit1_buww37xxpwyrlogzp1suct069                        : loaded 2 times (x 179B)
Class ijJvmDebugger1_cczc8vxz7m3kxxnoaqupzk0hw                                        : loaded 2 times (x 179B)
Class org.gradle.internal.classloader.VisitableURLClassLoader$InstrumentingVisitableURLClassLoader: loaded 2 times (x 123B)
Class org.gradle.internal.classloader.VisitableURLClassLoader$Spec                    : loaded 2 times (x 74B)
Class org.gradle.internal.classpath.DefaultClassPath                                  : loaded 2 times (x 90B)
Class org.gradle.internal.classloader.ClassLoaderSpec                                 : loaded 2 times (x 71B)
Class Settings_gradle$1$1                                                             : loaded 2 times (x 74B)
Class org.gradle.internal.classloader.VisitableURLClassLoader                         : loaded 2 times (x 117B)
Class Settings_gradle                                                                 : loaded 2 times (x 128B)
Class org.gradle.internal.Cast                                                        : loaded 2 times (x 71B)
Class org.gradle.api.Action                                                           : loaded 2 times (x 70B)
Class org.gradle.internal.classpath.DefaultClassPath$ImmutableUniqueList$Builder      : loaded 2 times (x 75B)
Class org.gradle.api.GradleException                                                  : loaded 2 times (x 82B)
Class ijJvmDebugger1_cczc8vxz7m3kxxnoaqupzk0hw$_run_closure1                          : loaded 2 times (x 139B)
Class org.gradle.internal.IoActions                                                   : loaded 2 times (x 71B)
Class org.gradle.internal.classloader.SystemClassLoaderSpec                           : loaded 2 times (x 71B)
Class org.gradle.api.internal.classpath.GlobalCacheRootsProvider                      : loaded 2 times (x 70B)
Class org.gradle.internal.installation.CurrentGradleInstallationLocator               : loaded 2 times (x 71B)
Class org.gradle.internal.service.DefaultServiceLocator                               : loaded 2 times (x 83B)
Class org.gradle.internal.installation.CurrentGradleInstallation                      : loaded 2 times (x 73B)
Class org.gradle.util.internal.GUtil                                                  : loaded 2 times (x 71B)
Class org.gradle.internal.installation.GradleInstallation                             : loaded 2 times (x 75B)

---------------  S Y S T E M  ---------------

OS:
 Windows 11 , 64 bit Build 26100 (10.0.26100.8328)
OS uptime: 1 days 13:16 hours
Hyper-V role detected

CPU: total 12 (initial active 12) (12 cores per cpu, 2 threads per core) family 25 model 80 stepping 0 microcode 0xa50000f, cx8, cmov, fxsr, ht, mmx, 3dnowpref, sse, sse2, sse3, ssse3, sse4a, sse4.1, sse4.2, popcnt, lzcnt, tsc, tscinvbit, avx, avx2, aes, erms, clmul, bmi1, bmi2, adx, sha, fma, vzeroupper, clflush, clflushopt, hv, rdtscp, rdpid, fsrm, f16c, cet_ss
Processor Information for processor 0
  Max Mhz: 3301, Current Mhz: 2011, Mhz Limit: 3301
Processor Information for processor 1
  Max Mhz: 3301, Current Mhz: 2011, Mhz Limit: 3301
Processor Information for processor 2
  Max Mhz: 3301, Current Mhz: 2011, Mhz Limit: 3301
Processor Information for processor 3
  Max Mhz: 3301, Current Mhz: 2011, Mhz Limit: 3301
Processor Information for processor 4
  Max Mhz: 3301, Current Mhz: 3301, Mhz Limit: 3301
Processor Information for processor 5
  Max Mhz: 3301, Current Mhz: 2011, Mhz Limit: 3301
Processor Information for processor 6
  Max Mhz: 3301, Current Mhz: 3301, Mhz Limit: 3301
Processor Information for processor 7
  Max Mhz: 3301, Current Mhz: 2011, Mhz Limit: 3301
Processor Information for processor 8
  Max Mhz: 3301, Current Mhz: 2011, Mhz Limit: 3301
Processor Information for processor 9
  Max Mhz: 3301, Current Mhz: 2011, Mhz Limit: 3301
Processor Information for processor 10
  Max Mhz: 3301, Current Mhz: 2011, Mhz Limit: 3301
Processor Information for processor 11
  Max Mhz: 3301, Current Mhz: 3301, Mhz Limit: 3301

Memory: 4k page, system-wide physical 7521M (274M free)
TotalPageFile size 31073M (AvailPageFile size 5M)
current process WorkingSet (physical memory assigned to process): 334M, peak: 334M
current process commit charge ("private bytes"): 380M, peak: 380M

vm_info: OpenJDK 64-Bit Server VM (21.0.8+-14196175-b1038.72) for windows-amd64 JRE (21.0.8+-14196175-b1038.72), built on 2025-10-01T10:24:33Z by "builder" with MS VC++ 16.10 / 16.11 (VS2019)

END.
