#
# There is insufficient memory for the Java Runtime Environment to continue.
# Native memory allocation (malloc) failed to allocate 2045936 bytes. Error detail: Chunk::new
# Possible reasons:
#   The system is out of physical RAM or swap space
#   This process is running with CompressedOops enabled, and the Java Heap may be blocking the growth of the native heap
# Possible solutions:
#   Reduce memory load on the system
#   Increase physical memory or swap space
#   Check if swap backing store is full
#   Decrease Java heap size (-Xmx/-Xms)
#   Decrease number of Java threads
#   Decrease Java thread stack sizes (-Xss)
#   Set larger code cache with -XX:ReservedCodeCacheSize=
#   JVM is running with Unscaled Compressed Oops mode in which the Java heap is
#     placed in the first 4GB address space. The Java Heap base address is the
#     maximum limit for the native heap growth. Please use -XX:HeapBaseMinAddress
#     to set the Java Heap base and to place the Java Heap above 4GB virtual address.
# This output file may be truncated or incomplete.
#
#  Out of Memory Error (arena.cpp:168), pid=9904, tid=37932
#
# JRE version: OpenJDK Runtime Environment Temurin-21.0.10+7 (21.0.10+7) (build 21.0.10+7-LTS)
# Java VM: OpenJDK 64-Bit Server VM Temurin-21.0.10+7 (21.0.10+7-LTS, mixed mode, sharing, tiered, compressed oops, compressed class ptrs, g1 gc, windows-amd64)
# No core dump will be written. Minidumps are not enabled by default on client versions of Windows
#

---------------  S U M M A R Y ------------

Command Line: --add-opens=java.base/java.lang=ALL-UNNAMED --add-opens=java.base/java.lang.invoke=ALL-UNNAMED --add-opens=java.base/java.util=ALL-UNNAMED --add-opens=java.prefs/java.util.prefs=ALL-UNNAMED --add-exports=jdk.compiler/com.sun.tools.javac.api=ALL-UNNAMED --add-exports=jdk.compiler/com.sun.tools.javac.util=ALL-UNNAMED --add-opens=java.base/java.util=ALL-UNNAMED --add-opens=java.prefs/java.util.prefs=ALL-UNNAMED --add-opens=java.base/java.nio.charset=ALL-UNNAMED --add-opens=java.base/java.net=ALL-UNNAMED --add-opens=java.base/java.util.concurrent.atomic=ALL-UNNAMED --add-opens=java.xml/javax.xml.namespace=ALL-UNNAMED -Xmx1024m -Dfile.encoding=UTF-8 -Duser.country=IN -Duser.language=en -Duser.variant -javaagent:C:\Users\HP\.gradle\wrapper\dists\gradle-8.13-bin\5xuhj0ry160q40clulazy9h7d\gradle-8.13\lib\agents\gradle-instrumentation-agent-8.13.jar org.gradle.launcher.daemon.bootstrap.GradleDaemon 8.13

Host: AMD Ryzen 5 5600H with Radeon Graphics         , 12 cores, 7G,  Windows 11 , 64 bit Build 26100 (10.0.26100.8328)
Time: Wed May 27 22:48:41 2026 India Standard Time elapsed time: 7.959241 seconds (0d 0h 0m 7s)

---------------  T H R E A D  ---------------

Current thread (0x00000246fe1a8090):  JavaThread "C2 CompilerThread0" daemon [_thread_in_native, id=37932, stack(0x000000c906600000,0x000000c906700000) (1024K)]


Current CompileTask:
C2:7959 2681   !   4       java.lang.ClassLoader::loadClass (121 bytes)

Stack: [0x000000c906600000,0x000000c906700000]
Native frames: (J=compiled Java code, j=interpreted, Vv=VM code, C=native code)
V  [jvm.dll+0x6d7a39]
V  [jvm.dll+0x8b4b26]
V  [jvm.dll+0x8b70de]
V  [jvm.dll+0x8b77c3]
V  [jvm.dll+0x284346]
V  [jvm.dll+0xc66ed]
V  [jvm.dll+0xc6c31]
V  [jvm.dll+0x3bec01]
V  [jvm.dll+0x1e3f69]
V  [jvm.dll+0x24c6b3]
V  [jvm.dll+0x24bb40]
V  [jvm.dll+0x1cb34e]
V  [jvm.dll+0x25b85d]
V  [jvm.dll+0x259dea]
V  [jvm.dll+0x3f857e]
V  [jvm.dll+0x85f59d]
V  [jvm.dll+0x6d626d]
C  [ucrtbase.dll+0x37b0]
C  [KERNEL32.DLL+0x2e957]
C  [ntdll.dll+0x427c]


---------------  P R O C E S S  ---------------

Threads class SMR info:
_java_thread_list=0x00000246c55e95a0, length=24, elements={
0x00000246e6af39e0, 0x00000246fd187230, 0x00000246fd188800, 0x00000246fd190880,
0x00000246fd1912e0, 0x00000246fd193a30, 0x00000246fd195200, 0x00000246fe1a8090,
0x00000246fe1a9760, 0x00000246fd196c40, 0x00000246fd195890, 0x00000246fd1944e0,
0x00000246fd197960, 0x00000246fd195f20, 0x00000246fd194b70, 0x00000246fd1972d0,
0x00000246c5328a70, 0x00000246c53283e0, 0x00000246c5327030, 0x00000246c5327d50,
0x00000246c53276c0, 0x00000246c53255f0, 0x00000246c5329100, 0x00000246c5325c80
}

Java Threads: ( => current thread )
  0x00000246e6af39e0 JavaThread "main"                              [_thread_blocked, id=10348, stack(0x000000c905700000,0x000000c905800000) (1024K)]
  0x00000246fd187230 JavaThread "Reference Handler"          daemon [_thread_blocked, id=20388, stack(0x000000c906000000,0x000000c906100000) (1024K)]
  0x00000246fd188800 JavaThread "Finalizer"                  daemon [_thread_blocked, id=12568, stack(0x000000c906100000,0x000000c906200000) (1024K)]
  0x00000246fd190880 JavaThread "Signal Dispatcher"          daemon [_thread_blocked, id=29808, stack(0x000000c906200000,0x000000c906300000) (1024K)]
  0x00000246fd1912e0 JavaThread "Attach Listener"            daemon [_thread_blocked, id=25840, stack(0x000000c906300000,0x000000c906400000) (1024K)]
  0x00000246fd193a30 JavaThread "Service Thread"             daemon [_thread_blocked, id=13796, stack(0x000000c906400000,0x000000c906500000) (1024K)]
  0x00000246fd195200 JavaThread "Monitor Deflation Thread"   daemon [_thread_blocked, id=26644, stack(0x000000c906500000,0x000000c906600000) (1024K)]
=>0x00000246fe1a8090 JavaThread "C2 CompilerThread0"         daemon [_thread_in_native, id=37932, stack(0x000000c906600000,0x000000c906700000) (1024K)]
  0x00000246fe1a9760 JavaThread "C1 CompilerThread0"         daemon [_thread_in_native, id=29012, stack(0x000000c906700000,0x000000c906800000) (1024K)]
  0x00000246fd196c40 JavaThread "Common-Cleaner"             daemon [_thread_blocked, id=31452, stack(0x000000c906800000,0x000000c906900000) (1024K)]
  0x00000246fd195890 JavaThread "Notification Thread"        daemon [_thread_blocked, id=39680, stack(0x000000c906900000,0x000000c906a00000) (1024K)]
  0x00000246fd1944e0 JavaThread "Daemon health stats"               [_thread_blocked, id=17848, stack(0x000000c906f00000,0x000000c907000000) (1024K)]
  0x00000246fd197960 JavaThread "Incoming local TCP Connector on port 59294"        [_thread_in_native, id=28096, stack(0x000000c907000000,0x000000c907100000) (1024K)]
  0x00000246fd195f20 JavaThread "Daemon periodic checks"            [_thread_blocked, id=32776, stack(0x000000c907100000,0x000000c907200000) (1024K)]
  0x00000246fd194b70 JavaThread "Daemon"                            [_thread_blocked, id=38796, stack(0x000000c907200000,0x000000c907300000) (1024K)]
  0x00000246fd1972d0 JavaThread "Handler for socket connection from /127.0.0.1:59294 to /127.0.0.1:59296"        [_thread_in_native, id=36660, stack(0x000000c907300000,0x000000c907400000) (1024K)]
  0x00000246c5328a70 JavaThread "Cancel handler"                    [_thread_blocked, id=39836, stack(0x000000c907400000,0x000000c907500000) (1024K)]
  0x00000246c53283e0 JavaThread "Daemon worker"                     [_thread_in_vm, id=38788, stack(0x000000c907500000,0x000000c907600000) (1024K)]
  0x00000246c5327030 JavaThread "Asynchronous log dispatcher for DefaultDaemonConnection: socket connection from /127.0.0.1:59294 to /127.0.0.1:59296"        [_thread_blocked, id=38072, stack(0x000000c907600000,0x000000c907700000) (1024K)]
  0x00000246c5327d50 JavaThread "Stdin handler"                     [_thread_blocked, id=36184, stack(0x000000c907700000,0x000000c907800000) (1024K)]
  0x00000246c53276c0 JavaThread "Daemon client event forwarder"        [_thread_blocked, id=39144, stack(0x000000c907800000,0x000000c907900000) (1024K)]
  0x00000246c53255f0 JavaThread "Cache worker for journal cache (C:\Users\HP\.gradle\caches\journal-1)"        [_thread_blocked, id=36744, stack(0x000000c907900000,0x000000c907a00000) (1024K)]
  0x00000246c5329100 JavaThread "File lock request listener"        [_thread_in_native, id=28548, stack(0x000000c907a00000,0x000000c907b00000) (1024K)]
  0x00000246c5325c80 JavaThread "Cache worker for file hash cache (C:\Users\HP\.gradle\caches\8.13\fileHashes)"        [_thread_blocked, id=11664, stack(0x000000c907b00000,0x000000c907c00000) (1024K)]
Total: 24

Other Threads:
  0x00000246fd158ce0 VMThread "VM Thread"                           [id=30964, stack(0x000000c905f00000,0x000000c906000000) (1024K)]
  0x00000246fd141320 WatcherThread "VM Periodic Task Thread"        [id=13084, stack(0x000000c905e00000,0x000000c905f00000) (1024K)]
  0x00000246e6b2d8a0 WorkerThread "GC Thread#0"                     [id=33464, stack(0x000000c905900000,0x000000c905a00000) (1024K)]
  0x00000246fe8aea90 WorkerThread "GC Thread#1"                     [id=18376, stack(0x000000c906a00000,0x000000c906b00000) (1024K)]
  0x00000246fe790ac0 WorkerThread "GC Thread#2"                     [id=28560, stack(0x000000c906b00000,0x000000c906c00000) (1024K)]
  0x00000246fe8f0140 WorkerThread "GC Thread#3"                     [id=32796, stack(0x000000c906c00000,0x000000c906d00000) (1024K)]
  0x00000246feeede10 WorkerThread "GC Thread#4"                     [id=39000, stack(0x000000c906d00000,0x000000c906e00000) (1024K)]
  0x00000246fefa1ff0 WorkerThread "GC Thread#5"                     [id=4964, stack(0x000000c906e00000,0x000000c906f00000) (1024K)]
  0x00000246c5476b00 WorkerThread "GC Thread#6"                     [id=32472, stack(0x000000c907c00000,0x000000c907d00000) (1024K)]
  0x00000246c5475ff0 WorkerThread "GC Thread#7"                     [id=37224, stack(0x000000c907d00000,0x000000c907e00000) (1024K)]
  0x00000246c5477610 WorkerThread "GC Thread#8"                     [id=39744, stack(0x000000c907e00000,0x000000c907f00000) (1024K)]
  0x00000246c5476eb0 WorkerThread "GC Thread#9"                     [id=39692, stack(0x000000c907f00000,0x000000c908000000) (1024K)]
  0x00000246e6b36fb0 ConcurrentGCThread "G1 Main Marker"            [id=36176, stack(0x000000c905a00000,0x000000c905b00000) (1024K)]
  0x00000246e6b3a450 WorkerThread "G1 Conc#0"                       [id=16116, stack(0x000000c905b00000,0x000000c905c00000) (1024K)]
  0x00000246fd012580 ConcurrentGCThread "G1 Refine#0"               [id=27124, stack(0x000000c905c00000,0x000000c905d00000) (1024K)]
  0x00000246fd012eb0 ConcurrentGCThread "G1 Service"                [id=8888, stack(0x000000c905d00000,0x000000c905e00000) (1024K)]
Total: 16

Threads with active compile tasks:
C2 CompilerThread0  8043 2681   !   4       java.lang.ClassLoader::loadClass (121 bytes)
Total: 1

VM state: not at safepoint (normal execution)

VM Mutex/Monitor currently owned by a thread: None

Heap address: 0x00000000c0000000, size: 1024 MB, Compressed Oops mode: 32-bit

CDS archive(s) mapped at: [0x0000024680000000-0x0000024680ba0000-0x0000024680ba0000), size 12189696, SharedBaseAddress: 0x0000024680000000, ArchiveRelocationMode: 1.
Compressed class space mapped at: 0x0000024681000000-0x00000246c1000000, reserved size: 1073741824
Narrow klass base: 0x0000024680000000, Narrow klass shift: 0, Narrow klass range: 0x100000000

GC Precious Log:
 CardTable entry size: 512
 Card Set container configuration: InlinePtr #cards 5 size 8 Array Of Cards #cards 12 size 40 Howl #buckets 4 coarsen threshold 1843 Howl Bitmap #cards 512 size 80 coarsen threshold 460 Card regions per heap region 1 cards per card region 2048
 CPUs: 12 total, 12 available
 Memory: 7521M
 Large Page Support: Disabled
 NUMA Support: Disabled
 Compressed Oops: Enabled (32-bit)
 Heap Region Size: 1M
 Heap Min Capacity: 8M
 Heap Initial Capacity: 118M
 Heap Max Capacity: 1G
 Pre-touch: Disabled
 Parallel Workers: 10
 Concurrent Workers: 3
 Concurrent Refinement Workers: 10
 Periodic GC: Disabled

Heap:
 garbage-first heap   total 120832K, used 26128K [0x00000000c0000000, 0x0000000100000000)
  region size 1024K, 14 young (14336K), 9 survivors (9216K)
 Metaspace       used 17982K, committed 18496K, reserved 1114112K
  class space    used 2592K, committed 2816K, reserved 1048576K

Heap Regions: E=young(eden), S=young(survivor), O=old, HS=humongous(starts), HC=humongous(continues), CS=collection set, F=free, TAMS=top-at-mark-start, PB=parsable bottom
|   0|0x00000000c0000000, 0x00000000c0100000, 0x00000000c0100000|100%|HS|  |TAMS 0x00000000c0000000| PB 0x00000000c0000000| Complete 
|   1|0x00000000c0100000, 0x00000000c0200000, 0x00000000c0200000|100%|HC|  |TAMS 0x00000000c0100000| PB 0x00000000c0100000| Complete 
|   2|0x00000000c0200000, 0x00000000c0300000, 0x00000000c0300000|100%|HC|  |TAMS 0x00000000c0200000| PB 0x00000000c0200000| Complete 
|   3|0x00000000c0300000, 0x00000000c0400000, 0x00000000c0400000|100%| O|  |TAMS 0x00000000c0300000| PB 0x00000000c0300000| Untracked 
|   4|0x00000000c0400000, 0x00000000c0500000, 0x00000000c0500000|100%| O|  |TAMS 0x00000000c0400000| PB 0x00000000c0400000| Untracked 
|   5|0x00000000c0500000, 0x00000000c0600000, 0x00000000c0600000|100%| O|  |TAMS 0x00000000c0500000| PB 0x00000000c0500000| Untracked 
|   6|0x00000000c0600000, 0x00000000c0700000, 0x00000000c0700000|100%|HS|  |TAMS 0x00000000c0600000| PB 0x00000000c0600000| Complete 
|   7|0x00000000c0700000, 0x00000000c07840b0, 0x00000000c0800000| 51%| O|  |TAMS 0x00000000c0700000| PB 0x00000000c0700000| Untracked 
|   8|0x00000000c0800000, 0x00000000c0900000, 0x00000000c0900000|100%| O|  |TAMS 0x00000000c0800000| PB 0x00000000c0800000| Untracked 
|   9|0x00000000c0900000, 0x00000000c0a00000, 0x00000000c0a00000|100%| O|  |TAMS 0x00000000c0900000| PB 0x00000000c0900000| Untracked 
|  10|0x00000000c0a00000, 0x00000000c0b00000, 0x00000000c0b00000|100%| O|  |TAMS 0x00000000c0a00000| PB 0x00000000c0a00000| Untracked 
|  11|0x00000000c0b00000, 0x00000000c0c00000, 0x00000000c0c00000|100%| O|  |TAMS 0x00000000c0b00000| PB 0x00000000c0b00000| Untracked 
|  12|0x00000000c0c00000, 0x00000000c0d00000, 0x00000000c0d00000|100%| O|  |TAMS 0x00000000c0c00000| PB 0x00000000c0c00000| Untracked 
|  13|0x00000000c0d00000, 0x00000000c0d00000, 0x00000000c0e00000|  0%| F|  |TAMS 0x00000000c0d00000| PB 0x00000000c0d00000| Untracked 
|  14|0x00000000c0e00000, 0x00000000c0e00000, 0x00000000c0f00000|  0%| F|  |TAMS 0x00000000c0e00000| PB 0x00000000c0e00000| Untracked 
|  15|0x00000000c0f00000, 0x00000000c0f00000, 0x00000000c1000000|  0%| F|  |TAMS 0x00000000c0f00000| PB 0x00000000c0f00000| Untracked 
|  16|0x00000000c1000000, 0x00000000c1000000, 0x00000000c1100000|  0%| F|  |TAMS 0x00000000c1000000| PB 0x00000000c1000000| Untracked 
|  17|0x00000000c1100000, 0x00000000c1100000, 0x00000000c1200000|  0%| F|  |TAMS 0x00000000c1100000| PB 0x00000000c1100000| Untracked 
|  18|0x00000000c1200000, 0x00000000c1200000, 0x00000000c1300000|  0%| F|  |TAMS 0x00000000c1200000| PB 0x00000000c1200000| Untracked 
|  19|0x00000000c1300000, 0x00000000c1300000, 0x00000000c1400000|  0%| F|  |TAMS 0x00000000c1300000| PB 0x00000000c1300000| Untracked 
|  20|0x00000000c1400000, 0x00000000c1400000, 0x00000000c1500000|  0%| F|  |TAMS 0x00000000c1400000| PB 0x00000000c1400000| Untracked 
|  21|0x00000000c1500000, 0x00000000c1500000, 0x00000000c1600000|  0%| F|  |TAMS 0x00000000c1500000| PB 0x00000000c1500000| Untracked 
|  22|0x00000000c1600000, 0x00000000c1600000, 0x00000000c1700000|  0%| F|  |TAMS 0x00000000c1600000| PB 0x00000000c1600000| Untracked 
|  23|0x00000000c1700000, 0x00000000c1700000, 0x00000000c1800000|  0%| F|  |TAMS 0x00000000c1700000| PB 0x00000000c1700000| Untracked 
|  24|0x00000000c1800000, 0x00000000c1800000, 0x00000000c1900000|  0%| F|  |TAMS 0x00000000c1800000| PB 0x00000000c1800000| Untracked 
|  25|0x00000000c1900000, 0x00000000c1900000, 0x00000000c1a00000|  0%| F|  |TAMS 0x00000000c1900000| PB 0x00000000c1900000| Untracked 
|  26|0x00000000c1a00000, 0x00000000c1a00000, 0x00000000c1b00000|  0%| F|  |TAMS 0x00000000c1a00000| PB 0x00000000c1a00000| Untracked 
|  27|0x00000000c1b00000, 0x00000000c1b00000, 0x00000000c1c00000|  0%| F|  |TAMS 0x00000000c1b00000| PB 0x00000000c1b00000| Untracked 
|  28|0x00000000c1c00000, 0x00000000c1c00000, 0x00000000c1d00000|  0%| F|  |TAMS 0x00000000c1c00000| PB 0x00000000c1c00000| Untracked 
|  29|0x00000000c1d00000, 0x00000000c1d00000, 0x00000000c1e00000|  0%| F|  |TAMS 0x00000000c1d00000| PB 0x00000000c1d00000| Untracked 
|  30|0x00000000c1e00000, 0x00000000c1e00000, 0x00000000c1f00000|  0%| F|  |TAMS 0x00000000c1e00000| PB 0x00000000c1e00000| Untracked 
|  31|0x00000000c1f00000, 0x00000000c1f00000, 0x00000000c2000000|  0%| F|  |TAMS 0x00000000c1f00000| PB 0x00000000c1f00000| Untracked 
|  32|0x00000000c2000000, 0x00000000c2000000, 0x00000000c2100000|  0%| F|  |TAMS 0x00000000c2000000| PB 0x00000000c2000000| Untracked 
|  33|0x00000000c2100000, 0x00000000c2100000, 0x00000000c2200000|  0%| F|  |TAMS 0x00000000c2100000| PB 0x00000000c2100000| Untracked 
|  34|0x00000000c2200000, 0x00000000c2200000, 0x00000000c2300000|  0%| F|  |TAMS 0x00000000c2200000| PB 0x00000000c2200000| Untracked 
|  35|0x00000000c2300000, 0x00000000c2300000, 0x00000000c2400000|  0%| F|  |TAMS 0x00000000c2300000| PB 0x00000000c2300000| Untracked 
|  36|0x00000000c2400000, 0x00000000c2400000, 0x00000000c2500000|  0%| F|  |TAMS 0x00000000c2400000| PB 0x00000000c2400000| Untracked 
|  37|0x00000000c2500000, 0x00000000c2500000, 0x00000000c2600000|  0%| F|  |TAMS 0x00000000c2500000| PB 0x00000000c2500000| Untracked 
|  38|0x00000000c2600000, 0x00000000c2600000, 0x00000000c2700000|  0%| F|  |TAMS 0x00000000c2600000| PB 0x00000000c2600000| Untracked 
|  39|0x00000000c2700000, 0x00000000c2800000, 0x00000000c2800000|100%| S|CS|TAMS 0x00000000c2700000| PB 0x00000000c2700000| Complete 
|  40|0x00000000c2800000, 0x00000000c2900000, 0x00000000c2900000|100%| S|CS|TAMS 0x00000000c2800000| PB 0x00000000c2800000| Complete 
|  41|0x00000000c2900000, 0x00000000c2a00000, 0x00000000c2a00000|100%| S|CS|TAMS 0x00000000c2900000| PB 0x00000000c2900000| Complete 
|  42|0x00000000c2a00000, 0x00000000c2b00000, 0x00000000c2b00000|100%| S|CS|TAMS 0x00000000c2a00000| PB 0x00000000c2a00000| Complete 
|  43|0x00000000c2b00000, 0x00000000c2c00000, 0x00000000c2c00000|100%| S|CS|TAMS 0x00000000c2b00000| PB 0x00000000c2b00000| Complete 
|  44|0x00000000c2c00000, 0x00000000c2d00000, 0x00000000c2d00000|100%| S|CS|TAMS 0x00000000c2c00000| PB 0x00000000c2c00000| Complete 
|  45|0x00000000c2d00000, 0x00000000c2e00000, 0x00000000c2e00000|100%| S|CS|TAMS 0x00000000c2d00000| PB 0x00000000c2d00000| Complete 
|  46|0x00000000c2e00000, 0x00000000c2f00000, 0x00000000c2f00000|100%| S|CS|TAMS 0x00000000c2e00000| PB 0x00000000c2e00000| Complete 
|  47|0x00000000c2f00000, 0x00000000c3000000, 0x00000000c3000000|100%| S|CS|TAMS 0x00000000c2f00000| PB 0x00000000c2f00000| Complete 
|  48|0x00000000c3000000, 0x00000000c3000000, 0x00000000c3100000|  0%| F|  |TAMS 0x00000000c3000000| PB 0x00000000c3000000| Untracked 
|  49|0x00000000c3100000, 0x00000000c3100000, 0x00000000c3200000|  0%| F|  |TAMS 0x00000000c3100000| PB 0x00000000c3100000| Untracked 
|  50|0x00000000c3200000, 0x00000000c3200000, 0x00000000c3300000|  0%| F|  |TAMS 0x00000000c3200000| PB 0x00000000c3200000| Untracked 
|  51|0x00000000c3300000, 0x00000000c3300000, 0x00000000c3400000|  0%| F|  |TAMS 0x00000000c3300000| PB 0x00000000c3300000| Untracked 
|  52|0x00000000c3400000, 0x00000000c3400000, 0x00000000c3500000|  0%| F|  |TAMS 0x00000000c3400000| PB 0x00000000c3400000| Untracked 
|  53|0x00000000c3500000, 0x00000000c3500000, 0x00000000c3600000|  0%| F|  |TAMS 0x00000000c3500000| PB 0x00000000c3500000| Untracked 
|  54|0x00000000c3600000, 0x00000000c3600000, 0x00000000c3700000|  0%| F|  |TAMS 0x00000000c3600000| PB 0x00000000c3600000| Untracked 
|  55|0x00000000c3700000, 0x00000000c3700000, 0x00000000c3800000|  0%| F|  |TAMS 0x00000000c3700000| PB 0x00000000c3700000| Untracked 
|  56|0x00000000c3800000, 0x00000000c3800000, 0x00000000c3900000|  0%| F|  |TAMS 0x00000000c3800000| PB 0x00000000c3800000| Untracked 
|  57|0x00000000c3900000, 0x00000000c3900000, 0x00000000c3a00000|  0%| F|  |TAMS 0x00000000c3900000| PB 0x00000000c3900000| Untracked 
|  58|0x00000000c3a00000, 0x00000000c3a00000, 0x00000000c3b00000|  0%| F|  |TAMS 0x00000000c3a00000| PB 0x00000000c3a00000| Untracked 
|  59|0x00000000c3b00000, 0x00000000c3b00000, 0x00000000c3c00000|  0%| F|  |TAMS 0x00000000c3b00000| PB 0x00000000c3b00000| Untracked 
|  60|0x00000000c3c00000, 0x00000000c3c00000, 0x00000000c3d00000|  0%| F|  |TAMS 0x00000000c3c00000| PB 0x00000000c3c00000| Untracked 
|  61|0x00000000c3d00000, 0x00000000c3d00000, 0x00000000c3e00000|  0%| F|  |TAMS 0x00000000c3d00000| PB 0x00000000c3d00000| Untracked 
|  62|0x00000000c3e00000, 0x00000000c3e00000, 0x00000000c3f00000|  0%| F|  |TAMS 0x00000000c3e00000| PB 0x00000000c3e00000| Untracked 
|  63|0x00000000c3f00000, 0x00000000c3f00000, 0x00000000c4000000|  0%| F|  |TAMS 0x00000000c3f00000| PB 0x00000000c3f00000| Untracked 
|  64|0x00000000c4000000, 0x00000000c4000000, 0x00000000c4100000|  0%| F|  |TAMS 0x00000000c4000000| PB 0x00000000c4000000| Untracked 
|  65|0x00000000c4100000, 0x00000000c4100000, 0x00000000c4200000|  0%| F|  |TAMS 0x00000000c4100000| PB 0x00000000c4100000| Untracked 
|  66|0x00000000c4200000, 0x00000000c4200000, 0x00000000c4300000|  0%| F|  |TAMS 0x00000000c4200000| PB 0x00000000c4200000| Untracked 
|  67|0x00000000c4300000, 0x00000000c4300000, 0x00000000c4400000|  0%| F|  |TAMS 0x00000000c4300000| PB 0x00000000c4300000| Untracked 
|  68|0x00000000c4400000, 0x00000000c4400000, 0x00000000c4500000|  0%| F|  |TAMS 0x00000000c4400000| PB 0x00000000c4400000| Untracked 
|  69|0x00000000c4500000, 0x00000000c4500000, 0x00000000c4600000|  0%| F|  |TAMS 0x00000000c4500000| PB 0x00000000c4500000| Untracked 
|  70|0x00000000c4600000, 0x00000000c4600000, 0x00000000c4700000|  0%| F|  |TAMS 0x00000000c4600000| PB 0x00000000c4600000| Untracked 
|  71|0x00000000c4700000, 0x00000000c4700000, 0x00000000c4800000|  0%| F|  |TAMS 0x00000000c4700000| PB 0x00000000c4700000| Untracked 
|  72|0x00000000c4800000, 0x00000000c4800000, 0x00000000c4900000|  0%| F|  |TAMS 0x00000000c4800000| PB 0x00000000c4800000| Untracked 
|  73|0x00000000c4900000, 0x00000000c4900000, 0x00000000c4a00000|  0%| F|  |TAMS 0x00000000c4900000| PB 0x00000000c4900000| Untracked 
|  74|0x00000000c4a00000, 0x00000000c4a00000, 0x00000000c4b00000|  0%| F|  |TAMS 0x00000000c4a00000| PB 0x00000000c4a00000| Untracked 
|  75|0x00000000c4b00000, 0x00000000c4b00000, 0x00000000c4c00000|  0%| F|  |TAMS 0x00000000c4b00000| PB 0x00000000c4b00000| Untracked 
|  76|0x00000000c4c00000, 0x00000000c4c00000, 0x00000000c4d00000|  0%| F|  |TAMS 0x00000000c4c00000| PB 0x00000000c4c00000| Untracked 
|  77|0x00000000c4d00000, 0x00000000c4d00000, 0x00000000c4e00000|  0%| F|  |TAMS 0x00000000c4d00000| PB 0x00000000c4d00000| Untracked 
|  78|0x00000000c4e00000, 0x00000000c4e00000, 0x00000000c4f00000|  0%| F|  |TAMS 0x00000000c4e00000| PB 0x00000000c4e00000| Untracked 
|  79|0x00000000c4f00000, 0x00000000c4f00000, 0x00000000c5000000|  0%| F|  |TAMS 0x00000000c4f00000| PB 0x00000000c4f00000| Untracked 
|  80|0x00000000c5000000, 0x00000000c5000000, 0x00000000c5100000|  0%| F|  |TAMS 0x00000000c5000000| PB 0x00000000c5000000| Untracked 
|  81|0x00000000c5100000, 0x00000000c5100000, 0x00000000c5200000|  0%| F|  |TAMS 0x00000000c5100000| PB 0x00000000c5100000| Untracked 
|  82|0x00000000c5200000, 0x00000000c5200000, 0x00000000c5300000|  0%| F|  |TAMS 0x00000000c5200000| PB 0x00000000c5200000| Untracked 
|  83|0x00000000c5300000, 0x00000000c5300000, 0x00000000c5400000|  0%| F|  |TAMS 0x00000000c5300000| PB 0x00000000c5300000| Untracked 
|  84|0x00000000c5400000, 0x00000000c5400000, 0x00000000c5500000|  0%| F|  |TAMS 0x00000000c5400000| PB 0x00000000c5400000| Untracked 
|  85|0x00000000c5500000, 0x00000000c5500000, 0x00000000c5600000|  0%| F|  |TAMS 0x00000000c5500000| PB 0x00000000c5500000| Untracked 
|  86|0x00000000c5600000, 0x00000000c5600000, 0x00000000c5700000|  0%| F|  |TAMS 0x00000000c5600000| PB 0x00000000c5600000| Untracked 
|  87|0x00000000c5700000, 0x00000000c5700000, 0x00000000c5800000|  0%| F|  |TAMS 0x00000000c5700000| PB 0x00000000c5700000| Untracked 
|  88|0x00000000c5800000, 0x00000000c5800000, 0x00000000c5900000|  0%| F|  |TAMS 0x00000000c5800000| PB 0x00000000c5800000| Untracked 
|  89|0x00000000c5900000, 0x00000000c5900000, 0x00000000c5a00000|  0%| F|  |TAMS 0x00000000c5900000| PB 0x00000000c5900000| Untracked 
|  90|0x00000000c5a00000, 0x00000000c5a00000, 0x00000000c5b00000|  0%| F|  |TAMS 0x00000000c5a00000| PB 0x00000000c5a00000| Untracked 
|  91|0x00000000c5b00000, 0x00000000c5b00000, 0x00000000c5c00000|  0%| F|  |TAMS 0x00000000c5b00000| PB 0x00000000c5b00000| Untracked 
|  92|0x00000000c5c00000, 0x00000000c5c00000, 0x00000000c5d00000|  0%| F|  |TAMS 0x00000000c5c00000| PB 0x00000000c5c00000| Untracked 
|  93|0x00000000c5d00000, 0x00000000c5d00000, 0x00000000c5e00000|  0%| F|  |TAMS 0x00000000c5d00000| PB 0x00000000c5d00000| Untracked 
|  94|0x00000000c5e00000, 0x00000000c5e00000, 0x00000000c5f00000|  0%| F|  |TAMS 0x00000000c5e00000| PB 0x00000000c5e00000| Untracked 
|  95|0x00000000c5f00000, 0x00000000c5f00000, 0x00000000c6000000|  0%| F|  |TAMS 0x00000000c5f00000| PB 0x00000000c5f00000| Untracked 
|  96|0x00000000c6000000, 0x00000000c6000000, 0x00000000c6100000|  0%| F|  |TAMS 0x00000000c6000000| PB 0x00000000c6000000| Untracked 
|  97|0x00000000c6100000, 0x00000000c6100000, 0x00000000c6200000|  0%| F|  |TAMS 0x00000000c6100000| PB 0x00000000c6100000| Untracked 
|  98|0x00000000c6200000, 0x00000000c6200000, 0x00000000c6300000|  0%| F|  |TAMS 0x00000000c6200000| PB 0x00000000c6200000| Untracked 
|  99|0x00000000c6300000, 0x00000000c6300000, 0x00000000c6400000|  0%| F|  |TAMS 0x00000000c6300000| PB 0x00000000c6300000| Untracked 
| 100|0x00000000c6400000, 0x00000000c6400000, 0x00000000c6500000|  0%| F|  |TAMS 0x00000000c6400000| PB 0x00000000c6400000| Untracked 
| 101|0x00000000c6500000, 0x00000000c6500000, 0x00000000c6600000|  0%| F|  |TAMS 0x00000000c6500000| PB 0x00000000c6500000| Untracked 
| 102|0x00000000c6600000, 0x00000000c6600000, 0x00000000c6700000|  0%| F|  |TAMS 0x00000000c6600000| PB 0x00000000c6600000| Untracked 
| 103|0x00000000c6700000, 0x00000000c6700000, 0x00000000c6800000|  0%| F|  |TAMS 0x00000000c6700000| PB 0x00000000c6700000| Untracked 
| 104|0x00000000c6800000, 0x00000000c6800000, 0x00000000c6900000|  0%| F|  |TAMS 0x00000000c6800000| PB 0x00000000c6800000| Untracked 
| 105|0x00000000c6900000, 0x00000000c6900000, 0x00000000c6a00000|  0%| F|  |TAMS 0x00000000c6900000| PB 0x00000000c6900000| Untracked 
| 106|0x00000000c6a00000, 0x00000000c6a00000, 0x00000000c6b00000|  0%| F|  |TAMS 0x00000000c6a00000| PB 0x00000000c6a00000| Untracked 
| 107|0x00000000c6b00000, 0x00000000c6b00000, 0x00000000c6c00000|  0%| F|  |TAMS 0x00000000c6b00000| PB 0x00000000c6b00000| Untracked 
| 108|0x00000000c6c00000, 0x00000000c6c00000, 0x00000000c6d00000|  0%| F|  |TAMS 0x00000000c6c00000| PB 0x00000000c6c00000| Untracked 
| 109|0x00000000c6d00000, 0x00000000c6d00000, 0x00000000c6e00000|  0%| F|  |TAMS 0x00000000c6d00000| PB 0x00000000c6d00000| Untracked 
| 110|0x00000000c6e00000, 0x00000000c6e00000, 0x00000000c6f00000|  0%| F|  |TAMS 0x00000000c6e00000| PB 0x00000000c6e00000| Untracked 
| 111|0x00000000c6f00000, 0x00000000c6f00000, 0x00000000c7000000|  0%| F|  |TAMS 0x00000000c6f00000| PB 0x00000000c6f00000| Untracked 
| 112|0x00000000c7000000, 0x00000000c7000000, 0x00000000c7100000|  0%| F|  |TAMS 0x00000000c7000000| PB 0x00000000c7000000| Untracked 
| 113|0x00000000c7100000, 0x00000000c7200000, 0x00000000c7200000|100%| E|  |TAMS 0x00000000c7100000| PB 0x00000000c7100000| Complete 
| 114|0x00000000c7200000, 0x00000000c7300000, 0x00000000c7300000|100%| E|CS|TAMS 0x00000000c7200000| PB 0x00000000c7200000| Complete 
| 115|0x00000000c7300000, 0x00000000c7400000, 0x00000000c7400000|100%| E|CS|TAMS 0x00000000c7300000| PB 0x00000000c7300000| Complete 
| 116|0x00000000c7400000, 0x00000000c7500000, 0x00000000c7500000|100%| E|CS|TAMS 0x00000000c7400000| PB 0x00000000c7400000| Complete 
| 117|0x00000000c7500000, 0x00000000c7600000, 0x00000000c7600000|100%| E|CS|TAMS 0x00000000c7500000| PB 0x00000000c7500000| Complete 

Card table byte_map: [0x00000246f9310000,0x00000246f9510000] _byte_map_base: 0x00000246f8d10000

Marking Bits: (CMBitMap*) 0x00000246e6b2e6d0
 Bits: [0x00000246f9510000, 0x00000246fa510000)

Polling page: 0x00000246e4840000

Metaspace:

Usage:
  Non-class:     15.08 MB used.
      Class:      2.55 MB used.
       Both:     17.63 MB used.

Virtual space:
  Non-class space:       64.00 MB reserved,      15.38 MB ( 24%) committed,  1 nodes.
      Class space:        1.00 GB reserved,       2.75 MB ( <1%) committed,  1 nodes.
             Both:        1.06 GB reserved,      18.12 MB (  2%) committed. 

Chunk freelists:
   Non-Class:  544.00 KB
       Class:  13.25 MB
        Both:  13.79 MB

MaxMetaspaceSize: unlimited
CompressedClassSpaceSize: 1.00 GB
Initial GC threshold: 21.00 MB
Current GC threshold: 21.00 MB
CDS: on
 - commit_granule_bytes: 65536.
 - commit_granule_words: 8192.
 - virtual_space_node_default_size: 8388608.
 - enlarge_chunks_in_place: 1.
 - use_allocation_guard: 0.


Internal statistics:

num_allocs_failed_limit: 0.
num_arena_births: 722.
num_arena_deaths: 0.
num_vsnodes_births: 2.
num_vsnodes_deaths: 0.
num_space_committed: 290.
num_space_uncommitted: 0.
num_chunks_returned_to_freelist: 0.
num_chunks_taken_from_freelist: 1427.
num_chunk_merges: 0.
num_chunk_splits: 915.
num_chunks_enlarged: 582.
num_inconsistent_stats: 0.

CodeHeap 'non-profiled nmethods': size=120000Kb used=1292Kb max_used=1292Kb free=118708Kb
 bounds [0x00000246f1790000, 0x00000246f1a00000, 0x00000246f8cc0000]
CodeHeap 'profiled nmethods': size=120000Kb used=5822Kb max_used=5822Kb free=114177Kb
 bounds [0x00000246e9cc0000, 0x00000246ea270000, 0x00000246f11f0000]
CodeHeap 'non-nmethods': size=5760Kb used=1416Kb max_used=1416Kb free=4343Kb
 bounds [0x00000246f11f0000, 0x00000246f1460000, 0x00000246f1790000]
CodeCache: size=245760Kb, used=8530Kb, max_used=8530Kb, free=237228Kb
 total_blobs=3467, nmethods=2892, adapters=479, full_count=0
Compilation: enabled, stopped_count=0, restarted_count=0

Compilation events (20 events):
Event: 6.941 Thread 0x00000246fe1a9760 2879       3       java.lang.reflect.ReflectAccess::copyConstructor (5 bytes)
Event: 6.941 Thread 0x00000246fe1a9760 nmethod 2879 0x00000246ea262010 code [0x00000246ea2621c0, 0x00000246ea262300]
Event: 6.941 Thread 0x00000246fe1a9760 2880       3       java.lang.reflect.Constructor::copy (72 bytes)
Event: 6.942 Thread 0x00000246fe1a9760 nmethod 2880 0x00000246ea262410 code [0x00000246ea2625e0, 0x00000246ea262988]
Event: 7.174 Thread 0x00000246fe1a9760 2881       3       java.util.concurrent.TimeUnit::toNanos (45 bytes)
Event: 7.174 Thread 0x00000246fe1a9760 nmethod 2881 0x00000246ea262a90 code [0x00000246ea262c40, 0x00000246ea262e90]
Event: 7.268 Thread 0x00000246fe1a9760 2882       3       java.util.concurrent.locks.AbstractQueuedSynchronizer$ConditionObject::canReacquire (38 bytes)
Event: 7.268 Thread 0x00000246fe1a9760 nmethod 2882 0x00000246ea262f10 code [0x00000246ea2630e0, 0x00000246ea263428]
Event: 7.268 Thread 0x00000246fe1a9760 2883       3       jdk.internal.misc.Unsafe::putReferenceOpaque (9 bytes)
Event: 7.268 Thread 0x00000246fe1a9760 nmethod 2883 0x00000246ea263590 code [0x00000246ea263720, 0x00000246ea263880]
Event: 7.330 Thread 0x00000246fe1a9760 2884       3       java.util.concurrent.locks.LockSupport::setBlocker (12 bytes)
Event: 7.330 Thread 0x00000246fe1a9760 nmethod 2884 0x00000246ea263910 code [0x00000246ea263ac0, 0x00000246ea263cc8]
Event: 7.347 Thread 0x00000246fe1a9760 2885       3       java.util.stream.StreamSupport::stream (19 bytes)
Event: 7.347 Thread 0x00000246fe1a9760 nmethod 2885 0x00000246ea263d90 code [0x00000246ea263f80, 0x00000246ea2643b0]
Event: 7.348 Thread 0x00000246fe1a9760 2886       3       java.util.stream.StreamOpFlag::fromCharacteristics (37 bytes)
Event: 7.348 Thread 0x00000246fe1a9760 nmethod 2886 0x00000246ea264590 code [0x00000246ea264760, 0x00000246ea264a80]
Event: 7.454 Thread 0x00000246fe1a9760 2887       3       java.util.concurrent.locks.ReentrantLock$Sync::isHeldExclusively (16 bytes)
Event: 7.455 Thread 0x00000246fe1a9760 nmethod 2887 0x00000246ea264b90 code [0x00000246ea264d40, 0x00000246ea264ed0]
Event: 7.937 Thread 0x00000246fe1a9760 2888       3       java.util.concurrent.locks.AbstractQueuedSynchronizer$Node::<init> (5 bytes)
Event: 7.938 Thread 0x00000246fe1a9760 nmethod 2888 0x00000246ea264f90 code [0x00000246ea265140, 0x00000246ea2652a8]

GC Heap History (8 events):
Event: 0.976 GC heap before
{Heap before GC invocations=0 (full 0):
 garbage-first heap   total 120832K, used 22528K [0x00000000c0000000, 0x0000000100000000)
  region size 1024K, 23 young (23552K), 0 survivors (0K)
 Metaspace       used 1071K, committed 1216K, reserved 1114112K
  class space    used 81K, committed 128K, reserved 1048576K
}
Event: 0.985 GC heap after
{Heap after GC invocations=1 (full 0):
 garbage-first heap   total 120832K, used 2688K [0x00000000c0000000, 0x0000000100000000)
  region size 1024K, 3 young (3072K), 3 survivors (3072K)
 Metaspace       used 1071K, committed 1216K, reserved 1114112K
  class space    used 81K, committed 128K, reserved 1048576K
}
Event: 1.988 GC heap before
{Heap before GC invocations=1 (full 0):
 garbage-first heap   total 120832K, used 39552K [0x00000000c0000000, 0x0000000100000000)
  region size 1024K, 37 young (37888K), 3 survivors (3072K)
 Metaspace       used 4367K, committed 4544K, reserved 1114112K
  class space    used 559K, committed 640K, reserved 1048576K
}
Event: 2.000 GC heap after
{Heap after GC invocations=2 (full 0):
 garbage-first heap   total 120832K, used 10852K [0x00000000c0000000, 0x0000000100000000)
  region size 1024K, 5 young (5120K), 5 survivors (5120K)
 Metaspace       used 4367K, committed 4544K, reserved 1114112K
  class space    used 559K, committed 640K, reserved 1048576K
}
Event: 2.981 GC heap before
{Heap before GC invocations=2 (full 0):
 garbage-first heap   total 120832K, used 57956K [0x00000000c0000000, 0x0000000100000000)
  region size 1024K, 49 young (50176K), 5 survivors (5120K)
 Metaspace       used 5164K, committed 5376K, reserved 1114112K
  class space    used 696K, committed 768K, reserved 1048576K
}
Event: 2.994 GC heap after
{Heap after GC invocations=3 (full 0):
 garbage-first heap   total 120832K, used 16665K [0x00000000c0000000, 0x0000000100000000)
  region size 1024K, 5 young (5120K), 5 survivors (5120K)
 Metaspace       used 5164K, committed 5376K, reserved 1114112K
  class space    used 696K, committed 768K, reserved 1048576K
}
Event: 5.881 GC heap before
{Heap before GC invocations=3 (full 0):
 garbage-first heap   total 120832K, used 83225K [0x00000000c0000000, 0x0000000100000000)
  region size 1024K, 70 young (71680K), 5 survivors (5120K)
 Metaspace       used 17591K, committed 18112K, reserved 1114112K
  class space    used 2517K, committed 2752K, reserved 1048576K
}
Event: 5.892 GC heap after
{Heap after GC invocations=4 (full 0):
 garbage-first heap   total 120832K, used 22032K [0x00000000c0000000, 0x0000000100000000)
  region size 1024K, 9 young (9216K), 9 survivors (9216K)
 Metaspace       used 17591K, committed 18112K, reserved 1114112K
  class space    used 2517K, committed 2752K, reserved 1048576K
}

Dll operation events (14 events):
Event: 0.089 Loaded shared library C:\Users\HP\.trae\extensions\redhat.java-1.54.0-win32-x64\jre\21.0.10-win32-x86_64\bin\java.dll
Event: 0.274 Loaded shared library C:\Users\HP\.trae\extensions\redhat.java-1.54.0-win32-x64\jre\21.0.10-win32-x86_64\bin\zip.dll
Event: 0.310 Loaded shared library C:\Users\HP\.trae\extensions\redhat.java-1.54.0-win32-x64\jre\21.0.10-win32-x86_64\bin\instrument.dll
Event: 0.324 Loaded shared library C:\Users\HP\.trae\extensions\redhat.java-1.54.0-win32-x64\jre\21.0.10-win32-x86_64\bin\net.dll
Event: 0.339 Loaded shared library C:\Users\HP\.trae\extensions\redhat.java-1.54.0-win32-x64\jre\21.0.10-win32-x86_64\bin\nio.dll
Event: 0.344 Loaded shared library C:\Users\HP\.trae\extensions\redhat.java-1.54.0-win32-x64\jre\21.0.10-win32-x86_64\bin\zip.dll
Event: 0.858 Loaded shared library C:\Users\HP\.trae\extensions\redhat.java-1.54.0-win32-x64\jre\21.0.10-win32-x86_64\bin\jimage.dll
Event: 1.152 Loaded shared library C:\Users\HP\.trae\extensions\redhat.java-1.54.0-win32-x64\jre\21.0.10-win32-x86_64\bin\verify.dll
Event: 1.304 Loaded shared library C:\Users\HP\.gradle\native\1def1411415f61bf3af743bc5b6707747c0891f09f0c88961ee8f79bc544acac\windows-amd64\native-platform.dll
Event: 1.326 Loaded shared library C:\Users\HP\.gradle\native\0.2.7\x86_64-windows-gnu\gradle-fileevents.dll
Event: 3.257 Loaded shared library C:\Users\HP\.trae\extensions\redhat.java-1.54.0-win32-x64\jre\21.0.10-win32-x86_64\bin\management.dll
Event: 3.268 Loaded shared library C:\Users\HP\.trae\extensions\redhat.java-1.54.0-win32-x64\jre\21.0.10-win32-x86_64\bin\management_ext.dll
Event: 3.565 Loaded shared library C:\Users\HP\.trae\extensions\redhat.java-1.54.0-win32-x64\jre\21.0.10-win32-x86_64\bin\extnet.dll
Event: 4.282 Loaded shared library C:\Users\HP\.trae\extensions\redhat.java-1.54.0-win32-x64\jre\21.0.10-win32-x86_64\bin\sunmscapi.dll

Deoptimization events (20 events):
Event: 4.781 Thread 0x00000246c53283e0 Uncommon trap: trap_request=0xffffff45 fr.pc=0x00000246f1817830 relative=0x0000000000000270
Event: 4.781 Thread 0x00000246c53283e0 Uncommon trap: reason=unstable_if action=reinterpret pc=0x00000246f1817830 method=java.util.concurrent.ConcurrentHashMap.get(Ljava/lang/Object;)Ljava/lang/Object; @ 76 c2
Event: 4.781 Thread 0x00000246c53283e0 DEOPT PACKING pc=0x00000246f1817830 sp=0x000000c9075fba90
Event: 4.781 Thread 0x00000246c53283e0 DEOPT UNPACKING pc=0x00000246f1244422 sp=0x000000c9075fb9f8 mode 2
Event: 5.267 Thread 0x00000246c5329100 Uncommon trap: trap_request=0xffffff45 fr.pc=0x00000246f187551c relative=0x000000000000017c
Event: 5.267 Thread 0x00000246c5329100 Uncommon trap: reason=unstable_if action=reinterpret pc=0x00000246f187551c method=java.util.concurrent.locks.ReentrantLock$NonfairSync.initialTryLock()Z @ 25 c2
Event: 5.267 Thread 0x00000246c5329100 DEOPT PACKING pc=0x00000246f187551c sp=0x000000c907aff2c0
Event: 5.267 Thread 0x00000246c5329100 DEOPT UNPACKING pc=0x00000246f1244422 sp=0x000000c907aff260 mode 2
Event: 5.396 Thread 0x00000246c53283e0 Uncommon trap: trap_request=0xffffff45 fr.pc=0x00000246f17b5170 relative=0x0000000000000cf0
Event: 5.396 Thread 0x00000246c53283e0 Uncommon trap: reason=unstable_if action=reinterpret pc=0x00000246f17b5170 method=java.io.WinNTFileSystem.resolve(Ljava/lang/String;Ljava/lang/String;)Ljava/lang/String; @ 19 c2
Event: 5.396 Thread 0x00000246c53283e0 DEOPT PACKING pc=0x00000246f17b5170 sp=0x000000c9075fb160
Event: 5.396 Thread 0x00000246c53283e0 DEOPT UNPACKING pc=0x00000246f1244422 sp=0x000000c9075fb0f8 mode 2
Event: 5.398 Thread 0x00000246c53283e0 Uncommon trap: trap_request=0xffffff45 fr.pc=0x00000246f1822290 relative=0x0000000000000630
Event: 5.398 Thread 0x00000246c53283e0 Uncommon trap: reason=unstable_if action=reinterpret pc=0x00000246f1822290 method=java.io.File.getName()Ljava/lang/String; @ 16 c2
Event: 5.398 Thread 0x00000246c53283e0 DEOPT PACKING pc=0x00000246f1822290 sp=0x000000c9075fb120
Event: 5.398 Thread 0x00000246c53283e0 DEOPT UNPACKING pc=0x00000246f1244422 sp=0x000000c9075fb0f0 mode 2
Event: 5.497 Thread 0x00000246c53283e0 Uncommon trap: trap_request=0xffffff45 fr.pc=0x00000246f17ba694 relative=0x00000000000000f4
Event: 5.497 Thread 0x00000246c53283e0 Uncommon trap: reason=unstable_if action=reinterpret pc=0x00000246f17ba694 method=java.util.HashMap.hash(Ljava/lang/Object;)I @ 1 c2
Event: 5.497 Thread 0x00000246c53283e0 DEOPT PACKING pc=0x00000246f17ba694 sp=0x000000c9075fc220
Event: 5.498 Thread 0x00000246c53283e0 DEOPT UNPACKING pc=0x00000246f1244422 sp=0x000000c9075fc160 mode 2

Classes loaded (20 events):
Event: 5.648 Loading class java/lang/invoke/BoundMethodHandle$Species_LLLLLLLLLLLLLLLLLL
Event: 5.648 Loading class java/lang/invoke/BoundMethodHandle$Species_LLLLLLLLLLLLLLLLLL done
Event: 5.651 Loading class java/lang/invoke/BoundMethodHandle$Species_LLLLLLLLLLLLLLLLLLL
Event: 5.651 Loading class java/lang/invoke/BoundMethodHandle$Species_LLLLLLLLLLLLLLLLLLL done
Event: 5.654 Loading class java/lang/invoke/BoundMethodHandle$Species_LLLLLLLLLLLLLLLLLLLL
Event: 5.654 Loading class java/lang/invoke/BoundMethodHandle$Species_LLLLLLLLLLLLLLLLLLLL done
Event: 5.658 Loading class java/lang/invoke/BoundMethodHandle$Species_LLLLLLLLLLLLLLLLLLLLL
Event: 5.658 Loading class java/lang/invoke/BoundMethodHandle$Species_LLLLLLLLLLLLLLLLLLLLL done
Event: 5.661 Loading class java/lang/invoke/BoundMethodHandle$Species_LLLLLLLLLLLLLLLLLLLLLL
Event: 5.661 Loading class java/lang/invoke/BoundMethodHandle$Species_LLLLLLLLLLLLLLLLLLLLLL done
Event: 5.664 Loading class java/lang/invoke/BoundMethodHandle$Species_LLLLLLLLLLLLLLLLLLLLLLL
Event: 5.664 Loading class java/lang/invoke/BoundMethodHandle$Species_LLLLLLLLLLLLLLLLLLLLLLL done
Event: 5.668 Loading class java/lang/invoke/BoundMethodHandle$Species_LLLLLLLLLLLLLLLLLLLLLLLL
Event: 5.668 Loading class java/lang/invoke/BoundMethodHandle$Species_LLLLLLLLLLLLLLLLLLLLLLLL done
Event: 5.815 Loading class java/util/function/LongFunction
Event: 5.815 Loading class java/util/function/LongFunction done
Event: 6.917 Loading class java/security/InvalidKeyException
Event: 6.917 Loading class java/security/KeyException
Event: 6.917 Loading class java/security/KeyException done
Event: 6.917 Loading class java/security/InvalidKeyException done

Classes unloaded (0 events):
No events

Classes redefined (0 events):
No events

Internal exceptions (20 events):
Event: 5.249 Thread 0x00000246c53283e0 Exception <a 'java/lang/NoSuchMethodError'{0x00000000c485e2a8}: 'java.lang.Object java.lang.invoke.DirectMethodHandle$Holder.newInvokeSpecial(java.lang.Object, java.lang.Object, int)'> (0x00000000c485e2a8) 
thrown [s\src\hotspot\share\interpreter\linkResolver.cpp, line 773]
Event: 5.364 Thread 0x00000246c53283e0 Exception <a 'java/lang/NoSuchMethodError'{0x00000000c3fafbc0}: 'java.lang.Object java.lang.invoke.DirectMethodHandle$Holder.invokeVirtual(java.lang.Object, java.lang.Object, java.lang.Object, java.lang.Object, java.lang.Object, java.lang.Object, java.lang.Object, java.lang.Object)'> (0x00000000c3fafbc0) 
thrown [s\src\hotspot\share\interpreter\linkResolver.cpp, line 773]
Event: 5.391 Thread 0x00000246c53283e0 Exception <a 'java/lang/NoSuchMethodError'{0x00000000c3e59f60}: 'java.lang.Object java.lang.invoke.DirectMethodHandle$Holder.invokeVirtual(java.lang.Object, java.lang.Object, java.lang.Object, java.lang.Object, java.lang.Object, java.lang.Object, java.lang.Object, java.lang.Object, java.lang.Object, java.lang.Object)'> (0x00000000c3e59f60) 
thrown [s\src\hotspot\share\interpreter\linkResolver.cpp, line 773]
Event: 5.426 Thread 0x00000246c53283e0 Exception <a 'java/lang/NoSuchMethodError'{0x00000000c3d44ac0}: 'java.lang.Object java.lang.invoke.DirectMethodHandle$Holder.invokeInterface(java.lang.Object, java.lang.Object, java.lang.Object)'> (0x00000000c3d44ac0) 
thrown [s\src\hotspot\share\interpreter\linkResolver.cpp, line 773]
Event: 5.454 Thread 0x00000246c53283e0 Exception <a 'java/lang/NoSuchMethodError'{0x00000000c3c46a48}: 'int java.lang.invoke.DirectMethodHandle$Holder.invokeSpecialIFC(java.lang.Object, java.lang.Object, java.lang.Object, java.lang.Object)'> (0x00000000c3c46a48) 
thrown [s\src\hotspot\share\interpreter\linkResolver.cpp, line 773]
Event: 5.457 Thread 0x00000246c53283e0 Exception <a 'java/lang/IncompatibleClassChangeError'{0x00000000c3c53ea0}: Found class java.lang.Object, but interface was expected> (0x00000000c3c53ea0) 
thrown [s\src\hotspot\share\interpreter\linkResolver.cpp, line 840]
Event: 5.497 Thread 0x00000246c53283e0 Implicit null exception at 0x00000246f17ba5e6 to 0x00000246f17ba68a
Event: 5.533 Thread 0x00000246c53283e0 Exception <a 'java/lang/NoSuchMethodError'{0x00000000c3a4af70}: 'int java.lang.invoke.DirectMethodHandle$Holder.invokeStatic(java.lang.Object, java.lang.Object, java.lang.Object, java.lang.Object)'> (0x00000000c3a4af70) 
thrown [s\src\hotspot\share\interpreter\linkResolver.cpp, line 773]
Event: 5.629 Thread 0x00000246c53283e0 Exception <a 'java/lang/NoSuchMethodError'{0x00000000c38c7bb8}: 'java.lang.Object java.lang.invoke.DelegatingMethodHandle$Holder.reinvoke_L(java.lang.Object, java.lang.Object, java.lang.Object, java.lang.Object, java.lang.Object, java.lang.Object, java.lang.Object, java.lang.Object, java.lang.Object, java.lang.Object, java.lang.Object, java.lang.Object, java.lang.Object, java.lang.Object, java.lang.Object, java.lang.Object, java.lang.Object, java.lang.Object, java.lang.Object, java.lang.Object, java.lang.O
Event: 5.638 Thread 0x00000246c53283e0 Exception <a 'java/lang/NoSuchMethodError'{0x00000000c3737408}: 'java.lang.Object java.lang.invoke.DirectMethodHandle$Holder.invokeStatic(java.lang.Object, java.lang.Object, java.lang.Object, java.lang.Object, java.lang.Object, java.lang.Object, java.lang.Object, java.lang.Object, java.lang.Object, java.lang.Object, java.lang.Object, java.lang.Object, java.lang.Object, java.lang.Object, java.lang.Object, java.lang.Object, java.lang.Object)'> (0x00000000c3737408) 
thrown [s\src\hotspot\share\interpreter\lin
Event: 5.640 Thread 0x00000246c53283e0 Exception <a 'java/lang/NoSuchMethodError'{0x00000000c3760198}: 'java.lang.Object java.lang.invoke.DirectMethodHandle$Holder.invokeStatic(java.lang.Object, java.lang.Object, java.lang.Object, java.lang.Object, java.lang.Object, java.lang.Object, java.lang.Object, java.lang.Object, java.lang.Object, java.lang.Object, java.lang.Object, java.lang.Object, java.lang.Object, java.lang.Object, java.lang.Object, java.lang.Object, java.lang.Object, java.lang.Object)'> (0x00000000c3760198) 
thrown [s\src\hotspot\sha
Event: 5.643 Thread 0x00000246c53283e0 Exception <a 'java/lang/NoSuchMethodError'{0x00000000c378ab60}: 'java.lang.Object java.lang.invoke.DirectMethodHandle$Holder.invokeStatic(java.lang.Object, java.lang.Object, java.lang.Object, java.lang.Object, java.lang.Object, java.lang.Object, java.lang.Object, java.lang.Object, java.lang.Object, java.lang.Object, java.lang.Object, java.lang.Object, java.lang.Object, java.lang.Object, java.lang.Object, java.lang.Object, java.lang.Object, java.lang.Object, java.lang.Object)'> (0x00000000c378ab60) 
thrown 
Event: 5.646 Thread 0x00000246c53283e0 Exception <a 'java/lang/NoSuchMethodError'{0x00000000c37b6220}: 'java.lang.Object java.lang.invoke.DirectMethodHandle$Holder.invokeStatic(java.lang.Object, java.lang.Object, java.lang.Object, java.lang.Object, java.lang.Object, java.lang.Object, java.lang.Object, java.lang.Object, java.lang.Object, java.lang.Object, java.lang.Object, java.lang.Object, java.lang.Object, java.lang.Object, java.lang.Object, java.lang.Object, java.lang.Object, java.lang.Object, java.lang.Object, java.lang.Object)'> (0x00000000
Event: 5.650 Thread 0x00000246c53283e0 Exception <a 'java/lang/NoSuchMethodError'{0x00000000c37e2d18}: 'java.lang.Object java.lang.invoke.DirectMethodHandle$Holder.invokeStatic(java.lang.Object, java.lang.Object, java.lang.Object, java.lang.Object, java.lang.Object, java.lang.Object, java.lang.Object, java.lang.Object, java.lang.Object, java.lang.Object, java.lang.Object, java.lang.Object, java.lang.Object, java.lang.Object, java.lang.Object, java.lang.Object, java.lang.Object, java.lang.Object, java.lang.Object, java.lang.Object, java.lang.Obj
Event: 5.653 Thread 0x00000246c53283e0 Exception <a 'java/lang/NoSuchMethodError'{0x00000000c3610a20}: 'java.lang.Object java.lang.invoke.DirectMethodHandle$Holder.invokeStatic(java.lang.Object, java.lang.Object, java.lang.Object, java.lang.Object, java.lang.Object, java.lang.Object, java.lang.Object, java.lang.Object, java.lang.Object, java.lang.Object, java.lang.Object, java.lang.Object, java.lang.Object, java.lang.Object, java.lang.Object, java.lang.Object, java.lang.Object, java.lang.Object, java.lang.Object, java.lang.Object, java.lang.Obj
Event: 5.656 Thread 0x00000246c53283e0 Exception <a 'java/lang/NoSuchMethodError'{0x00000000c363f558}: 'java.lang.Object java.lang.invoke.DirectMethodHandle$Holder.invokeStatic(java.lang.Object, java.lang.Object, java.lang.Object, java.lang.Object, java.lang.Object, java.lang.Object, java.lang.Object, java.lang.Object, java.lang.Object, java.lang.Object, java.lang.Object, java.lang.Object, java.lang.Object, java.lang.Object, java.lang.Object, java.lang.Object, java.lang.Object, java.lang.Object, java.lang.Object, java.lang.Object, java.lang.Obj
Event: 5.659 Thread 0x00000246c53283e0 Exception <a 'java/lang/NoSuchMethodError'{0x00000000c366ec48}: 'java.lang.Object java.lang.invoke.DirectMethodHandle$Holder.invokeStatic(java.lang.Object, java.lang.Object, java.lang.Object, java.lang.Object, java.lang.Object, java.lang.Object, java.lang.Object, java.lang.Object, java.lang.Object, java.lang.Object, java.lang.Object, java.lang.Object, java.lang.Object, java.lang.Object, java.lang.Object, java.lang.Object, java.lang.Object, java.lang.Object, java.lang.Object, java.lang.Object, java.lang.Obj
Event: 5.663 Thread 0x00000246c53283e0 Exception <a 'java/lang/NoSuchMethodError'{0x00000000c369f610}: 'java.lang.Object java.lang.invoke.DirectMethodHandle$Holder.invokeStatic(java.lang.Object, java.lang.Object, java.lang.Object, java.lang.Object, java.lang.Object, java.lang.Object, java.lang.Object, java.lang.Object, java.lang.Object, java.lang.Object, java.lang.Object, java.lang.Object, java.lang.Object, java.lang.Object, java.lang.Object, java.lang.Object, java.lang.Object, java.lang.Object, java.lang.Object, java.lang.Object, java.lang.Obj
Event: 5.666 Thread 0x00000246c53283e0 Exception <a 'java/lang/NoSuchMethodError'{0x00000000c36d04f8}: 'java.lang.Object java.lang.invoke.DirectMethodHandle$Holder.invokeStatic(java.lang.Object, java.lang.Object, java.lang.Object, java.lang.Object, java.lang.Object, java.lang.Object, java.lang.Object, java.lang.Object, java.lang.Object, java.lang.Object, java.lang.Object, java.lang.Object, java.lang.Object, java.lang.Object, java.lang.Object, java.lang.Object, java.lang.Object, java.lang.Object, java.lang.Object, java.lang.Object, java.lang.Obj
Event: 5.670 Thread 0x00000246c53283e0 Exception <a 'java/lang/NoSuchMethodError'{0x00000000c3504ba8}: 'java.lang.Object java.lang.invoke.DirectMethodHandle$Holder.invokeStatic(java.lang.Object, java.lang.Object, java.lang.Object, java.lang.Object, java.lang.Object, java.lang.Object, java.lang.Object, java.lang.Object, java.lang.Object, java.lang.Object, java.lang.Object, java.lang.Object, java.lang.Object, java.lang.Object, java.lang.Object, java.lang.Object, java.lang.Object, java.lang.Object, java.lang.Object, java.lang.Object, java.lang.Obj

ZGC Phase Switch (0 events):
No events

VM Operations (20 events):
Event: 3.668 Executing non-safepoint VM operation: HandshakeAllThreads (Deoptimize)
Event: 3.668 Executing non-safepoint VM operation: HandshakeAllThreads (Deoptimize) done
Event: 3.758 Executing non-safepoint VM operation: HandshakeAllThreads (Deoptimize)
Event: 3.758 Executing non-safepoint VM operation: HandshakeAllThreads (Deoptimize) done
Event: 4.221 Executing non-safepoint VM operation: HandshakeAllThreads (Deoptimize)
Event: 4.221 Executing non-safepoint VM operation: HandshakeAllThreads (Deoptimize) done
Event: 4.221 Executing safepoint VM operation: Cleanup
Event: 4.221 Executing safepoint VM operation: Cleanup done
Event: 5.223 Executing safepoint VM operation: Cleanup
Event: 5.224 Executing safepoint VM operation: Cleanup done
Event: 5.246 Executing non-safepoint VM operation: HandshakeAllThreads (Deoptimize)
Event: 5.246 Executing non-safepoint VM operation: HandshakeAllThreads (Deoptimize) done
Event: 5.680 Executing non-safepoint VM operation: HandshakeAllThreads (Deoptimize)
Event: 5.680 Executing non-safepoint VM operation: HandshakeAllThreads (Deoptimize) done
Event: 5.681 Executing non-safepoint VM operation: HandshakeAllThreads (Deoptimize)
Event: 5.681 Executing non-safepoint VM operation: HandshakeAllThreads (Deoptimize) done
Event: 5.880 Executing safepoint VM operation: G1CollectForAllocation (G1 Evacuation Pause)
Event: 5.892 Executing safepoint VM operation: G1CollectForAllocation (G1 Evacuation Pause) done
Event: 7.906 Executing safepoint VM operation: Cleanup
Event: 7.906 Executing safepoint VM operation: Cleanup done

Memory protections (0 events):
No events

Nmethod flushes (0 events):
No events

Events (20 events):
Event: 0.221 Thread 0x00000246e6af39e0 Thread added: 0x00000246fd1912e0
Event: 0.221 Thread 0x00000246e6af39e0 Thread added: 0x00000246fd193a30
Event: 0.222 Thread 0x00000246e6af39e0 Thread added: 0x00000246fd195200
Event: 0.222 Thread 0x00000246e6af39e0 Thread added: 0x00000246fe1a8090
Event: 0.222 Thread 0x00000246e6af39e0 Thread added: 0x00000246fe1a9760
Event: 0.313 Thread 0x00000246e6af39e0 Thread added: 0x00000246fd196c40
Event: 0.368 Thread 0x00000246e6af39e0 Thread added: 0x00000246fd195890
Event: 3.339 Thread 0x00000246e6af39e0 Thread added: 0x00000246fd1944e0
Event: 4.050 Thread 0x00000246e6af39e0 Thread added: 0x00000246fd197960
Event: 4.192 Thread 0x00000246e6af39e0 Thread added: 0x00000246fd195f20
Event: 4.319 Thread 0x00000246fd197960 Thread added: 0x00000246fd194b70
Event: 4.324 Thread 0x00000246fd194b70 Thread added: 0x00000246fd1972d0
Event: 4.402 Thread 0x00000246fd194b70 Thread added: 0x00000246c5328a70
Event: 4.417 Thread 0x00000246fd194b70 Thread added: 0x00000246c53283e0
Event: 4.439 Thread 0x00000246c53283e0 Thread added: 0x00000246c5327030
Event: 4.447 Thread 0x00000246c53283e0 Thread added: 0x00000246c5327d50
Event: 4.451 Thread 0x00000246c53283e0 Thread added: 0x00000246c53276c0
Event: 5.246 Thread 0x00000246c53283e0 Thread added: 0x00000246c53255f0
Event: 5.266 Thread 0x00000246c53283e0 Thread added: 0x00000246c5329100
Event: 5.326 Thread 0x00000246c53283e0 Thread added: 0x00000246c5325c80


Dynamic libraries:
0x00007ff7ff300000 - 0x00007ff7ff30e000 	C:\Users\HP\.trae\extensions\redhat.java-1.54.0-win32-x64\jre\21.0.10-win32-x86_64\bin\java.exe
0x00007ffd58e20000 - 0x00007ffd59087000 	C:\WINDOWS\SYSTEM32\ntdll.dll
0x00007ffd578d0000 - 0x00007ffd57999000 	C:\WINDOWS\System32\KERNEL32.DLL
0x00007ffd55b40000 - 0x00007ffd55f37000 	C:\WINDOWS\System32\KERNELBASE.dll
0x00007ffd569a0000 - 0x00007ffd56aeb000 	C:\WINDOWS\System32\ucrtbase.dll
0x00007ffd17880000 - 0x00007ffd17898000 	C:\Users\HP\.trae\extensions\redhat.java-1.54.0-win32-x64\jre\21.0.10-win32-x86_64\bin\jli.dll
0x00007ffd56d70000 - 0x00007ffd56f36000 	C:\WINDOWS\System32\USER32.dll
0x00007ffd55f40000 - 0x00007ffd55f67000 	C:\WINDOWS\System32\win32u.dll
0x00007ffd57810000 - 0x00007ffd5783b000 	C:\WINDOWS\System32\GDI32.dll
0x00007ffd56870000 - 0x00007ffd5699c000 	C:\WINDOWS\System32\gdi32full.dll
0x00007ffd56af0000 - 0x00007ffd56b93000 	C:\WINDOWS\System32\msvcp_win.dll
0x00007ffd17740000 - 0x00007ffd1775e000 	C:\Users\HP\.trae\extensions\redhat.java-1.54.0-win32-x64\jre\21.0.10-win32-x86_64\bin\VCRUNTIME140.dll
0x00007ffd3ab10000 - 0x00007ffd3ada2000 	C:\WINDOWS\WinSxS\amd64_microsoft.windows.common-controls_6595b64144ccf1df_6.0.26100.8457_none_3e0b2faee331e92d\COMCTL32.dll
0x00007ffd58d30000 - 0x00007ffd58dd9000 	C:\WINDOWS\System32\msvcrt.dll
0x00007ffd582c0000 - 0x00007ffd582f2000 	C:\WINDOWS\System32\IMM32.DLL
0x00007ffd366e0000 - 0x00007ffd3683e000 	C:\Program Files (x86)\Citrix\ICA Client\ctxapclient64.dll
0x00007ffd57c40000 - 0x00007ffd57fc3000 	C:\WINDOWS\System32\combase.dll
0x00007ffd58b10000 - 0x00007ffd58c28000 	C:\WINDOWS\System32\RPCRT4.dll
0x00007ffd4e7f0000 - 0x00007ffd4e7fb000 	C:\WINDOWS\SYSTEM32\VERSION.dll
0x00007ffd55740000 - 0x00007ffd5576a000 	C:\WINDOWS\SYSTEM32\bcrypt.dll
0x00007ffd579a0000 - 0x00007ffd57a47000 	C:\WINDOWS\System32\sechost.dll
0x00007ffd56f40000 - 0x00007ffd56ff6000 	C:\WINDOWS\System32\ADVAPI32.dll
0x00007ffd54700000 - 0x00007ffd54736000 	C:\WINDOWS\SYSTEM32\ntmarta.dll
0x00007ffd55850000 - 0x00007ffd558f8000 	C:\WINDOWS\System32\bcryptprimitives.dll
0x00007ffd2c920000 - 0x00007ffd2c92c000 	C:\Users\HP\.trae\extensions\redhat.java-1.54.0-win32-x64\jre\21.0.10-win32-x86_64\bin\vcruntime140_1.dll
0x00007ffd08940000 - 0x00007ffd089cd000 	C:\Users\HP\.trae\extensions\redhat.java-1.54.0-win32-x64\jre\21.0.10-win32-x86_64\bin\msvcp140.dll
0x00007ffc2e750000 - 0x00007ffc2f4f1000 	C:\Users\HP\.trae\extensions\redhat.java-1.54.0-win32-x64\jre\21.0.10-win32-x86_64\bin\server\jvm.dll
0x00007ffd57bb0000 - 0x00007ffd57c30000 	C:\WINDOWS\System32\WS2_32.dll
0x00007ffd556d0000 - 0x00007ffd5572e000 	C:\WINDOWS\SYSTEM32\POWRPROF.dll
0x00007ffd4d900000 - 0x00007ffd4d936000 	C:\WINDOWS\SYSTEM32\WINMM.dll
0x00007ffd556b0000 - 0x00007ffd556c4000 	C:\WINDOWS\SYSTEM32\UMPDC.dll
0x00007ffd545c0000 - 0x00007ffd545db000 	C:\WINDOWS\SYSTEM32\kernel.appcore.dll
0x00007ffd27520000 - 0x00007ffd2752a000 	C:\Users\HP\.trae\extensions\redhat.java-1.54.0-win32-x64\jre\21.0.10-win32-x86_64\bin\jimage.dll
0x00007ffd48fa0000 - 0x00007ffd491e2000 	C:\WINDOWS\SYSTEM32\DBGHELP.DLL
0x00007ffd56c90000 - 0x00007ffd56d69000 	C:\WINDOWS\System32\OLEAUT32.dll
0x00007ffd38f00000 - 0x00007ffd38f3b000 	C:\WINDOWS\SYSTEM32\dbgcore.DLL
0x00007ffd42120000 - 0x00007ffd4212f000 	C:\Users\HP\.trae\extensions\redhat.java-1.54.0-win32-x64\jre\21.0.10-win32-x86_64\bin\instrument.dll
0x00007ffd17560000 - 0x00007ffd17580000 	C:\Users\HP\.trae\extensions\redhat.java-1.54.0-win32-x64\jre\21.0.10-win32-x86_64\bin\java.dll
0x00000246fd1b0000 - 0x00000246fd91e000 	C:\WINDOWS\System32\SHELL32.dll
0x00000246fd930000 - 0x00000246fe19c000 	C:\WINDOWS\System32\windows.storage.dll
0x00007ffd58c30000 - 0x00007ffd58d26000 	C:\WINDOWS\System32\SHCORE.dll
0x00007ffd577a0000 - 0x00007ffd57806000 	C:\WINDOWS\System32\shlwapi.dll
0x00007ffd55770000 - 0x00007ffd55799000 	C:\WINDOWS\SYSTEM32\profapi.dll
0x00007ffd17510000 - 0x00007ffd17528000 	C:\Users\HP\.trae\extensions\redhat.java-1.54.0-win32-x64\jre\21.0.10-win32-x86_64\bin\zip.dll
0x00007ffd27510000 - 0x00007ffd27520000 	C:\Users\HP\.trae\extensions\redhat.java-1.54.0-win32-x64\jre\21.0.10-win32-x86_64\bin\net.dll
0x00007ffd4dfd0000 - 0x00007ffd4e0f9000 	C:\WINDOWS\SYSTEM32\WINHTTP.dll
0x00007ffd54b50000 - 0x00007ffd54bbc000 	C:\WINDOWS\system32\mswsock.dll
0x00007ffd16dc0000 - 0x00007ffd16dd6000 	C:\Users\HP\.trae\extensions\redhat.java-1.54.0-win32-x64\jre\21.0.10-win32-x86_64\bin\nio.dll
0x00007ffd42110000 - 0x00007ffd42120000 	C:\Users\HP\.trae\extensions\redhat.java-1.54.0-win32-x64\jre\21.0.10-win32-x86_64\bin\verify.dll
0x00007ffd28170000 - 0x00007ffd28197000 	C:\Users\HP\.gradle\native\1def1411415f61bf3af743bc5b6707747c0891f09f0c88961ee8f79bc544acac\windows-amd64\native-platform.dll
0x00007ffcb3560000 - 0x00007ffcb35d8000 	C:\Users\HP\.gradle\native\0.2.7\x86_64-windows-gnu\gradle-fileevents.dll
0x00007ffd37950000 - 0x00007ffd3795a000 	C:\Users\HP\.trae\extensions\redhat.java-1.54.0-win32-x64\jre\21.0.10-win32-x86_64\bin\management.dll
0x00007ffd37940000 - 0x00007ffd3794c000 	C:\Users\HP\.trae\extensions\redhat.java-1.54.0-win32-x64\jre\21.0.10-win32-x86_64\bin\management_ext.dll
0x00007ffd57fd0000 - 0x00007ffd57fd8000 	C:\WINDOWS\System32\PSAPI.DLL
0x00007ffd53fa0000 - 0x00007ffd53fd2000 	C:\WINDOWS\SYSTEM32\IPHLPAPI.DLL
0x00007ffd56ba0000 - 0x00007ffd56baa000 	C:\WINDOWS\System32\NSI.dll
0x00007ffd42130000 - 0x00007ffd42139000 	C:\Users\HP\.trae\extensions\redhat.java-1.54.0-win32-x64\jre\21.0.10-win32-x86_64\bin\extnet.dll
0x00007ffd54e30000 - 0x00007ffd54e4b000 	C:\WINDOWS\SYSTEM32\CRYPTSP.dll
0x00007ffd54520000 - 0x00007ffd54559000 	C:\WINDOWS\system32\rsaenh.dll
0x00007ffd54c00000 - 0x00007ffd54c33000 	C:\WINDOWS\SYSTEM32\USERENV.dll
0x00007ffd54e50000 - 0x00007ffd54e5c000 	C:\WINDOWS\SYSTEM32\CRYPTBASE.dll
0x00007ffd42140000 - 0x00007ffd4214e000 	C:\Users\HP\.trae\extensions\redhat.java-1.54.0-win32-x64\jre\21.0.10-win32-x86_64\bin\sunmscapi.dll
0x00007ffd559c0000 - 0x00007ffd55b38000 	C:\WINDOWS\System32\CRYPT32.dll
0x00007ffd55050000 - 0x00007ffd55080000 	C:\WINDOWS\SYSTEM32\ncrypt.dll
0x00007ffd55000000 - 0x00007ffd5503f000 	C:\WINDOWS\SYSTEM32\NTASN1.dll
0x00007ffd27420000 - 0x00007ffd27428000 	C:\WINDOWS\system32\wshunix.dll

JVMTI agents:
C:\Users\HP\.gradle\wrapper\dists\gradle-8.13-bin\5xuhj0ry160q40clulazy9h7d\gradle-8.13\lib\agents\gradle-instrumentation-agent-8.13.jar path:C:\Users\HP\.trae\extensions\redhat.java-1.54.0-win32-x64\jre\21.0.10-win32-x86_64\bin\instrument.dll, loaded, initialized, instrumentlib options:none

dbghelp: loaded successfully - version: 4.0.5 - missing functions: none
symbol engine: initialized successfully - sym options: 0x614 - pdb path: .;C:\Users\HP\.trae\extensions\redhat.java-1.54.0-win32-x64\jre\21.0.10-win32-x86_64\bin;C:\WINDOWS\SYSTEM32;C:\WINDOWS\WinSxS\amd64_microsoft.windows.common-controls_6595b64144ccf1df_6.0.26100.8457_none_3e0b2faee331e92d;C:\Program Files (x86)\Citrix\ICA Client;C:\Users\HP\.trae\extensions\redhat.java-1.54.0-win32-x64\jre\21.0.10-win32-x86_64\bin\server;C:\Users\HP\.gradle\native\1def1411415f61bf3af743bc5b6707747c0891f09f0c88961ee8f79bc544acac\windows-amd64;C:\Users\HP\.gradle\native\0.2.7\x86_64-windows-gnu

VM Arguments:
jvm_args: --add-opens=java.base/java.lang=ALL-UNNAMED --add-opens=java.base/java.lang.invoke=ALL-UNNAMED --add-opens=java.base/java.util=ALL-UNNAMED --add-opens=java.prefs/java.util.prefs=ALL-UNNAMED --add-exports=jdk.compiler/com.sun.tools.javac.api=ALL-UNNAMED --add-exports=jdk.compiler/com.sun.tools.javac.util=ALL-UNNAMED --add-opens=java.base/java.util=ALL-UNNAMED --add-opens=java.prefs/java.util.prefs=ALL-UNNAMED --add-opens=java.base/java.nio.charset=ALL-UNNAMED --add-opens=java.base/java.net=ALL-UNNAMED --add-opens=java.base/java.util.concurrent.atomic=ALL-UNNAMED --add-opens=java.xml/javax.xml.namespace=ALL-UNNAMED -Xmx1024m -Dfile.encoding=UTF-8 -Duser.country=IN -Duser.language=en -Duser.variant -javaagent:C:\Users\HP\.gradle\wrapper\dists\gradle-8.13-bin\5xuhj0ry160q40clulazy9h7d\gradle-8.13\lib\agents\gradle-instrumentation-agent-8.13.jar 
java_command: org.gradle.launcher.daemon.bootstrap.GradleDaemon 8.13
java_class_path (initial): C:\Users\HP\.gradle\wrapper\dists\gradle-8.13-bin\5xuhj0ry160q40clulazy9h7d\gradle-8.13\lib\gradle-daemon-main-8.13.jar
Launcher Type: SUN_STANDARD

[Global flags]
     intx CICompilerCount                          = 4                                         {product} {ergonomic}
     uint ConcGCThreads                            = 3                                         {product} {ergonomic}
     uint G1ConcRefinementThreads                  = 10                                        {product} {ergonomic}
   size_t G1HeapRegionSize                         = 1048576                                   {product} {ergonomic}
    uintx GCDrainStackTargetSize                   = 64                                        {product} {ergonomic}
   size_t InitialHeapSize                          = 123731968                                 {product} {ergonomic}
   size_t MarkStackSize                            = 4194304                                   {product} {ergonomic}
   size_t MaxHeapSize                              = 1073741824                                {product} {command line}
   size_t MaxNewSize                               = 643825664                                 {product} {ergonomic}
   size_t MinHeapDeltaBytes                        = 1048576                                   {product} {ergonomic}
   size_t MinHeapSize                              = 8388608                                   {product} {ergonomic}
    uintx NonNMethodCodeHeapSize                   = 5839372                                {pd product} {ergonomic}
    uintx NonProfiledCodeHeapSize                  = 122909434                              {pd product} {ergonomic}
    uintx ProfiledCodeHeapSize                     = 122909434                              {pd product} {ergonomic}
    uintx ReservedCodeCacheSize                    = 251658240                              {pd product} {ergonomic}
     bool SegmentedCodeCache                       = true                                      {product} {ergonomic}
   size_t SoftMaxHeapSize                          = 1073741824                             {manageable} {ergonomic}
     bool UseCompressedOops                        = true                           {product lp64_product} {ergonomic}
     bool UseG1GC                                  = true                                      {product} {ergonomic}
     bool UseLargePagesIndividualAllocation        = false                                  {pd product} {ergonomic}

Logging:
Log output configuration:
 #0: stdout all=warning uptime,level,tags foldmultilines=false
 #1: stderr all=off uptime,level,tags foldmultilines=false

Release file:
JAVA_VERSION="21.0.10" 
MODULES="java.base java.compiler java.datatransfer java.xml java.prefs java.desktop java.instrument java.logging java.management java.security.sasl java.naming java.rmi java.management.rmi java.net.http java.scripting java.security.jgss java.transaction.xa java.sql java.sql.rowset java.xml.crypto java.se java.smartcardio jdk.accessibility jdk.internal.jvmstat jdk.attach jdk.charsets jdk.internal.opt jdk.zipfs jdk.compiler jdk.crypto.ec jdk.crypto.cryptoki jdk.crypto.mscapi jdk.dynalink jdk.internal.ed jdk.editpad jdk.hotspot.agent jdk.httpserver jdk.internal.le jdk.internal.vm.ci jdk.internal.vm.compiler jdk.internal.vm.compiler.management jdk.jartool jdk.javadoc jdk.jcmd jdk.management jdk.management.agent jdk.jconsole jdk.jdeps jdk.jdwp.agent jdk.jdi jdk.jfr jdk.jshell jdk.jsobject jdk.jstatd jdk.localedata jdk.management.jfr jdk.naming.dns jdk.naming.rmi jdk.net jdk.nio.mapmode jdk.random jdk.sctp jdk.security.auth jdk.security.jgss jdk.unsupported jdk.unsupported.desktop jdk.xml.dom" 

Environment Variables:
PATH=c:\Users\HP\.trae\tools\trae-gopls\current;c:\Users\HP\.trae\sdks\workspaces\0ba70f6d\versions\node\current;c:\Users\HP\.trae\sdks\versions\node\current;C:\Program Files\Common Files\Oracle\Java\javapath;C:\WINDOWS\system32;C:\WINDOWS;C:\WINDOWS\System32\Wbem;C:\WINDOWS\System32\WindowsPowerShell\v1.0\;C:\WINDOWS\System32\OpenSSH\;C:\Program Files\Git\cmd;c:\Users\HP\AppData\Local\Programs\cursor\resources\app\bin;C:\Program Files (x86)\Microsoft SQL Server\170\Tools\Binn\;C:\Program Files\Microsoft SQL Server\170\Tools\Binn\;C:\Program Files\Microsoft SQL Server\Client SDK\ODBC\180\Tools\Binn\;C:\Program Files\Microsoft SQL Server\170\DTS\Binn\;C:\Program Files\nodejs\;C:\Users\HP\AppData\Local\Programs\Python\Python311\Scripts\;C:\Users\HP\AppData\Local\Programs\Python\Python311\;C:\Users\HP\AppData\Local\Programs\Python\Python313\Scripts\;C:\Users\HP\AppData\Local\Programs\Python\Python313\;C:\Users\HP\AppData\Local\Programs\Python\Launcher\;C:\Users\HP\AppData\Local\Microsoft\WindowsApps;C:\Users\HP\AppData\Local\Programs\Microsoft VS Code\bin;C:\Users\HP\AppData\Local\Microsoft\WinGet\Packages\Gyan.FFmpeg_Microsoft.Winget.Source_8wekyb3d8bbwe\ffmpeg-8.0.1-full_build\bin;C:\Users\HP\AppData\Local\PowerToys\DSCModules\;C:\Users\HP\AppData\Roaming\npm;C:\Users\HP\AppData\Local\Programs\Antigravity IDE\bin;c:\Users\HP\AppData\Local\Programs\Trae\resources\app\bin\lib
USERNAME=HP
OS=Windows_NT
PROCESSOR_IDENTIFIER=AMD64 Family 25 Model 80 Stepping 0, AuthenticAMD
TMP=C:\Users\HP\AppData\Local\Temp
TEMP=C:\Users\HP\AppData\Local\Temp




Periodic native trim disabled

---------------  S Y S T E M  ---------------

OS:
 Windows 11 , 64 bit Build 26100 (10.0.26100.8328)
OS uptime: 1 days 11:12 hours
Hyper-V role detected

CPU: total 12 (initial active 12) (12 cores per cpu, 2 threads per core) family 25 model 80 stepping 0 microcode 0xa50000f, cx8, cmov, fxsr, ht, mmx, 3dnowpref, sse, sse2, sse3, ssse3, sse4a, sse4.1, sse4.2, popcnt, lzcnt, tsc, tscinvbit, avx, avx2, aes, erms, clmul, bmi1, bmi2, adx, sha, fma, vzeroupper, clflush, clflushopt, hv, rdtscp, rdpid, fsrm, f16c, cet_ss
Processor Information for the first 12 processors :
  Max Mhz: 3301, Current Mhz: 1908, Mhz Limit: 3301

Memory: 4k page, system-wide physical 7521M (229M free)
TotalPageFile size 31073M (AvailPageFile size 6M)
current process WorkingSet (physical memory assigned to process): 195M, peak: 209M
current process commit charge ("private bytes"): 276M, peak: 280M

vm_info: OpenJDK 64-Bit Server VM (21.0.10+7-LTS) for windows-amd64 JRE (21.0.10+7-LTS), built on 2026-01-20T00:00:00Z by "admin" with MS VC++ 17.12 (VS2022)

END.
