#
# There is insufficient memory for the Java Runtime Environment to continue.
# Native memory allocation (malloc) failed to allocate 1386016 bytes. Error detail: Chunk::new
# Possible reasons:
#   The system is out of physical RAM or swap space
#   This process is running with CompressedOops enabled, and the Java Heap may be blocking the growth of the native heap
# Possible solutions:
#   Reduce memory load on the system
#   Increase physical memory or swap space
#   Check if swap backing store is full
#   Decrease Java heap size (-Xmx/-Xms)
#   Decrease number of Java threads
#   Decrease Java thread stack sizes (-Xss)
#   Set larger code cache with -XX:ReservedCodeCacheSize=
#   JVM is running with Unscaled Compressed Oops mode in which the Java heap is
#     placed in the first 4GB address space. The Java Heap base address is the
#     maximum limit for the native heap growth. Please use -XX:HeapBaseMinAddress
#     to set the Java Heap base and to place the Java Heap above 4GB virtual address.
# This output file may be truncated or incomplete.
#
#  Out of Memory Error (arena.cpp:168), pid=34192, tid=34484
#
# JRE version: OpenJDK Runtime Environment Temurin-21.0.10+7 (21.0.10+7) (build 21.0.10+7-LTS)
# Java VM: OpenJDK 64-Bit Server VM Temurin-21.0.10+7 (21.0.10+7-LTS, mixed mode, sharing, tiered, compressed oops, compressed class ptrs, g1 gc, windows-amd64)
# No core dump will be written. Minidumps are not enabled by default on client versions of Windows
#

---------------  S U M M A R Y ------------

Command Line: --add-opens=java.base/java.lang=ALL-UNNAMED --add-opens=java.base/java.lang.invoke=ALL-UNNAMED --add-opens=java.base/java.util=ALL-UNNAMED --add-opens=java.prefs/java.util.prefs=ALL-UNNAMED --add-exports=jdk.compiler/com.sun.tools.javac.api=ALL-UNNAMED --add-exports=jdk.compiler/com.sun.tools.javac.util=ALL-UNNAMED --add-opens=java.base/java.util=ALL-UNNAMED --add-opens=java.prefs/java.util.prefs=ALL-UNNAMED --add-opens=java.base/java.nio.charset=ALL-UNNAMED --add-opens=java.base/java.net=ALL-UNNAMED --add-opens=java.base/java.util.concurrent.atomic=ALL-UNNAMED --add-opens=java.xml/javax.xml.namespace=ALL-UNNAMED -Xmx1024m -Dfile.encoding=UTF-8 -Duser.country=IN -Duser.language=en -Duser.variant -javaagent:C:\Users\HP\.gradle\wrapper\dists\gradle-8.13-bin\5xuhj0ry160q40clulazy9h7d\gradle-8.13\lib\agents\gradle-instrumentation-agent-8.13.jar org.gradle.launcher.daemon.bootstrap.GradleDaemon 8.13

Host: AMD Ryzen 5 5600H with Radeon Graphics         , 12 cores, 7G,  Windows 11 , 64 bit Build 26100 (10.0.26100.8328)
Time: Thu May 28 00:48:26 2026 India Standard Time elapsed time: 34.820882 seconds (0d 0h 0m 34s)

---------------  T H R E A D  ---------------

Current thread (0x000002d31e56ebd0):  JavaThread "C2 CompilerThread0" daemon [_thread_in_native, id=34484, stack(0x000000f92af00000,0x000000f92b000000) (1024K)]


Current CompileTask:
C2:34821 11593 %     4       org.gradle.internal.instantiation.generator.AbstractClassGenerator::inspectType @ 77 (602 bytes)

Stack: [0x000000f92af00000,0x000000f92b000000]
Native frames: (J=compiled Java code, j=interpreted, Vv=VM code, C=native code)
V  [jvm.dll+0x6d7a39]
V  [jvm.dll+0x8b4b26]
V  [jvm.dll+0x8b70de]
V  [jvm.dll+0x8b77c3]
V  [jvm.dll+0x284346]
V  [jvm.dll+0xc66ed]
V  [jvm.dll+0xc6c31]
V  [jvm.dll+0x3bec3b]
V  [jvm.dll+0x1e3f69]
V  [jvm.dll+0x24c6b3]
V  [jvm.dll+0x24bb40]
V  [jvm.dll+0x1cb34e]
V  [jvm.dll+0x25b85d]
V  [jvm.dll+0x259dea]
V  [jvm.dll+0x3f857e]
V  [jvm.dll+0x85f59d]
V  [jvm.dll+0x6d626d]
C  [ucrtbase.dll+0x37b0]
C  [KERNEL32.DLL+0x2e957]
C  [ntdll.dll+0x427c]


---------------  P R O C E S S  ---------------

Threads class SMR info:
_java_thread_list=0x000002d3683fd870, length=68, elements={
0x000002d30597a8a0, 0x000002d31e5547d0, 0x000002d31e555f50, 0x000002d31e55bf60,
0x000002d31e55d9d0, 0x000002d31e55f150, 0x000002d31e560a00, 0x000002d31e56ebd0,
0x000002d364890090, 0x000002d364a38bd0, 0x000002d364abc6f0, 0x000002d366313ec0,
0x000002d3662cc030, 0x000002d3663a3320, 0x000002d3663526f0, 0x000002d3663888b0,
0x000002d365606690, 0x000002d365606d00, 0x000002d3663696b0, 0x000002d36636b0f0,
0x000002d36636a3d0, 0x000002d36636aa60, 0x000002d366369d40, 0x000002d36636b780,
0x000002d36636be10, 0x000002d366369020, 0x000002d368836d00, 0x000002d368839af0,
0x000002d368837390, 0x000002d36883a180, 0x000002d3688380b0, 0x000002d368838dd0,
0x000002d3682b7ee0, 0x000002d3682b71c0, 0x000002d36940a180, 0x000002d369409460,
0x000002d369408740, 0x000002d369408dd0, 0x000002d3694080b0, 0x000002d369407a20,
0x000002d369409af0, 0x000002d36940a810, 0x000002d369407390, 0x000002d36bb06800,
0x000002d36bb05ae0, 0x000002d36bb07bb0, 0x000002d36bb088d0, 0x000002d36bb06e90,
0x000002d36bb05450, 0x000002d36bb07520, 0x000002d36bb08240, 0x000002d36bb08f60,
0x000002d36bb095f0, 0x000002d36bb06170, 0x000002d36bb0ca70, 0x000002d36bb09c80,
0x000002d36bb0b6c0, 0x000002d36bb0a9a0, 0x000002d36bb0c3e0, 0x000002d36bb0a310,
0x000002d36bb0b030, 0x000002d36ab8ad30, 0x000002d36ab8c0e0, 0x000002d36ab8d490,
0x000002d36ab8b3c0, 0x000002d36ab8a010, 0x000002d36ab8db20, 0x000002d36ab8c770
}

Java Threads: ( => current thread )
  0x000002d30597a8a0 JavaThread "main"                              [_thread_blocked, id=19560, stack(0x000000f92a000000,0x000000f92a100000) (1024K)]
  0x000002d31e5547d0 JavaThread "Reference Handler"          daemon [_thread_blocked, id=39332, stack(0x000000f92a900000,0x000000f92aa00000) (1024K)]
  0x000002d31e555f50 JavaThread "Finalizer"                  daemon [_thread_blocked, id=2780, stack(0x000000f92aa00000,0x000000f92ab00000) (1024K)]
  0x000002d31e55bf60 JavaThread "Signal Dispatcher"          daemon [_thread_blocked, id=39056, stack(0x000000f92ab00000,0x000000f92ac00000) (1024K)]
  0x000002d31e55d9d0 JavaThread "Attach Listener"            daemon [_thread_blocked, id=16052, stack(0x000000f92ac00000,0x000000f92ad00000) (1024K)]
  0x000002d31e55f150 JavaThread "Service Thread"             daemon [_thread_blocked, id=4844, stack(0x000000f92ad00000,0x000000f92ae00000) (1024K)]
  0x000002d31e560a00 JavaThread "Monitor Deflation Thread"   daemon [_thread_blocked, id=31868, stack(0x000000f92ae00000,0x000000f92af00000) (1024K)]
=>0x000002d31e56ebd0 JavaThread "C2 CompilerThread0"         daemon [_thread_in_native, id=34484, stack(0x000000f92af00000,0x000000f92b000000) (1024K)]
  0x000002d364890090 JavaThread "C1 CompilerThread0"         daemon [_thread_blocked, id=14020, stack(0x000000f92b000000,0x000000f92b100000) (1024K)]
  0x000002d364a38bd0 JavaThread "Common-Cleaner"             daemon [_thread_blocked, id=428, stack(0x000000f92b100000,0x000000f92b200000) (1024K)]
  0x000002d364abc6f0 JavaThread "Notification Thread"        daemon [_thread_blocked, id=39044, stack(0x000000f92b200000,0x000000f92b300000) (1024K)]
  0x000002d366313ec0 JavaThread "Daemon health stats"               [_thread_blocked, id=29688, stack(0x000000f92b900000,0x000000f92ba00000) (1024K)]
  0x000002d3662cc030 JavaThread "Incoming local TCP Connector on port 57104"        [_thread_in_native, id=31792, stack(0x000000f92ba00000,0x000000f92bb00000) (1024K)]
  0x000002d3663a3320 JavaThread "Daemon periodic checks"            [_thread_blocked, id=16856, stack(0x000000f92bb00000,0x000000f92bc00000) (1024K)]
  0x000002d3663526f0 JavaThread "Daemon"                            [_thread_blocked, id=39024, stack(0x000000f92bc00000,0x000000f92bd00000) (1024K)]
  0x000002d3663888b0 JavaThread "Handler for socket connection from /127.0.0.1:57104 to /127.0.0.1:57105"        [_thread_in_native, id=38280, stack(0x000000f92bd00000,0x000000f92be00000) (1024K)]
  0x000002d365606690 JavaThread "Cancel handler"                    [_thread_blocked, id=19584, stack(0x000000f92be00000,0x000000f92bf00000) (1024K)]
  0x000002d365606d00 JavaThread "Daemon worker"                     [_thread_in_vm, id=18140, stack(0x000000f92bf00000,0x000000f92c000000) (1024K)]
  0x000002d3663696b0 JavaThread "Asynchronous log dispatcher for DefaultDaemonConnection: socket connection from /127.0.0.1:57104 to /127.0.0.1:57105"        [_thread_blocked, id=28952, stack(0x000000f92c000000,0x000000f92c100000) (1024K)]
  0x000002d36636b0f0 JavaThread "Stdin handler"                     [_thread_blocked, id=36432, stack(0x000000f92c100000,0x000000f92c200000) (1024K)]
  0x000002d36636a3d0 JavaThread "Daemon client event forwarder"        [_thread_blocked, id=21592, stack(0x000000f92c200000,0x000000f92c300000) (1024K)]
  0x000002d36636aa60 JavaThread "Cache worker for journal cache (C:\Users\HP\.gradle\caches\journal-1)"        [_thread_blocked, id=39540, stack(0x000000f92c300000,0x000000f92c400000) (1024K)]
  0x000002d366369d40 JavaThread "File lock request listener"        [_thread_in_native, id=36676, stack(0x000000f92c400000,0x000000f92c500000) (1024K)]
  0x000002d36636b780 JavaThread "File lock release action executor"        [_thread_blocked, id=23132, stack(0x000000f92c500000,0x000000f92c600000) (1024K)]
  0x000002d36636be10 JavaThread "Cache worker for file hash cache (C:\Users\HP\.gradle\caches\8.13\fileHashes)"        [_thread_blocked, id=19376, stack(0x000000f92c600000,0x000000f92c700000) (1024K)]
  0x000002d366369020 JavaThread "Cache worker for file hash cache (C:\Users\HP\Documents\Application_developement\Doctor_patient\Android app\Hospiq\.gradle\8.13\fileHashes)"        [_thread_blocked, id=31416, stack(0x000000f92cd00000,0x000000f92ce00000) (1024K)]
  0x000002d368836d00 JavaThread "Cache worker for Build Output Cleanup Cache (C:\Users\HP\Documents\Application_developement\Doctor_patient\Android app\Hospiq\.gradle\buildOutputCleanup)"        [_thread_blocked, id=39796, stack(0x000000f92ce00000,0x000000f92cf00000) (1024K)]
  0x000002d368839af0 JavaThread "File watcher server"        daemon [_thread_in_native, id=31532, stack(0x000000f92cf00000,0x000000f92d000000) (1024K)]
  0x000002d368837390 JavaThread "File watcher consumer"      daemon [_thread_blocked, id=6600, stack(0x000000f92d000000,0x000000f92d100000) (1024K)]
  0x000002d36883a180 JavaThread "Cache worker for checksums cache (C:\Users\HP\Documents\Application_developement\Doctor_patient\Android app\Hospiq\.gradle\8.13\checksums)"        [_thread_blocked, id=14620, stack(0x000000f92d100000,0x000000f92d200000) (1024K)]
  0x000002d3688380b0 JavaThread "Cache worker for file content cache (C:\Users\HP\.gradle\caches\8.13\fileContent)"        [_thread_blocked, id=3120, stack(0x000000f92d200000,0x000000f92d300000) (1024K)]
  0x000002d368838dd0 JavaThread "Cache worker for cache directory md-supplier (C:\Users\HP\.gradle\caches\8.13\md-supplier)"        [_thread_blocked, id=34684, stack(0x000000f92d300000,0x000000f92d400000) (1024K)]
  0x000002d3682b7ee0 JavaThread "Cache worker for cache directory md-rule (C:\Users\HP\.gradle\caches\8.13\md-rule)"        [_thread_blocked, id=34380, stack(0x000000f92d400000,0x000000f92d500000) (1024K)]
  0x000002d3682b71c0 JavaThread "Unconstrained build operations"        [_thread_blocked, id=34528, stack(0x000000f92d500000,0x000000f92d600000) (1024K)]
  0x000002d36940a180 JavaThread "Unconstrained build operations Thread 2"        [_thread_blocked, id=18728, stack(0x000000f92d600000,0x000000f92d700000) (1024K)]
  0x000002d369409460 JavaThread "Unconstrained build operations Thread 3"        [_thread_blocked, id=19224, stack(0x000000f92d700000,0x000000f92d800000) (1024K)]
  0x000002d369408740 JavaThread "Unconstrained build operations Thread 4"        [_thread_blocked, id=30660, stack(0x000000f92d800000,0x000000f92d900000) (1024K)]
  0x000002d369408dd0 JavaThread "Unconstrained build operations Thread 5"        [_thread_blocked, id=31936, stack(0x000000f92d900000,0x000000f92da00000) (1024K)]
  0x000002d3694080b0 JavaThread "Unconstrained build operations Thread 6"        [_thread_blocked, id=18232, stack(0x000000f92da00000,0x000000f92db00000) (1024K)]
  0x000002d369407a20 JavaThread "Unconstrained build operations Thread 7"        [_thread_blocked, id=13528, stack(0x000000f92db00000,0x000000f92dc00000) (1024K)]
  0x000002d369409af0 JavaThread "Unconstrained build operations Thread 8"        [_thread_blocked, id=38336, stack(0x000000f92dc00000,0x000000f92dd00000) (1024K)]
  0x000002d36940a810 JavaThread "Unconstrained build operations Thread 9"        [_thread_blocked, id=27208, stack(0x000000f92dd00000,0x000000f92de00000) (1024K)]
  0x000002d369407390 JavaThread "Unconstrained build operations Thread 10"        [_thread_blocked, id=38976, stack(0x000000f92de00000,0x000000f92df00000) (1024K)]
  0x000002d36bb06800 JavaThread "Unconstrained build operations Thread 11"        [_thread_blocked, id=7984, stack(0x000000f92df00000,0x000000f92e000000) (1024K)]
  0x000002d36bb05ae0 JavaThread "Unconstrained build operations Thread 12"        [_thread_blocked, id=38348, stack(0x000000f92e000000,0x000000f92e100000) (1024K)]
  0x000002d36bb07bb0 JavaThread "Unconstrained build operations Thread 13"        [_thread_blocked, id=17828, stack(0x000000f92e100000,0x000000f92e200000) (1024K)]
  0x000002d36bb088d0 JavaThread "Unconstrained build operations Thread 14"        [_thread_blocked, id=37508, stack(0x000000f92e200000,0x000000f92e300000) (1024K)]
  0x000002d36bb06e90 JavaThread "Unconstrained build operations Thread 15"        [_thread_blocked, id=18448, stack(0x000000f92e300000,0x000000f92e400000) (1024K)]
  0x000002d36bb05450 JavaThread "Unconstrained build operations Thread 16"        [_thread_blocked, id=19044, stack(0x000000f92e400000,0x000000f92e500000) (1024K)]
  0x000002d36bb07520 JavaThread "Unconstrained build operations Thread 17"        [_thread_blocked, id=29592, stack(0x000000f92e500000,0x000000f92e600000) (1024K)]
  0x000002d36bb08240 JavaThread "Unconstrained build operations Thread 18"        [_thread_blocked, id=32708, stack(0x000000f92e600000,0x000000f92e700000) (1024K)]
  0x000002d36bb08f60 JavaThread "Unconstrained build operations Thread 19"        [_thread_blocked, id=11824, stack(0x000000f92e700000,0x000000f92e800000) (1024K)]
  0x000002d36bb095f0 JavaThread "Unconstrained build operations Thread 20"        [_thread_blocked, id=14096, stack(0x000000f92e800000,0x000000f92e900000) (1024K)]
  0x000002d36bb06170 JavaThread "Unconstrained build operations Thread 21"        [_thread_blocked, id=36252, stack(0x000000f92e900000,0x000000f92ea00000) (1024K)]
  0x000002d36bb0ca70 JavaThread "Unconstrained build operations Thread 22"        [_thread_blocked, id=36652, stack(0x000000f92ea00000,0x000000f92eb00000) (1024K)]
  0x000002d36bb09c80 JavaThread "Unconstrained build operations Thread 23"        [_thread_blocked, id=33892, stack(0x000000f92eb00000,0x000000f92ec00000) (1024K)]
  0x000002d36bb0b6c0 JavaThread "Unconstrained build operations Thread 24"        [_thread_blocked, id=8952, stack(0x000000f92ec00000,0x000000f92ed00000) (1024K)]
  0x000002d36bb0a9a0 JavaThread "Unconstrained build operations Thread 25"        [_thread_blocked, id=19620, stack(0x000000f92ed00000,0x000000f92ee00000) (1024K)]
  0x000002d36bb0c3e0 JavaThread "Unconstrained build operations Thread 26"        [_thread_blocked, id=39180, stack(0x000000f92ee00000,0x000000f92ef00000) (1024K)]
  0x000002d36bb0a310 JavaThread "Unconstrained build operations Thread 27"        [_thread_blocked, id=36660, stack(0x000000f92ef00000,0x000000f92f000000) (1024K)]
  0x000002d36bb0b030 JavaThread "Unconstrained build operations Thread 28"        [_thread_blocked, id=27292, stack(0x000000f92f000000,0x000000f92f100000) (1024K)]
  0x000002d36ab8ad30 JavaThread "Unconstrained build operations Thread 29"        [_thread_blocked, id=31612, stack(0x000000f92f100000,0x000000f92f200000) (1024K)]
  0x000002d36ab8c0e0 JavaThread "Unconstrained build operations Thread 30"        [_thread_blocked, id=29700, stack(0x000000f92f200000,0x000000f92f300000) (1024K)]
  0x000002d36ab8d490 JavaThread "Unconstrained build operations Thread 31"        [_thread_blocked, id=37388, stack(0x000000f92f300000,0x000000f92f400000) (1024K)]
  0x000002d36ab8b3c0 JavaThread "Unconstrained build operations Thread 32"        [_thread_blocked, id=39112, stack(0x000000f92f400000,0x000000f92f500000) (1024K)]
  0x000002d36ab8a010 JavaThread "Unconstrained build operations Thread 33"        [_thread_blocked, id=18488, stack(0x000000f92f500000,0x000000f92f600000) (1024K)]
  0x000002d36ab8db20 JavaThread "Memory manager"                    [_thread_blocked, id=38540, stack(0x000000f92cc00000,0x000000f92cd00000) (1024K)]
  0x000002d36ab8c770 JavaThread "build event listener"              [_thread_blocked, id=33120, stack(0x000000f92f600000,0x000000f92f700000) (1024K)]
Total: 68

Other Threads:
  0x000002d31e535a00 VMThread "VM Thread"                           [id=368, stack(0x000000f92a800000,0x000000f92a900000) (1024K)]
  0x000002d31e51e0c0 WatcherThread "VM Periodic Task Thread"        [id=27404, stack(0x000000f92a700000,0x000000f92a800000) (1024K)]
  0x000002d307e0d6a0 WorkerThread "GC Thread#0"                     [id=33600, stack(0x000000f92a200000,0x000000f92a300000) (1024K)]
  0x000002d364e63460 WorkerThread "GC Thread#1"                     [id=1956, stack(0x000000f92b300000,0x000000f92b400000) (1024K)]
  0x000002d364baef70 WorkerThread "GC Thread#2"                     [id=31000, stack(0x000000f92b400000,0x000000f92b500000) (1024K)]
  0x000002d3654ef2d0 WorkerThread "GC Thread#3"                     [id=26196, stack(0x000000f92b500000,0x000000f92b600000) (1024K)]
  0x000002d3654ef680 WorkerThread "GC Thread#4"                     [id=37184, stack(0x000000f92b600000,0x000000f92b700000) (1024K)]
  0x000002d366223ed0 WorkerThread "GC Thread#5"                     [id=38492, stack(0x000000f92b700000,0x000000f92b800000) (1024K)]
  0x000002d3662d77f0 WorkerThread "GC Thread#6"                     [id=10064, stack(0x000000f92b800000,0x000000f92b900000) (1024K)]
  0x000002d368395280 WorkerThread "GC Thread#7"                     [id=37764, stack(0x000000f92c700000,0x000000f92c800000) (1024K)]
  0x000002d368396140 WorkerThread "GC Thread#8"                     [id=35792, stack(0x000000f92c800000,0x000000f92c900000) (1024K)]
  0x000002d368394b20 WorkerThread "GC Thread#9"                     [id=29692, stack(0x000000f92c900000,0x000000f92ca00000) (1024K)]
  0x000002d30595aec0 ConcurrentGCThread "G1 Main Marker"            [id=18944, stack(0x000000f92a300000,0x000000f92a400000) (1024K)]
  0x000002d307e183f0 WorkerThread "G1 Conc#0"                       [id=27180, stack(0x000000f92a400000,0x000000f92a500000) (1024K)]
  0x000002d366fd36e0 WorkerThread "G1 Conc#1"                       [id=36028, stack(0x000000f92ca00000,0x000000f92cb00000) (1024K)]
  0x000002d366fd4950 WorkerThread "G1 Conc#2"                       [id=2552, stack(0x000000f92cb00000,0x000000f92cc00000) (1024K)]
  0x000002d31e3ef160 ConcurrentGCThread "G1 Refine#0"               [id=17368, stack(0x000000f92a500000,0x000000f92a600000) (1024K)]
  0x000002d31e3f0aa0 ConcurrentGCThread "G1 Service"                [id=31584, stack(0x000000f92a600000,0x000000f92a700000) (1024K)]
Total: 18

Threads with active compile tasks:
C2 CompilerThread0  34883 11593 %     4       org.gradle.internal.instantiation.generator.AbstractClassGenerator::inspectType @ 77 (602 bytes)
C1 CompilerThread0  34883 11704       3       com.google.common.collect.LinkedHashMultimap$ValueSet$1::next (43 bytes)
Total: 2

VM state: not at safepoint (normal execution)

VM Mutex/Monitor currently owned by a thread: None

Heap address: 0x00000000c0000000, size: 1024 MB, Compressed Oops mode: 32-bit

CDS archive(s) mapped at: [0x000002d31f000000-0x000002d31fba0000-0x000002d31fba0000), size 12189696, SharedBaseAddress: 0x000002d31f000000, ArchiveRelocationMode: 1.
Compressed class space mapped at: 0x000002d320000000-0x000002d360000000, reserved size: 1073741824
Narrow klass base: 0x000002d31f000000, Narrow klass shift: 0, Narrow klass range: 0x100000000

GC Precious Log:
 CardTable entry size: 512
 Card Set container configuration: InlinePtr #cards 5 size 8 Array Of Cards #cards 12 size 40 Howl #buckets 4 coarsen threshold 1843 Howl Bitmap #cards 512 size 80 coarsen threshold 460 Card regions per heap region 1 cards per card region 2048
 CPUs: 12 total, 12 available
 Memory: 7521M
 Large Page Support: Disabled
 NUMA Support: Disabled
 Compressed Oops: Enabled (32-bit)
 Heap Region Size: 1M
 Heap Min Capacity: 8M
 Heap Initial Capacity: 118M
 Heap Max Capacity: 1G
 Pre-touch: Disabled
 Parallel Workers: 10
 Concurrent Workers: 3
 Concurrent Refinement Workers: 10
 Periodic GC: Disabled

Heap:
 garbage-first heap   total 165888K, used 132745K [0x00000000c0000000, 0x0000000100000000)
  region size 1024K, 42 young (43008K), 7 survivors (7168K)
 Metaspace       used 89393K, committed 91584K, reserved 1179648K
  class space    used 12801K, committed 13888K, reserved 1048576K

Heap Regions: E=young(eden), S=young(survivor), O=old, HS=humongous(starts), HC=humongous(continues), CS=collection set, F=free, TAMS=top-at-mark-start, PB=parsable bottom
|   0|0x00000000c0000000, 0x00000000c0100000, 0x00000000c0100000|100%|HS|  |TAMS 0x00000000c0000000| PB 0x00000000c0000000| Complete 
|   1|0x00000000c0100000, 0x00000000c0200000, 0x00000000c0200000|100%|HC|  |TAMS 0x00000000c0100000| PB 0x00000000c0100000| Complete 
|   2|0x00000000c0200000, 0x00000000c0300000, 0x00000000c0300000|100%|HC|  |TAMS 0x00000000c0200000| PB 0x00000000c0200000| Complete 
|   3|0x00000000c0300000, 0x00000000c0400000, 0x00000000c0400000|100%| O|  |TAMS 0x00000000c0300000| PB 0x00000000c0300000| Untracked 
|   4|0x00000000c0400000, 0x00000000c0500000, 0x00000000c0500000|100%| O|  |TAMS 0x00000000c0400000| PB 0x00000000c0400000| Untracked 
|   5|0x00000000c0500000, 0x00000000c0600000, 0x00000000c0600000|100%| O|  |TAMS 0x00000000c0500000| PB 0x00000000c0500000| Untracked 
|   6|0x00000000c0600000, 0x00000000c0700000, 0x00000000c0700000|100%|HS|  |TAMS 0x00000000c0600000| PB 0x00000000c0600000| Complete 
|   7|0x00000000c0700000, 0x00000000c0800000, 0x00000000c0800000|100%| O|  |TAMS 0x00000000c0700000| PB 0x00000000c0700000| Untracked 
|   8|0x00000000c0800000, 0x00000000c0900000, 0x00000000c0900000|100%| O|  |TAMS 0x00000000c0800000| PB 0x00000000c0800000| Untracked 
|   9|0x00000000c0900000, 0x00000000c0a00000, 0x00000000c0a00000|100%| O|  |TAMS 0x00000000c0900000| PB 0x00000000c0900000| Untracked 
|  10|0x00000000c0a00000, 0x00000000c0b00000, 0x00000000c0b00000|100%| O|  |TAMS 0x00000000c0a00000| PB 0x00000000c0a00000| Untracked 
|  11|0x00000000c0b00000, 0x00000000c0c00000, 0x00000000c0c00000|100%| O|  |TAMS 0x00000000c0b00000| PB 0x00000000c0b00000| Untracked 
|  12|0x00000000c0c00000, 0x00000000c0d00000, 0x00000000c0d00000|100%| O|  |TAMS 0x00000000c0c00000| PB 0x00000000c0c00000| Untracked 
|  13|0x00000000c0d00000, 0x00000000c0e00000, 0x00000000c0e00000|100%| O|  |TAMS 0x00000000c0d00000| PB 0x00000000c0d00000| Untracked 
|  14|0x00000000c0e00000, 0x00000000c0f00000, 0x00000000c0f00000|100%| O|  |TAMS 0x00000000c0e00000| PB 0x00000000c0e00000| Untracked 
|  15|0x00000000c0f00000, 0x00000000c1000000, 0x00000000c1000000|100%| O|  |TAMS 0x00000000c0f00000| PB 0x00000000c0f00000| Untracked 
|  16|0x00000000c1000000, 0x00000000c1100000, 0x00000000c1100000|100%| O|  |TAMS 0x00000000c1000000| PB 0x00000000c1000000| Untracked 
|  17|0x00000000c1100000, 0x00000000c1200000, 0x00000000c1200000|100%| O|  |TAMS 0x00000000c1100000| PB 0x00000000c1100000| Untracked 
|  18|0x00000000c1200000, 0x00000000c1300000, 0x00000000c1300000|100%| O|  |TAMS 0x00000000c1200000| PB 0x00000000c1200000| Untracked 
|  19|0x00000000c1300000, 0x00000000c1400000, 0x00000000c1400000|100%| O|  |TAMS 0x00000000c1300000| PB 0x00000000c1300000| Untracked 
|  20|0x00000000c1400000, 0x00000000c1500000, 0x00000000c1500000|100%| O|  |TAMS 0x00000000c1400000| PB 0x00000000c1400000| Untracked 
|  21|0x00000000c1500000, 0x00000000c1600000, 0x00000000c1600000|100%| O|  |TAMS 0x00000000c1500000| PB 0x00000000c1500000| Untracked 
|  22|0x00000000c1600000, 0x00000000c1700000, 0x00000000c1700000|100%| O|  |TAMS 0x00000000c1600000| PB 0x00000000c1600000| Untracked 
|  23|0x00000000c1700000, 0x00000000c1800000, 0x00000000c1800000|100%| O|  |TAMS 0x00000000c1700000| PB 0x00000000c1700000| Untracked 
|  24|0x00000000c1800000, 0x00000000c1900000, 0x00000000c1900000|100%| O|  |TAMS 0x00000000c1800000| PB 0x00000000c1800000| Untracked 
|  25|0x00000000c1900000, 0x00000000c1a00000, 0x00000000c1a00000|100%| O|  |TAMS 0x00000000c1900000| PB 0x00000000c1900000| Untracked 
|  26|0x00000000c1a00000, 0x00000000c1b00000, 0x00000000c1b00000|100%| O|Cm|TAMS 0x00000000c1a00000| PB 0x00000000c1a00000| Complete 
|  27|0x00000000c1b00000, 0x00000000c1c00000, 0x00000000c1c00000|100%| O|  |TAMS 0x00000000c1b00000| PB 0x00000000c1b00000| Untracked 
|  28|0x00000000c1c00000, 0x00000000c1d00000, 0x00000000c1d00000|100%| O|  |TAMS 0x00000000c1c00000| PB 0x00000000c1c00000| Untracked 
|  29|0x00000000c1d00000, 0x00000000c1e00000, 0x00000000c1e00000|100%| O|  |TAMS 0x00000000c1d00000| PB 0x00000000c1d00000| Untracked 
|  30|0x00000000c1e00000, 0x00000000c1f00000, 0x00000000c1f00000|100%| O|  |TAMS 0x00000000c1e00000| PB 0x00000000c1e00000| Untracked 
|  31|0x00000000c1f00000, 0x00000000c2000000, 0x00000000c2000000|100%| O|  |TAMS 0x00000000c1f00000| PB 0x00000000c1f00000| Untracked 
|  32|0x00000000c2000000, 0x00000000c2100000, 0x00000000c2100000|100%| O|  |TAMS 0x00000000c2000000| PB 0x00000000c2000000| Untracked 
|  33|0x00000000c2100000, 0x00000000c2200000, 0x00000000c2200000|100%| O|  |TAMS 0x00000000c2100000| PB 0x00000000c2100000| Untracked 
|  34|0x00000000c2200000, 0x00000000c2300000, 0x00000000c2300000|100%| O|  |TAMS 0x00000000c2200000| PB 0x00000000c2200000| Untracked 
|  35|0x00000000c2300000, 0x00000000c2400000, 0x00000000c2400000|100%| O|  |TAMS 0x00000000c2300000| PB 0x00000000c2300000| Untracked 
|  36|0x00000000c2400000, 0x00000000c2500000, 0x00000000c2500000|100%| O|  |TAMS 0x00000000c2400000| PB 0x00000000c2400000| Untracked 
|  37|0x00000000c2500000, 0x00000000c2600000, 0x00000000c2600000|100%| O|  |TAMS 0x00000000c2500000| PB 0x00000000c2500000| Untracked 
|  38|0x00000000c2600000, 0x00000000c2700000, 0x00000000c2700000|100%| O|  |TAMS 0x00000000c2600000| PB 0x00000000c2600000| Untracked 
|  39|0x00000000c2700000, 0x00000000c2800000, 0x00000000c2800000|100%| O|  |TAMS 0x00000000c2700000| PB 0x00000000c2700000| Untracked 
|  40|0x00000000c2800000, 0x00000000c2900000, 0x00000000c2900000|100%| O|  |TAMS 0x00000000c2800000| PB 0x00000000c2800000| Untracked 
|  41|0x00000000c2900000, 0x00000000c2a00000, 0x00000000c2a00000|100%| O|  |TAMS 0x00000000c2900000| PB 0x00000000c2900000| Untracked 
|  42|0x00000000c2a00000, 0x00000000c2b00000, 0x00000000c2b00000|100%| O|  |TAMS 0x00000000c2a00000| PB 0x00000000c2a00000| Untracked 
|  43|0x00000000c2b00000, 0x00000000c2c00000, 0x00000000c2c00000|100%| O|Cm|TAMS 0x00000000c2b00000| PB 0x00000000c2b00000| Complete 
|  44|0x00000000c2c00000, 0x00000000c2d00000, 0x00000000c2d00000|100%| O|  |TAMS 0x00000000c2c00000| PB 0x00000000c2c00000| Untracked 
|  45|0x00000000c2d00000, 0x00000000c2e00000, 0x00000000c2e00000|100%|HS|  |TAMS 0x00000000c2d00000| PB 0x00000000c2d00000| Complete 
|  46|0x00000000c2e00000, 0x00000000c2f00000, 0x00000000c2f00000|100%|HS|  |TAMS 0x00000000c2e00000| PB 0x00000000c2e00000| Complete 
|  47|0x00000000c2f00000, 0x00000000c3000000, 0x00000000c3000000|100%|HS|  |TAMS 0x00000000c2f00000| PB 0x00000000c2f00000| Complete 
|  48|0x00000000c3000000, 0x00000000c3100000, 0x00000000c3100000|100%|HC|  |TAMS 0x00000000c3000000| PB 0x00000000c3000000| Complete 
|  49|0x00000000c3100000, 0x00000000c3200000, 0x00000000c3200000|100%| O|  |TAMS 0x00000000c3100000| PB 0x00000000c3100000| Untracked 
|  50|0x00000000c3200000, 0x00000000c3300000, 0x00000000c3300000|100%|HS|  |TAMS 0x00000000c3200000| PB 0x00000000c3200000| Complete 
|  51|0x00000000c3300000, 0x00000000c3400000, 0x00000000c3400000|100%|HC|  |TAMS 0x00000000c3300000| PB 0x00000000c3300000| Complete 
|  52|0x00000000c3400000, 0x00000000c3500000, 0x00000000c3500000|100%|HS|  |TAMS 0x00000000c3400000| PB 0x00000000c3400000| Complete 
|  53|0x00000000c3500000, 0x00000000c3600000, 0x00000000c3600000|100%|HS|  |TAMS 0x00000000c3500000| PB 0x00000000c3500000| Complete 
|  54|0x00000000c3600000, 0x00000000c3700000, 0x00000000c3700000|100%|HC|  |TAMS 0x00000000c3600000| PB 0x00000000c3600000| Complete 
|  55|0x00000000c3700000, 0x00000000c3800000, 0x00000000c3800000|100%|HC|  |TAMS 0x00000000c3700000| PB 0x00000000c3700000| Complete 
|  56|0x00000000c3800000, 0x00000000c3900000, 0x00000000c3900000|100%|HC|  |TAMS 0x00000000c3800000| PB 0x00000000c3800000| Complete 
|  57|0x00000000c3900000, 0x00000000c3a00000, 0x00000000c3a00000|100%|HS|  |TAMS 0x00000000c3900000| PB 0x00000000c3900000| Complete 
|  58|0x00000000c3a00000, 0x00000000c3b00000, 0x00000000c3b00000|100%| O|  |TAMS 0x00000000c3a00000| PB 0x00000000c3a00000| Untracked 
|  59|0x00000000c3b00000, 0x00000000c3c00000, 0x00000000c3c00000|100%|HS|  |TAMS 0x00000000c3b00000| PB 0x00000000c3b00000| Complete 
|  60|0x00000000c3c00000, 0x00000000c3d00000, 0x00000000c3d00000|100%|HS|  |TAMS 0x00000000c3c00000| PB 0x00000000c3c00000| Complete 
|  61|0x00000000c3d00000, 0x00000000c3e00000, 0x00000000c3e00000|100%| O|  |TAMS 0x00000000c3d00000| PB 0x00000000c3d00000| Untracked 
|  62|0x00000000c3e00000, 0x00000000c3f00000, 0x00000000c3f00000|100%| O|  |TAMS 0x00000000c3e00000| PB 0x00000000c3e00000| Untracked 
|  63|0x00000000c3f00000, 0x00000000c4000000, 0x00000000c4000000|100%| O|  |TAMS 0x00000000c3f00000| PB 0x00000000c3f00000| Untracked 
|  64|0x00000000c4000000, 0x00000000c4100000, 0x00000000c4100000|100%| O|  |TAMS 0x00000000c4000000| PB 0x00000000c4000000| Untracked 
|  65|0x00000000c4100000, 0x00000000c4200000, 0x00000000c4200000|100%| O|  |TAMS 0x00000000c4100000| PB 0x00000000c4100000| Untracked 
|  66|0x00000000c4200000, 0x00000000c4300000, 0x00000000c4300000|100%| O|  |TAMS 0x00000000c4200000| PB 0x00000000c4200000| Untracked 
|  67|0x00000000c4300000, 0x00000000c4400000, 0x00000000c4400000|100%| O|  |TAMS 0x00000000c4300000| PB 0x00000000c4300000| Untracked 
|  68|0x00000000c4400000, 0x00000000c4500000, 0x00000000c4500000|100%| O|  |TAMS 0x00000000c4400000| PB 0x00000000c4400000| Untracked 
|  69|0x00000000c4500000, 0x00000000c4600000, 0x00000000c4600000|100%| O|  |TAMS 0x00000000c4500000| PB 0x00000000c4500000| Untracked 
|  70|0x00000000c4600000, 0x00000000c4700000, 0x00000000c4700000|100%| O|  |TAMS 0x00000000c4600000| PB 0x00000000c4600000| Untracked 
|  71|0x00000000c4700000, 0x00000000c4800000, 0x00000000c4800000|100%|HS|  |TAMS 0x00000000c4700000| PB 0x00000000c4700000| Complete 
|  72|0x00000000c4800000, 0x00000000c4900000, 0x00000000c4900000|100%| O|  |TAMS 0x00000000c4800000| PB 0x00000000c4800000| Untracked 
|  73|0x00000000c4900000, 0x00000000c4a00000, 0x00000000c4a00000|100%| O|  |TAMS 0x00000000c4900000| PB 0x00000000c4900000| Untracked 
|  74|0x00000000c4a00000, 0x00000000c4a1e9b0, 0x00000000c4b00000| 11%| O|  |TAMS 0x00000000c4a00000| PB 0x00000000c4a00000| Untracked 
|  75|0x00000000c4b00000, 0x00000000c4c00000, 0x00000000c4c00000|100%| O|  |TAMS 0x00000000c4b00000| PB 0x00000000c4b00000| Untracked 
|  76|0x00000000c4c00000, 0x00000000c4d00000, 0x00000000c4d00000|100%|HS|  |TAMS 0x00000000c4c00000| PB 0x00000000c4c00000| Complete 
|  77|0x00000000c4d00000, 0x00000000c4e00000, 0x00000000c4e00000|100%|HC|  |TAMS 0x00000000c4d00000| PB 0x00000000c4d00000| Complete 
|  78|0x00000000c4e00000, 0x00000000c4f00000, 0x00000000c4f00000|100%|HC|  |TAMS 0x00000000c4e00000| PB 0x00000000c4e00000| Complete 
|  79|0x00000000c4f00000, 0x00000000c5000000, 0x00000000c5000000|100%|HC|  |TAMS 0x00000000c4f00000| PB 0x00000000c4f00000| Complete 
|  80|0x00000000c5000000, 0x00000000c5100000, 0x00000000c5100000|100%| O|  |TAMS 0x00000000c5000000| PB 0x00000000c5000000| Untracked 
|  81|0x00000000c5100000, 0x00000000c5200000, 0x00000000c5200000|100%| O|  |TAMS 0x00000000c5100000| PB 0x00000000c5100000| Untracked 
|  82|0x00000000c5200000, 0x00000000c5300000, 0x00000000c5300000|100%|HS|  |TAMS 0x00000000c5200000| PB 0x00000000c5200000| Complete 
|  83|0x00000000c5300000, 0x00000000c5400000, 0x00000000c5400000|100%| O|  |TAMS 0x00000000c5300000| PB 0x00000000c5300000| Untracked 
|  84|0x00000000c5400000, 0x00000000c5500000, 0x00000000c5500000|100%| O|  |TAMS 0x00000000c5400000| PB 0x00000000c5400000| Untracked 
|  85|0x00000000c5500000, 0x00000000c5600000, 0x00000000c5600000|100%| O|  |TAMS 0x00000000c5500000| PB 0x00000000c5500000| Untracked 
|  86|0x00000000c5600000, 0x00000000c5600000, 0x00000000c5700000|  0%| F|  |TAMS 0x00000000c5600000| PB 0x00000000c5600000| Untracked 
|  87|0x00000000c5700000, 0x00000000c5700000, 0x00000000c5800000|  0%| F|  |TAMS 0x00000000c5700000| PB 0x00000000c5700000| Untracked 
|  88|0x00000000c5800000, 0x00000000c5800000, 0x00000000c5900000|  0%| F|  |TAMS 0x00000000c5800000| PB 0x00000000c5800000| Untracked 
|  89|0x00000000c5900000, 0x00000000c5a00000, 0x00000000c5a00000|100%| O|  |TAMS 0x00000000c5900000| PB 0x00000000c5900000| Untracked 
|  90|0x00000000c5a00000, 0x00000000c5b00000, 0x00000000c5b00000|100%| O|  |TAMS 0x00000000c5a00000| PB 0x00000000c5a00000| Untracked 
|  91|0x00000000c5b00000, 0x00000000c5c00000, 0x00000000c5c00000|100%| O|Cm|TAMS 0x00000000c5b00000| PB 0x00000000c5b00000| Complete 
|  92|0x00000000c5c00000, 0x00000000c5c00000, 0x00000000c5d00000|  0%| F|  |TAMS 0x00000000c5c00000| PB 0x00000000c5c00000| Untracked 
|  93|0x00000000c5d00000, 0x00000000c5d00000, 0x00000000c5e00000|  0%| F|  |TAMS 0x00000000c5d00000| PB 0x00000000c5d00000| Untracked 
|  94|0x00000000c5e00000, 0x00000000c5e00000, 0x00000000c5f00000|  0%| F|  |TAMS 0x00000000c5e00000| PB 0x00000000c5e00000| Untracked 
|  95|0x00000000c5f00000, 0x00000000c5f00000, 0x00000000c6000000|  0%| F|  |TAMS 0x00000000c5f00000| PB 0x00000000c5f00000| Untracked 
|  96|0x00000000c6000000, 0x00000000c6000000, 0x00000000c6100000|  0%| F|  |TAMS 0x00000000c6000000| PB 0x00000000c6000000| Untracked 
|  97|0x00000000c6100000, 0x00000000c6100000, 0x00000000c6200000|  0%| F|  |TAMS 0x00000000c6100000| PB 0x00000000c6100000| Untracked 
|  98|0x00000000c6200000, 0x00000000c6200000, 0x00000000c6300000|  0%| F|  |TAMS 0x00000000c6200000| PB 0x00000000c6200000| Untracked 
|  99|0x00000000c6300000, 0x00000000c6300000, 0x00000000c6400000|  0%| F|  |TAMS 0x00000000c6300000| PB 0x00000000c6300000| Untracked 
| 100|0x00000000c6400000, 0x00000000c6400000, 0x00000000c6500000|  0%| F|  |TAMS 0x00000000c6400000| PB 0x00000000c6400000| Untracked 
| 101|0x00000000c6500000, 0x00000000c6500000, 0x00000000c6600000|  0%| F|  |TAMS 0x00000000c6500000| PB 0x00000000c6500000| Untracked 
| 102|0x00000000c6600000, 0x00000000c6600000, 0x00000000c6700000|  0%| F|  |TAMS 0x00000000c6600000| PB 0x00000000c6600000| Untracked 
| 103|0x00000000c6700000, 0x00000000c6700000, 0x00000000c6800000|  0%| F|  |TAMS 0x00000000c6700000| PB 0x00000000c6700000| Untracked 
| 104|0x00000000c6800000, 0x00000000c6800000, 0x00000000c6900000|  0%| F|  |TAMS 0x00000000c6800000| PB 0x00000000c6800000| Untracked 
| 105|0x00000000c6900000, 0x00000000c6900000, 0x00000000c6a00000|  0%| F|  |TAMS 0x00000000c6900000| PB 0x00000000c6900000| Untracked 
| 106|0x00000000c6a00000, 0x00000000c6a00000, 0x00000000c6b00000|  0%| F|  |TAMS 0x00000000c6a00000| PB 0x00000000c6a00000| Untracked 
| 107|0x00000000c6b00000, 0x00000000c6b83c88, 0x00000000c6c00000| 51%| S|CS|TAMS 0x00000000c6b00000| PB 0x00000000c6b00000| Complete 
| 108|0x00000000c6c00000, 0x00000000c6d00000, 0x00000000c6d00000|100%| S|CS|TAMS 0x00000000c6c00000| PB 0x00000000c6c00000| Complete 
| 109|0x00000000c6d00000, 0x00000000c6e00000, 0x00000000c6e00000|100%| S|CS|TAMS 0x00000000c6d00000| PB 0x00000000c6d00000| Complete 
| 110|0x00000000c6e00000, 0x00000000c6f00000, 0x00000000c6f00000|100%| S|CS|TAMS 0x00000000c6e00000| PB 0x00000000c6e00000| Complete 
| 111|0x00000000c6f00000, 0x00000000c7000000, 0x00000000c7000000|100%| S|CS|TAMS 0x00000000c6f00000| PB 0x00000000c6f00000| Complete 
| 112|0x00000000c7000000, 0x00000000c7100000, 0x00000000c7100000|100%| S|CS|TAMS 0x00000000c7000000| PB 0x00000000c7000000| Complete 
| 113|0x00000000c7100000, 0x00000000c7200000, 0x00000000c7200000|100%| S|CS|TAMS 0x00000000c7100000| PB 0x00000000c7100000| Complete 
| 114|0x00000000c7200000, 0x00000000c7200000, 0x00000000c7300000|  0%| F|  |TAMS 0x00000000c7200000| PB 0x00000000c7200000| Untracked 
| 115|0x00000000c7300000, 0x00000000c7300000, 0x00000000c7400000|  0%| F|  |TAMS 0x00000000c7300000| PB 0x00000000c7300000| Untracked 
| 116|0x00000000c7400000, 0x00000000c7400000, 0x00000000c7500000|  0%| F|  |TAMS 0x00000000c7400000| PB 0x00000000c7400000| Untracked 
| 117|0x00000000c7500000, 0x00000000c7500000, 0x00000000c7600000|  0%| F|  |TAMS 0x00000000c7500000| PB 0x00000000c7500000| Untracked 
| 118|0x00000000c7600000, 0x00000000c7600000, 0x00000000c7700000|  0%| F|  |TAMS 0x00000000c7600000| PB 0x00000000c7600000| Untracked 
| 119|0x00000000c7700000, 0x00000000c7700000, 0x00000000c7800000|  0%| F|  |TAMS 0x00000000c7700000| PB 0x00000000c7700000| Untracked 
| 120|0x00000000c7800000, 0x00000000c7800000, 0x00000000c7900000|  0%| F|  |TAMS 0x00000000c7800000| PB 0x00000000c7800000| Untracked 
| 121|0x00000000c7900000, 0x00000000c7900000, 0x00000000c7a00000|  0%| F|  |TAMS 0x00000000c7900000| PB 0x00000000c7900000| Untracked 
| 122|0x00000000c7a00000, 0x00000000c7a00000, 0x00000000c7b00000|  0%| F|  |TAMS 0x00000000c7a00000| PB 0x00000000c7a00000| Untracked 
| 123|0x00000000c7b00000, 0x00000000c7b00000, 0x00000000c7c00000|  0%| F|  |TAMS 0x00000000c7b00000| PB 0x00000000c7b00000| Untracked 
| 124|0x00000000c7c00000, 0x00000000c7c00000, 0x00000000c7d00000|  0%| F|  |TAMS 0x00000000c7c00000| PB 0x00000000c7c00000| Untracked 
| 125|0x00000000c7d00000, 0x00000000c7d00000, 0x00000000c7e00000|  0%| F|  |TAMS 0x00000000c7d00000| PB 0x00000000c7d00000| Untracked 
| 126|0x00000000c7e00000, 0x00000000c7f00000, 0x00000000c7f00000|100%| E|  |TAMS 0x00000000c7e00000| PB 0x00000000c7e00000| Complete 
| 127|0x00000000c7f00000, 0x00000000c8000000, 0x00000000c8000000|100%| E|CS|TAMS 0x00000000c7f00000| PB 0x00000000c7f00000| Complete 
| 128|0x00000000c8000000, 0x00000000c8100000, 0x00000000c8100000|100%| E|CS|TAMS 0x00000000c8000000| PB 0x00000000c8000000| Complete 
| 129|0x00000000c8100000, 0x00000000c8200000, 0x00000000c8200000|100%| E|CS|TAMS 0x00000000c8100000| PB 0x00000000c8100000| Complete 
| 130|0x00000000c8200000, 0x00000000c8300000, 0x00000000c8300000|100%| E|CS|TAMS 0x00000000c8200000| PB 0x00000000c8200000| Complete 
| 131|0x00000000c8300000, 0x00000000c8400000, 0x00000000c8400000|100%| E|CS|TAMS 0x00000000c8300000| PB 0x00000000c8300000| Complete 
| 132|0x00000000c8400000, 0x00000000c8500000, 0x00000000c8500000|100%| E|CS|TAMS 0x00000000c8400000| PB 0x00000000c8400000| Complete 
| 133|0x00000000c8500000, 0x00000000c8600000, 0x00000000c8600000|100%| E|CS|TAMS 0x00000000c8500000| PB 0x00000000c8500000| Complete 
| 134|0x00000000c8600000, 0x00000000c8700000, 0x00000000c8700000|100%| E|CS|TAMS 0x00000000c8600000| PB 0x00000000c8600000| Complete 
| 135|0x00000000c8700000, 0x00000000c8800000, 0x00000000c8800000|100%| E|CS|TAMS 0x00000000c8700000| PB 0x00000000c8700000| Complete 
| 136|0x00000000c8800000, 0x00000000c8900000, 0x00000000c8900000|100%| E|CS|TAMS 0x00000000c8800000| PB 0x00000000c8800000| Complete 
| 137|0x00000000c8900000, 0x00000000c8a00000, 0x00000000c8a00000|100%| E|CS|TAMS 0x00000000c8900000| PB 0x00000000c8900000| Complete 
| 138|0x00000000c8a00000, 0x00000000c8b00000, 0x00000000c8b00000|100%| E|CS|TAMS 0x00000000c8a00000| PB 0x00000000c8a00000| Complete 
| 139|0x00000000c8b00000, 0x00000000c8c00000, 0x00000000c8c00000|100%| E|CS|TAMS 0x00000000c8b00000| PB 0x00000000c8b00000| Complete 
| 140|0x00000000c8c00000, 0x00000000c8d00000, 0x00000000c8d00000|100%| E|CS|TAMS 0x00000000c8c00000| PB 0x00000000c8c00000| Complete 
| 141|0x00000000c8d00000, 0x00000000c8e00000, 0x00000000c8e00000|100%| E|CS|TAMS 0x00000000c8d00000| PB 0x00000000c8d00000| Complete 
| 142|0x00000000c8e00000, 0x00000000c8f00000, 0x00000000c8f00000|100%| E|CS|TAMS 0x00000000c8e00000| PB 0x00000000c8e00000| Complete 
| 143|0x00000000c8f00000, 0x00000000c9000000, 0x00000000c9000000|100%| E|CS|TAMS 0x00000000c8f00000| PB 0x00000000c8f00000| Complete 
| 144|0x00000000c9000000, 0x00000000c9100000, 0x00000000c9100000|100%| E|CS|TAMS 0x00000000c9000000| PB 0x00000000c9000000| Complete 
| 145|0x00000000c9100000, 0x00000000c9200000, 0x00000000c9200000|100%| E|CS|TAMS 0x00000000c9100000| PB 0x00000000c9100000| Complete 
| 146|0x00000000c9200000, 0x00000000c9300000, 0x00000000c9300000|100%| E|CS|TAMS 0x00000000c9200000| PB 0x00000000c9200000| Complete 
| 147|0x00000000c9300000, 0x00000000c9400000, 0x00000000c9400000|100%| E|CS|TAMS 0x00000000c9300000| PB 0x00000000c9300000| Complete 
| 148|0x00000000c9400000, 0x00000000c9500000, 0x00000000c9500000|100%| E|CS|TAMS 0x00000000c9400000| PB 0x00000000c9400000| Complete 
| 149|0x00000000c9500000, 0x00000000c9600000, 0x00000000c9600000|100%| E|CS|TAMS 0x00000000c9500000| PB 0x00000000c9500000| Complete 
| 150|0x00000000c9600000, 0x00000000c9700000, 0x00000000c9700000|100%| E|CS|TAMS 0x00000000c9600000| PB 0x00000000c9600000| Complete 
| 151|0x00000000c9700000, 0x00000000c9800000, 0x00000000c9800000|100%| E|CS|TAMS 0x00000000c9700000| PB 0x00000000c9700000| Complete 
| 152|0x00000000c9800000, 0x00000000c9900000, 0x00000000c9900000|100%| E|CS|TAMS 0x00000000c9800000| PB 0x00000000c9800000| Complete 
| 153|0x00000000c9900000, 0x00000000c9a00000, 0x00000000c9a00000|100%| E|CS|TAMS 0x00000000c9900000| PB 0x00000000c9900000| Complete 
| 154|0x00000000c9a00000, 0x00000000c9b00000, 0x00000000c9b00000|100%| E|CS|TAMS 0x00000000c9a00000| PB 0x00000000c9a00000| Complete 
| 155|0x00000000c9b00000, 0x00000000c9c00000, 0x00000000c9c00000|100%| E|CS|TAMS 0x00000000c9b00000| PB 0x00000000c9b00000| Complete 
|1018|0x00000000ffa00000, 0x00000000ffb00000, 0x00000000ffb00000|100%| E|CS|TAMS 0x00000000ffa00000| PB 0x00000000ffa00000| Complete 
|1019|0x00000000ffb00000, 0x00000000ffc00000, 0x00000000ffc00000|100%| E|CS|TAMS 0x00000000ffb00000| PB 0x00000000ffb00000| Complete 
|1020|0x00000000ffc00000, 0x00000000ffd00000, 0x00000000ffd00000|100%| O|  |TAMS 0x00000000ffc00000| PB 0x00000000ffc00000| Untracked 
|1021|0x00000000ffd00000, 0x00000000ffe00000, 0x00000000ffe00000|100%| E|CS|TAMS 0x00000000ffd00000| PB 0x00000000ffd00000| Complete 
|1022|0x00000000ffe00000, 0x00000000fff00000, 0x00000000fff00000|100%| E|CS|TAMS 0x00000000ffe00000| PB 0x00000000ffe00000| Complete 
|1023|0x00000000fff00000, 0x0000000100000000, 0x0000000100000000|100%| E|CS|TAMS 0x00000000fff00000| PB 0x00000000fff00000| Complete 

Card table byte_map: [0x000002d31a6f0000,0x000002d31a8f0000] _byte_map_base: 0x000002d31a0f0000

Marking Bits: (CMBitMap*) 0x000002d307e0dcc0
 Bits: [0x000002d31a8f0000, 0x000002d31b8f0000)

Polling page: 0x000002d305bd0000

Metaspace:

Usage:
  Non-class:     74.83 MB used.
      Class:     12.51 MB used.
       Both:     87.34 MB used.

Virtual space:
  Non-class space:      128.00 MB reserved,      75.94 MB ( 59%) committed,  2 nodes.
      Class space:        1.00 GB reserved,      13.62 MB (  1%) committed,  1 nodes.
             Both:        1.12 GB reserved,      89.56 MB (  8%) committed. 

Chunk freelists:
   Non-Class:  3.84 MB
       Class:  2.36 MB
        Both:  6.20 MB

MaxMetaspaceSize: unlimited
CompressedClassSpaceSize: 1.00 GB
Initial GC threshold: 21.00 MB
Current GC threshold: 146.25 MB
CDS: on
 - commit_granule_bytes: 65536.
 - commit_granule_words: 8192.
 - virtual_space_node_default_size: 8388608.
 - enlarge_chunks_in_place: 1.
 - use_allocation_guard: 0.


Internal statistics:

num_allocs_failed_limit: 6.
num_arena_births: 4096.
num_arena_deaths: 0.
num_vsnodes_births: 3.
num_vsnodes_deaths: 0.
num_space_committed: 1433.
num_space_uncommitted: 0.
num_chunks_returned_to_freelist: 6.
num_chunks_taken_from_freelist: 8366.
num_chunk_merges: 6.
num_chunk_splits: 5421.
num_chunks_enlarged: 3327.
num_inconsistent_stats: 0.

CodeHeap 'non-profiled nmethods': size=120000Kb used=5395Kb max_used=5395Kb free=114604Kb
 bounds [0x000002d312a70000, 0x000002d312fc0000, 0x000002d319fa0000]
CodeHeap 'profiled nmethods': size=120000Kb used=18935Kb max_used=18935Kb free=101064Kb
 bounds [0x000002d30afa0000, 0x000002d30c220000, 0x000002d3124d0000]
CodeHeap 'non-nmethods': size=5760Kb used=1994Kb max_used=2025Kb free=3765Kb
 bounds [0x000002d3124d0000, 0x000002d312740000, 0x000002d312a70000]
CodeCache: size=245760Kb, used=26324Kb, max_used=26355Kb, free=219433Kb
 total_blobs=10884, nmethods=10030, adapters=758, full_count=0
Compilation: enabled, stopped_count=0, restarted_count=0

Compilation events (20 events):
Event: 33.791 Thread 0x000002d364890090 11675       3       org.gradle.internal.reflect.Types::walkTypeHierarchy (220 bytes)
Event: 33.793 Thread 0x000002d364890090 nmethod 11675 0x000002d30b953b10 code [0x000002d30b953f00, 0x000002d30b955960]
Event: 33.793 Thread 0x000002d364890090 11676       3       org.gradle.internal.isolated.IsolationScheme::unwrapTypeVariable (116 bytes)
Event: 33.794 Thread 0x000002d364890090 nmethod 11676 0x000002d30b952710 code [0x000002d30b9529a0, 0x000002d30b9536e8]
Event: 33.794 Thread 0x000002d364890090 11677       3       org.gradle.api.internal.provider.AbstractMinimalProvider::map (6 bytes)
Event: 33.794 Thread 0x000002d364890090 nmethod 11677 0x000002d30b952310 code [0x000002d30b9524c0, 0x000002d30b952688]
Event: 33.795 Thread 0x000002d364890090 11678       3       com.google.common.collect.Iterators$1::hasNext (10 bytes)
Event: 33.795 Thread 0x000002d364890090 nmethod 11678 0x000002d30b951e90 code [0x000002d30b952040, 0x000002d30b952218]
Event: 33.795 Thread 0x000002d364890090 11679       3       kotlin.UnsafeLazyImpl::getValue (37 bytes)
Event: 33.795 Thread 0x000002d364890090 nmethod 11679 0x000002d30b951090 code [0x000002d30b9512c0, 0x000002d30b9519b8]
Event: 33.796 Thread 0x000002d364890090 11681       3       sun.reflect.generics.reflectiveObjects.WildcardTypeImpl::<init> (16 bytes)
Event: 33.796 Thread 0x000002d364890090 nmethod 11681 0x000002d30c210690 code [0x000002d30c210840, 0x000002d30c210b28]
Event: 33.796 Thread 0x000002d364890090 11682       3       sun.reflect.generics.reflectiveObjects.WildcardTypeImpl::make (11 bytes)
Event: 33.796 Thread 0x000002d364890090 nmethod 11682 0x000002d30c210c10 code [0x000002d30c210de0, 0x000002d30c211160]
Event: 33.796 Thread 0x000002d364890090 11683       3       org.gradle.internal.instantiation.generator.AsmBackedClassGenerator$ClassBuilderImpl::visitAnnotationValues (242 bytes)
Event: 33.800 Thread 0x000002d364890090 nmethod 11683 0x000002d30c211290 code [0x000002d30c2119a0, 0x000002d30c2150e0]
Event: 33.800 Thread 0x000002d364890090 11684       3       org.objectweb.asm.SymbolTable::addConstant (314 bytes)
Event: 33.803 Thread 0x000002d364890090 nmethod 11684 0x000002d30c216890 code [0x000002d30c216e40, 0x000002d30c219fe8]
Event: 33.803 Thread 0x000002d364890090 11685       3       org.gradle.internal.instantiation.generator.AsmBackedClassGenerator::access$4900 (6 bytes)
Event: 33.803 Thread 0x000002d364890090 nmethod 11685 0x000002d30b50ab10 code [0x000002d30b50acc0, 0x000002d30b50add8]

GC Heap History (20 events):
Event: 25.326 GC heap before
{Heap before GC invocations=21 (full 0):
 garbage-first heap   total 125952K, used 92442K [0x00000000c0000000, 0x0000000100000000)
  region size 1024K, 20 young (20480K), 2 survivors (2048K)
 Metaspace       used 64785K, committed 66752K, reserved 1114112K
  class space    used 9244K, committed 10240K, reserved 1048576K
}
Event: 25.331 GC heap after
{Heap after GC invocations=22 (full 0):
 garbage-first heap   total 125952K, used 77003K [0x00000000c0000000, 0x0000000100000000)
  region size 1024K, 4 young (4096K), 4 survivors (4096K)
 Metaspace       used 64785K, committed 66752K, reserved 1114112K
  class space    used 9244K, committed 10240K, reserved 1048576K
}
Event: 26.144 GC heap before
{Heap before GC invocations=23 (full 0):
 garbage-first heap   total 137216K, used 118987K [0x00000000c0000000, 0x0000000100000000)
  region size 1024K, 40 young (40960K), 4 survivors (4096K)
 Metaspace       used 66607K, committed 68608K, reserved 1114112K
  class space    used 9513K, committed 10496K, reserved 1048576K
}
Event: 26.149 GC heap after
{Heap after GC invocations=24 (full 0):
 garbage-first heap   total 137216K, used 81136K [0x00000000c0000000, 0x0000000100000000)
  region size 1024K, 5 young (5120K), 5 survivors (5120K)
 Metaspace       used 66607K, committed 68608K, reserved 1114112K
  class space    used 9513K, committed 10496K, reserved 1048576K
}
Event: 27.420 GC heap before
{Heap before GC invocations=24 (full 0):
 garbage-first heap   total 137216K, used 121072K [0x00000000c0000000, 0x0000000100000000)
  region size 1024K, 44 young (45056K), 5 survivors (5120K)
 Metaspace       used 69450K, committed 71488K, reserved 1114112K
  class space    used 9882K, committed 10880K, reserved 1048576K
}
Event: 27.425 GC heap after
{Heap after GC invocations=25 (full 0):
 garbage-first heap   total 137216K, used 81205K [0x00000000c0000000, 0x0000000100000000)
  region size 1024K, 3 young (3072K), 3 survivors (3072K)
 Metaspace       used 69450K, committed 71488K, reserved 1114112K
  class space    used 9882K, committed 10880K, reserved 1048576K
}
Event: 27.728 GC heap before
{Heap before GC invocations=25 (full 0):
 garbage-first heap   total 137216K, used 95541K [0x00000000c0000000, 0x0000000100000000)
  region size 1024K, 18 young (18432K), 3 survivors (3072K)
 Metaspace       used 71511K, committed 73472K, reserved 1114112K
  class space    used 10165K, committed 11136K, reserved 1048576K
}
Event: 27.733 GC heap after
{Heap after GC invocations=26 (full 0):
 garbage-first heap   total 137216K, used 81928K [0x00000000c0000000, 0x0000000100000000)
  region size 1024K, 3 young (3072K), 3 survivors (3072K)
 Metaspace       used 71511K, committed 73472K, reserved 1114112K
  class space    used 10165K, committed 11136K, reserved 1048576K
}
Event: 28.492 GC heap before
{Heap before GC invocations=27 (full 0):
 garbage-first heap   total 145408K, used 128008K [0x00000000c0000000, 0x0000000100000000)
  region size 1024K, 44 young (45056K), 3 survivors (3072K)
 Metaspace       used 74901K, committed 76928K, reserved 1179648K
  class space    used 10607K, committed 11584K, reserved 1048576K
}
Event: 28.496 GC heap after
{Heap after GC invocations=28 (full 0):
 garbage-first heap   total 145408K, used 88682K [0x00000000c0000000, 0x0000000100000000)
  region size 1024K, 6 young (6144K), 6 survivors (6144K)
 Metaspace       used 74901K, committed 76928K, reserved 1179648K
  class space    used 10607K, committed 11584K, reserved 1048576K
}
Event: 29.181 GC heap before
{Heap before GC invocations=28 (full 0):
 garbage-first heap   total 145408K, used 131690K [0x00000000c0000000, 0x0000000100000000)
  region size 1024K, 48 young (49152K), 6 survivors (6144K)
 Metaspace       used 75754K, committed 77760K, reserved 1179648K
  class space    used 10714K, committed 11712K, reserved 1048576K
}
Event: 29.187 GC heap after
{Heap after GC invocations=29 (full 0):
 garbage-first heap   total 145408K, used 91541K [0x00000000c0000000, 0x0000000100000000)
  region size 1024K, 6 young (6144K), 6 survivors (6144K)
 Metaspace       used 75754K, committed 77760K, reserved 1179648K
  class space    used 10714K, committed 11712K, reserved 1048576K
}
Event: 29.743 GC heap before
{Heap before GC invocations=29 (full 0):
 garbage-first heap   total 145408K, used 132501K [0x00000000c0000000, 0x0000000100000000)
  region size 1024K, 46 young (47104K), 6 survivors (6144K)
 Metaspace       used 78302K, committed 80320K, reserved 1179648K
  class space    used 11061K, committed 12096K, reserved 1048576K
}
Event: 29.749 GC heap after
{Heap after GC invocations=30 (full 0):
 garbage-first heap   total 145408K, used 92177K [0x00000000c0000000, 0x0000000100000000)
  region size 1024K, 2 young (2048K), 2 survivors (2048K)
 Metaspace       used 78302K, committed 80320K, reserved 1179648K
  class space    used 11061K, committed 12096K, reserved 1048576K
}
Event: 30.504 GC heap before
{Heap before GC invocations=31 (full 0):
 garbage-first heap   total 155648K, used 134161K [0x00000000c0000000, 0x0000000100000000)
  region size 1024K, 42 young (43008K), 2 survivors (2048K)
 Metaspace       used 81424K, committed 83456K, reserved 1179648K
  class space    used 11571K, committed 12608K, reserved 1048576K
}
Event: 30.507 GC heap after
{Heap after GC invocations=32 (full 0):
 garbage-first heap   total 155648K, used 93165K [0x00000000c0000000, 0x0000000100000000)
  region size 1024K, 3 young (3072K), 3 survivors (3072K)
 Metaspace       used 81424K, committed 83456K, reserved 1179648K
  class space    used 11571K, committed 12608K, reserved 1048576K
}
Event: 31.337 GC heap before
{Heap before GC invocations=32 (full 0):
 garbage-first heap   total 155648K, used 141293K [0x00000000c0000000, 0x0000000100000000)
  region size 1024K, 50 young (51200K), 3 survivors (3072K)
 Metaspace       used 84996K, committed 87168K, reserved 1179648K
  class space    used 12154K, committed 13248K, reserved 1048576K
}
Event: 31.345 GC heap after
{Heap after GC invocations=33 (full 0):
 garbage-first heap   total 155648K, used 93809K [0x00000000c0000000, 0x0000000100000000)
  region size 1024K, 5 young (5120K), 5 survivors (5120K)
 Metaspace       used 84996K, committed 87168K, reserved 1179648K
  class space    used 12154K, committed 13248K, reserved 1048576K
}
Event: 32.822 GC heap before
{Heap before GC invocations=33 (full 0):
 garbage-first heap   total 155648K, used 130673K [0x00000000c0000000, 0x0000000100000000)
  region size 1024K, 42 young (43008K), 5 survivors (5120K)
 Metaspace       used 87622K, committed 89792K, reserved 1179648K
  class space    used 12519K, committed 13632K, reserved 1048576K
}
Event: 32.828 GC heap after
{Heap after GC invocations=34 (full 0):
 garbage-first heap   total 155648K, used 96905K [0x00000000c0000000, 0x0000000100000000)
  region size 1024K, 7 young (7168K), 7 survivors (7168K)
 Metaspace       used 87622K, committed 89792K, reserved 1179648K
  class space    used 12519K, committed 13632K, reserved 1048576K
}

Dll operation events (14 events):
Event: 0.044 Loaded shared library C:\Users\HP\.trae\extensions\redhat.java-1.54.0-win32-x64\jre\21.0.10-win32-x86_64\bin\java.dll
Event: 0.169 Loaded shared library C:\Users\HP\.trae\extensions\redhat.java-1.54.0-win32-x64\jre\21.0.10-win32-x86_64\bin\zip.dll
Event: 0.201 Loaded shared library C:\Users\HP\.trae\extensions\redhat.java-1.54.0-win32-x64\jre\21.0.10-win32-x86_64\bin\instrument.dll
Event: 0.210 Loaded shared library C:\Users\HP\.trae\extensions\redhat.java-1.54.0-win32-x64\jre\21.0.10-win32-x86_64\bin\net.dll
Event: 0.215 Loaded shared library C:\Users\HP\.trae\extensions\redhat.java-1.54.0-win32-x64\jre\21.0.10-win32-x86_64\bin\nio.dll
Event: 0.221 Loaded shared library C:\Users\HP\.trae\extensions\redhat.java-1.54.0-win32-x64\jre\21.0.10-win32-x86_64\bin\zip.dll
Event: 0.608 Loaded shared library C:\Users\HP\.trae\extensions\redhat.java-1.54.0-win32-x64\jre\21.0.10-win32-x86_64\bin\jimage.dll
Event: 0.836 Loaded shared library C:\Users\HP\.trae\extensions\redhat.java-1.54.0-win32-x64\jre\21.0.10-win32-x86_64\bin\verify.dll
Event: 1.065 Loaded shared library C:\Users\HP\.gradle\native\1def1411415f61bf3af743bc5b6707747c0891f09f0c88961ee8f79bc544acac\windows-amd64\native-platform.dll
Event: 1.092 Loaded shared library C:\Users\HP\.gradle\native\0.2.7\x86_64-windows-gnu\gradle-fileevents.dll
Event: 3.077 Loaded shared library C:\Users\HP\.trae\extensions\redhat.java-1.54.0-win32-x64\jre\21.0.10-win32-x86_64\bin\management.dll
Event: 3.091 Loaded shared library C:\Users\HP\.trae\extensions\redhat.java-1.54.0-win32-x64\jre\21.0.10-win32-x86_64\bin\management_ext.dll
Event: 3.546 Loaded shared library C:\Users\HP\.trae\extensions\redhat.java-1.54.0-win32-x64\jre\21.0.10-win32-x86_64\bin\extnet.dll
Event: 4.199 Loaded shared library C:\Users\HP\.trae\extensions\redhat.java-1.54.0-win32-x64\jre\21.0.10-win32-x86_64\bin\sunmscapi.dll

Deoptimization events (20 events):
Event: 32.924 Thread 0x000002d365606d00 DEOPT PACKING pc=0x000002d312fa979c sp=0x000000f92bffa700
Event: 32.924 Thread 0x000002d365606d00 DEOPT UNPACKING pc=0x000002d312524422 sp=0x000000f92bffa5b0 mode 2
Event: 33.017 Thread 0x000002d365606d00 DEOPT PACKING pc=0x000002d30c1d5ed6 sp=0x000000f92bffa4b0
Event: 33.017 Thread 0x000002d365606d00 DEOPT UNPACKING pc=0x000002d312524bc2 sp=0x000000f92bff9a70 mode 0
Event: 33.077 Thread 0x000002d365606d00 DEOPT PACKING pc=0x000002d30c1d5ed6 sp=0x000000f92bffa4b0
Event: 33.077 Thread 0x000002d365606d00 DEOPT UNPACKING pc=0x000002d312524bc2 sp=0x000000f92bff9a70 mode 0
Event: 33.124 Thread 0x000002d365606d00 Uncommon trap: trap_request=0xffffff76 fr.pc=0x000002d312faf478 relative=0x0000000000001738
Event: 33.125 Thread 0x000002d365606d00 Uncommon trap: reason=predicate action=maybe_recompile pc=0x000002d312faf478 method=java.util.TimSort.binarySort([Ljava/lang/Object;IIILjava/util/Comparator;)V @ 34 c2
Event: 33.125 Thread 0x000002d365606d00 DEOPT PACKING pc=0x000002d312faf478 sp=0x000000f92bffa700
Event: 33.125 Thread 0x000002d365606d00 DEOPT UNPACKING pc=0x000002d312524422 sp=0x000000f92bffa608 mode 2
Event: 33.268 Thread 0x000002d365606d00 Uncommon trap: trap_request=0xffffff45 fr.pc=0x000002d312b0d444 relative=0x0000000000001d04
Event: 33.269 Thread 0x000002d365606d00 Uncommon trap: reason=unstable_if action=reinterpret pc=0x000002d312b0d444 method=java.util.HashMap.hash(Ljava/lang/Object;)I @ 1 c2
Event: 33.269 Thread 0x000002d365606d00 DEOPT PACKING pc=0x000002d312b0d444 sp=0x000000f92bffa410
Event: 33.269 Thread 0x000002d365606d00 DEOPT UNPACKING pc=0x000002d312524422 sp=0x000000f92bffa320 mode 2
Event: 33.356 Thread 0x000002d365606d00 DEOPT PACKING pc=0x000002d30c1d5ed6 sp=0x000000f92bffa4b0
Event: 33.356 Thread 0x000002d365606d00 DEOPT UNPACKING pc=0x000002d312524bc2 sp=0x000000f92bff9a70 mode 0
Event: 33.770 Thread 0x000002d365606d00 Uncommon trap: trap_request=0xffffff45 fr.pc=0x000002d312d5b2d4 relative=0x0000000000001614
Event: 33.770 Thread 0x000002d365606d00 Uncommon trap: reason=unstable_if action=reinterpret pc=0x000002d312d5b2d4 method=org.objectweb.asm.ByteVector.putInt(I)Lorg/objectweb/asm/ByteVector; @ 13 c2
Event: 33.770 Thread 0x000002d365606d00 DEOPT PACKING pc=0x000002d312d5b2d4 sp=0x000000f92bffa1d0
Event: 33.770 Thread 0x000002d365606d00 DEOPT UNPACKING pc=0x000002d312524422 sp=0x000000f92bffa038 mode 2

Classes loaded (20 events):
Event: 32.649 Loading class java/util/stream/ReduceOps$CountingSink done
Event: 32.649 Loading class java/util/stream/ReduceOps$CountingSink$OfRef done
Event: 33.501 Loading class java/util/concurrent/ConcurrentSkipListMap$KeySet
Event: 33.502 Loading class java/util/concurrent/ConcurrentSkipListMap$KeySet done
Event: 33.502 Loading class java/util/concurrent/ConcurrentSkipListMap$KeyIterator
Event: 33.502 Loading class java/util/concurrent/ConcurrentSkipListMap$KeyIterator done
Event: 33.502 Loading class java/net/InetAddress$NameServiceAddresses
Event: 33.503 Loading class java/net/InetAddress$Addresses
Event: 33.503 Loading class java/net/InetAddress$Addresses done
Event: 33.503 Loading class java/net/InetAddress$NameServiceAddresses done
Event: 33.503 Loading class java/net/spi/InetAddressResolverProvider
Event: 33.503 Loading class java/net/spi/InetAddressResolverProvider done
Event: 33.533 Loading class sun/net/InetAddressCachePolicy
Event: 33.534 Loading class sun/net/InetAddressCachePolicy done
Event: 33.534 Loading class sun/net/InetAddressCachePolicy$1
Event: 33.534 Loading class sun/net/InetAddressCachePolicy$1 done
Event: 33.535 Loading class java/net/InetAddress$CachedLookup
Event: 33.535 Loading class java/net/InetAddress$CachedLookup done
Event: 33.535 Loading class java/net/InetAddress$CachedLocalHost
Event: 33.536 Loading class java/net/InetAddress$CachedLocalHost done

Classes unloaded (0 events):
No events

Classes redefined (0 events):
No events

Internal exceptions (20 events):
Event: 32.117 Thread 0x000002d365606d00 Exception <a 'java/lang/ClassNotFoundException'{0x00000000c8003ae8}: org/gradle/api/internal/project/AbstractPluginAwareCustomizer> (0x00000000c8003ae8) 
thrown [s\src\hotspot\share\classfile\systemDictionary.cpp, line 312]
Event: 32.125 Thread 0x000002d365606d00 Exception <a 'java/lang/ClassNotFoundException'{0x00000000c80139d0}: org/gradle/api/internal/project/DefaultProjectCustomizer> (0x00000000c80139d0) 
thrown [s\src\hotspot\share\classfile\systemDictionary.cpp, line 312]
Event: 32.141 Thread 0x000002d365606d00 Exception <a 'java/lang/ClassNotFoundException'{0x00000000c80cce00}: org/gradle/api/internal/project/DefaultProject_DecoratedCustomizer> (0x00000000c80cce00) 
thrown [s\src\hotspot\share\classfile\systemDictionary.cpp, line 312]
Event: 32.182 Thread 0x000002d365606d00 Exception <a 'java/lang/ClassNotFoundException'{0x00000000c7f862a0}: org/gradle/plugin/software/internal/SoftwareFeaturesDynamicObject_DecoratedBeanInfo> (0x00000000c7f862a0) 
thrown [s\src\hotspot\share\classfile\systemDictionary.cpp, line 312]
Event: 32.185 Thread 0x000002d365606d00 Exception <a 'java/lang/ClassNotFoundException'{0x00000000c7f91140}: org/gradle/plugin/software/internal/SoftwareFeaturesDynamicObjectBeanInfo> (0x00000000c7f91140) 
thrown [s\src\hotspot\share\classfile\systemDictionary.cpp, line 312]
Event: 32.186 Thread 0x000002d365606d00 Exception <a 'java/lang/ClassNotFoundException'{0x00000000c7f9bf98}: org/gradle/internal/metaobject/AbstractDynamicObjectBeanInfo> (0x00000000c7f9bf98) 
thrown [s\src\hotspot\share\classfile\systemDictionary.cpp, line 312]
Event: 32.186 Thread 0x000002d365606d00 Exception <a 'java/lang/ClassNotFoundException'{0x00000000c7fa7098}: org/gradle/internal/metaobject/AbstractDynamicObjectCustomizer> (0x00000000c7fa7098) 
thrown [s\src\hotspot\share\classfile\systemDictionary.cpp, line 312]
Event: 32.191 Thread 0x000002d365606d00 Exception <a 'java/lang/ClassNotFoundException'{0x00000000c7fbd918}: org/gradle/plugin/software/internal/SoftwareFeaturesDynamicObjectCustomizer> (0x00000000c7fbd918) 
thrown [s\src\hotspot\share\classfile\systemDictionary.cpp, line 312]
Event: 32.192 Thread 0x000002d365606d00 Exception <a 'java/lang/ClassNotFoundException'{0x00000000c7fcf148}: org/gradle/plugin/software/internal/SoftwareFeaturesDynamicObject_DecoratedCustomizer> (0x00000000c7fcf148) 
thrown [s\src\hotspot\share\classfile\systemDictionary.cpp, line 312]
Event: 32.205 Thread 0x000002d365606d00 Exception <a 'java/lang/ClassNotFoundException'{0x00000000c7e12bf8}: org/gradle/api/internal/plugins/NaggingBasePluginConventionBeanInfo> (0x00000000c7e12bf8) 
thrown [s\src\hotspot\share\classfile\systemDictionary.cpp, line 312]
Event: 32.208 Thread 0x000002d365606d00 Exception <a 'java/lang/ClassNotFoundException'{0x00000000c7e1f0c8}: org/gradle/api/plugins/BasePluginConventionBeanInfo> (0x00000000c7e1f0c8) 
thrown [s\src\hotspot\share\classfile\systemDictionary.cpp, line 312]
Event: 32.208 Thread 0x000002d365606d00 Exception <a 'java/lang/ClassNotFoundException'{0x00000000c7e2aaa0}: org/gradle/api/plugins/BasePluginConventionCustomizer> (0x00000000c7e2aaa0) 
thrown [s\src\hotspot\share\classfile\systemDictionary.cpp, line 312]
Event: 32.213 Thread 0x000002d365606d00 Exception <a 'java/lang/ClassNotFoundException'{0x00000000c7e41ae0}: org/gradle/api/internal/plugins/NaggingBasePluginConventionCustomizer> (0x00000000c7e41ae0) 
thrown [s\src\hotspot\share\classfile\systemDictionary.cpp, line 312]
Event: 32.220 Thread 0x000002d365606d00 Exception <a 'java/lang/ClassNotFoundException'{0x00000000c7e83ee0}: org/gradle/api/plugins/internal/NaggingJavaPluginConventionBeanInfo> (0x00000000c7e83ee0) 
thrown [s\src\hotspot\share\classfile\systemDictionary.cpp, line 312]
Event: 32.221 Thread 0x000002d365606d00 Exception <a 'java/lang/ClassNotFoundException'{0x00000000c7e903b0}: org/gradle/api/plugins/JavaPluginConventionBeanInfo> (0x00000000c7e903b0) 
thrown [s\src\hotspot\share\classfile\systemDictionary.cpp, line 312]
Event: 32.222 Thread 0x000002d365606d00 Exception <a 'java/lang/ClassNotFoundException'{0x00000000c7e9bd88}: org/gradle/api/plugins/JavaPluginConventionCustomizer> (0x00000000c7e9bd88) 
thrown [s\src\hotspot\share\classfile\systemDictionary.cpp, line 312]
Event: 32.232 Thread 0x000002d365606d00 Exception <a 'java/lang/ClassNotFoundException'{0x00000000c7ebc890}: org/gradle/api/plugins/internal/NaggingJavaPluginConventionCustomizer> (0x00000000c7ebc890) 
thrown [s\src\hotspot\share\classfile\systemDictionary.cpp, line 312]
Event: 32.457 Thread 0x000002d365606d00 Exception <a 'java/lang/NoSuchMethodError'{0x00000000c7a0e1f0}: 'java.lang.Object java.lang.invoke.DirectMethodHandle$Holder.invokeStatic(java.lang.Object, int, java.lang.Object)'> (0x00000000c7a0e1f0) 
thrown [s\src\hotspot\share\interpreter\linkResolver.cpp, line 773]
Event: 32.905 Thread 0x000002d365606d00 Implicit null exception at 0x000002d312c932f9 to 0x000002d312c93324
Event: 33.268 Thread 0x000002d365606d00 Implicit null exception at 0x000002d312b0bbcb to 0x000002d312b0d430

ZGC Phase Switch (0 events):
No events

VM Operations (20 events):
Event: 29.790 Executing safepoint VM operation: G1PauseRemark
Event: 29.797 Executing safepoint VM operation: G1PauseRemark done
Event: 29.811 Executing safepoint VM operation: G1PauseCleanup
Event: 29.812 Executing safepoint VM operation: G1PauseCleanup done
Event: 30.504 Executing safepoint VM operation: G1CollectForAllocation (G1 Evacuation Pause)
Event: 30.507 Executing safepoint VM operation: G1CollectForAllocation (G1 Evacuation Pause) done
Event: 31.337 Executing safepoint VM operation: G1CollectForAllocation (G1 Evacuation Pause)
Event: 31.345 Executing safepoint VM operation: G1CollectForAllocation (G1 Evacuation Pause) done
Event: 32.348 Executing safepoint VM operation: Cleanup
Event: 32.364 Executing safepoint VM operation: Cleanup done
Event: 32.532 Executing non-safepoint VM operation: HandshakeAllThreads (Deoptimize)
Event: 32.532 Executing non-safepoint VM operation: HandshakeAllThreads (Deoptimize) done
Event: 32.821 Executing safepoint VM operation: G1TryInitiateConcMark (G1 Humongous Allocation)
Event: 32.829 Executing safepoint VM operation: G1TryInitiateConcMark (G1 Humongous Allocation) done
Event: 32.878 Executing safepoint VM operation: G1PauseRemark
Event: 32.887 Executing safepoint VM operation: G1PauseRemark done
Event: 32.903 Executing safepoint VM operation: G1PauseCleanup
Event: 32.903 Executing safepoint VM operation: G1PauseCleanup done
Event: 33.910 Executing safepoint VM operation: Cleanup
Event: 33.911 Executing safepoint VM operation: Cleanup done

Memory protections (0 events):
No events

Nmethod flushes (20 events):
Event: 32.885 Thread 0x000002d31e535a00 flushing  nmethod 0x000002d30b653610
Event: 32.885 Thread 0x000002d31e535a00 flushing  nmethod 0x000002d30b678910
Event: 32.885 Thread 0x000002d31e535a00 flushing  nmethod 0x000002d30b67bf90
Event: 32.885 Thread 0x000002d31e535a00 flushing  nmethod 0x000002d30b67c390
Event: 32.885 Thread 0x000002d31e535a00 flushing  nmethod 0x000002d30b698010
Event: 32.885 Thread 0x000002d31e535a00 flushing  nmethod 0x000002d30b804110
Event: 32.885 Thread 0x000002d31e535a00 flushing  nmethod 0x000002d30b9be090
Event: 32.885 Thread 0x000002d31e535a00 flushing  nmethod 0x000002d30ba00290
Event: 32.885 Thread 0x000002d31e535a00 flushing  nmethod 0x000002d30bb92690
Event: 32.885 Thread 0x000002d31e535a00 flushing  nmethod 0x000002d30bb93c10
Event: 32.885 Thread 0x000002d31e535a00 flushing  nmethod 0x000002d30b07bb90
Event: 32.885 Thread 0x000002d31e535a00 flushing  nmethod 0x000002d30b0d5310
Event: 32.885 Thread 0x000002d31e535a00 flushing  nmethod 0x000002d30b18c610
Event: 32.885 Thread 0x000002d31e535a00 flushing  nmethod 0x000002d30b1c7990
Event: 32.885 Thread 0x000002d31e535a00 flushing  nmethod 0x000002d30b1c7c90
Event: 32.885 Thread 0x000002d31e535a00 flushing  nmethod 0x000002d30b222a10
Event: 32.885 Thread 0x000002d31e535a00 flushing  nmethod 0x000002d30b88d810
Event: 32.885 Thread 0x000002d31e535a00 flushing  nmethod 0x000002d30b910a10
Event: 32.885 Thread 0x000002d31e535a00 flushing  nmethod 0x000002d30b911490
Event: 32.885 Thread 0x000002d31e535a00 flushing  nmethod 0x000002d30b918890

Events (20 events):
Event: 20.237 Thread 0x000002d365606d00 Thread added: 0x000002d36bb07520
Event: 20.258 Thread 0x000002d365606d00 Thread added: 0x000002d36bb08240
Event: 20.263 Thread 0x000002d365606d00 Thread added: 0x000002d36bb08f60
Event: 20.267 Thread 0x000002d365606d00 Thread added: 0x000002d36bb095f0
Event: 20.271 Thread 0x000002d365606d00 Thread added: 0x000002d36bb06170
Event: 20.278 Thread 0x000002d365606d00 Thread added: 0x000002d36bb0ca70
Event: 20.741 Thread 0x000002d365606d00 Thread added: 0x000002d36bb09c80
Event: 20.742 Thread 0x000002d365606d00 Thread added: 0x000002d36bb0b6c0
Event: 20.742 Thread 0x000002d365606d00 Thread added: 0x000002d36bb0a9a0
Event: 20.743 Thread 0x000002d365606d00 Thread added: 0x000002d36bb0c3e0
Event: 20.743 Thread 0x000002d365606d00 Thread added: 0x000002d36bb0a310
Event: 20.743 Thread 0x000002d365606d00 Thread added: 0x000002d36bb0b030
Event: 20.744 Thread 0x000002d365606d00 Thread added: 0x000002d36ab8ad30
Event: 20.749 Thread 0x000002d365606d00 Thread added: 0x000002d36ab8c0e0
Event: 20.750 Thread 0x000002d365606d00 Thread added: 0x000002d36ab8d490
Event: 20.750 Thread 0x000002d365606d00 Thread added: 0x000002d36ab8b3c0
Event: 20.756 Thread 0x000002d365606d00 Thread added: 0x000002d36ab8a010
Event: 22.882 Thread 0x000002d3671ac6e0 Thread exited: 0x000002d3671ac6e0
Event: 24.915 Thread 0x000002d365606d00 Thread added: 0x000002d36ab8db20
Event: 27.657 Thread 0x000002d365606d00 Thread added: 0x000002d36ab8c770


Dynamic libraries:
0x00007ff7ff300000 - 0x00007ff7ff30e000 	C:\Users\HP\.trae\extensions\redhat.java-1.54.0-win32-x64\jre\21.0.10-win32-x86_64\bin\java.exe
0x00007ffd58e20000 - 0x00007ffd59087000 	C:\WINDOWS\SYSTEM32\ntdll.dll
0x00007ffd578d0000 - 0x00007ffd57999000 	C:\WINDOWS\System32\KERNEL32.DLL
0x00007ffd55b40000 - 0x00007ffd55f37000 	C:\WINDOWS\System32\KERNELBASE.dll
0x00007ffd569a0000 - 0x00007ffd56aeb000 	C:\WINDOWS\System32\ucrtbase.dll
0x00007ffd17880000 - 0x00007ffd17898000 	C:\Users\HP\.trae\extensions\redhat.java-1.54.0-win32-x64\jre\21.0.10-win32-x86_64\bin\jli.dll
0x00007ffd56d70000 - 0x00007ffd56f36000 	C:\WINDOWS\System32\USER32.dll
0x00007ffd55f40000 - 0x00007ffd55f67000 	C:\WINDOWS\System32\win32u.dll
0x00007ffd57810000 - 0x00007ffd5783b000 	C:\WINDOWS\System32\GDI32.dll
0x00007ffd56870000 - 0x00007ffd5699c000 	C:\WINDOWS\System32\gdi32full.dll
0x00007ffd56af0000 - 0x00007ffd56b93000 	C:\WINDOWS\System32\msvcp_win.dll
0x00007ffd17740000 - 0x00007ffd1775e000 	C:\Users\HP\.trae\extensions\redhat.java-1.54.0-win32-x64\jre\21.0.10-win32-x86_64\bin\VCRUNTIME140.dll
0x00007ffd3ab10000 - 0x00007ffd3ada2000 	C:\WINDOWS\WinSxS\amd64_microsoft.windows.common-controls_6595b64144ccf1df_6.0.26100.8457_none_3e0b2faee331e92d\COMCTL32.dll
0x00007ffd58d30000 - 0x00007ffd58dd9000 	C:\WINDOWS\System32\msvcrt.dll
0x00007ffd582c0000 - 0x00007ffd582f2000 	C:\WINDOWS\System32\IMM32.DLL
0x00007ffd366e0000 - 0x00007ffd3683e000 	C:\Program Files (x86)\Citrix\ICA Client\ctxapclient64.dll
0x00007ffd57c40000 - 0x00007ffd57fc3000 	C:\WINDOWS\System32\combase.dll
0x00007ffd58b10000 - 0x00007ffd58c28000 	C:\WINDOWS\System32\RPCRT4.dll
0x00007ffd4e7f0000 - 0x00007ffd4e7fb000 	C:\WINDOWS\SYSTEM32\VERSION.dll
0x00007ffd55740000 - 0x00007ffd5576a000 	C:\WINDOWS\SYSTEM32\bcrypt.dll
0x00007ffd579a0000 - 0x00007ffd57a47000 	C:\WINDOWS\System32\sechost.dll
0x00007ffd56f40000 - 0x00007ffd56ff6000 	C:\WINDOWS\System32\ADVAPI32.dll
0x00007ffd54700000 - 0x00007ffd54736000 	C:\WINDOWS\SYSTEM32\ntmarta.dll
0x00007ffd55850000 - 0x00007ffd558f8000 	C:\WINDOWS\System32\bcryptprimitives.dll
0x00007ffd2c920000 - 0x00007ffd2c92c000 	C:\Users\HP\.trae\extensions\redhat.java-1.54.0-win32-x64\jre\21.0.10-win32-x86_64\bin\vcruntime140_1.dll
0x00007ffd08940000 - 0x00007ffd089cd000 	C:\Users\HP\.trae\extensions\redhat.java-1.54.0-win32-x64\jre\21.0.10-win32-x86_64\bin\msvcp140.dll
0x00007ffc2e750000 - 0x00007ffc2f4f1000 	C:\Users\HP\.trae\extensions\redhat.java-1.54.0-win32-x64\jre\21.0.10-win32-x86_64\bin\server\jvm.dll
0x00007ffd57bb0000 - 0x00007ffd57c30000 	C:\WINDOWS\System32\WS2_32.dll
0x00007ffd556d0000 - 0x00007ffd5572e000 	C:\WINDOWS\SYSTEM32\POWRPROF.dll
0x00007ffd4d900000 - 0x00007ffd4d936000 	C:\WINDOWS\SYSTEM32\WINMM.dll
0x00007ffd556b0000 - 0x00007ffd556c4000 	C:\WINDOWS\SYSTEM32\UMPDC.dll
0x00007ffd545c0000 - 0x00007ffd545db000 	C:\WINDOWS\SYSTEM32\kernel.appcore.dll
0x00007ffd27520000 - 0x00007ffd2752a000 	C:\Users\HP\.trae\extensions\redhat.java-1.54.0-win32-x64\jre\21.0.10-win32-x86_64\bin\jimage.dll
0x00007ffd48fa0000 - 0x00007ffd491e2000 	C:\WINDOWS\SYSTEM32\DBGHELP.DLL
0x00007ffd56c90000 - 0x00007ffd56d69000 	C:\WINDOWS\System32\OLEAUT32.dll
0x00007ffd38f00000 - 0x00007ffd38f3b000 	C:\WINDOWS\SYSTEM32\dbgcore.DLL
0x00007ffd42120000 - 0x00007ffd4212f000 	C:\Users\HP\.trae\extensions\redhat.java-1.54.0-win32-x64\jre\21.0.10-win32-x86_64\bin\instrument.dll
0x00007ffd17560000 - 0x00007ffd17580000 	C:\Users\HP\.trae\extensions\redhat.java-1.54.0-win32-x64\jre\21.0.10-win32-x86_64\bin\java.dll
0x000002d31e590000 - 0x000002d31ecfe000 	C:\WINDOWS\System32\SHELL32.dll
0x000002d364000000 - 0x000002d36486c000 	C:\WINDOWS\System32\windows.storage.dll
0x00007ffd58c30000 - 0x00007ffd58d26000 	C:\WINDOWS\System32\SHCORE.dll
0x00007ffd577a0000 - 0x00007ffd57806000 	C:\WINDOWS\System32\shlwapi.dll
0x00007ffd55770000 - 0x00007ffd55799000 	C:\WINDOWS\SYSTEM32\profapi.dll
0x00007ffd17510000 - 0x00007ffd17528000 	C:\Users\HP\.trae\extensions\redhat.java-1.54.0-win32-x64\jre\21.0.10-win32-x86_64\bin\zip.dll
0x00007ffd27510000 - 0x00007ffd27520000 	C:\Users\HP\.trae\extensions\redhat.java-1.54.0-win32-x64\jre\21.0.10-win32-x86_64\bin\net.dll
0x00007ffd4dfd0000 - 0x00007ffd4e0f9000 	C:\WINDOWS\SYSTEM32\WINHTTP.dll
0x00007ffd54b50000 - 0x00007ffd54bbc000 	C:\WINDOWS\system32\mswsock.dll
0x00007ffd16dc0000 - 0x00007ffd16dd6000 	C:\Users\HP\.trae\extensions\redhat.java-1.54.0-win32-x64\jre\21.0.10-win32-x86_64\bin\nio.dll
0x00007ffd42110000 - 0x00007ffd42120000 	C:\Users\HP\.trae\extensions\redhat.java-1.54.0-win32-x64\jre\21.0.10-win32-x86_64\bin\verify.dll
0x00007ffd28170000 - 0x00007ffd28197000 	C:\Users\HP\.gradle\native\1def1411415f61bf3af743bc5b6707747c0891f09f0c88961ee8f79bc544acac\windows-amd64\native-platform.dll
0x00007ffd0d920000 - 0x00007ffd0d998000 	C:\Users\HP\.gradle\native\0.2.7\x86_64-windows-gnu\gradle-fileevents.dll
0x00007ffd37950000 - 0x00007ffd3795a000 	C:\Users\HP\.trae\extensions\redhat.java-1.54.0-win32-x64\jre\21.0.10-win32-x86_64\bin\management.dll
0x00007ffd37940000 - 0x00007ffd3794c000 	C:\Users\HP\.trae\extensions\redhat.java-1.54.0-win32-x64\jre\21.0.10-win32-x86_64\bin\management_ext.dll
0x00007ffd57fd0000 - 0x00007ffd57fd8000 	C:\WINDOWS\System32\PSAPI.DLL
0x00007ffd53fa0000 - 0x00007ffd53fd2000 	C:\WINDOWS\SYSTEM32\IPHLPAPI.DLL
0x00007ffd56ba0000 - 0x00007ffd56baa000 	C:\WINDOWS\System32\NSI.dll
0x00007ffd42130000 - 0x00007ffd42139000 	C:\Users\HP\.trae\extensions\redhat.java-1.54.0-win32-x64\jre\21.0.10-win32-x86_64\bin\extnet.dll
0x00007ffd54e30000 - 0x00007ffd54e4b000 	C:\WINDOWS\SYSTEM32\CRYPTSP.dll
0x00007ffd54520000 - 0x00007ffd54559000 	C:\WINDOWS\system32\rsaenh.dll
0x00007ffd54c00000 - 0x00007ffd54c33000 	C:\WINDOWS\SYSTEM32\USERENV.dll
0x00007ffd54e50000 - 0x00007ffd54e5c000 	C:\WINDOWS\SYSTEM32\CRYPTBASE.dll
0x00007ffd42140000 - 0x00007ffd4214e000 	C:\Users\HP\.trae\extensions\redhat.java-1.54.0-win32-x64\jre\21.0.10-win32-x86_64\bin\sunmscapi.dll
0x00007ffd559c0000 - 0x00007ffd55b38000 	C:\WINDOWS\System32\CRYPT32.dll
0x00007ffd55050000 - 0x00007ffd55080000 	C:\WINDOWS\SYSTEM32\ncrypt.dll
0x00007ffd55000000 - 0x00007ffd5503f000 	C:\WINDOWS\SYSTEM32\NTASN1.dll
0x00007ffd27420000 - 0x00007ffd27428000 	C:\WINDOWS\system32\wshunix.dll
0x00007ffd272b0000 - 0x00007ffd272c8000 	C:\WINDOWS\system32\napinsp.dll
0x00007ffd54030000 - 0x00007ffd54162000 	C:\WINDOWS\SYSTEM32\DNSAPI.dll
0x00007ffd27290000 - 0x00007ffd272a3000 	C:\WINDOWS\System32\winrnr.dll
0x00007ffd27260000 - 0x00007ffd27282000 	C:\WINDOWS\system32\nlansp_c.dll
0x00007ffd4dbd0000 - 0x00007ffd4dbe6000 	C:\WINDOWS\system32\wshbth.dll
0x00007ffd4e940000 - 0x00007ffd4e94b000 	C:\Windows\System32\rasadhlp.dll
0x00007ffd4b2a0000 - 0x00007ffd4b326000 	C:\WINDOWS\System32\fwpuclnt.dll

JVMTI agents:
C:\Users\HP\.gradle\wrapper\dists\gradle-8.13-bin\5xuhj0ry160q40clulazy9h7d\gradle-8.13\lib\agents\gradle-instrumentation-agent-8.13.jar path:C:\Users\HP\.trae\extensions\redhat.java-1.54.0-win32-x64\jre\21.0.10-win32-x86_64\bin\instrument.dll, loaded, initialized, instrumentlib options:none

dbghelp: loaded successfully - version: 4.0.5 - missing functions: none
symbol engine: initialized successfully - sym options: 0x614 - pdb path: .;C:\Users\HP\.trae\extensions\redhat.java-1.54.0-win32-x64\jre\21.0.10-win32-x86_64\bin;C:\WINDOWS\SYSTEM32;C:\WINDOWS\WinSxS\amd64_microsoft.windows.common-controls_6595b64144ccf1df_6.0.26100.8457_none_3e0b2faee331e92d;C:\Program Files (x86)\Citrix\ICA Client;C:\Users\HP\.trae\extensions\redhat.java-1.54.0-win32-x64\jre\21.0.10-win32-x86_64\bin\server;C:\Users\HP\.gradle\native\1def1411415f61bf3af743bc5b6707747c0891f09f0c88961ee8f79bc544acac\windows-amd64;C:\Users\HP\.gradle\native\0.2.7\x86_64-windows-gnu

VM Arguments:
jvm_args: --add-opens=java.base/java.lang=ALL-UNNAMED --add-opens=java.base/java.lang.invoke=ALL-UNNAMED --add-opens=java.base/java.util=ALL-UNNAMED --add-opens=java.prefs/java.util.prefs=ALL-UNNAMED --add-exports=jdk.compiler/com.sun.tools.javac.api=ALL-UNNAMED --add-exports=jdk.compiler/com.sun.tools.javac.util=ALL-UNNAMED --add-opens=java.base/java.util=ALL-UNNAMED --add-opens=java.prefs/java.util.prefs=ALL-UNNAMED --add-opens=java.base/java.nio.charset=ALL-UNNAMED --add-opens=java.base/java.net=ALL-UNNAMED --add-opens=java.base/java.util.concurrent.atomic=ALL-UNNAMED --add-opens=java.xml/javax.xml.namespace=ALL-UNNAMED -Xmx1024m -Dfile.encoding=UTF-8 -Duser.country=IN -Duser.language=en -Duser.variant -javaagent:C:\Users\HP\.gradle\wrapper\dists\gradle-8.13-bin\5xuhj0ry160q40clulazy9h7d\gradle-8.13\lib\agents\gradle-instrumentation-agent-8.13.jar 
java_command: org.gradle.launcher.daemon.bootstrap.GradleDaemon 8.13
java_class_path (initial): C:\Users\HP\.gradle\wrapper\dists\gradle-8.13-bin\5xuhj0ry160q40clulazy9h7d\gradle-8.13\lib\gradle-daemon-main-8.13.jar
Launcher Type: SUN_STANDARD

[Global flags]
     intx CICompilerCount                          = 4                                         {product} {ergonomic}
     uint ConcGCThreads                            = 3                                         {product} {ergonomic}
     uint G1ConcRefinementThreads                  = 10                                        {product} {ergonomic}
   size_t G1HeapRegionSize                         = 1048576                                   {product} {ergonomic}
    uintx GCDrainStackTargetSize                   = 64                                        {product} {ergonomic}
   size_t InitialHeapSize                          = 123731968                                 {product} {ergonomic}
   size_t MarkStackSize                            = 4194304                                   {product} {ergonomic}
   size_t MaxHeapSize                              = 1073741824                                {product} {command line}
   size_t MaxNewSize                               = 643825664                                 {product} {ergonomic}
   size_t MinHeapDeltaBytes                        = 1048576                                   {product} {ergonomic}
   size_t MinHeapSize                              = 8388608                                   {product} {ergonomic}
    uintx NonNMethodCodeHeapSize                   = 5839372                                {pd product} {ergonomic}
    uintx NonProfiledCodeHeapSize                  = 122909434                              {pd product} {ergonomic}
    uintx ProfiledCodeHeapSize                     = 122909434                              {pd product} {ergonomic}
    uintx ReservedCodeCacheSize                    = 251658240                              {pd product} {ergonomic}
     bool SegmentedCodeCache                       = true                                      {product} {ergonomic}
   size_t SoftMaxHeapSize                          = 1073741824                             {manageable} {ergonomic}
     bool UseCompressedOops                        = true                           {product lp64_product} {ergonomic}
     bool UseG1GC                                  = true                                      {product} {ergonomic}
     bool UseLargePagesIndividualAllocation        = false                                  {pd product} {ergonomic}

Logging:
Log output configuration:
 #0: stdout all=warning uptime,level,tags foldmultilines=false
 #1: stderr all=off uptime,level,tags foldmultilines=false

Release file:
JAVA_VERSION="21.0.10" 
MODULES="java.base java.compiler java.datatransfer java.xml java.prefs java.desktop java.instrument java.logging java.management java.security.sasl java.naming java.rmi java.management.rmi java.net.http java.scripting java.security.jgss java.transaction.xa java.sql java.sql.rowset java.xml.crypto java.se java.smartcardio jdk.accessibility jdk.internal.jvmstat jdk.attach jdk.charsets jdk.internal.opt jdk.zipfs jdk.compiler jdk.crypto.ec jdk.crypto.cryptoki jdk.crypto.mscapi jdk.dynalink jdk.internal.ed jdk.editpad jdk.hotspot.agent jdk.httpserver jdk.internal.le jdk.internal.vm.ci jdk.internal.vm.compiler jdk.internal.vm.compiler.management jdk.jartool jdk.javadoc jdk.jcmd jdk.management jdk.management.agent jdk.jconsole jdk.jdeps jdk.jdwp.agent jdk.jdi jdk.jfr jdk.jshell jdk.jsobject jdk.jstatd jdk.localedata jdk.management.jfr jdk.naming.dns jdk.naming.rmi jdk.net jdk.nio.mapmode jdk.random jdk.sctp jdk.security.auth jdk.security.jgss jdk.unsupported jdk.unsupported.desktop jdk.xml.dom" 

Environment Variables:
PATH=c:\Users\HP\.trae\tools\trae-gopls\current;c:\Users\HP\.trae\sdks\workspaces\0ba70f6d\versions\node\current;c:\Users\HP\.trae\sdks\versions\node\current;C:\Program Files\Common Files\Oracle\Java\javapath;C:\WINDOWS\system32;C:\WINDOWS;C:\WINDOWS\System32\Wbem;C:\WINDOWS\System32\WindowsPowerShell\v1.0\;C:\WINDOWS\System32\OpenSSH\;C:\Program Files\Git\cmd;c:\Users\HP\AppData\Local\Programs\cursor\resources\app\bin;C:\Program Files (x86)\Microsoft SQL Server\170\Tools\Binn\;C:\Program Files\Microsoft SQL Server\170\Tools\Binn\;C:\Program Files\Microsoft SQL Server\Client SDK\ODBC\180\Tools\Binn\;C:\Program Files\Microsoft SQL Server\170\DTS\Binn\;C:\Program Files\nodejs\;C:\Users\HP\AppData\Local\Programs\Python\Python311\Scripts\;C:\Users\HP\AppData\Local\Programs\Python\Python311\;C:\Users\HP\AppData\Local\Programs\Python\Python313\Scripts\;C:\Users\HP\AppData\Local\Programs\Python\Python313\;C:\Users\HP\AppData\Local\Programs\Python\Launcher\;C:\Users\HP\AppData\Local\Microsoft\WindowsApps;C:\Users\HP\AppData\Local\Programs\Microsoft VS Code\bin;C:\Users\HP\AppData\Local\Microsoft\WinGet\Packages\Gyan.FFmpeg_Microsoft.Winget.Source_8wekyb3d8bbwe\ffmpeg-8.0.1-full_build\bin;C:\Users\HP\AppData\Local\PowerToys\DSCModules\;C:\Users\HP\AppData\Roaming\npm;C:\Users\HP\AppData\Local\Programs\Antigravity IDE\bin;c:\Users\HP\AppData\Local\Programs\Trae\resources\app\bin\lib
USERNAME=HP
OS=Windows_NT
PROCESSOR_IDENTIFIER=AMD64 Family 25 Model 80 Stepping 0, AuthenticAMD
TMP=C:\Users\HP\AppData\Local\Temp
TEMP=C:\Users\HP\AppData\Local\Temp




Periodic native trim disabled

---------------  S Y S T E M  ---------------

OS:
 Windows 11 , 64 bit Build 26100 (10.0.26100.8328)
OS uptime: 1 days 13:12 hours
Hyper-V role detected

CPU: total 12 (initial active 12) (12 cores per cpu, 2 threads per core) family 25 model 80 stepping 0 microcode 0xa50000f, cx8, cmov, fxsr, ht, mmx, 3dnowpref, sse, sse2, sse3, ssse3, sse4a, sse4.1, sse4.2, popcnt, lzcnt, tsc, tscinvbit, avx, avx2, aes, erms, clmul, bmi1, bmi2, adx, sha, fma, vzeroupper, clflush, clflushopt, hv, rdtscp, rdpid, fsrm, f16c, cet_ss
Processor Information for the first 12 processors :
  Max Mhz: 3301, Current Mhz: 3301, Mhz Limit: 3301

Memory: 4k page, system-wide physical 7521M (8M free)
TotalPageFile size 31073M (AvailPageFile size 1M)
current process WorkingSet (physical memory assigned to process): 226M, peak: 328M
current process commit charge ("private bytes"): 465M, peak: 466M

vm_info: OpenJDK 64-Bit Server VM (21.0.10+7-LTS) for windows-amd64 JRE (21.0.10+7-LTS), built on 2026-01-20T00:00:00Z by "admin" with MS VC++ 17.12 (VS2022)

END.
