#
# There is insufficient memory for the Java Runtime Environment to continue.
# Native memory allocation (malloc) failed to allocate 1134576 bytes. Error detail: Chunk::new
# Possible reasons:
#   The system is out of physical RAM or swap space
#   This process is running with CompressedOops enabled, and the Java Heap may be blocking the growth of the native heap
# Possible solutions:
#   Reduce memory load on the system
#   Increase physical memory or swap space
#   Check if swap backing store is full
#   Decrease Java heap size (-Xmx/-Xms)
#   Decrease number of Java threads
#   Decrease Java thread stack sizes (-Xss)
#   Set larger code cache with -XX:ReservedCodeCacheSize=
#   JVM is running with Unscaled Compressed Oops mode in which the Java heap is
#     placed in the first 4GB address space. The Java Heap base address is the
#     maximum limit for the native heap growth. Please use -XX:HeapBaseMinAddress
#     to set the Java Heap base and to place the Java Heap above 4GB virtual address.
# This output file may be truncated or incomplete.
#
#  Out of Memory Error (arena.cpp:168), pid=38968, tid=38284
#
# JRE version: OpenJDK Runtime Environment Temurin-21.0.10+7 (21.0.10+7) (build 21.0.10+7-LTS)
# Java VM: OpenJDK 64-Bit Server VM Temurin-21.0.10+7 (21.0.10+7-LTS, mixed mode, sharing, tiered, compressed oops, compressed class ptrs, g1 gc, windows-amd64)
# No core dump will be written. Minidumps are not enabled by default on client versions of Windows
#

---------------  S U M M A R Y ------------

Command Line: --add-opens=java.base/java.lang=ALL-UNNAMED --add-opens=java.base/java.lang.invoke=ALL-UNNAMED --add-opens=java.base/java.util=ALL-UNNAMED --add-opens=java.prefs/java.util.prefs=ALL-UNNAMED --add-exports=jdk.compiler/com.sun.tools.javac.api=ALL-UNNAMED --add-exports=jdk.compiler/com.sun.tools.javac.util=ALL-UNNAMED --add-opens=java.base/java.util=ALL-UNNAMED --add-opens=java.prefs/java.util.prefs=ALL-UNNAMED --add-opens=java.base/java.nio.charset=ALL-UNNAMED --add-opens=java.base/java.net=ALL-UNNAMED --add-opens=java.base/java.util.concurrent.atomic=ALL-UNNAMED --add-opens=java.xml/javax.xml.namespace=ALL-UNNAMED -Xmx1024m -Dfile.encoding=UTF-8 -Duser.country=IN -Duser.language=en -Duser.variant -javaagent:C:\Users\HP\.gradle\wrapper\dists\gradle-8.13-bin\5xuhj0ry160q40clulazy9h7d\gradle-8.13\lib\agents\gradle-instrumentation-agent-8.13.jar org.gradle.launcher.daemon.bootstrap.GradleDaemon 8.13

Host: AMD Ryzen 5 5600H with Radeon Graphics         , 12 cores, 7G,  Windows 11 , 64 bit Build 26100 (10.0.26100.8328)
Time: Wed May 27 22:48:40 2026 India Standard Time elapsed time: 50.604019 seconds (0d 0h 0m 50s)

---------------  T H R E A D  ---------------

Current thread (0x000001ce2c0bb3a0):  JavaThread "C2 CompilerThread0" daemon [_thread_in_native, id=38284, stack(0x0000002360600000,0x0000002360700000) (1024K)]


Current CompileTask:
C2:50604 12034       4       com.google.common.collect.AbstractSetMultimap::put (7 bytes)

Stack: [0x0000002360600000,0x0000002360700000]
Native frames: (J=compiled Java code, j=interpreted, Vv=VM code, C=native code)
V  [jvm.dll+0x6d7a39]
V  [jvm.dll+0x8b4b26]
V  [jvm.dll+0x8b70de]
V  [jvm.dll+0x8b77c3]
V  [jvm.dll+0x284346]
V  [jvm.dll+0xc66ed]
V  [jvm.dll+0xc6c31]
V  [jvm.dll+0x3bec01]
V  [jvm.dll+0x38b162]
V  [jvm.dll+0x38a5aa]
V  [jvm.dll+0x24c560]
V  [jvm.dll+0x24bb40]
V  [jvm.dll+0x1cb34e]
V  [jvm.dll+0x25b85d]
V  [jvm.dll+0x259dea]
V  [jvm.dll+0x3f857e]
V  [jvm.dll+0x85f59d]
V  [jvm.dll+0x6d626d]
C  [ucrtbase.dll+0x37b0]
C  [KERNEL32.DLL+0x2e957]
C  [ntdll.dll+0x427c]


---------------  P R O C E S S  ---------------

Threads class SMR info:
_java_thread_list=0x000001ce76fb9900, length=68, elements={
0x000001ce135faaa0, 0x000001ce2c09c920, 0x000001ce2c09def0, 0x000001ce2c0a2da0,
0x000001ce2c0a5ab0, 0x000001ce2c0a44a0, 0x000001ce2c0a4f00, 0x000001ce2c0bb3a0,
0x000001ce2c8429b0, 0x000001ce2cb103e0, 0x000001ce2cb3afe0, 0x000001ce737575c0,
0x000001ce73ba5960, 0x000001ce73f747c0, 0x000001ce74088100, 0x000001ce74088770,
0x000001ce741aa0f0, 0x000001ce741ba110, 0x000001ce741b9a80, 0x000001ce741ba7a0,
0x000001ce741b7320, 0x000001ce741b8040, 0x000001ce741b79b0, 0x000001ce741b86d0,
0x000001ce741b93f0, 0x000001ce74cc4fd0, 0x000001ce74cc5cf0, 0x000001ce74cc42b0,
0x000001ce74cc6a10, 0x000001ce74cc3590, 0x000001ce74cc70a0, 0x000001ce74cc3c20,
0x000001ce74cc7dc0, 0x000001ce74ccabb0, 0x000001ce74cc7730, 0x000001ce74cc8ae0,
0x000001ce74cc9170, 0x000001ce74cc9800, 0x000001ce74cc9e90, 0x000001ce74bb3a00,
0x000001ce74bb6160, 0x000001ce74bb5ad0, 0x000001ce74bb4090, 0x000001ce74bb3370,
0x000001ce74bb2ce0, 0x000001ce74bb4720, 0x000001ce74bb6e80, 0x000001ce74bb67f0,
0x000001ce74bb7510, 0x000001ce74bb7ba0, 0x000001ce74bb8230, 0x000001ce74bb5440,
0x000001ce74bb4db0, 0x000001ce74bb88c0, 0x000001ce74bb8f50, 0x000001ce74bb95e0,
0x000001ce74bb9c70, 0x000001ce74bba300, 0x000001ce75cd2d40, 0x000001ce75cd1990,
0x000001ce75cd26b0, 0x000001ce75cd3a60, 0x000001ce75cd0c70, 0x000001ce75cd33d0,
0x000001ce75cd05e0, 0x000001ce75cd1300, 0x000001ce77e60470, 0x000001ce77e5fde0
}

Java Threads: ( => current thread )
  0x000001ce135faaa0 JavaThread "main"                              [_thread_blocked, id=36552, stack(0x000000235f700000,0x000000235f800000) (1024K)]
  0x000001ce2c09c920 JavaThread "Reference Handler"          daemon [_thread_blocked, id=29768, stack(0x0000002360000000,0x0000002360100000) (1024K)]
  0x000001ce2c09def0 JavaThread "Finalizer"                  daemon [_thread_blocked, id=18864, stack(0x0000002360100000,0x0000002360200000) (1024K)]
  0x000001ce2c0a2da0 JavaThread "Signal Dispatcher"          daemon [_thread_blocked, id=31416, stack(0x0000002360200000,0x0000002360300000) (1024K)]
  0x000001ce2c0a5ab0 JavaThread "Attach Listener"            daemon [_thread_blocked, id=30764, stack(0x0000002360300000,0x0000002360400000) (1024K)]
  0x000001ce2c0a44a0 JavaThread "Service Thread"             daemon [_thread_blocked, id=38560, stack(0x0000002360400000,0x0000002360500000) (1024K)]
  0x000001ce2c0a4f00 JavaThread "Monitor Deflation Thread"   daemon [_thread_blocked, id=35860, stack(0x0000002360500000,0x0000002360600000) (1024K)]
=>0x000001ce2c0bb3a0 JavaThread "C2 CompilerThread0"         daemon [_thread_in_native, id=38284, stack(0x0000002360600000,0x0000002360700000) (1024K)]
  0x000001ce2c8429b0 JavaThread "C1 CompilerThread0"         daemon [_thread_blocked, id=38856, stack(0x0000002360700000,0x0000002360800000) (1024K)]
  0x000001ce2cb103e0 JavaThread "Common-Cleaner"             daemon [_thread_blocked, id=30860, stack(0x0000002360800000,0x0000002360900000) (1024K)]
  0x000001ce2cb3afe0 JavaThread "Notification Thread"        daemon [_thread_blocked, id=24944, stack(0x0000002360900000,0x0000002360a00000) (1024K)]
  0x000001ce737575c0 JavaThread "Daemon health stats"               [_thread_blocked, id=29428, stack(0x0000002361100000,0x0000002361200000) (1024K)]
  0x000001ce73ba5960 JavaThread "Incoming local TCP Connector on port 59218"        [_thread_in_native, id=34024, stack(0x0000002361200000,0x0000002361300000) (1024K)]
  0x000001ce73f747c0 JavaThread "Daemon periodic checks"            [_thread_blocked, id=27108, stack(0x0000002361300000,0x0000002361400000) (1024K)]
  0x000001ce74088100 JavaThread "Daemon"                            [_thread_blocked, id=33472, stack(0x0000002361400000,0x0000002361500000) (1024K)]
  0x000001ce74088770 JavaThread "Handler for socket connection from /127.0.0.1:59218 to /127.0.0.1:59219"        [_thread_in_native, id=37100, stack(0x0000002361500000,0x0000002361600000) (1024K)]
  0x000001ce741aa0f0 JavaThread "Cancel handler"                    [_thread_blocked, id=3588, stack(0x0000002361600000,0x0000002361700000) (1024K)]
  0x000001ce741ba110 JavaThread "Daemon worker"                     [_thread_in_native, id=38644, stack(0x0000002361700000,0x0000002361800000) (1024K)]
  0x000001ce741b9a80 JavaThread "Asynchronous log dispatcher for DefaultDaemonConnection: socket connection from /127.0.0.1:59218 to /127.0.0.1:59219"        [_thread_blocked, id=19740, stack(0x0000002361800000,0x0000002361900000) (1024K)]
  0x000001ce741ba7a0 JavaThread "Stdin handler"                     [_thread_blocked, id=14924, stack(0x0000002361900000,0x0000002361a00000) (1024K)]
  0x000001ce741b7320 JavaThread "Daemon client event forwarder"        [_thread_blocked, id=4176, stack(0x0000002361a00000,0x0000002361b00000) (1024K)]
  0x000001ce741b8040 JavaThread "Cache worker for journal cache (C:\Users\HP\.gradle\caches\journal-1)"        [_thread_blocked, id=38592, stack(0x0000002361b00000,0x0000002361c00000) (1024K)]
  0x000001ce741b79b0 JavaThread "File lock request listener"        [_thread_in_native, id=27516, stack(0x0000002361c00000,0x0000002361d00000) (1024K)]
  0x000001ce741b86d0 JavaThread "Cache worker for file hash cache (C:\Users\HP\.gradle\caches\8.13\fileHashes)"        [_thread_blocked, id=9820, stack(0x0000002361d00000,0x0000002361e00000) (1024K)]
  0x000001ce741b93f0 JavaThread "Cache worker for file hash cache (C:\Users\HP\Documents\Application_developement\Doctor_patient\Android app\Hospiq\.gradle\8.13\fileHashes)"        [_thread_blocked, id=36676, stack(0x0000002362400000,0x0000002362500000) (1024K)]
  0x000001ce74cc4fd0 JavaThread "Cache worker for Build Output Cleanup Cache (C:\Users\HP\Documents\Application_developement\Doctor_patient\Android app\Hospiq\.gradle\buildOutputCleanup)"        [_thread_blocked, id=12484, stack(0x0000002362500000,0x0000002362600000) (1024K)]
  0x000001ce74cc5cf0 JavaThread "File watcher server"        daemon [_thread_in_native, id=34012, stack(0x0000002362600000,0x0000002362700000) (1024K)]
  0x000001ce74cc42b0 JavaThread "File watcher consumer"      daemon [_thread_blocked, id=37064, stack(0x0000002362700000,0x0000002362800000) (1024K)]
  0x000001ce74cc6a10 JavaThread "File lock release action executor"        [_thread_blocked, id=38376, stack(0x0000002362100000,0x0000002362200000) (1024K)]
  0x000001ce74cc3590 JavaThread "Cache worker for checksums cache (C:\Users\HP\Documents\Application_developement\Doctor_patient\Android app\Hospiq\.gradle\8.13\checksums)"        [_thread_blocked, id=34484, stack(0x0000002362000000,0x0000002362100000) (1024K)]
  0x000001ce74cc70a0 JavaThread "Cache worker for file content cache (C:\Users\HP\.gradle\caches\8.13\fileContent)"        [_thread_blocked, id=37128, stack(0x0000002362800000,0x0000002362900000) (1024K)]
  0x000001ce74cc3c20 JavaThread "Cache worker for cache directory md-supplier (C:\Users\HP\.gradle\caches\8.13\md-supplier)"        [_thread_blocked, id=24004, stack(0x0000002362900000,0x0000002362a00000) (1024K)]
  0x000001ce74cc7dc0 JavaThread "Cache worker for cache directory md-rule (C:\Users\HP\.gradle\caches\8.13\md-rule)"        [_thread_blocked, id=19248, stack(0x0000002362a00000,0x0000002362b00000) (1024K)]
  0x000001ce74ccabb0 JavaThread "Unconstrained build operations"        [_thread_blocked, id=30272, stack(0x0000002362b00000,0x0000002362c00000) (1024K)]
  0x000001ce74cc7730 JavaThread "Unconstrained build operations Thread 2"        [_thread_blocked, id=36904, stack(0x0000002362c00000,0x0000002362d00000) (1024K)]
  0x000001ce74cc8ae0 JavaThread "Unconstrained build operations Thread 3"        [_thread_blocked, id=29664, stack(0x0000002362d00000,0x0000002362e00000) (1024K)]
  0x000001ce74cc9170 JavaThread "Unconstrained build operations Thread 4"        [_thread_blocked, id=12548, stack(0x0000002362e00000,0x0000002362f00000) (1024K)]
  0x000001ce74cc9800 JavaThread "Unconstrained build operations Thread 5"        [_thread_blocked, id=2364, stack(0x0000002362f00000,0x0000002363000000) (1024K)]
  0x000001ce74cc9e90 JavaThread "Unconstrained build operations Thread 6"        [_thread_blocked, id=26632, stack(0x0000002363000000,0x0000002363100000) (1024K)]
  0x000001ce74bb3a00 JavaThread "Unconstrained build operations Thread 7"        [_thread_blocked, id=19004, stack(0x0000002363100000,0x0000002363200000) (1024K)]
  0x000001ce74bb6160 JavaThread "Unconstrained build operations Thread 8"        [_thread_blocked, id=32872, stack(0x0000002363200000,0x0000002363300000) (1024K)]
  0x000001ce74bb5ad0 JavaThread "Unconstrained build operations Thread 9"        [_thread_blocked, id=18648, stack(0x0000002363300000,0x0000002363400000) (1024K)]
  0x000001ce74bb4090 JavaThread "Unconstrained build operations Thread 10"        [_thread_blocked, id=30320, stack(0x0000002363400000,0x0000002363500000) (1024K)]
  0x000001ce74bb3370 JavaThread "Unconstrained build operations Thread 11"        [_thread_blocked, id=29820, stack(0x0000002363500000,0x0000002363600000) (1024K)]
  0x000001ce74bb2ce0 JavaThread "Unconstrained build operations Thread 12"        [_thread_blocked, id=12316, stack(0x0000002363600000,0x0000002363700000) (1024K)]
  0x000001ce74bb4720 JavaThread "Unconstrained build operations Thread 13"        [_thread_blocked, id=34684, stack(0x0000002363700000,0x0000002363800000) (1024K)]
  0x000001ce74bb6e80 JavaThread "Unconstrained build operations Thread 14"        [_thread_blocked, id=29048, stack(0x0000002363800000,0x0000002363900000) (1024K)]
  0x000001ce74bb67f0 JavaThread "Unconstrained build operations Thread 15"        [_thread_blocked, id=36612, stack(0x0000002363900000,0x0000002363a00000) (1024K)]
  0x000001ce74bb7510 JavaThread "Unconstrained build operations Thread 16"        [_thread_blocked, id=34608, stack(0x0000002363a00000,0x0000002363b00000) (1024K)]
  0x000001ce74bb7ba0 JavaThread "Unconstrained build operations Thread 17"        [_thread_blocked, id=35168, stack(0x0000002363b00000,0x0000002363c00000) (1024K)]
  0x000001ce74bb8230 JavaThread "Unconstrained build operations Thread 18"        [_thread_blocked, id=4544, stack(0x0000002363c00000,0x0000002363d00000) (1024K)]
  0x000001ce74bb5440 JavaThread "Unconstrained build operations Thread 19"        [_thread_blocked, id=16836, stack(0x0000002363d00000,0x0000002363e00000) (1024K)]
  0x000001ce74bb4db0 JavaThread "Unconstrained build operations Thread 20"        [_thread_blocked, id=19280, stack(0x0000002363e00000,0x0000002363f00000) (1024K)]
  0x000001ce74bb88c0 JavaThread "Unconstrained build operations Thread 21"        [_thread_blocked, id=19724, stack(0x0000002363f00000,0x0000002364000000) (1024K)]
  0x000001ce74bb8f50 JavaThread "Unconstrained build operations Thread 22"        [_thread_blocked, id=33616, stack(0x0000002364000000,0x0000002364100000) (1024K)]
  0x000001ce74bb95e0 JavaThread "Unconstrained build operations Thread 23"        [_thread_blocked, id=37800, stack(0x0000002364100000,0x0000002364200000) (1024K)]
  0x000001ce74bb9c70 JavaThread "Unconstrained build operations Thread 24"        [_thread_blocked, id=34864, stack(0x0000002364200000,0x0000002364300000) (1024K)]
  0x000001ce74bba300 JavaThread "Unconstrained build operations Thread 25"        [_thread_blocked, id=39084, stack(0x0000002364300000,0x0000002364400000) (1024K)]
  0x000001ce75cd2d40 JavaThread "Unconstrained build operations Thread 26"        [_thread_blocked, id=32064, stack(0x0000002364400000,0x0000002364500000) (1024K)]
  0x000001ce75cd1990 JavaThread "Unconstrained build operations Thread 27"        [_thread_blocked, id=13728, stack(0x0000002364500000,0x0000002364600000) (1024K)]
  0x000001ce75cd26b0 JavaThread "Unconstrained build operations Thread 28"        [_thread_blocked, id=35300, stack(0x0000002364600000,0x0000002364700000) (1024K)]
  0x000001ce75cd3a60 JavaThread "Unconstrained build operations Thread 29"        [_thread_blocked, id=32044, stack(0x0000002364700000,0x0000002364800000) (1024K)]
  0x000001ce75cd0c70 JavaThread "Unconstrained build operations Thread 30"        [_thread_blocked, id=27092, stack(0x0000002364800000,0x0000002364900000) (1024K)]
  0x000001ce75cd33d0 JavaThread "Unconstrained build operations Thread 31"        [_thread_blocked, id=32392, stack(0x0000002364900000,0x0000002364a00000) (1024K)]
  0x000001ce75cd05e0 JavaThread "Unconstrained build operations Thread 32"        [_thread_blocked, id=36304, stack(0x0000002364a00000,0x0000002364b00000) (1024K)]
  0x000001ce75cd1300 JavaThread "Unconstrained build operations Thread 33"        [_thread_blocked, id=26816, stack(0x0000002364b00000,0x0000002364c00000) (1024K)]
  0x000001ce77e60470 JavaThread "Memory manager"                    [_thread_blocked, id=39840, stack(0x0000002364c00000,0x0000002364d00000) (1024K)]
  0x000001ce77e5fde0 JavaThread "build event listener"              [_thread_blocked, id=38048, stack(0x0000002364d00000,0x0000002364e00000) (1024K)]
Total: 68

Other Threads:
  0x000001ce2c0794f0 VMThread "VM Thread"                           [id=38352, stack(0x000000235ff00000,0x0000002360000000) (1024K)]
  0x000001ce2c064210 WatcherThread "VM Periodic Task Thread"        [id=4484, stack(0x000000235fe00000,0x000000235ff00000) (1024K)]
  0x000001ce1594fb40 WorkerThread "GC Thread#0"                     [id=35196, stack(0x000000235f900000,0x000000235fa00000) (1024K)]
  0x000001ce2cb57890 WorkerThread "GC Thread#1"                     [id=29992, stack(0x0000002360a00000,0x0000002360b00000) (1024K)]
  0x000001ce2cc3ec00 WorkerThread "GC Thread#2"                     [id=39252, stack(0x0000002360b00000,0x0000002360c00000) (1024K)]
  0x000001ce729b6b10 WorkerThread "GC Thread#3"                     [id=35204, stack(0x0000002360d00000,0x0000002360e00000) (1024K)]
  0x000001ce7327e9b0 WorkerThread "GC Thread#4"                     [id=16356, stack(0x0000002360e00000,0x0000002360f00000) (1024K)]
  0x000001ce7351a000 WorkerThread "GC Thread#5"                     [id=28708, stack(0x0000002360c00000,0x0000002360d00000) (1024K)]
  0x000001ce72b254e0 WorkerThread "GC Thread#6"                     [id=36236, stack(0x0000002360f00000,0x0000002361000000) (1024K)]
  0x000001ce72b25890 WorkerThread "GC Thread#7"                     [id=37396, stack(0x0000002361000000,0x0000002361100000) (1024K)]
  0x000001ce74061b90 WorkerThread "GC Thread#8"                     [id=37636, stack(0x0000002361e00000,0x0000002361f00000) (1024K)]
  0x000001ce74061430 WorkerThread "GC Thread#9"                     [id=36048, stack(0x0000002361f00000,0x0000002362000000) (1024K)]
  0x000001ce15958a40 ConcurrentGCThread "G1 Main Marker"            [id=27700, stack(0x000000235fa00000,0x000000235fb00000) (1024K)]
  0x000001ce1595bee0 WorkerThread "G1 Conc#0"                       [id=29712, stack(0x000000235fb00000,0x000000235fc00000) (1024K)]
  0x000001ce74f7cd80 WorkerThread "G1 Conc#1"                       [id=35332, stack(0x0000002362200000,0x0000002362300000) (1024K)]
  0x000001ce74f7ac50 WorkerThread "G1 Conc#2"                       [id=35960, stack(0x0000002362300000,0x0000002362400000) (1024K)]
  0x000001ce2bf34a00 ConcurrentGCThread "G1 Refine#0"               [id=19556, stack(0x000000235fc00000,0x000000235fd00000) (1024K)]
  0x000001ce2bf35230 ConcurrentGCThread "G1 Service"                [id=4928, stack(0x000000235fd00000,0x000000235fe00000) (1024K)]
Total: 18

Threads with active compile tasks:
C2 CompilerThread0  50705 12034       4       com.google.common.collect.AbstractSetMultimap::put (7 bytes)
Total: 1

VM state: not at safepoint (normal execution)

VM Mutex/Monitor currently owned by a thread: None

Heap address: 0x00000000c0000000, size: 1024 MB, Compressed Oops mode: 32-bit

CDS archive(s) mapped at: [0x000001ce2d000000-0x000001ce2dba0000-0x000001ce2dba0000), size 12189696, SharedBaseAddress: 0x000001ce2d000000, ArchiveRelocationMode: 1.
Compressed class space mapped at: 0x000001ce2e000000-0x000001ce6e000000, reserved size: 1073741824
Narrow klass base: 0x000001ce2d000000, Narrow klass shift: 0, Narrow klass range: 0x100000000

GC Precious Log:
 CardTable entry size: 512
 Card Set container configuration: InlinePtr #cards 5 size 8 Array Of Cards #cards 12 size 40 Howl #buckets 4 coarsen threshold 1843 Howl Bitmap #cards 512 size 80 coarsen threshold 460 Card regions per heap region 1 cards per card region 2048
 CPUs: 12 total, 12 available
 Memory: 7521M
 Large Page Support: Disabled
 NUMA Support: Disabled
 Compressed Oops: Enabled (32-bit)
 Heap Region Size: 1M
 Heap Min Capacity: 8M
 Heap Initial Capacity: 118M
 Heap Max Capacity: 1G
 Pre-touch: Disabled
 Parallel Workers: 10
 Concurrent Workers: 3
 Concurrent Refinement Workers: 10
 Periodic GC: Disabled

Heap:
 garbage-first heap   total 176128K, used 109387K [0x00000000c0000000, 0x0000000100000000)
  region size 1024K, 5 young (5120K), 3 survivors (3072K)
 Metaspace       used 96209K, committed 98496K, reserved 1179648K
  class space    used 13749K, committed 14848K, reserved 1048576K

Heap Regions: E=young(eden), S=young(survivor), O=old, HS=humongous(starts), HC=humongous(continues), CS=collection set, F=free, TAMS=top-at-mark-start, PB=parsable bottom
|   0|0x00000000c0000000, 0x00000000c0100000, 0x00000000c0100000|100%|HS|  |TAMS 0x00000000c0000000| PB 0x00000000c0000000| Complete 
|   1|0x00000000c0100000, 0x00000000c0200000, 0x00000000c0200000|100%|HC|  |TAMS 0x00000000c0100000| PB 0x00000000c0100000| Complete 
|   2|0x00000000c0200000, 0x00000000c0300000, 0x00000000c0300000|100%|HC|  |TAMS 0x00000000c0200000| PB 0x00000000c0200000| Complete 
|   3|0x00000000c0300000, 0x00000000c0400000, 0x00000000c0400000|100%| O|  |TAMS 0x00000000c0300000| PB 0x00000000c0300000| Untracked 
|   4|0x00000000c0400000, 0x00000000c0500000, 0x00000000c0500000|100%| O|  |TAMS 0x00000000c0400000| PB 0x00000000c0400000| Untracked 
|   5|0x00000000c0500000, 0x00000000c0600000, 0x00000000c0600000|100%| O|  |TAMS 0x00000000c0500000| PB 0x00000000c0500000| Untracked 
|   6|0x00000000c0600000, 0x00000000c0700000, 0x00000000c0700000|100%|HS|  |TAMS 0x00000000c0600000| PB 0x00000000c0600000| Complete 
|   7|0x00000000c0700000, 0x00000000c0800000, 0x00000000c0800000|100%| O|  |TAMS 0x00000000c0700000| PB 0x00000000c0700000| Untracked 
|   8|0x00000000c0800000, 0x00000000c0900000, 0x00000000c0900000|100%| O|  |TAMS 0x00000000c0800000| PB 0x00000000c0800000| Untracked 
|   9|0x00000000c0900000, 0x00000000c0a00000, 0x00000000c0a00000|100%| O|  |TAMS 0x00000000c0900000| PB 0x00000000c0900000| Untracked 
|  10|0x00000000c0a00000, 0x00000000c0b00000, 0x00000000c0b00000|100%| O|  |TAMS 0x00000000c0a00000| PB 0x00000000c0a00000| Untracked 
|  11|0x00000000c0b00000, 0x00000000c0c00000, 0x00000000c0c00000|100%| O|  |TAMS 0x00000000c0b00000| PB 0x00000000c0b00000| Untracked 
|  12|0x00000000c0c00000, 0x00000000c0d00000, 0x00000000c0d00000|100%| O|  |TAMS 0x00000000c0c00000| PB 0x00000000c0c00000| Untracked 
|  13|0x00000000c0d00000, 0x00000000c0e00000, 0x00000000c0e00000|100%| O|  |TAMS 0x00000000c0d00000| PB 0x00000000c0d00000| Untracked 
|  14|0x00000000c0e00000, 0x00000000c0f00000, 0x00000000c0f00000|100%| O|  |TAMS 0x00000000c0e00000| PB 0x00000000c0e00000| Untracked 
|  15|0x00000000c0f00000, 0x00000000c1000000, 0x00000000c1000000|100%| O|  |TAMS 0x00000000c0f00000| PB 0x00000000c0f00000| Untracked 
|  16|0x00000000c1000000, 0x00000000c1100000, 0x00000000c1100000|100%| O|  |TAMS 0x00000000c1000000| PB 0x00000000c1000000| Untracked 
|  17|0x00000000c1100000, 0x00000000c1200000, 0x00000000c1200000|100%| O|  |TAMS 0x00000000c1100000| PB 0x00000000c1100000| Untracked 
|  18|0x00000000c1200000, 0x00000000c1300000, 0x00000000c1300000|100%| O|  |TAMS 0x00000000c1200000| PB 0x00000000c1200000| Untracked 
|  19|0x00000000c1300000, 0x00000000c1400000, 0x00000000c1400000|100%| O|  |TAMS 0x00000000c1300000| PB 0x00000000c1300000| Untracked 
|  20|0x00000000c1400000, 0x00000000c1500000, 0x00000000c1500000|100%| O|  |TAMS 0x00000000c1400000| PB 0x00000000c1400000| Untracked 
|  21|0x00000000c1500000, 0x00000000c1600000, 0x00000000c1600000|100%| O|  |TAMS 0x00000000c1500000| PB 0x00000000c1500000| Untracked 
|  22|0x00000000c1600000, 0x00000000c1700000, 0x00000000c1700000|100%| O|  |TAMS 0x00000000c1600000| PB 0x00000000c1600000| Untracked 
|  23|0x00000000c1700000, 0x00000000c1800000, 0x00000000c1800000|100%| O|  |TAMS 0x00000000c1700000| PB 0x00000000c1700000| Untracked 
|  24|0x00000000c1800000, 0x00000000c1900000, 0x00000000c1900000|100%| O|  |TAMS 0x00000000c1800000| PB 0x00000000c1800000| Untracked 
|  25|0x00000000c1900000, 0x00000000c1a00000, 0x00000000c1a00000|100%| O|  |TAMS 0x00000000c1900000| PB 0x00000000c1900000| Untracked 
|  26|0x00000000c1a00000, 0x00000000c1b00000, 0x00000000c1b00000|100%| O|  |TAMS 0x00000000c1a00000| PB 0x00000000c1a00000| Untracked 
|  27|0x00000000c1b00000, 0x00000000c1c00000, 0x00000000c1c00000|100%| O|  |TAMS 0x00000000c1b00000| PB 0x00000000c1b00000| Untracked 
|  28|0x00000000c1c00000, 0x00000000c1d00000, 0x00000000c1d00000|100%| O|  |TAMS 0x00000000c1c00000| PB 0x00000000c1c00000| Untracked 
|  29|0x00000000c1d00000, 0x00000000c1e00000, 0x00000000c1e00000|100%| O|  |TAMS 0x00000000c1d00000| PB 0x00000000c1d00000| Untracked 
|  30|0x00000000c1e00000, 0x00000000c1f00000, 0x00000000c1f00000|100%| O|Cm|TAMS 0x00000000c1e00000| PB 0x00000000c1e00000| Complete 
|  31|0x00000000c1f00000, 0x00000000c2000000, 0x00000000c2000000|100%| O|  |TAMS 0x00000000c1f00000| PB 0x00000000c1f00000| Untracked 
|  32|0x00000000c2000000, 0x00000000c2100000, 0x00000000c2100000|100%| O|  |TAMS 0x00000000c2000000| PB 0x00000000c2000000| Untracked 
|  33|0x00000000c2100000, 0x00000000c2200000, 0x00000000c2200000|100%| O|  |TAMS 0x00000000c2100000| PB 0x00000000c2100000| Untracked 
|  34|0x00000000c2200000, 0x00000000c2300000, 0x00000000c2300000|100%| O|  |TAMS 0x00000000c2200000| PB 0x00000000c2200000| Untracked 
|  35|0x00000000c2300000, 0x00000000c2400000, 0x00000000c2400000|100%| O|  |TAMS 0x00000000c2300000| PB 0x00000000c2300000| Untracked 
|  36|0x00000000c2400000, 0x00000000c2500000, 0x00000000c2500000|100%| O|  |TAMS 0x00000000c2400000| PB 0x00000000c2400000| Untracked 
|  37|0x00000000c2500000, 0x00000000c2600000, 0x00000000c2600000|100%| O|  |TAMS 0x00000000c2500000| PB 0x00000000c2500000| Untracked 
|  38|0x00000000c2600000, 0x00000000c2700000, 0x00000000c2700000|100%| O|  |TAMS 0x00000000c2600000| PB 0x00000000c2600000| Untracked 
|  39|0x00000000c2700000, 0x00000000c2800000, 0x00000000c2800000|100%| O|  |TAMS 0x00000000c2700000| PB 0x00000000c2700000| Untracked 
|  40|0x00000000c2800000, 0x00000000c2900000, 0x00000000c2900000|100%| O|  |TAMS 0x00000000c2800000| PB 0x00000000c2800000| Untracked 
|  41|0x00000000c2900000, 0x00000000c2a00000, 0x00000000c2a00000|100%| O|  |TAMS 0x00000000c2900000| PB 0x00000000c2900000| Untracked 
|  42|0x00000000c2a00000, 0x00000000c2b00000, 0x00000000c2b00000|100%| O|  |TAMS 0x00000000c2a00000| PB 0x00000000c2a00000| Untracked 
|  43|0x00000000c2b00000, 0x00000000c2c00000, 0x00000000c2c00000|100%| O|  |TAMS 0x00000000c2b00000| PB 0x00000000c2b00000| Untracked 
|  44|0x00000000c2c00000, 0x00000000c2d00000, 0x00000000c2d00000|100%| O|  |TAMS 0x00000000c2c00000| PB 0x00000000c2c00000| Untracked 
|  45|0x00000000c2d00000, 0x00000000c2e00000, 0x00000000c2e00000|100%|HS|  |TAMS 0x00000000c2d00000| PB 0x00000000c2d00000| Complete 
|  46|0x00000000c2e00000, 0x00000000c2f00000, 0x00000000c2f00000|100%| O|  |TAMS 0x00000000c2e00000| PB 0x00000000c2e00000| Untracked 
|  47|0x00000000c2f00000, 0x00000000c3000000, 0x00000000c3000000|100%| O|  |TAMS 0x00000000c2f00000| PB 0x00000000c2f00000| Untracked 
|  48|0x00000000c3000000, 0x00000000c3100000, 0x00000000c3100000|100%|HS|  |TAMS 0x00000000c3000000| PB 0x00000000c3000000| Complete 
|  49|0x00000000c3100000, 0x00000000c3200000, 0x00000000c3200000|100%|HS|  |TAMS 0x00000000c3100000| PB 0x00000000c3100000| Complete 
|  50|0x00000000c3200000, 0x00000000c3300000, 0x00000000c3300000|100%|HC|  |TAMS 0x00000000c3200000| PB 0x00000000c3200000| Complete 
|  51|0x00000000c3300000, 0x00000000c3400000, 0x00000000c3400000|100%|HS|  |TAMS 0x00000000c3300000| PB 0x00000000c3300000| Complete 
|  52|0x00000000c3400000, 0x00000000c3500000, 0x00000000c3500000|100%|HS|  |TAMS 0x00000000c3400000| PB 0x00000000c3400000| Complete 
|  53|0x00000000c3500000, 0x00000000c3600000, 0x00000000c3600000|100%| O|  |TAMS 0x00000000c3500000| PB 0x00000000c3500000| Untracked 
|  54|0x00000000c3600000, 0x00000000c3700000, 0x00000000c3700000|100%|HS|  |TAMS 0x00000000c3600000| PB 0x00000000c3600000| Complete 
|  55|0x00000000c3700000, 0x00000000c3800000, 0x00000000c3800000|100%|HC|  |TAMS 0x00000000c3700000| PB 0x00000000c3700000| Complete 
|  56|0x00000000c3800000, 0x00000000c3900000, 0x00000000c3900000|100%|HS|  |TAMS 0x00000000c3800000| PB 0x00000000c3800000| Complete 
|  57|0x00000000c3900000, 0x00000000c3a00000, 0x00000000c3a00000|100%|HS|  |TAMS 0x00000000c3900000| PB 0x00000000c3900000| Complete 
|  58|0x00000000c3a00000, 0x00000000c3b00000, 0x00000000c3b00000|100%|HC|  |TAMS 0x00000000c3a00000| PB 0x00000000c3a00000| Complete 
|  59|0x00000000c3b00000, 0x00000000c3c00000, 0x00000000c3c00000|100%|HC|  |TAMS 0x00000000c3b00000| PB 0x00000000c3b00000| Complete 
|  60|0x00000000c3c00000, 0x00000000c3d00000, 0x00000000c3d00000|100%|HC|  |TAMS 0x00000000c3c00000| PB 0x00000000c3c00000| Complete 
|  61|0x00000000c3d00000, 0x00000000c3e00000, 0x00000000c3e00000|100%|HS|  |TAMS 0x00000000c3d00000| PB 0x00000000c3d00000| Complete 
|  62|0x00000000c3e00000, 0x00000000c3f00000, 0x00000000c3f00000|100%| O|  |TAMS 0x00000000c3e00000| PB 0x00000000c3e00000| Untracked 
|  63|0x00000000c3f00000, 0x00000000c4000000, 0x00000000c4000000|100%| O|  |TAMS 0x00000000c3f00000| PB 0x00000000c3f00000| Untracked 
|  64|0x00000000c4000000, 0x00000000c4100000, 0x00000000c4100000|100%| O|  |TAMS 0x00000000c4000000| PB 0x00000000c4000000| Untracked 
|  65|0x00000000c4100000, 0x00000000c4200000, 0x00000000c4200000|100%| O|  |TAMS 0x00000000c4100000| PB 0x00000000c4100000| Untracked 
|  66|0x00000000c4200000, 0x00000000c4300000, 0x00000000c4300000|100%| O|  |TAMS 0x00000000c4200000| PB 0x00000000c4200000| Untracked 
|  67|0x00000000c4300000, 0x00000000c4400000, 0x00000000c4400000|100%| O|  |TAMS 0x00000000c4300000| PB 0x00000000c4300000| Untracked 
|  68|0x00000000c4400000, 0x00000000c4500000, 0x00000000c4500000|100%| O|  |TAMS 0x00000000c4400000| PB 0x00000000c4400000| Untracked 
|  69|0x00000000c4500000, 0x00000000c4600000, 0x00000000c4600000|100%| O|  |TAMS 0x00000000c4500000| PB 0x00000000c4500000| Untracked 
|  70|0x00000000c4600000, 0x00000000c4700000, 0x00000000c4700000|100%| O|  |TAMS 0x00000000c4600000| PB 0x00000000c4600000| Untracked 
|  71|0x00000000c4700000, 0x00000000c4800000, 0x00000000c4800000|100%| O|  |TAMS 0x00000000c4700000| PB 0x00000000c4700000| Untracked 
|  72|0x00000000c4800000, 0x00000000c4900000, 0x00000000c4900000|100%|HS|  |TAMS 0x00000000c4800000| PB 0x00000000c4800000| Complete 
|  73|0x00000000c4900000, 0x00000000c4a00000, 0x00000000c4a00000|100%| O|  |TAMS 0x00000000c4900000| PB 0x00000000c4900000| Untracked 
|  74|0x00000000c4a00000, 0x00000000c4b00000, 0x00000000c4b00000|100%| O|  |TAMS 0x00000000c4a00000| PB 0x00000000c4a00000| Untracked 
|  75|0x00000000c4b00000, 0x00000000c4c00000, 0x00000000c4c00000|100%|HS|  |TAMS 0x00000000c4b00000| PB 0x00000000c4b00000| Complete 
|  76|0x00000000c4c00000, 0x00000000c4d00000, 0x00000000c4d00000|100%|HC|  |TAMS 0x00000000c4c00000| PB 0x00000000c4c00000| Complete 
|  77|0x00000000c4d00000, 0x00000000c4e00000, 0x00000000c4e00000|100%|HC|  |TAMS 0x00000000c4d00000| PB 0x00000000c4d00000| Complete 
|  78|0x00000000c4e00000, 0x00000000c4f00000, 0x00000000c4f00000|100%|HC|  |TAMS 0x00000000c4e00000| PB 0x00000000c4e00000| Complete 
|  79|0x00000000c4f00000, 0x00000000c5000000, 0x00000000c5000000|100%| O|  |TAMS 0x00000000c4f00000| PB 0x00000000c4f00000| Untracked 
|  80|0x00000000c5000000, 0x00000000c5100000, 0x00000000c5100000|100%| O|Cm|TAMS 0x00000000c5000000| PB 0x00000000c5000000| Complete 
|  81|0x00000000c5100000, 0x00000000c5200000, 0x00000000c5200000|100%|HS|  |TAMS 0x00000000c5100000| PB 0x00000000c5100000| Complete 
|  82|0x00000000c5200000, 0x00000000c5300000, 0x00000000c5300000|100%| O|  |TAMS 0x00000000c5200000| PB 0x00000000c5200000| Untracked 
|  83|0x00000000c5300000, 0x00000000c5400000, 0x00000000c5400000|100%| O|  |TAMS 0x00000000c5300000| PB 0x00000000c5300000| Untracked 
|  84|0x00000000c5400000, 0x00000000c5500000, 0x00000000c5500000|100%| O|  |TAMS 0x00000000c5400000| PB 0x00000000c5400000| Untracked 
|  85|0x00000000c5500000, 0x00000000c5600000, 0x00000000c5600000|100%| O|  |TAMS 0x00000000c5500000| PB 0x00000000c5500000| Untracked 
|  86|0x00000000c5600000, 0x00000000c5700000, 0x00000000c5700000|100%| O|  |TAMS 0x00000000c5600000| PB 0x00000000c5600000| Untracked 
|  87|0x00000000c5700000, 0x00000000c5800000, 0x00000000c5800000|100%| O|  |TAMS 0x00000000c5700000| PB 0x00000000c5700000| Untracked 
|  88|0x00000000c5800000, 0x00000000c5900000, 0x00000000c5900000|100%| O|  |TAMS 0x00000000c5800000| PB 0x00000000c5800000| Untracked 
|  89|0x00000000c5900000, 0x00000000c5a00000, 0x00000000c5a00000|100%| O|  |TAMS 0x00000000c5900000| PB 0x00000000c5900000| Untracked 
|  90|0x00000000c5a00000, 0x00000000c5b00000, 0x00000000c5b00000|100%| O|  |TAMS 0x00000000c5a00000| PB 0x00000000c5a00000| Untracked 
|  91|0x00000000c5b00000, 0x00000000c5c00000, 0x00000000c5c00000|100%| O|  |TAMS 0x00000000c5b00000| PB 0x00000000c5b00000| Untracked 
|  92|0x00000000c5c00000, 0x00000000c5d00000, 0x00000000c5d00000|100%| O|  |TAMS 0x00000000c5c00000| PB 0x00000000c5c00000| Untracked 
|  93|0x00000000c5d00000, 0x00000000c5e00000, 0x00000000c5e00000|100%| O|  |TAMS 0x00000000c5d00000| PB 0x00000000c5d00000| Untracked 
|  94|0x00000000c5e00000, 0x00000000c5f00000, 0x00000000c5f00000|100%| O|  |TAMS 0x00000000c5e00000| PB 0x00000000c5e00000| Untracked 
|  95|0x00000000c5f00000, 0x00000000c6000000, 0x00000000c6000000|100%| O|  |TAMS 0x00000000c5f00000| PB 0x00000000c5f00000| Untracked 
|  96|0x00000000c6000000, 0x00000000c6100000, 0x00000000c6100000|100%| O|  |TAMS 0x00000000c6000000| PB 0x00000000c6000000| Untracked 
|  97|0x00000000c6100000, 0x00000000c6100000, 0x00000000c6200000|  0%| F|  |TAMS 0x00000000c6100000| PB 0x00000000c6100000| Untracked 
|  98|0x00000000c6200000, 0x00000000c6200000, 0x00000000c6300000|  0%| F|  |TAMS 0x00000000c6200000| PB 0x00000000c6200000| Untracked 
|  99|0x00000000c6300000, 0x00000000c6300000, 0x00000000c6400000|  0%| F|  |TAMS 0x00000000c6300000| PB 0x00000000c6300000| Untracked 
| 100|0x00000000c6400000, 0x00000000c6400000, 0x00000000c6500000|  0%| F|  |TAMS 0x00000000c6400000| PB 0x00000000c6400000| Untracked 
| 101|0x00000000c6500000, 0x00000000c6500000, 0x00000000c6600000|  0%| F|  |TAMS 0x00000000c6500000| PB 0x00000000c6500000| Untracked 
| 102|0x00000000c6600000, 0x00000000c6600000, 0x00000000c6700000|  0%| F|  |TAMS 0x00000000c6600000| PB 0x00000000c6600000| Untracked 
| 103|0x00000000c6700000, 0x00000000c6700000, 0x00000000c6800000|  0%| F|  |TAMS 0x00000000c6700000| PB 0x00000000c6700000| Untracked 
| 104|0x00000000c6800000, 0x00000000c6900000, 0x00000000c6900000|100%| O|  |TAMS 0x00000000c6800000| PB 0x00000000c6800000| Untracked 
| 105|0x00000000c6900000, 0x00000000c6a00000, 0x00000000c6a00000|100%| O|  |TAMS 0x00000000c6900000| PB 0x00000000c6900000| Untracked 
| 106|0x00000000c6a00000, 0x00000000c6a313b0, 0x00000000c6b00000| 19%| O|  |TAMS 0x00000000c6a00000| PB 0x00000000c6a00000| Untracked 
| 107|0x00000000c6b00000, 0x00000000c6b00000, 0x00000000c6c00000|  0%| F|  |TAMS 0x00000000c6b00000| PB 0x00000000c6b00000| Untracked 
| 108|0x00000000c6c00000, 0x00000000c6c00000, 0x00000000c6d00000|  0%| F|  |TAMS 0x00000000c6c00000| PB 0x00000000c6c00000| Untracked 
| 109|0x00000000c6d00000, 0x00000000c6d00000, 0x00000000c6e00000|  0%| F|  |TAMS 0x00000000c6d00000| PB 0x00000000c6d00000| Untracked 
| 110|0x00000000c6e00000, 0x00000000c6e00000, 0x00000000c6f00000|  0%| F|  |TAMS 0x00000000c6e00000| PB 0x00000000c6e00000| Untracked 
| 111|0x00000000c6f00000, 0x00000000c6f00000, 0x00000000c7000000|  0%| F|  |TAMS 0x00000000c6f00000| PB 0x00000000c6f00000| Untracked 
| 112|0x00000000c7000000, 0x00000000c7000000, 0x00000000c7100000|  0%| F|  |TAMS 0x00000000c7000000| PB 0x00000000c7000000| Untracked 
| 113|0x00000000c7100000, 0x00000000c7100000, 0x00000000c7200000|  0%| F|  |TAMS 0x00000000c7100000| PB 0x00000000c7100000| Untracked 
| 114|0x00000000c7200000, 0x00000000c7200000, 0x00000000c7300000|  0%| F|  |TAMS 0x00000000c7200000| PB 0x00000000c7200000| Untracked 
| 115|0x00000000c7300000, 0x00000000c7300000, 0x00000000c7400000|  0%| F|  |TAMS 0x00000000c7300000| PB 0x00000000c7300000| Untracked 
| 116|0x00000000c7400000, 0x00000000c7400000, 0x00000000c7500000|  0%| F|  |TAMS 0x00000000c7400000| PB 0x00000000c7400000| Untracked 
| 117|0x00000000c7500000, 0x00000000c7500000, 0x00000000c7600000|  0%| F|  |TAMS 0x00000000c7500000| PB 0x00000000c7500000| Untracked 
| 118|0x00000000c7600000, 0x00000000c7600000, 0x00000000c7700000|  0%| F|  |TAMS 0x00000000c7600000| PB 0x00000000c7600000| Untracked 
| 119|0x00000000c7700000, 0x00000000c77a18b0, 0x00000000c7800000| 63%| S|CS|TAMS 0x00000000c7700000| PB 0x00000000c7700000| Complete 
| 120|0x00000000c7800000, 0x00000000c7900000, 0x00000000c7900000|100%| S|CS|TAMS 0x00000000c7800000| PB 0x00000000c7800000| Complete 
| 121|0x00000000c7900000, 0x00000000c7a00000, 0x00000000c7a00000|100%| S|CS|TAMS 0x00000000c7900000| PB 0x00000000c7900000| Complete 
| 122|0x00000000c7a00000, 0x00000000c7a00000, 0x00000000c7b00000|  0%| F|  |TAMS 0x00000000c7a00000| PB 0x00000000c7a00000| Untracked 
| 123|0x00000000c7b00000, 0x00000000c7b00000, 0x00000000c7c00000|  0%| F|  |TAMS 0x00000000c7b00000| PB 0x00000000c7b00000| Untracked 
| 124|0x00000000c7c00000, 0x00000000c7c00000, 0x00000000c7d00000|  0%| F|  |TAMS 0x00000000c7c00000| PB 0x00000000c7c00000| Untracked 
| 125|0x00000000c7d00000, 0x00000000c7d00000, 0x00000000c7e00000|  0%| F|  |TAMS 0x00000000c7d00000| PB 0x00000000c7d00000| Untracked 
| 126|0x00000000c7e00000, 0x00000000c7e00000, 0x00000000c7f00000|  0%| F|  |TAMS 0x00000000c7e00000| PB 0x00000000c7e00000| Untracked 
| 127|0x00000000c7f00000, 0x00000000c7f00000, 0x00000000c8000000|  0%| F|  |TAMS 0x00000000c7f00000| PB 0x00000000c7f00000| Untracked 
| 128|0x00000000c8000000, 0x00000000c8000000, 0x00000000c8100000|  0%| F|  |TAMS 0x00000000c8000000| PB 0x00000000c8000000| Untracked 
| 129|0x00000000c8100000, 0x00000000c8100000, 0x00000000c8200000|  0%| F|  |TAMS 0x00000000c8100000| PB 0x00000000c8100000| Untracked 
| 130|0x00000000c8200000, 0x00000000c8200000, 0x00000000c8300000|  0%| F|  |TAMS 0x00000000c8200000| PB 0x00000000c8200000| Untracked 
| 131|0x00000000c8300000, 0x00000000c8300000, 0x00000000c8400000|  0%| F|  |TAMS 0x00000000c8300000| PB 0x00000000c8300000| Untracked 
| 132|0x00000000c8400000, 0x00000000c8400000, 0x00000000c8500000|  0%| F|  |TAMS 0x00000000c8400000| PB 0x00000000c8400000| Untracked 
| 133|0x00000000c8500000, 0x00000000c8500000, 0x00000000c8600000|  0%| F|  |TAMS 0x00000000c8500000| PB 0x00000000c8500000| Untracked 
| 134|0x00000000c8600000, 0x00000000c8600000, 0x00000000c8700000|  0%| F|  |TAMS 0x00000000c8600000| PB 0x00000000c8600000| Untracked 
| 135|0x00000000c8700000, 0x00000000c8700000, 0x00000000c8800000|  0%| F|  |TAMS 0x00000000c8700000| PB 0x00000000c8700000| Untracked 
| 136|0x00000000c8800000, 0x00000000c8800000, 0x00000000c8900000|  0%| F|  |TAMS 0x00000000c8800000| PB 0x00000000c8800000| Untracked 
| 137|0x00000000c8900000, 0x00000000c8900000, 0x00000000c8a00000|  0%| F|  |TAMS 0x00000000c8900000| PB 0x00000000c8900000| Untracked 
| 138|0x00000000c8a00000, 0x00000000c8a00000, 0x00000000c8b00000|  0%| F|  |TAMS 0x00000000c8a00000| PB 0x00000000c8a00000| Untracked 
| 139|0x00000000c8b00000, 0x00000000c8b00000, 0x00000000c8c00000|  0%| F|  |TAMS 0x00000000c8b00000| PB 0x00000000c8b00000| Untracked 
| 140|0x00000000c8c00000, 0x00000000c8c00000, 0x00000000c8d00000|  0%| F|  |TAMS 0x00000000c8c00000| PB 0x00000000c8c00000| Untracked 
| 141|0x00000000c8d00000, 0x00000000c8d00000, 0x00000000c8e00000|  0%| F|  |TAMS 0x00000000c8d00000| PB 0x00000000c8d00000| Untracked 
| 142|0x00000000c8e00000, 0x00000000c8e00000, 0x00000000c8f00000|  0%| F|  |TAMS 0x00000000c8e00000| PB 0x00000000c8e00000| Untracked 
| 143|0x00000000c8f00000, 0x00000000c8f00000, 0x00000000c9000000|  0%| F|  |TAMS 0x00000000c8f00000| PB 0x00000000c8f00000| Untracked 
| 144|0x00000000c9000000, 0x00000000c9000000, 0x00000000c9100000|  0%| F|  |TAMS 0x00000000c9000000| PB 0x00000000c9000000| Untracked 
| 145|0x00000000c9100000, 0x00000000c9100000, 0x00000000c9200000|  0%| F|  |TAMS 0x00000000c9100000| PB 0x00000000c9100000| Untracked 
| 146|0x00000000c9200000, 0x00000000c9200000, 0x00000000c9300000|  0%| F|  |TAMS 0x00000000c9200000| PB 0x00000000c9200000| Untracked 
| 147|0x00000000c9300000, 0x00000000c9300000, 0x00000000c9400000|  0%| F|  |TAMS 0x00000000c9300000| PB 0x00000000c9300000| Untracked 
| 148|0x00000000c9400000, 0x00000000c9400000, 0x00000000c9500000|  0%| F|  |TAMS 0x00000000c9400000| PB 0x00000000c9400000| Untracked 
| 149|0x00000000c9500000, 0x00000000c9500000, 0x00000000c9600000|  0%| F|  |TAMS 0x00000000c9500000| PB 0x00000000c9500000| Untracked 
| 150|0x00000000c9600000, 0x00000000c9600000, 0x00000000c9700000|  0%| F|  |TAMS 0x00000000c9600000| PB 0x00000000c9600000| Untracked 
| 151|0x00000000c9700000, 0x00000000c9700000, 0x00000000c9800000|  0%| F|  |TAMS 0x00000000c9700000| PB 0x00000000c9700000| Untracked 
| 152|0x00000000c9800000, 0x00000000c9800000, 0x00000000c9900000|  0%| F|  |TAMS 0x00000000c9800000| PB 0x00000000c9800000| Untracked 
| 153|0x00000000c9900000, 0x00000000c9900000, 0x00000000c9a00000|  0%| F|  |TAMS 0x00000000c9900000| PB 0x00000000c9900000| Untracked 
| 154|0x00000000c9a00000, 0x00000000c9a00000, 0x00000000c9b00000|  0%| F|  |TAMS 0x00000000c9a00000| PB 0x00000000c9a00000| Untracked 
| 155|0x00000000c9b00000, 0x00000000c9b00000, 0x00000000c9c00000|  0%| F|  |TAMS 0x00000000c9b00000| PB 0x00000000c9b00000| Untracked 
| 156|0x00000000c9c00000, 0x00000000c9c00000, 0x00000000c9d00000|  0%| F|  |TAMS 0x00000000c9c00000| PB 0x00000000c9c00000| Untracked 
| 157|0x00000000c9d00000, 0x00000000c9d00000, 0x00000000c9e00000|  0%| F|  |TAMS 0x00000000c9d00000| PB 0x00000000c9d00000| Untracked 
| 158|0x00000000c9e00000, 0x00000000c9e00000, 0x00000000c9f00000|  0%| F|  |TAMS 0x00000000c9e00000| PB 0x00000000c9e00000| Untracked 
| 159|0x00000000c9f00000, 0x00000000c9f00000, 0x00000000ca000000|  0%| F|  |TAMS 0x00000000c9f00000| PB 0x00000000c9f00000| Untracked 
| 160|0x00000000ca000000, 0x00000000ca000000, 0x00000000ca100000|  0%| F|  |TAMS 0x00000000ca000000| PB 0x00000000ca000000| Untracked 
| 161|0x00000000ca100000, 0x00000000ca100000, 0x00000000ca200000|  0%| F|  |TAMS 0x00000000ca100000| PB 0x00000000ca100000| Untracked 
| 162|0x00000000ca200000, 0x00000000ca200000, 0x00000000ca300000|  0%| F|  |TAMS 0x00000000ca200000| PB 0x00000000ca200000| Untracked 
| 163|0x00000000ca300000, 0x00000000ca300000, 0x00000000ca400000|  0%| F|  |TAMS 0x00000000ca300000| PB 0x00000000ca300000| Untracked 
| 164|0x00000000ca400000, 0x00000000ca400000, 0x00000000ca500000|  0%| F|  |TAMS 0x00000000ca400000| PB 0x00000000ca400000| Untracked 
| 165|0x00000000ca500000, 0x00000000ca580000, 0x00000000ca600000| 50%| E|  |TAMS 0x00000000ca500000| PB 0x00000000ca500000| Complete 
| 166|0x00000000ca600000, 0x00000000ca700000, 0x00000000ca700000|100%| E|CS|TAMS 0x00000000ca600000| PB 0x00000000ca600000| Complete 
| 167|0x00000000ca700000, 0x00000000ca800000, 0x00000000ca800000|100%| E|CS|TAMS 0x00000000ca700000| PB 0x00000000ca700000| Complete 
|1020|0x00000000ffc00000, 0x00000000ffd00000, 0x00000000ffd00000|100%| O|Cm|TAMS 0x00000000ffc00000| PB 0x00000000ffc00000| Complete 
|1021|0x00000000ffd00000, 0x00000000ffe00000, 0x00000000ffe00000|100%| O|  |TAMS 0x00000000ffd00000| PB 0x00000000ffd00000| Untracked 
|1022|0x00000000ffe00000, 0x00000000fff00000, 0x00000000fff00000|100%| O|  |TAMS 0x00000000ffe00000| PB 0x00000000ffe00000| Untracked 
|1023|0x00000000fff00000, 0x0000000100000000, 0x0000000100000000|100%| O|  |TAMS 0x00000000fff00000| PB 0x00000000fff00000| Untracked 

Card table byte_map: [0x000001ce28220000,0x000001ce28420000] _byte_map_base: 0x000001ce27c20000

Marking Bits: (CMBitMap*) 0x000001ce15950160
 Bits: [0x000001ce28420000, 0x000001ce29420000)

Polling page: 0x000001ce13560000

Metaspace:

Usage:
  Non-class:     80.54 MB used.
      Class:     13.43 MB used.
       Both:     93.97 MB used.

Virtual space:
  Non-class space:      128.00 MB reserved,      81.69 MB ( 64%) committed,  2 nodes.
      Class space:        1.00 GB reserved,      14.50 MB (  1%) committed,  1 nodes.
             Both:        1.12 GB reserved,      96.19 MB (  8%) committed. 

Chunk freelists:
   Non-Class:  14.20 MB
       Class:  1.45 MB
        Both:  15.65 MB

MaxMetaspaceSize: unlimited
CompressedClassSpaceSize: 1.00 GB
Initial GC threshold: 21.00 MB
Current GC threshold: 154.50 MB
CDS: on
 - commit_granule_bytes: 65536.
 - commit_granule_words: 8192.
 - virtual_space_node_default_size: 8388608.
 - enlarge_chunks_in_place: 1.
 - use_allocation_guard: 0.


Internal statistics:

num_allocs_failed_limit: 6.
num_arena_births: 4106.
num_arena_deaths: 0.
num_vsnodes_births: 3.
num_vsnodes_deaths: 0.
num_space_committed: 1539.
num_space_uncommitted: 0.
num_chunks_returned_to_freelist: 6.
num_chunks_taken_from_freelist: 8610.
num_chunk_merges: 6.
num_chunk_splits: 5651.
num_chunks_enlarged: 3498.
num_inconsistent_stats: 0.

CodeHeap 'non-profiled nmethods': size=120000Kb used=5562Kb max_used=5562Kb free=114437Kb
 bounds [0x000001ce205a0000, 0x000001ce20b10000, 0x000001ce27ad0000]
CodeHeap 'profiled nmethods': size=120000Kb used=19455Kb max_used=19502Kb free=100544Kb
 bounds [0x000001ce18ad0000, 0x000001ce19de0000, 0x000001ce20000000]
CodeHeap 'non-nmethods': size=5760Kb used=2017Kb max_used=2081Kb free=3742Kb
 bounds [0x000001ce20000000, 0x000001ce20270000, 0x000001ce205a0000]
CodeCache: size=245760Kb, used=27034Kb, max_used=27145Kb, free=218723Kb
 total_blobs=11184, nmethods=10308, adapters=780, full_count=0
Compilation: enabled, stopped_count=0, restarted_count=0

Compilation events (20 events):
Event: 49.530 Thread 0x000001ce2c8429b0 12064       2       org.gradle.internal.instantiation.generator.InjectUtil::isPackagePrivate (27 bytes)
Event: 49.530 Thread 0x000001ce2c8429b0 nmethod 12064 0x000001ce19a26c10 code [0x000001ce19a26da0, 0x000001ce19a26ef8]
Event: 49.572 Thread 0x000001ce2c8429b0 12065       3       org.objectweb.asm.Frame::getAbstractTypeFromDescriptor (432 bytes)
Event: 49.576 Thread 0x000001ce2c8429b0 nmethod 12065 0x000001ce197a1290 code [0x000001ce197a1780, 0x000001ce197a3d68]
Event: 49.576 Thread 0x000001ce2c8429b0 12070       3       org.objectweb.asm.MethodWriter::computeAllFrames (510 bytes)
Event: 49.578 Thread 0x000001ce2c8429b0 nmethod 12070 0x000001ce18dde190 code [0x000001ce18dde4e0, 0x000001ce18ddf898]
Event: 49.578 Thread 0x000001ce2c8429b0 12066       3       org.objectweb.asm.Type::getArgumentsAndReturnSizes (140 bytes)
Event: 49.581 Thread 0x000001ce2c8429b0 nmethod 12066 0x000001ce18b42a90 code [0x000001ce18b42e60, 0x000001ce18b449c0]
Event: 49.581 Thread 0x000001ce2c8429b0 12069       3       org.objectweb.asm.Frame::push (59 bytes)
Event: 49.582 Thread 0x000001ce2c8429b0 nmethod 12069 0x000001ce19a25f10 code [0x000001ce19a26160, 0x000001ce19a268f0]
Event: 49.582 Thread 0x000001ce2c8429b0 12067       3       org.objectweb.asm.Frame::pop (53 bytes)
Event: 49.583 Thread 0x000001ce2c8429b0 nmethod 12067 0x000001ce19283d10 code [0x000001ce19283f60, 0x000001ce192846b8]
Event: 49.583 Thread 0x000001ce2c8429b0 12068       3       org.objectweb.asm.MethodWriter::visitVarInsn (302 bytes)
Event: 49.584 Thread 0x000001ce2c8429b0 nmethod 12068 0x000001ce198d5b90 code [0x000001ce198d5e00, 0x000001ce198d6780]
Event: 49.584 Thread 0x000001ce2c8429b0 12071       3       org.objectweb.asm.Type::getType (122 bytes)
Event: 49.585 Thread 0x000001ce2c8429b0 nmethod 12071 0x000001ce197d1090 code [0x000001ce197d1340, 0x000001ce197d1e10]
Event: 49.586 Thread 0x000001ce2c8429b0 12072       3       org.objectweb.asm.Type::getOpcode (284 bytes)
Event: 49.586 Thread 0x000001ce2c8429b0 nmethod 12072 0x000001ce190cda10 code [0x000001ce190cdce0, 0x000001ce190ce980]
Event: 49.586 Thread 0x000001ce2c8429b0 12073       3       org.objectweb.asm.Type::getTypeInternal (203 bytes)
Event: 50.596 Thread 0x000001ce2c8429b0 nmethod 12073 0x000001ce19459790 code [0x000001ce19459ae0, 0x000001ce1945ad98]

GC Heap History (20 events):
Event: 29.975 GC heap before
{Heap before GC invocations=32 (full 0):
 garbage-first heap   total 122880K, used 110331K [0x00000000c0000000, 0x0000000100000000)
  region size 1024K, 39 young (39936K), 5 survivors (5120K)
 Metaspace       used 68508K, committed 70528K, reserved 1114112K
  class space    used 9769K, committed 10752K, reserved 1048576K
}
Event: 29.985 GC heap after
{Heap after GC invocations=33 (full 0):
 garbage-first heap   total 122880K, used 79002K [0x00000000c0000000, 0x0000000100000000)
  region size 1024K, 3 young (3072K), 3 survivors (3072K)
 Metaspace       used 68508K, committed 70528K, reserved 1114112K
  class space    used 9769K, committed 10752K, reserved 1048576K
}
Event: 35.027 GC heap before
{Heap before GC invocations=34 (full 0):
 garbage-first heap   total 133120K, used 115866K [0x00000000c0000000, 0x0000000100000000)
  region size 1024K, 35 young (35840K), 3 survivors (3072K)
 Metaspace       used 71824K, committed 73792K, reserved 1114112K
  class space    used 10238K, committed 11200K, reserved 1048576K
}
Event: 35.043 GC heap after
{Heap after GC invocations=35 (full 0):
 garbage-first heap   total 133120K, used 84917K [0x00000000c0000000, 0x0000000100000000)
  region size 1024K, 4 young (4096K), 4 survivors (4096K)
 Metaspace       used 71824K, committed 73792K, reserved 1114112K
  class space    used 10238K, committed 11200K, reserved 1048576K
}
Event: 39.193 GC heap before
{Heap before GC invocations=35 (full 0):
 garbage-first heap   total 133120K, used 122805K [0x00000000c0000000, 0x0000000100000000)
  region size 1024K, 41 young (41984K), 4 survivors (4096K)
 Metaspace       used 74908K, committed 76928K, reserved 1179648K
  class space    used 10639K, committed 11648K, reserved 1048576K
}
Event: 39.213 GC heap after
{Heap after GC invocations=36 (full 0):
 garbage-first heap   total 133120K, used 86174K [0x00000000c0000000, 0x0000000100000000)
  region size 1024K, 5 young (5120K), 5 survivors (5120K)
 Metaspace       used 74908K, committed 76928K, reserved 1179648K
  class space    used 10639K, committed 11648K, reserved 1048576K
}
Event: 41.115 GC heap before
{Heap before GC invocations=36 (full 0):
 garbage-first heap   total 133120K, used 122014K [0x00000000c0000000, 0x0000000100000000)
  region size 1024K, 41 young (41984K), 5 survivors (5120K)
 Metaspace       used 75757K, committed 77760K, reserved 1179648K
  class space    used 10745K, committed 11712K, reserved 1048576K
}
Event: 41.128 GC heap after
{Heap after GC invocations=37 (full 0):
 garbage-first heap   total 133120K, used 90246K [0x00000000c0000000, 0x0000000100000000)
  region size 1024K, 6 young (6144K), 6 survivors (6144K)
 Metaspace       used 75757K, committed 77760K, reserved 1179648K
  class space    used 10745K, committed 11712K, reserved 1048576K
}
Event: 42.518 GC heap before
{Heap before GC invocations=38 (full 0):
 garbage-first heap   total 152576K, used 121990K [0x00000000c0000000, 0x0000000100000000)
  region size 1024K, 37 young (37888K), 6 survivors (6144K)
 Metaspace       used 77179K, committed 79168K, reserved 1179648K
  class space    used 10924K, committed 11904K, reserved 1048576K
}
Event: 42.527 GC heap after
{Heap after GC invocations=39 (full 0):
 garbage-first heap   total 152576K, used 91895K [0x00000000c0000000, 0x0000000100000000)
  region size 1024K, 4 young (4096K), 4 survivors (4096K)
 Metaspace       used 77179K, committed 79168K, reserved 1179648K
  class space    used 10924K, committed 11904K, reserved 1048576K
}
Event: 43.960 GC heap before
{Heap before GC invocations=39 (full 0):
 garbage-first heap   total 152576K, used 137975K [0x00000000c0000000, 0x0000000100000000)
  region size 1024K, 49 young (50176K), 4 survivors (4096K)
 Metaspace       used 80549K, committed 82624K, reserved 1179648K
  class space    used 11433K, committed 12480K, reserved 1048576K
}
Event: 43.967 GC heap after
{Heap after GC invocations=40 (full 0):
 garbage-first heap   total 152576K, used 92877K [0x00000000c0000000, 0x0000000100000000)
  region size 1024K, 5 young (5120K), 5 survivors (5120K)
 Metaspace       used 80549K, committed 82624K, reserved 1179648K
  class space    used 11433K, committed 12480K, reserved 1048576K
}
Event: 45.193 GC heap before
{Heap before GC invocations=40 (full 0):
 garbage-first heap   total 152576K, used 139981K [0x00000000c0000000, 0x0000000100000000)
  region size 1024K, 52 young (53248K), 5 survivors (5120K)
 Metaspace       used 84309K, committed 86464K, reserved 1179648K
  class space    used 12071K, committed 13184K, reserved 1048576K
}
Event: 45.199 GC heap after
{Heap after GC invocations=41 (full 0):
 garbage-first heap   total 152576K, used 94927K [0x00000000c0000000, 0x0000000100000000)
  region size 1024K, 4 young (4096K), 4 survivors (4096K)
 Metaspace       used 84309K, committed 86464K, reserved 1179648K
  class space    used 12071K, committed 13184K, reserved 1048576K
}
Event: 46.410 GC heap before
{Heap before GC invocations=42 (full 0):
 garbage-first heap   total 158720K, used 142031K [0x00000000c0000000, 0x0000000100000000)
  region size 1024K, 50 young (51200K), 4 survivors (4096K)
 Metaspace       used 87214K, committed 89408K, reserved 1179648K
  class space    used 12532K, committed 13632K, reserved 1048576K
}
Event: 46.417 GC heap after
{Heap after GC invocations=43 (full 0):
 garbage-first heap   total 158720K, used 98204K [0x00000000c0000000, 0x0000000100000000)
  region size 1024K, 7 young (7168K), 7 survivors (7168K)
 Metaspace       used 87214K, committed 89408K, reserved 1179648K
  class space    used 12532K, committed 13632K, reserved 1048576K
}
Event: 47.619 GC heap before
{Heap before GC invocations=43 (full 0):
 garbage-first heap   total 158720K, used 149404K [0x00000000c0000000, 0x0000000100000000)
  region size 1024K, 56 young (57344K), 7 survivors (7168K)
 Metaspace       used 90017K, committed 92224K, reserved 1179648K
  class space    used 12918K, committed 14016K, reserved 1048576K
}
Event: 47.632 GC heap after
{Heap after GC invocations=44 (full 0):
 garbage-first heap   total 162816K, used 101718K [0x00000000c0000000, 0x0000000100000000)
  region size 1024K, 7 young (7168K), 7 survivors (7168K)
 Metaspace       used 90017K, committed 92224K, reserved 1179648K
  class space    used 12918K, committed 14016K, reserved 1048576K
}
Event: 48.587 GC heap before
{Heap before GC invocations=44 (full 0):
 garbage-first heap   total 162816K, used 151894K [0x00000000c0000000, 0x0000000100000000)
  region size 1024K, 56 young (57344K), 7 survivors (7168K)
 Metaspace       used 92515K, committed 94784K, reserved 1179648K
  class space    used 13257K, committed 14400K, reserved 1048576K
}
Event: 48.598 GC heap after
{Heap after GC invocations=45 (full 0):
 garbage-first heap   total 162816K, used 105334K [0x00000000c0000000, 0x0000000100000000)
  region size 1024K, 7 young (7168K), 7 survivors (7168K)
 Metaspace       used 92515K, committed 94784K, reserved 1179648K
  class space    used 13257K, committed 14400K, reserved 1048576K
}

Dll operation events (14 events):
Event: 0.025 Loaded shared library C:\Users\HP\.vscode\extensions\redhat.java-1.54.0-win32-x64\jre\21.0.10-win32-x86_64\bin\java.dll
Event: 0.145 Loaded shared library C:\Users\HP\.vscode\extensions\redhat.java-1.54.0-win32-x64\jre\21.0.10-win32-x86_64\bin\zip.dll
Event: 0.177 Loaded shared library C:\Users\HP\.vscode\extensions\redhat.java-1.54.0-win32-x64\jre\21.0.10-win32-x86_64\bin\instrument.dll
Event: 0.187 Loaded shared library C:\Users\HP\.vscode\extensions\redhat.java-1.54.0-win32-x64\jre\21.0.10-win32-x86_64\bin\net.dll
Event: 0.191 Loaded shared library C:\Users\HP\.vscode\extensions\redhat.java-1.54.0-win32-x64\jre\21.0.10-win32-x86_64\bin\nio.dll
Event: 0.197 Loaded shared library C:\Users\HP\.vscode\extensions\redhat.java-1.54.0-win32-x64\jre\21.0.10-win32-x86_64\bin\zip.dll
Event: 0.643 Loaded shared library C:\Users\HP\.vscode\extensions\redhat.java-1.54.0-win32-x64\jre\21.0.10-win32-x86_64\bin\jimage.dll
Event: 0.947 Loaded shared library C:\Users\HP\.vscode\extensions\redhat.java-1.54.0-win32-x64\jre\21.0.10-win32-x86_64\bin\verify.dll
Event: 1.083 Loaded shared library C:\Users\HP\.gradle\native\1def1411415f61bf3af743bc5b6707747c0891f09f0c88961ee8f79bc544acac\windows-amd64\native-platform.dll
Event: 1.102 Loaded shared library C:\Users\HP\.gradle\native\0.2.7\x86_64-windows-gnu\gradle-fileevents.dll
Event: 3.128 Loaded shared library C:\Users\HP\.vscode\extensions\redhat.java-1.54.0-win32-x64\jre\21.0.10-win32-x86_64\bin\management.dll
Event: 3.137 Loaded shared library C:\Users\HP\.vscode\extensions\redhat.java-1.54.0-win32-x64\jre\21.0.10-win32-x86_64\bin\management_ext.dll
Event: 3.420 Loaded shared library C:\Users\HP\.vscode\extensions\redhat.java-1.54.0-win32-x64\jre\21.0.10-win32-x86_64\bin\extnet.dll
Event: 4.151 Loaded shared library C:\Users\HP\.vscode\extensions\redhat.java-1.54.0-win32-x64\jre\21.0.10-win32-x86_64\bin\sunmscapi.dll

Deoptimization events (20 events):
Event: 49.571 Thread 0x000001ce741ba110 Uncommon trap: trap_request=0xffffff45 fr.pc=0x000001ce208828ec relative=0x000000000000062c
Event: 49.571 Thread 0x000001ce741ba110 Uncommon trap: reason=unstable_if action=reinterpret pc=0x000001ce208828ec method=org.objectweb.asm.Type.getArgumentsAndReturnSizes(Ljava/lang/String;)I @ 19 c2
Event: 49.571 Thread 0x000001ce741ba110 DEOPT PACKING pc=0x000001ce208828ec sp=0x00000023617f9b90
Event: 49.571 Thread 0x000001ce741ba110 DEOPT UNPACKING pc=0x000001ce20054422 sp=0x00000023617f9b18 mode 2
Event: 49.571 Thread 0x000001ce741ba110 Uncommon trap: trap_request=0xffffff45 fr.pc=0x000001ce20a0cca8 relative=0x0000000000000108
Event: 49.571 Thread 0x000001ce741ba110 Uncommon trap: reason=unstable_if action=reinterpret pc=0x000001ce20a0cca8 method=org.objectweb.asm.Type.getOpcode(I)I @ 136 c2
Event: 49.571 Thread 0x000001ce741ba110 DEOPT PACKING pc=0x000001ce20a0cca8 sp=0x00000023617f9e10
Event: 49.571 Thread 0x000001ce741ba110 DEOPT UNPACKING pc=0x000001ce20054422 sp=0x00000023617f9da0 mode 2
Event: 49.571 Thread 0x000001ce741ba110 Uncommon trap: trap_request=0xffffff45 fr.pc=0x000001ce2087de2c relative=0x000000000000032c
Event: 49.571 Thread 0x000001ce741ba110 Uncommon trap: reason=unstable_if action=reinterpret pc=0x000001ce2087de2c method=org.objectweb.asm.MethodWriter.visitVarInsn(II)V @ 224 c2
Event: 49.571 Thread 0x000001ce741ba110 DEOPT PACKING pc=0x000001ce2087de2c sp=0x00000023617f9e60
Event: 49.571 Thread 0x000001ce741ba110 DEOPT UNPACKING pc=0x000001ce20054422 sp=0x00000023617f9df8 mode 2
Event: 49.571 Thread 0x000001ce741ba110 Uncommon trap: trap_request=0xffffff45 fr.pc=0x000001ce208fe120 relative=0x0000000000005360
Event: 49.572 Thread 0x000001ce741ba110 Uncommon trap: reason=unstable_if action=reinterpret pc=0x000001ce208fe120 method=org.objectweb.asm.Type.getTypeInternal(Ljava/lang/String;II)Lorg/objectweb/asm/Type; @ 5 c2
Event: 49.572 Thread 0x000001ce741ba110 DEOPT PACKING pc=0x000001ce208fe120 sp=0x00000023617f9f70
Event: 49.572 Thread 0x000001ce741ba110 DEOPT UNPACKING pc=0x000001ce20054422 sp=0x00000023617f9db0 mode 2
Event: 49.574 Thread 0x000001ce741ba110 Uncommon trap: trap_request=0xffffff45 fr.pc=0x000001ce209b3ac8 relative=0x0000000000000208
Event: 49.574 Thread 0x000001ce741ba110 Uncommon trap: reason=unstable_if action=reinterpret pc=0x000001ce209b3ac8 method=org.objectweb.asm.Type.getTypeInternal(Ljava/lang/String;II)Lorg/objectweb/asm/Type; @ 5 c2
Event: 49.574 Thread 0x000001ce741ba110 DEOPT PACKING pc=0x000001ce209b3ac8 sp=0x00000023617f9c60
Event: 49.574 Thread 0x000001ce741ba110 DEOPT UNPACKING pc=0x000001ce20054422 sp=0x00000023617f9bf8 mode 2

Classes loaded (20 events):
Event: 49.341 Loading class java/net/URL$ThreadTrackHolder
Event: 49.342 Loading class java/net/URL$ThreadTrackHolder done
Event: 49.342 Loading class java/net/URL$2
Event: 49.342 Loading class java/net/URL$2 done
Event: 49.342 Loading class java/net/URL$1
Event: 49.342 Loading class java/net/URL$1 done
Event: 49.342 Loading class java/net/spi/URLStreamHandlerProvider
Event: 49.343 Loading class java/net/spi/URLStreamHandlerProvider done
Event: 49.346 Loading class sun/net/www/protocol/http/Handler
Event: 49.347 Loading class sun/net/www/protocol/http/Handler done
Event: 49.349 Loading class javax/crypto/JceSecurity$WeakIdentityWrapper
Event: 49.349 Loading class javax/crypto/JceSecurity$WeakIdentityWrapper done
Event: 49.350 Loading class javax/crypto/JceSecurity$2
Event: 49.350 Loading class javax/crypto/JceSecurity$2 done
Event: 49.350 Loading class javax/crypto/JceSecurity$3
Event: 49.350 Loading class javax/crypto/JceSecurity$3 done
Event: 49.350 Loading class javax/crypto/ProviderVerifier
Event: 49.350 Loading class javax/crypto/ProviderVerifier done
Event: 49.490 Loading class java/security/cert/CertificateEncodingException
Event: 49.491 Loading class java/security/cert/CertificateEncodingException done

Classes unloaded (0 events):
No events

Classes redefined (0 events):
No events

Internal exceptions (20 events):
Event: 46.009 Thread 0x000001ce741ba110 Exception <a 'java/lang/ClassNotFoundException'{0x00000000c78dfbf0}: org/gradle/api/internal/project/DefaultProjectCustomizer> (0x00000000c78dfbf0) 
thrown [s\src\hotspot\share\classfile\systemDictionary.cpp, line 312]
Event: 46.020 Thread 0x000001ce741ba110 Exception <a 'java/lang/ClassNotFoundException'{0x00000000c77992f0}: org/gradle/api/internal/project/DefaultProject_DecoratedCustomizer> (0x00000000c77992f0) 
thrown [s\src\hotspot\share\classfile\systemDictionary.cpp, line 312]
Event: 46.038 Thread 0x000001ce741ba110 Exception <a 'java/lang/ClassNotFoundException'{0x00000000c764f3b8}: org/gradle/plugin/software/internal/SoftwareFeaturesDynamicObject_DecoratedBeanInfo> (0x00000000c764f3b8) 
thrown [s\src\hotspot\share\classfile\systemDictionary.cpp, line 312]
Event: 46.039 Thread 0x000001ce741ba110 Exception <a 'java/lang/ClassNotFoundException'{0x00000000c765a258}: org/gradle/plugin/software/internal/SoftwareFeaturesDynamicObjectBeanInfo> (0x00000000c765a258) 
thrown [s\src\hotspot\share\classfile\systemDictionary.cpp, line 312]
Event: 46.039 Thread 0x000001ce741ba110 Exception <a 'java/lang/ClassNotFoundException'{0x00000000c76650b0}: org/gradle/internal/metaobject/AbstractDynamicObjectBeanInfo> (0x00000000c76650b0) 
thrown [s\src\hotspot\share\classfile\systemDictionary.cpp, line 312]
Event: 46.040 Thread 0x000001ce741ba110 Exception <a 'java/lang/ClassNotFoundException'{0x00000000c76701b0}: org/gradle/internal/metaobject/AbstractDynamicObjectCustomizer> (0x00000000c76701b0) 
thrown [s\src\hotspot\share\classfile\systemDictionary.cpp, line 312]
Event: 46.041 Thread 0x000001ce741ba110 Exception <a 'java/lang/ClassNotFoundException'{0x00000000c7686cd0}: org/gradle/plugin/software/internal/SoftwareFeaturesDynamicObjectCustomizer> (0x00000000c7686cd0) 
thrown [s\src\hotspot\share\classfile\systemDictionary.cpp, line 312]
Event: 46.042 Thread 0x000001ce741ba110 Exception <a 'java/lang/ClassNotFoundException'{0x00000000c7698500}: org/gradle/plugin/software/internal/SoftwareFeaturesDynamicObject_DecoratedCustomizer> (0x00000000c7698500) 
thrown [s\src\hotspot\share\classfile\systemDictionary.cpp, line 312]
Event: 46.047 Thread 0x000001ce741ba110 Exception <a 'java/lang/ClassNotFoundException'{0x00000000c76dbd70}: org/gradle/api/internal/plugins/NaggingBasePluginConventionBeanInfo> (0x00000000c76dbd70) 
thrown [s\src\hotspot\share\classfile\systemDictionary.cpp, line 312]
Event: 46.048 Thread 0x000001ce741ba110 Exception <a 'java/lang/ClassNotFoundException'{0x00000000c76e8240}: org/gradle/api/plugins/BasePluginConventionBeanInfo> (0x00000000c76e8240) 
thrown [s\src\hotspot\share\classfile\systemDictionary.cpp, line 312]
Event: 46.048 Thread 0x000001ce741ba110 Exception <a 'java/lang/ClassNotFoundException'{0x00000000c76f3c18}: org/gradle/api/plugins/BasePluginConventionCustomizer> (0x00000000c76f3c18) 
thrown [s\src\hotspot\share\classfile\systemDictionary.cpp, line 312]
Event: 46.050 Thread 0x000001ce741ba110 Exception <a 'java/lang/ClassNotFoundException'{0x00000000c750aec0}: org/gradle/api/internal/plugins/NaggingBasePluginConventionCustomizer> (0x00000000c750aec0) 
thrown [s\src\hotspot\share\classfile\systemDictionary.cpp, line 312]
Event: 46.055 Thread 0x000001ce741ba110 Exception <a 'java/lang/ClassNotFoundException'{0x00000000c754d058}: org/gradle/api/plugins/internal/NaggingJavaPluginConventionBeanInfo> (0x00000000c754d058) 
thrown [s\src\hotspot\share\classfile\systemDictionary.cpp, line 312]
Event: 46.055 Thread 0x000001ce741ba110 Exception <a 'java/lang/ClassNotFoundException'{0x00000000c7559528}: org/gradle/api/plugins/JavaPluginConventionBeanInfo> (0x00000000c7559528) 
thrown [s\src\hotspot\share\classfile\systemDictionary.cpp, line 312]
Event: 46.056 Thread 0x000001ce741ba110 Exception <a 'java/lang/ClassNotFoundException'{0x00000000c7564f00}: org/gradle/api/plugins/JavaPluginConventionCustomizer> (0x00000000c7564f00) 
thrown [s\src\hotspot\share\classfile\systemDictionary.cpp, line 312]
Event: 46.058 Thread 0x000001ce741ba110 Exception <a 'java/lang/ClassNotFoundException'{0x00000000c7585c80}: org/gradle/api/plugins/internal/NaggingJavaPluginConventionCustomizer> (0x00000000c7585c80) 
thrown [s\src\hotspot\share\classfile\systemDictionary.cpp, line 312]
Event: 46.172 Thread 0x000001ce741ba110 Exception <a 'java/lang/NoSuchMethodError'{0x00000000c72df090}: 'java.lang.Object java.lang.invoke.DirectMethodHandle$Holder.invokeStatic(java.lang.Object, int, java.lang.Object)'> (0x00000000c72df090) 
thrown [s\src\hotspot\share\interpreter\linkResolver.cpp, line 773]
Event: 46.491 Thread 0x000001ce741ba110 Implicit null exception at 0x000001ce207e8e79 to 0x000001ce207e8ea4
Event: 46.855 Thread 0x000001ce741ba110 Implicit null exception at 0x000001ce206570a8 to 0x000001ce20658cc4
Event: 49.318 Thread 0x000001ce741ba110 Exception <a 'sun/nio/fs/WindowsException'{0x00000000c87437c8}> (0x00000000c87437c8) 
thrown [s\src\hotspot\share\prims\jni.cpp, line 520]

ZGC Phase Switch (0 events):
No events

VM Operations (20 events):
Event: 47.430 Executing safepoint VM operation: Cleanup done
Event: 47.619 Executing safepoint VM operation: G1CollectForAllocation (G1 Evacuation Pause)
Event: 47.632 Executing safepoint VM operation: G1CollectForAllocation (G1 Evacuation Pause) done
Event: 47.887 Executing non-safepoint VM operation: HandshakeAllThreads (Deoptimize)
Event: 47.887 Executing non-safepoint VM operation: HandshakeAllThreads (Deoptimize) done
Event: 48.492 Executing non-safepoint VM operation: HandshakeAllThreads (Deoptimize)
Event: 48.492 Executing non-safepoint VM operation: HandshakeAllThreads (Deoptimize) done
Event: 48.587 Executing safepoint VM operation: G1CollectForAllocation (G1 Evacuation Pause)
Event: 48.598 Executing safepoint VM operation: G1CollectForAllocation (G1 Evacuation Pause) done
Event: 48.680 Executing safepoint VM operation: G1PauseRemark
Event: 48.693 Executing safepoint VM operation: G1PauseRemark done
Event: 48.738 Executing safepoint VM operation: G1PauseCleanup
Event: 48.738 Executing safepoint VM operation: G1PauseCleanup done
Event: 49.323 Executing non-safepoint VM operation: HandshakeAllThreads (Deoptimize)
Event: 49.323 Executing non-safepoint VM operation: HandshakeAllThreads (Deoptimize) done
Event: 49.345 Executing non-safepoint VM operation: HandshakeAllThreads (Deoptimize)
Event: 49.345 Executing non-safepoint VM operation: HandshakeAllThreads (Deoptimize) done
Event: 49.349 Executing non-safepoint VM operation: HandshakeAllThreads (Deoptimize)
Event: 49.349 Executing non-safepoint VM operation: HandshakeAllThreads (Deoptimize) done
Event: 50.362 Executing safepoint VM operation: Cleanup

Memory protections (0 events):
No events

Nmethod flushes (20 events):
Event: 48.691 Thread 0x000001ce2c0794f0 flushing  nmethod 0x000001ce1991c610
Event: 48.691 Thread 0x000001ce2c0794f0 flushing  nmethod 0x000001ce19a25a90
Event: 48.691 Thread 0x000001ce2c0794f0 flushing  nmethod 0x000001ce20a86790
Event: 48.691 Thread 0x000001ce2c0794f0 flushing  nmethod 0x000001ce20a87310
Event: 48.691 Thread 0x000001ce2c0794f0 flushing  nmethod 0x000001ce18e99090
Event: 48.691 Thread 0x000001ce2c0794f0 flushing  nmethod 0x000001ce18f0b790
Event: 48.691 Thread 0x000001ce2c0794f0 flushing  nmethod 0x000001ce195eac10
Event: 48.691 Thread 0x000001ce2c0794f0 flushing  nmethod 0x000001ce196fe710
Event: 48.691 Thread 0x000001ce2c0794f0 flushing  nmethod 0x000001ce196ff810
Event: 48.691 Thread 0x000001ce2c0794f0 flushing  nmethod 0x000001ce19703490
Event: 48.691 Thread 0x000001ce2c0794f0 flushing  nmethod 0x000001ce197e7b10
Event: 48.691 Thread 0x000001ce2c0794f0 flushing  nmethod 0x000001ce18b19410
Event: 48.691 Thread 0x000001ce2c0794f0 flushing  nmethod 0x000001ce18bd4110
Event: 48.691 Thread 0x000001ce2c0794f0 flushing  nmethod 0x000001ce18c1e610
Event: 48.691 Thread 0x000001ce2c0794f0 flushing  nmethod 0x000001ce18e8f990
Event: 48.691 Thread 0x000001ce2c0794f0 flushing  nmethod 0x000001ce18f22f10
Event: 48.691 Thread 0x000001ce2c0794f0 flushing  nmethod 0x000001ce19103390
Event: 48.691 Thread 0x000001ce2c0794f0 flushing  nmethod 0x000001ce19820f10
Event: 48.691 Thread 0x000001ce2c0794f0 flushing  nmethod 0x000001ce19821b90
Event: 48.691 Thread 0x000001ce2c0794f0 flushing  nmethod 0x000001ce19824890

Events (20 events):
Event: 18.950 Thread 0x000001ce741ba110 Thread added: 0x000001ce74bb7510
Event: 18.955 Thread 0x000001ce741ba110 Thread added: 0x000001ce74bb7ba0
Event: 18.962 Thread 0x000001ce741ba110 Thread added: 0x000001ce74bb8230
Event: 18.965 Thread 0x000001ce741ba110 Thread added: 0x000001ce74bb5440
Event: 18.970 Thread 0x000001ce741ba110 Thread added: 0x000001ce74bb4db0
Event: 18.975 Thread 0x000001ce741ba110 Thread added: 0x000001ce74bb88c0
Event: 18.981 Thread 0x000001ce741ba110 Thread added: 0x000001ce74bb8f50
Event: 19.557 Thread 0x000001ce741ba110 Thread added: 0x000001ce74bb95e0
Event: 19.559 Thread 0x000001ce741ba110 Thread added: 0x000001ce74bb9c70
Event: 19.559 Thread 0x000001ce741ba110 Thread added: 0x000001ce74bba300
Event: 19.560 Thread 0x000001ce741ba110 Thread added: 0x000001ce75cd2d40
Event: 19.560 Thread 0x000001ce741ba110 Thread added: 0x000001ce75cd1990
Event: 19.561 Thread 0x000001ce741ba110 Thread added: 0x000001ce75cd26b0
Event: 19.561 Thread 0x000001ce741ba110 Thread added: 0x000001ce75cd3a60
Event: 19.562 Thread 0x000001ce741ba110 Thread added: 0x000001ce75cd0c70
Event: 19.562 Thread 0x000001ce741ba110 Thread added: 0x000001ce75cd33d0
Event: 19.563 Thread 0x000001ce741ba110 Thread added: 0x000001ce75cd05e0
Event: 19.563 Thread 0x000001ce741ba110 Thread added: 0x000001ce75cd1300
Event: 25.954 Thread 0x000001ce741ba110 Thread added: 0x000001ce77e60470
Event: 34.297 Thread 0x000001ce741ba110 Thread added: 0x000001ce77e5fde0


Dynamic libraries:
0x00007ff6f13c0000 - 0x00007ff6f13ce000 	C:\Users\HP\.vscode\extensions\redhat.java-1.54.0-win32-x64\jre\21.0.10-win32-x86_64\bin\java.exe
0x00007ffd58e20000 - 0x00007ffd59087000 	C:\WINDOWS\SYSTEM32\ntdll.dll
0x00007ffd578d0000 - 0x00007ffd57999000 	C:\WINDOWS\System32\KERNEL32.DLL
0x00007ffd55b40000 - 0x00007ffd55f37000 	C:\WINDOWS\System32\KERNELBASE.dll
0x00007ffd530e0000 - 0x00007ffd53180000 	C:\WINDOWS\SYSTEM32\apphelp.dll
0x00007ffd569a0000 - 0x00007ffd56aeb000 	C:\WINDOWS\System32\ucrtbase.dll
0x00007ffd2eda0000 - 0x00007ffd2edb8000 	C:\Users\HP\.vscode\extensions\redhat.java-1.54.0-win32-x64\jre\21.0.10-win32-x86_64\bin\jli.dll
0x00007ffd56d70000 - 0x00007ffd56f36000 	C:\WINDOWS\System32\USER32.dll
0x00007ffd55f40000 - 0x00007ffd55f67000 	C:\WINDOWS\System32\win32u.dll
0x00007ffd57810000 - 0x00007ffd5783b000 	C:\WINDOWS\System32\GDI32.dll
0x00007ffd56870000 - 0x00007ffd5699c000 	C:\WINDOWS\System32\gdi32full.dll
0x00007ffd56af0000 - 0x00007ffd56b93000 	C:\WINDOWS\System32\msvcp_win.dll
0x00007ffd2d9e0000 - 0x00007ffd2d9fe000 	C:\Users\HP\.vscode\extensions\redhat.java-1.54.0-win32-x64\jre\21.0.10-win32-x86_64\bin\VCRUNTIME140.dll
0x00007ffd3ab10000 - 0x00007ffd3ada2000 	C:\WINDOWS\WinSxS\amd64_microsoft.windows.common-controls_6595b64144ccf1df_6.0.26100.8457_none_3e0b2faee331e92d\COMCTL32.dll
0x00007ffd58d30000 - 0x00007ffd58dd9000 	C:\WINDOWS\System32\msvcrt.dll
0x00007ffd582c0000 - 0x00007ffd582f2000 	C:\WINDOWS\System32\IMM32.DLL
0x00007ffd366e0000 - 0x00007ffd3683e000 	C:\Program Files (x86)\Citrix\ICA Client\ctxapclient64.dll
0x00007ffd57c40000 - 0x00007ffd57fc3000 	C:\WINDOWS\System32\combase.dll
0x00007ffd58b10000 - 0x00007ffd58c28000 	C:\WINDOWS\System32\RPCRT4.dll
0x00007ffd4e7f0000 - 0x00007ffd4e7fb000 	C:\WINDOWS\SYSTEM32\VERSION.dll
0x00007ffd55740000 - 0x00007ffd5576a000 	C:\WINDOWS\SYSTEM32\bcrypt.dll
0x00007ffd579a0000 - 0x00007ffd57a47000 	C:\WINDOWS\System32\sechost.dll
0x00007ffd56f40000 - 0x00007ffd56ff6000 	C:\WINDOWS\System32\ADVAPI32.dll
0x00007ffd54700000 - 0x00007ffd54736000 	C:\WINDOWS\SYSTEM32\ntmarta.dll
0x00007ffd55850000 - 0x00007ffd558f8000 	C:\WINDOWS\System32\bcryptprimitives.dll
0x00007ffd47e60000 - 0x00007ffd47e6c000 	C:\Users\HP\.vscode\extensions\redhat.java-1.54.0-win32-x64\jre\21.0.10-win32-x86_64\bin\vcruntime140_1.dll
0x00007ffcd0450000 - 0x00007ffcd04dd000 	C:\Users\HP\.vscode\extensions\redhat.java-1.54.0-win32-x64\jre\21.0.10-win32-x86_64\bin\msvcp140.dll
0x00007ffc4d7b0000 - 0x00007ffc4e551000 	C:\Users\HP\.vscode\extensions\redhat.java-1.54.0-win32-x64\jre\21.0.10-win32-x86_64\bin\server\jvm.dll
0x00007ffd57bb0000 - 0x00007ffd57c30000 	C:\WINDOWS\System32\WS2_32.dll
0x00007ffd556d0000 - 0x00007ffd5572e000 	C:\WINDOWS\SYSTEM32\POWRPROF.dll
0x00007ffd4d900000 - 0x00007ffd4d936000 	C:\WINDOWS\SYSTEM32\WINMM.dll
0x00007ffd556b0000 - 0x00007ffd556c4000 	C:\WINDOWS\SYSTEM32\UMPDC.dll
0x00007ffd545c0000 - 0x00007ffd545db000 	C:\WINDOWS\SYSTEM32\kernel.appcore.dll
0x00007ffd47e10000 - 0x00007ffd47e1a000 	C:\Users\HP\.vscode\extensions\redhat.java-1.54.0-win32-x64\jre\21.0.10-win32-x86_64\bin\jimage.dll
0x00007ffd48fa0000 - 0x00007ffd491e2000 	C:\WINDOWS\SYSTEM32\DBGHELP.DLL
0x00007ffd56c90000 - 0x00007ffd56d69000 	C:\WINDOWS\System32\OLEAUT32.dll
0x00007ffd38f00000 - 0x00007ffd38f3b000 	C:\WINDOWS\SYSTEM32\dbgcore.DLL
0x00007ffd41f80000 - 0x00007ffd41f8f000 	C:\Users\HP\.vscode\extensions\redhat.java-1.54.0-win32-x64\jre\21.0.10-win32-x86_64\bin\instrument.dll
0x00007ffd3a930000 - 0x00007ffd3a950000 	C:\Users\HP\.vscode\extensions\redhat.java-1.54.0-win32-x64\jre\21.0.10-win32-x86_64\bin\java.dll
0x000001ce2c0c0000 - 0x000001ce2c82e000 	C:\WINDOWS\System32\SHELL32.dll
0x000001ce72000000 - 0x000001ce7286c000 	C:\WINDOWS\System32\windows.storage.dll
0x00007ffd58c30000 - 0x00007ffd58d26000 	C:\WINDOWS\System32\SHCORE.dll
0x00007ffd577a0000 - 0x00007ffd57806000 	C:\WINDOWS\System32\shlwapi.dll
0x00007ffd55770000 - 0x00007ffd55799000 	C:\WINDOWS\SYSTEM32\profapi.dll
0x00007ffd3a910000 - 0x00007ffd3a928000 	C:\Users\HP\.vscode\extensions\redhat.java-1.54.0-win32-x64\jre\21.0.10-win32-x86_64\bin\zip.dll
0x00007ffd42000000 - 0x00007ffd42010000 	C:\Users\HP\.vscode\extensions\redhat.java-1.54.0-win32-x64\jre\21.0.10-win32-x86_64\bin\net.dll
0x00007ffd4dfd0000 - 0x00007ffd4e0f9000 	C:\WINDOWS\SYSTEM32\WINHTTP.dll
0x00007ffd54b50000 - 0x00007ffd54bbc000 	C:\WINDOWS\system32\mswsock.dll
0x00007ffd2d550000 - 0x00007ffd2d566000 	C:\Users\HP\.vscode\extensions\redhat.java-1.54.0-win32-x64\jre\21.0.10-win32-x86_64\bin\nio.dll
0x00007ffd3caa0000 - 0x00007ffd3cab0000 	C:\Users\HP\.vscode\extensions\redhat.java-1.54.0-win32-x64\jre\21.0.10-win32-x86_64\bin\verify.dll
0x00007ffd28170000 - 0x00007ffd28197000 	C:\Users\HP\.gradle\native\1def1411415f61bf3af743bc5b6707747c0891f09f0c88961ee8f79bc544acac\windows-amd64\native-platform.dll
0x00007ffcb3560000 - 0x00007ffcb35d8000 	C:\Users\HP\.gradle\native\0.2.7\x86_64-windows-gnu\gradle-fileevents.dll
0x00007ffd3a310000 - 0x00007ffd3a31a000 	C:\Users\HP\.vscode\extensions\redhat.java-1.54.0-win32-x64\jre\21.0.10-win32-x86_64\bin\management.dll
0x00007ffd3a230000 - 0x00007ffd3a23c000 	C:\Users\HP\.vscode\extensions\redhat.java-1.54.0-win32-x64\jre\21.0.10-win32-x86_64\bin\management_ext.dll
0x00007ffd57fd0000 - 0x00007ffd57fd8000 	C:\WINDOWS\System32\PSAPI.DLL
0x00007ffd53fa0000 - 0x00007ffd53fd2000 	C:\WINDOWS\SYSTEM32\IPHLPAPI.DLL
0x00007ffd56ba0000 - 0x00007ffd56baa000 	C:\WINDOWS\System32\NSI.dll
0x00007ffd3a8d0000 - 0x00007ffd3a8d9000 	C:\Users\HP\.vscode\extensions\redhat.java-1.54.0-win32-x64\jre\21.0.10-win32-x86_64\bin\extnet.dll
0x00007ffd54e30000 - 0x00007ffd54e4b000 	C:\WINDOWS\SYSTEM32\CRYPTSP.dll
0x00007ffd54520000 - 0x00007ffd54559000 	C:\WINDOWS\system32\rsaenh.dll
0x00007ffd54c00000 - 0x00007ffd54c33000 	C:\WINDOWS\SYSTEM32\USERENV.dll
0x00007ffd54e50000 - 0x00007ffd54e5c000 	C:\WINDOWS\SYSTEM32\CRYPTBASE.dll
0x00007ffd3a8e0000 - 0x00007ffd3a8ee000 	C:\Users\HP\.vscode\extensions\redhat.java-1.54.0-win32-x64\jre\21.0.10-win32-x86_64\bin\sunmscapi.dll
0x00007ffd559c0000 - 0x00007ffd55b38000 	C:\WINDOWS\System32\CRYPT32.dll
0x00007ffd55050000 - 0x00007ffd55080000 	C:\WINDOWS\SYSTEM32\ncrypt.dll
0x00007ffd55000000 - 0x00007ffd5503f000 	C:\WINDOWS\SYSTEM32\NTASN1.dll
0x00007ffd27420000 - 0x00007ffd27428000 	C:\WINDOWS\system32\wshunix.dll
0x00007ffd272b0000 - 0x00007ffd272c8000 	C:\WINDOWS\system32\napinsp.dll
0x00007ffd54030000 - 0x00007ffd54162000 	C:\WINDOWS\SYSTEM32\DNSAPI.dll
0x00007ffd27290000 - 0x00007ffd272a3000 	C:\WINDOWS\System32\winrnr.dll
0x00007ffd27260000 - 0x00007ffd27282000 	C:\WINDOWS\system32\nlansp_c.dll
0x00007ffd4dbd0000 - 0x00007ffd4dbe6000 	C:\WINDOWS\system32\wshbth.dll
0x00007ffd4e940000 - 0x00007ffd4e94b000 	C:\Windows\System32\rasadhlp.dll
0x00007ffd4b2a0000 - 0x00007ffd4b326000 	C:\WINDOWS\System32\fwpuclnt.dll

JVMTI agents:
C:\Users\HP\.gradle\wrapper\dists\gradle-8.13-bin\5xuhj0ry160q40clulazy9h7d\gradle-8.13\lib\agents\gradle-instrumentation-agent-8.13.jar path:C:\Users\HP\.vscode\extensions\redhat.java-1.54.0-win32-x64\jre\21.0.10-win32-x86_64\bin\instrument.dll, loaded, initialized, instrumentlib options:none

dbghelp: loaded successfully - version: 4.0.5 - missing functions: none
symbol engine: initialized successfully - sym options: 0x614 - pdb path: .;C:\Users\HP\.vscode\extensions\redhat.java-1.54.0-win32-x64\jre\21.0.10-win32-x86_64\bin;C:\WINDOWS\SYSTEM32;C:\WINDOWS\WinSxS\amd64_microsoft.windows.common-controls_6595b64144ccf1df_6.0.26100.8457_none_3e0b2faee331e92d;C:\Program Files (x86)\Citrix\ICA Client;C:\Users\HP\.vscode\extensions\redhat.java-1.54.0-win32-x64\jre\21.0.10-win32-x86_64\bin\server;C:\Users\HP\.gradle\native\1def1411415f61bf3af743bc5b6707747c0891f09f0c88961ee8f79bc544acac\windows-amd64;C:\Users\HP\.gradle\native\0.2.7\x86_64-windows-gnu

VM Arguments:
jvm_args: --add-opens=java.base/java.lang=ALL-UNNAMED --add-opens=java.base/java.lang.invoke=ALL-UNNAMED --add-opens=java.base/java.util=ALL-UNNAMED --add-opens=java.prefs/java.util.prefs=ALL-UNNAMED --add-exports=jdk.compiler/com.sun.tools.javac.api=ALL-UNNAMED --add-exports=jdk.compiler/com.sun.tools.javac.util=ALL-UNNAMED --add-opens=java.base/java.util=ALL-UNNAMED --add-opens=java.prefs/java.util.prefs=ALL-UNNAMED --add-opens=java.base/java.nio.charset=ALL-UNNAMED --add-opens=java.base/java.net=ALL-UNNAMED --add-opens=java.base/java.util.concurrent.atomic=ALL-UNNAMED --add-opens=java.xml/javax.xml.namespace=ALL-UNNAMED -Xmx1024m -Dfile.encoding=UTF-8 -Duser.country=IN -Duser.language=en -Duser.variant -javaagent:C:\Users\HP\.gradle\wrapper\dists\gradle-8.13-bin\5xuhj0ry160q40clulazy9h7d\gradle-8.13\lib\agents\gradle-instrumentation-agent-8.13.jar 
java_command: org.gradle.launcher.daemon.bootstrap.GradleDaemon 8.13
java_class_path (initial): C:\Users\HP\.gradle\wrapper\dists\gradle-8.13-bin\5xuhj0ry160q40clulazy9h7d\gradle-8.13\lib\gradle-daemon-main-8.13.jar
Launcher Type: SUN_STANDARD

[Global flags]
     intx CICompilerCount                          = 4                                         {product} {ergonomic}
     uint ConcGCThreads                            = 3                                         {product} {ergonomic}
     uint G1ConcRefinementThreads                  = 10                                        {product} {ergonomic}
   size_t G1HeapRegionSize                         = 1048576                                   {product} {ergonomic}
    uintx GCDrainStackTargetSize                   = 64                                        {product} {ergonomic}
   size_t InitialHeapSize                          = 123731968                                 {product} {ergonomic}
   size_t MarkStackSize                            = 4194304                                   {product} {ergonomic}
   size_t MaxHeapSize                              = 1073741824                                {product} {command line}
   size_t MaxNewSize                               = 643825664                                 {product} {ergonomic}
   size_t MinHeapDeltaBytes                        = 1048576                                   {product} {ergonomic}
   size_t MinHeapSize                              = 8388608                                   {product} {ergonomic}
    uintx NonNMethodCodeHeapSize                   = 5839372                                {pd product} {ergonomic}
    uintx NonProfiledCodeHeapSize                  = 122909434                              {pd product} {ergonomic}
    uintx ProfiledCodeHeapSize                     = 122909434                              {pd product} {ergonomic}
    uintx ReservedCodeCacheSize                    = 251658240                              {pd product} {ergonomic}
     bool SegmentedCodeCache                       = true                                      {product} {ergonomic}
   size_t SoftMaxHeapSize                          = 1073741824                             {manageable} {ergonomic}
     bool UseCompressedOops                        = true                           {product lp64_product} {ergonomic}
     bool UseG1GC                                  = true                                      {product} {ergonomic}
     bool UseLargePagesIndividualAllocation        = false                                  {pd product} {ergonomic}

Logging:
Log output configuration:
 #0: stdout all=warning uptime,level,tags foldmultilines=false
 #1: stderr all=off uptime,level,tags foldmultilines=false

Release file:
JAVA_VERSION="21.0.10" 
MODULES="java.base java.compiler java.datatransfer java.xml java.prefs java.desktop java.instrument java.logging java.management java.security.sasl java.naming java.rmi java.management.rmi java.net.http java.scripting java.security.jgss java.transaction.xa java.sql java.sql.rowset java.xml.crypto java.se java.smartcardio jdk.accessibility jdk.internal.jvmstat jdk.attach jdk.charsets jdk.internal.opt jdk.zipfs jdk.compiler jdk.crypto.ec jdk.crypto.cryptoki jdk.crypto.mscapi jdk.dynalink jdk.internal.ed jdk.editpad jdk.hotspot.agent jdk.httpserver jdk.internal.le jdk.internal.vm.ci jdk.internal.vm.compiler jdk.internal.vm.compiler.management jdk.jartool jdk.javadoc jdk.jcmd jdk.management jdk.management.agent jdk.jconsole jdk.jdeps jdk.jdwp.agent jdk.jdi jdk.jfr jdk.jshell jdk.jsobject jdk.jstatd jdk.localedata jdk.management.jfr jdk.naming.dns jdk.naming.rmi jdk.net jdk.nio.mapmode jdk.random jdk.sctp jdk.security.auth jdk.security.jgss jdk.unsupported jdk.unsupported.desktop jdk.xml.dom" 

Environment Variables:
PATH=C:\Program Files\Common Files\Oracle\Java\javapath;C:\WINDOWS\system32;C:\WINDOWS;C:\WINDOWS\System32\Wbem;C:\WINDOWS\System32\WindowsPowerShell\v1.0\;C:\WINDOWS\System32\OpenSSH\;C:\Program Files\Git\cmd;c:\Users\HP\AppData\Local\Programs\cursor\resources\app\bin;C:\Program Files (x86)\Microsoft SQL Server\170\Tools\Binn\;C:\Program Files\Microsoft SQL Server\170\Tools\Binn\;C:\Program Files\Microsoft SQL Server\Client SDK\ODBC\180\Tools\Binn\;C:\Program Files\Microsoft SQL Server\170\DTS\Binn\;C:\Program Files\nodejs\;C:\Users\HP\AppData\Local\Programs\Python\Python311\Scripts\;C:\Users\HP\AppData\Local\Programs\Python\Python311\;C:\Users\HP\AppData\Local\Programs\Python\Python313\Scripts\;C:\Users\HP\AppData\Local\Programs\Python\Python313\;C:\Users\HP\AppData\Local\Programs\Python\Launcher\;C:\Users\HP\AppData\Local\Microsoft\WindowsApps;C:\Users\HP\AppData\Local\Programs\Microsoft VS Code\bin;C:\Users\HP\AppData\Local\Microsoft\WinGet\Packages\Gyan.FFmpeg_Microsoft.Winget.Source_8wekyb3d8bbwe\ffmpeg-8.0.1-full_build\bin;C:\Users\HP\AppData\Local\PowerToys\DSCModules\;C:\Users\HP\AppData\Roaming\npm;C:\Users\HP\AppData\Local\Programs\Antigravity IDE\bin
USERNAME=HP
OS=Windows_NT
PROCESSOR_IDENTIFIER=AMD64 Family 25 Model 80 Stepping 0, AuthenticAMD
TMP=C:\Users\HP\AppData\Local\Temp
TEMP=C:\Users\HP\AppData\Local\Temp




Periodic native trim disabled

---------------  S Y S T E M  ---------------

OS:
 Windows 11 , 64 bit Build 26100 (10.0.26100.8328)
OS uptime: 1 days 11:12 hours
Hyper-V role detected

CPU: total 12 (initial active 12) (12 cores per cpu, 2 threads per core) family 25 model 80 stepping 0 microcode 0xa50000f, cx8, cmov, fxsr, ht, mmx, 3dnowpref, sse, sse2, sse3, ssse3, sse4a, sse4.1, sse4.2, popcnt, lzcnt, tsc, tscinvbit, avx, avx2, aes, erms, clmul, bmi1, bmi2, adx, sha, fma, vzeroupper, clflush, clflushopt, hv, rdtscp, rdpid, fsrm, f16c, cet_ss
Processor Information for processor 0
  Max Mhz: 3301, Current Mhz: 1908, Mhz Limit: 3301
Processor Information for processor 1
  Max Mhz: 3301, Current Mhz: 1908, Mhz Limit: 3301
Processor Information for processor 2
  Max Mhz: 3301, Current Mhz: 1908, Mhz Limit: 3301
Processor Information for processor 3
  Max Mhz: 3301, Current Mhz: 1908, Mhz Limit: 3301
Processor Information for processor 4
  Max Mhz: 3301, Current Mhz: 1908, Mhz Limit: 3301
Processor Information for processor 5
  Max Mhz: 3301, Current Mhz: 1908, Mhz Limit: 3301
Processor Information for processor 6
  Max Mhz: 3301, Current Mhz: 1805, Mhz Limit: 3301
Processor Information for processor 7
  Max Mhz: 3301, Current Mhz: 1908, Mhz Limit: 3301
Processor Information for processor 8
  Max Mhz: 3301, Current Mhz: 1805, Mhz Limit: 3301
Processor Information for processor 9
  Max Mhz: 3301, Current Mhz: 1805, Mhz Limit: 3301
Processor Information for processor 10
  Max Mhz: 3301, Current Mhz: 1805, Mhz Limit: 3301
Processor Information for processor 11
  Max Mhz: 3301, Current Mhz: 1805, Mhz Limit: 3301

Memory: 4k page, system-wide physical 7521M (205M free)
TotalPageFile size 31073M (AvailPageFile size 3M)
current process WorkingSet (physical memory assigned to process): 352M, peak: 355M
current process commit charge ("private bytes"): 492M, peak: 493M

vm_info: OpenJDK 64-Bit Server VM (21.0.10+7-LTS) for windows-amd64 JRE (21.0.10+7-LTS), built on 2026-01-20T00:00:00Z by "admin" with MS VC++ 17.12 (VS2022)

END.
