#
# There is insufficient memory for the Java Runtime Environment to continue.
# Native memory allocation (malloc) failed to allocate 1048576 bytes. Error detail: AllocateHeap
# Possible reasons:
#   The system is out of physical RAM or swap space
#   This process is running with CompressedOops enabled, and the Java Heap may be blocking the growth of the native heap
# Possible solutions:
#   Reduce memory load on the system
#   Increase physical memory or swap space
#   Check if swap backing store is full
#   Decrease Java heap size (-Xmx/-Xms)
#   Decrease number of Java threads
#   Decrease Java thread stack sizes (-Xss)
#   Set larger code cache with -XX:ReservedCodeCacheSize=
#   JVM is running with Unscaled Compressed Oops mode in which the Java heap is
#     placed in the first 4GB address space. The Java Heap base address is the
#     maximum limit for the native heap growth. Please use -XX:HeapBaseMinAddress
#     to set the Java Heap base and to place the Java Heap above 4GB virtual address.
# This output file may be truncated or incomplete.
#
#  Out of Memory Error (allocation.cpp:44), pid=29128, tid=420
#
# JRE version: OpenJDK Runtime Environment Temurin-21.0.10+7 (21.0.10+7) (build 21.0.10+7-LTS)
# Java VM: OpenJDK 64-Bit Server VM Temurin-21.0.10+7 (21.0.10+7-LTS, mixed mode, sharing, tiered, compressed oops, compressed class ptrs, parallel gc, windows-amd64)
# No core dump will be written. Minidumps are not enabled by default on client versions of Windows
#

---------------  S U M M A R Y ------------

Command Line: --add-modules=ALL-SYSTEM --add-opens=java.base/java.util=ALL-UNNAMED --add-opens=java.base/java.lang=ALL-UNNAMED --add-opens=java.base/sun.nio.fs=ALL-UNNAMED -Declipse.application=org.eclipse.jdt.ls.core.id1 -Dosgi.bundles.defaultStartLevel=4 -Declipse.product=org.eclipse.jdt.ls.core.product -Djava.import.generatesMetadataFilesAtProjectRoot=false -DDetectVMInstallationsJob.disabled=true -Dfile.encoding=utf8 -XX:+UseParallelGC -XX:GCTimeRatio=4 -XX:AdaptiveSizePolicyWeight=90 -Dsun.zip.disableMemoryMapping=true -Xmx2G -Xms100m -Xlog:disable -javaagent:c:\Users\HP\.vscode\extensions\redhat.java-1.54.0-win32-x64\lombok\lombok-1.18.39-4050.jar -XX:+HeapDumpOnOutOfMemoryError -XX:HeapDumpPath=c:\Users\HP\AppData\Roaming\Code\User\workspaceStorage\0ba70f6d07a91b9ee12d1719c72579bf\redhat.java -Daether.dependencyCollector.impl=bf c:\Users\HP\.vscode\extensions\redhat.java-1.54.0-win32-x64\server\plugins\org.eclipse.equinox.launcher_1.7.100.v20251111-0406.jar -configuration c:\Users\HP\AppData\Roaming\Code\User\globalStorage\redhat.java\1.54.0\config_win -data c:\Users\HP\AppData\Roaming\Code\User\workspaceStorage\0ba70f6d07a91b9ee12d1719c72579bf\redhat.java\jdt_ws --pipe=\\.\pipe\lsp-2385b9d2b9efb1cc6925d8127c21fd6a-sock

Host: AMD Ryzen 5 5600H with Radeon Graphics         , 12 cores, 7G,  Windows 11 , 64 bit Build 26100 (10.0.26100.8328)
Time: Wed May 27 17:00:22 2026 India Standard Time elapsed time: 3985.074147 seconds (0d 1h 6m 25s)

---------------  T H R E A D  ---------------

Current thread (0x000002c1896b6aa0):  JavaThread "Attach Listener" daemon [_thread_in_vm, id=420, stack(0x000000fe53500000,0x000000fe53600000) (1024K)]

Stack: [0x000000fe53500000,0x000000fe53600000]
Native frames: (J=compiled Java code, j=interpreted, Vv=VM code, C=native code)
V  [jvm.dll+0x6d7a39]
V  [jvm.dll+0x8b4b26]
V  [jvm.dll+0x8b70de]
V  [jvm.dll+0x8b77c3]
V  [jvm.dll+0x284346]
V  [jvm.dll+0xc1277]
V  [jvm.dll+0x6d82e9]
V  [jvm.dll+0x1334a6]
V  [jvm.dll+0x3f857e]
V  [jvm.dll+0x85f59d]
V  [jvm.dll+0x6d626d]
C  [ucrtbase.dll+0x37b0]
C  [KERNEL32.DLL+0x2e957]
C  [ntdll.dll+0x427c]


---------------  P R O C E S S  ---------------

Threads class SMR info:
_java_thread_list=0x000002c196baea30, length=48, elements={
0x000002c12e6437e0, 0x000002c1896a8f80, 0x000002c1896acca0, 0x000002c1896b5c90,
0x000002c1896b6aa0, 0x000002c1896bb1c0, 0x000002c1896bd3f0, 0x000002c1896c5590,
0x000002c1896c9ea0, 0x000002c1898bdf50, 0x000002c189a37850, 0x000002c18fc3db70,
0x000002c18fc3d4e0, 0x000002c18fc3b410, 0x000002c18fc3baa0, 0x000002c18fc3c130,
0x000002c18fc3c7c0, 0x000002c18fc3e200, 0x000002c18fc3e890, 0x000002c190db25d0,
0x000002c190db46a0, 0x000002c190db4010, 0x000002c190db5a50, 0x000002c190db3980,
0x000002c190db60e0, 0x000002c190db2c60, 0x000002c190db7490, 0x000002c190db7b20,
0x000002c190db81b0, 0x000002c190db6770, 0x000002c190db6e00, 0x000002c190db8840,
0x000002c190db8ed0, 0x000002c190db9560, 0x000002c19306a430, 0x000002c193069da0,
0x000002c19306aac0, 0x000002c193069080, 0x000002c194f21bf0, 0x000002c194f1f490,
0x000002c194f22280, 0x000002c194f1ee00, 0x000002c194f1fb20, 0x000002c194f201b0,
0x000002c191a62c90, 0x000002c191a64040, 0x000002c191a63320, 0x000002c191a61f70
}

Java Threads: ( => current thread )
  0x000002c12e6437e0 JavaThread "main"                              [_thread_blocked, id=33760, stack(0x000000fe52d00000,0x000000fe52e00000) (1024K)]
  0x000002c1896a8f80 JavaThread "Reference Handler"          daemon [_thread_blocked, id=11668, stack(0x000000fe53200000,0x000000fe53300000) (1024K)]
  0x000002c1896acca0 JavaThread "Finalizer"                  daemon [_thread_blocked, id=6320, stack(0x000000fe53300000,0x000000fe53400000) (1024K)]
  0x000002c1896b5c90 JavaThread "Signal Dispatcher"          daemon [_thread_blocked, id=21472, stack(0x000000fe53400000,0x000000fe53500000) (1024K)]
=>0x000002c1896b6aa0 JavaThread "Attach Listener"            daemon [_thread_in_vm, id=420, stack(0x000000fe53500000,0x000000fe53600000) (1024K)]
  0x000002c1896bb1c0 JavaThread "Service Thread"             daemon [_thread_blocked, id=28300, stack(0x000000fe53600000,0x000000fe53700000) (1024K)]
  0x000002c1896bd3f0 JavaThread "Monitor Deflation Thread"   daemon [_thread_blocked, id=21620, stack(0x000000fe53700000,0x000000fe53800000) (1024K)]
  0x000002c1896c5590 JavaThread "C2 CompilerThread0"         daemon [_thread_blocked, id=31540, stack(0x000000fe53800000,0x000000fe53900000) (1024K)]
  0x000002c1896c9ea0 JavaThread "C1 CompilerThread0"         daemon [_thread_blocked, id=28660, stack(0x000000fe53900000,0x000000fe53a00000) (1024K)]
  0x000002c1898bdf50 JavaThread "Common-Cleaner"             daemon [_thread_blocked, id=28108, stack(0x000000fe53a00000,0x000000fe53b00000) (1024K)]
  0x000002c189a37850 JavaThread "Notification Thread"        daemon [_thread_blocked, id=17936, stack(0x000000fe53c00000,0x000000fe53d00000) (1024K)]
  0x000002c18fc3db70 JavaThread "Active Thread: Equinox Container: 989f4291-7c81-4634-a1db-1ec444790748"        [_thread_blocked, id=1596, stack(0x000000fe53d00000,0x000000fe53e00000) (1024K)]
  0x000002c18fc3d4e0 JavaThread "Refresh Thread: Equinox Container: 989f4291-7c81-4634-a1db-1ec444790748" daemon [_thread_blocked, id=6428, stack(0x000000fe54400000,0x000000fe54500000) (1024K)]
  0x000002c18fc3b410 JavaThread "Framework Event Dispatcher: Equinox Container: 989f4291-7c81-4634-a1db-1ec444790748" daemon [_thread_blocked, id=32312, stack(0x000000fe54500000,0x000000fe54600000) (1024K)]
  0x000002c18fc3baa0 JavaThread "Start Level: Equinox Container: 989f4291-7c81-4634-a1db-1ec444790748" daemon [_thread_blocked, id=28440, stack(0x000000fe54600000,0x000000fe54700000) (1024K)]
  0x000002c18fc3c130 JavaThread "Bundle File Closer"         daemon [_thread_blocked, id=31480, stack(0x000000fe54a00000,0x000000fe54b00000) (1024K)]
  0x000002c18fc3c7c0 JavaThread "SCR Component Actor"        daemon [_thread_blocked, id=33532, stack(0x000000fe54700000,0x000000fe54800000) (1024K)]
  0x000002c18fc3e200 JavaThread "Worker-JM"                         [_thread_blocked, id=32488, stack(0x000000fe54d00000,0x000000fe54e00000) (1024K)]
  0x000002c18fc3e890 JavaThread "JNA Cleaner"                daemon [_thread_blocked, id=29788, stack(0x000000fe54b00000,0x000000fe54c00000) (1024K)]
  0x000002c190db25d0 JavaThread "Java indexing"              daemon [_thread_blocked, id=9340, stack(0x000000fe55100000,0x000000fe55200000) (1024K)]
  0x000002c190db46a0 JavaThread "Worker-3"                          [_thread_blocked, id=30752, stack(0x000000fe55300000,0x000000fe55400000) (1024K)]
  0x000002c190db4010 JavaThread "Thread-1"                   daemon [_thread_in_native, id=9976, stack(0x000000fe55800000,0x000000fe55900000) (1024K)]
  0x000002c190db5a50 JavaThread "Thread-2"                   daemon [_thread_in_native, id=32512, stack(0x000000fe55900000,0x000000fe55a00000) (1024K)]
  0x000002c190db3980 JavaThread "Thread-3"                   daemon [_thread_in_native, id=6188, stack(0x000000fe55a00000,0x000000fe55b00000) (1024K)]
  0x000002c190db60e0 JavaThread "Thread-4"                   daemon [_thread_in_native, id=29920, stack(0x000000fe55b00000,0x000000fe55c00000) (1024K)]
  0x000002c190db2c60 JavaThread "Thread-5"                   daemon [_thread_in_native, id=6000, stack(0x000000fe55c00000,0x000000fe55d00000) (1024K)]
  0x000002c190db7490 JavaThread "Thread-6"                   daemon [_thread_in_native, id=32292, stack(0x000000fe55d00000,0x000000fe55e00000) (1024K)]
  0x000002c190db7b20 JavaThread "Thread-7"                   daemon [_thread_in_native, id=33384, stack(0x000000fe55e00000,0x000000fe55f00000) (1024K)]
  0x000002c190db81b0 JavaThread "Thread-8"                   daemon [_thread_in_native, id=28560, stack(0x000000fe55f00000,0x000000fe56000000) (1024K)]
  0x000002c190db6770 JavaThread "Thread-9"                   daemon [_thread_in_native, id=32600, stack(0x000000fe56000000,0x000000fe56100000) (1024K)]
  0x000002c190db6e00 JavaThread "Thread-10"                  daemon [_thread_in_native, id=9432, stack(0x000000fe56100000,0x000000fe56200000) (1024K)]
  0x000002c190db8840 JavaThread "Thread-11"                  daemon [_thread_in_native, id=28080, stack(0x000000fe56200000,0x000000fe56300000) (1024K)]
  0x000002c190db8ed0 JavaThread "Thread-12"                  daemon [_thread_in_native, id=30964, stack(0x000000fe56300000,0x000000fe56400000) (1024K)]
  0x000002c190db9560 JavaThread "Thread-13"                  daemon [_thread_in_native, id=7020, stack(0x000000fe56400000,0x000000fe56500000) (1024K)]
  0x000002c19306a430 JavaThread "pool-2-thread-1"                   [_thread_blocked, id=29272, stack(0x000000fe56500000,0x000000fe56600000) (1024K)]
  0x000002c193069da0 JavaThread "WorkspaceEventsHandler"            [_thread_blocked, id=29904, stack(0x000000fe56600000,0x000000fe56700000) (1024K)]
  0x000002c19306aac0 JavaThread "pool-1-thread-1"                   [_thread_blocked, id=21696, stack(0x000000fe56700000,0x000000fe56800000) (1024K)]
  0x000002c193069080 JavaThread "Timer-0"                           [_thread_blocked, id=26664, stack(0x000000fe56d00000,0x000000fe56e00000) (1024K)]
  0x000002c194f21bf0 JavaThread "Timer-1"                           [_thread_blocked, id=26232, stack(0x000000fe55000000,0x000000fe55100000) (1024K)]
  0x000002c194f1f490 JavaThread "Timer-2"                           [_thread_blocked, id=27400, stack(0x000000fe56e00000,0x000000fe56f00000) (1024K)]
  0x000002c194f22280 JavaThread "Timer-3"                           [_thread_blocked, id=11424, stack(0x000000fe56f00000,0x000000fe57000000) (1024K)]
  0x000002c194f1ee00 JavaThread "Timer-4"                           [_thread_blocked, id=26104, stack(0x000000fe57000000,0x000000fe57100000) (1024K)]
  0x000002c194f1fb20 JavaThread "Timer-5"                           [_thread_blocked, id=30224, stack(0x000000fe57100000,0x000000fe57200000) (1024K)]
  0x000002c194f201b0 JavaThread "Timer-6"                           [_thread_blocked, id=26316, stack(0x000000fe57200000,0x000000fe57300000) (1024K)]
  0x000002c191a62c90 JavaThread "Timer-7"                           [_thread_blocked, id=4260, stack(0x000000fe56900000,0x000000fe56a00000) (1024K)]
  0x000002c191a64040 JavaThread "Timer-8"                           [_thread_blocked, id=13304, stack(0x000000fe57300000,0x000000fe57400000) (1024K)]
  0x000002c191a63320 JavaThread "Timer-9"                           [_thread_blocked, id=30592, stack(0x000000fe56b00000,0x000000fe56c00000) (1024K)]
  0x000002c191a61f70 JavaThread "Worker-6"                          [_thread_blocked, id=27880, stack(0x000000fe54c00000,0x000000fe54d00000) (1024K)]
Total: 48

Other Threads:
  0x000002c1474b6380 VMThread "VM Thread"                           [id=23924, stack(0x000000fe53100000,0x000000fe53200000) (1024K)]
  0x000002c1473aca00 WatcherThread "VM Periodic Task Thread"        [id=26044, stack(0x000000fe53000000,0x000000fe53100000) (1024K)]
  0x000002c130a81980 WorkerThread "GC Thread#0"                     [id=32888, stack(0x000000fe52f00000,0x000000fe53000000) (1024K)]
  0x000002c18f8ad110 WorkerThread "GC Thread#1"                     [id=22608, stack(0x000000fe53e00000,0x000000fe53f00000) (1024K)]
  0x000002c18f8ac9b0 WorkerThread "GC Thread#2"                     [id=2308, stack(0x000000fe53f00000,0x000000fe54000000) (1024K)]
  0x000002c18f8adfd0 WorkerThread "GC Thread#3"                     [id=21392, stack(0x000000fe54000000,0x000000fe54100000) (1024K)]
  0x000002c18f8ac600 WorkerThread "GC Thread#4"                     [id=29252, stack(0x000000fe54100000,0x000000fe54200000) (1024K)]
  0x000002c18f8ad4c0 WorkerThread "GC Thread#5"                     [id=31684, stack(0x000000fe54200000,0x000000fe54300000) (1024K)]
  0x000002c18f8acd60 WorkerThread "GC Thread#6"                     [id=28816, stack(0x000000fe54300000,0x000000fe54400000) (1024K)]
  0x000002c18fd02cd0 WorkerThread "GC Thread#7"                     [id=13320, stack(0x000000fe53b00000,0x000000fe53c00000) (1024K)]
  0x000002c18fd03080 WorkerThread "GC Thread#8"                     [id=19684, stack(0x000000fe54800000,0x000000fe54900000) (1024K)]
  0x000002c18fd00f50 WorkerThread "GC Thread#9"                     [id=4076, stack(0x000000fe54900000,0x000000fe54a00000) (1024K)]
Total: 12

Threads with active compile tasks:
Total: 0

VM state: not at safepoint (normal execution)

VM Mutex/Monitor currently owned by a thread: None

Heap address: 0x0000000080000000, size: 2048 MB, Compressed Oops mode: 32-bit

CDS archive(s) mapped at: [0x000002c148000000-0x000002c148ba0000-0x000002c148ba0000), size 12189696, SharedBaseAddress: 0x000002c148000000, ArchiveRelocationMode: 1.
Compressed class space mapped at: 0x000002c149000000-0x000002c189000000, reserved size: 1073741824
Narrow klass base: 0x000002c148000000, Narrow klass shift: 0, Narrow klass range: 0x100000000

GC Precious Log:
 CardTable entry size: 512
 CPUs: 12 total, 12 available
 Memory: 7521M
 Large Page Support: Disabled
 NUMA Support: Disabled
 Compressed Oops: Enabled (32-bit)
 Alignments: Space 512K, Generation 512K, Heap 2M
 Heap Min Capacity: 100M
 Heap Initial Capacity: 100M
 Heap Max Capacity: 2G
 Pre-touch: Disabled
 Parallel Workers: 10

Heap:
 PSYoungGen      total 19968K, used 3256K [0x00000000d5580000, 0x00000000d6a80000, 0x0000000100000000)
  eden space 18432K, 11% used [0x00000000d5580000,0x00000000d57957f0,0x00000000d6780000)
  from space 1536K, 73% used [0x00000000d6900000,0x00000000d6a18bd8,0x00000000d6a80000)
  to   space 1536K, 0% used [0x00000000d6780000,0x00000000d6780000,0x00000000d6900000)
 ParOldGen       total 69632K, used 69164K [0x0000000080000000, 0x0000000084400000, 0x00000000d5580000)
  object space 69632K, 99% used [0x0000000080000000,0x000000008438b130,0x0000000084400000)
 Metaspace       used 76022K, committed 77760K, reserved 1179648K
  class space    used 9457K, committed 10304K, reserved 1048576K

Card table byte_map: [0x000002c1303e0000,0x000002c1307f0000] _byte_map_base: 0x000002c12ffe0000

Marking Bits: (ParMarkBitMap*) 0x00007ffc4e473450
 Begin Bits: [0x000002c142ed0000, 0x000002c144ed0000)
 End Bits:   [0x000002c144ed0000, 0x000002c146ed0000)

Polling page: 0x000002c12eb10000

Metaspace:

Usage:
  Non-class:     65.01 MB used.
      Class:      9.24 MB used.
       Both:     74.24 MB used.

Virtual space:
  Non-class space:      128.00 MB reserved,      65.88 MB ( 51%) committed,  2 nodes.
      Class space:        1.00 GB reserved,      10.06 MB ( <1%) committed,  1 nodes.
             Both:        1.12 GB reserved,      75.94 MB (  7%) committed. 

Chunk freelists:
   Non-Class:  14.13 MB
       Class:  5.83 MB
        Both:  19.97 MB

MaxMetaspaceSize: unlimited
CompressedClassSpaceSize: 1.00 GB
Initial GC threshold: 21.00 MB
Current GC threshold: 97.31 MB
CDS: on
 - commit_granule_bytes: 65536.
 - commit_granule_words: 8192.
 - virtual_space_node_default_size: 8388608.
 - enlarge_chunks_in_place: 1.
 - use_allocation_guard: 0.


Internal statistics:

num_allocs_failed_limit: 9.
num_arena_births: 1516.
num_arena_deaths: 20.
num_vsnodes_births: 3.
num_vsnodes_deaths: 0.
num_space_committed: 1215.
num_space_uncommitted: 0.
num_chunks_returned_to_freelist: 30.
num_chunks_taken_from_freelist: 4888.
num_chunk_merges: 14.
num_chunk_splits: 3076.
num_chunks_enlarged: 1817.
num_inconsistent_stats: 0.

CodeHeap 'non-profiled nmethods': size=120000Kb used=9232Kb max_used=9232Kb free=110767Kb
 bounds [0x000002c13b6f0000, 0x000002c13c000000, 0x000002c142c20000]
CodeHeap 'profiled nmethods': size=120000Kb used=21129Kb max_used=21129Kb free=98870Kb
 bounds [0x000002c133c20000, 0x000002c1350d0000, 0x000002c13b150000]
CodeHeap 'non-nmethods': size=5760Kb used=1448Kb max_used=1524Kb free=4311Kb
 bounds [0x000002c13b150000, 0x000002c13b3c0000, 0x000002c13b6f0000]
CodeCache: size=245760Kb, used=31809Kb, max_used=31885Kb, free=213948Kb
 total_blobs=11303, nmethods=10547, adapters=661, full_count=0
Compilation: enabled, stopped_count=0, restarted_count=0

Compilation events (20 events):
Event: 3897.119 Thread 0x000002c1896c9ea0 11319       3       org.eclipse.core.internal.localstore.UnifiedTree::isValidLevel (72 bytes)
Event: 3897.121 Thread 0x000002c1896c9ea0 nmethod 11319 0x000002c1350be410 code [0x000002c1350be5c0, 0x000002c1350be888]
Event: 3897.122 Thread 0x000002c1896c9ea0 11320   !   3       org.eclipse.core.internal.preferences.EclipsePreferences::getInt (27 bytes)
Event: 3897.124 Thread 0x000002c1896c9ea0 nmethod 11320 0x000002c1350be910 code [0x000002c1350beae0, 0x000002c1350bedc0]
Event: 3897.134 Thread 0x000002c1896c9ea0 11321       3       org.eclipse.core.runtime.preferences.AbstractScope::equals (55 bytes)
Event: 3897.142 Thread 0x000002c1896c9ea0 nmethod 11321 0x000002c1350bef10 code [0x000002c1350bf160, 0x000002c1350bfaf0]
Event: 3897.143 Thread 0x000002c1896c9ea0 11322       3       java.util.regex.Pattern::createGroup (86 bytes)
Event: 3897.147 Thread 0x000002c1896c9ea0 nmethod 11322 0x000002c1350bfd10 code [0x000002c1350bff00, 0x000002c1350c05a8]
Event: 3897.147 Thread 0x000002c1896c9ea0 11323       3       java.util.regex.Pattern::accept (43 bytes)
Event: 3897.149 Thread 0x000002c1896c9ea0 nmethod 11323 0x000002c1350c0810 code [0x000002c1350c09e0, 0x000002c1350c0cd8]
Event: 3897.283 Thread 0x000002c1896c5590 11324       4       org.eclipse.core.internal.preferences.PreferencesService::getRootNode (4 bytes)
Event: 3897.285 Thread 0x000002c1896c9ea0 11325       3       org.eclipse.core.internal.events.BuildManager$DeltaCache::areEqual (18 bytes)
Event: 3897.286 Thread 0x000002c1896c5590 nmethod 11324 0x000002c13bff3790 code [0x000002c13bff3920, 0x000002c13bff39b0]
Event: 3897.287 Thread 0x000002c1896c5590 11327       4       java.util.ImmutableCollections$MapN$MapNIterator::hasNext (13 bytes)
Event: 3897.289 Thread 0x000002c1896c5590 nmethod 11327 0x000002c13bff3a90 code [0x000002c13bff3c20, 0x000002c13bff3cb8]
Event: 3897.290 Thread 0x000002c1896c9ea0 nmethod 11325 0x000002c1350c0e90 code [0x000002c1350c1040, 0x000002c1350c1218]
Event: 3897.290 Thread 0x000002c1896c9ea0 11326       3       org.eclipse.core.internal.dtree.DeltaDataTree::searchLocalNodeAt (106 bytes)
Event: 3897.295 Thread 0x000002c1896c9ea0 nmethod 11326 0x000002c1350c1310 code [0x000002c1350c1560, 0x000002c1350c1e98]
Event: 3932.511 Thread 0x000002c1896c9ea0 11329       3       java.util.UUID::randomUUID (63 bytes)
Event: 3932.561 Thread 0x000002c1896c9ea0 nmethod 11329 0x000002c1350c2210 code [0x000002c1350c23e0, 0x000002c1350c2698]

GC Heap History (20 events):
Event: 103.577 GC heap before
{Heap before GC invocations=72 (full 3):
 PSYoungGen      total 20992K, used 20640K [0x00000000d5580000, 0x00000000d6b00000, 0x0000000100000000)
  eden space 20480K, 100% used [0x00000000d5580000,0x00000000d6980000,0x00000000d6980000)
  from space 512K, 31% used [0x00000000d6a80000,0x00000000d6aa8000,0x00000000d6b00000)
  to   space 512K, 0% used [0x00000000d6980000,0x00000000d6980000,0x00000000d6a00000)
 ParOldGen       total 68608K, used 63318K [0x0000000080000000, 0x0000000084300000, 0x00000000d5580000)
  object space 68608K, 92% used [0x0000000080000000,0x0000000083dd58f0,0x0000000084300000)
 Metaspace       used 71793K, committed 73344K, reserved 1114112K
  class space    used 8985K, committed 9728K, reserved 1048576K
}
Event: 103.579 GC heap after
{Heap after GC invocations=72 (full 3):
 PSYoungGen      total 20992K, used 512K [0x00000000d5580000, 0x00000000d6b80000, 0x0000000100000000)
  eden space 20480K, 0% used [0x00000000d5580000,0x00000000d5580000,0x00000000d6980000)
  from space 512K, 100% used [0x00000000d6980000,0x00000000d6a00000,0x00000000d6a00000)
  to   space 1024K, 0% used [0x00000000d6a80000,0x00000000d6a80000,0x00000000d6b80000)
 ParOldGen       total 68608K, used 63350K [0x0000000080000000, 0x0000000084300000, 0x00000000d5580000)
  object space 68608K, 92% used [0x0000000080000000,0x0000000083ddd8f0,0x0000000084300000)
 Metaspace       used 71793K, committed 73344K, reserved 1114112K
  class space    used 8985K, committed 9728K, reserved 1048576K
}
Event: 103.775 GC heap before
{Heap before GC invocations=73 (full 3):
 PSYoungGen      total 20992K, used 20992K [0x00000000d5580000, 0x00000000d6b80000, 0x0000000100000000)
  eden space 20480K, 100% used [0x00000000d5580000,0x00000000d6980000,0x00000000d6980000)
  from space 512K, 100% used [0x00000000d6980000,0x00000000d6a00000,0x00000000d6a00000)
  to   space 1024K, 0% used [0x00000000d6a80000,0x00000000d6a80000,0x00000000d6b80000)
 ParOldGen       total 68608K, used 63350K [0x0000000080000000, 0x0000000084300000, 0x00000000d5580000)
  object space 68608K, 92% used [0x0000000080000000,0x0000000083ddd8f0,0x0000000084300000)
 Metaspace       used 72473K, committed 74048K, reserved 1114112K
  class space    used 9063K, committed 9792K, reserved 1048576K
}
Event: 103.778 GC heap after
{Heap after GC invocations=73 (full 3):
 PSYoungGen      total 19456K, used 1016K [0x00000000d5580000, 0x00000000d6f80000, 0x0000000100000000)
  eden space 18432K, 0% used [0x00000000d5580000,0x00000000d5580000,0x00000000d6780000)
  from space 1024K, 99% used [0x00000000d6a80000,0x00000000d6b7e1a8,0x00000000d6b80000)
  to   space 3072K, 0% used [0x00000000d6780000,0x00000000d6780000,0x00000000d6a80000)
 ParOldGen       total 68608K, used 64758K [0x0000000080000000, 0x0000000084300000, 0x00000000d5580000)
  object space 68608K, 94% used [0x0000000080000000,0x0000000083f3d8f0,0x0000000084300000)
 Metaspace       used 72473K, committed 74048K, reserved 1114112K
  class space    used 9063K, committed 9792K, reserved 1048576K
}
Event: 110.075 GC heap before
{Heap before GC invocations=74 (full 3):
 PSYoungGen      total 19456K, used 19448K [0x00000000d5580000, 0x00000000d6f80000, 0x0000000100000000)
  eden space 18432K, 99% used [0x00000000d5580000,0x00000000d677ffe8,0x00000000d6780000)
  from space 1024K, 99% used [0x00000000d6a80000,0x00000000d6b7e1a8,0x00000000d6b80000)
  to   space 3072K, 0% used [0x00000000d6780000,0x00000000d6780000,0x00000000d6a80000)
 ParOldGen       total 68608K, used 64758K [0x0000000080000000, 0x0000000084300000, 0x00000000d5580000)
  object space 68608K, 94% used [0x0000000080000000,0x0000000083f3d8f0,0x0000000084300000)
 Metaspace       used 73575K, committed 75200K, reserved 1114112K
  class space    used 9166K, committed 9984K, reserved 1048576K
}
Event: 110.079 GC heap after
{Heap after GC invocations=74 (full 3):
 PSYoungGen      total 19456K, used 1017K [0x00000000d5580000, 0x00000000d6b00000, 0x0000000100000000)
  eden space 18432K, 0% used [0x00000000d5580000,0x00000000d5580000,0x00000000d6780000)
  from space 1024K, 99% used [0x00000000d6780000,0x00000000d687e4d0,0x00000000d6880000)
  to   space 1536K, 0% used [0x00000000d6980000,0x00000000d6980000,0x00000000d6b00000)
 ParOldGen       total 68608K, used 65566K [0x0000000080000000, 0x0000000084300000, 0x00000000d5580000)
  object space 68608K, 95% used [0x0000000080000000,0x0000000084007b00,0x0000000084300000)
 Metaspace       used 73575K, committed 75200K, reserved 1114112K
  class space    used 9166K, committed 9984K, reserved 1048576K
}
Event: 343.632 GC heap before
{Heap before GC invocations=75 (full 3):
 PSYoungGen      total 19456K, used 19449K [0x00000000d5580000, 0x00000000d6b00000, 0x0000000100000000)
  eden space 18432K, 100% used [0x00000000d5580000,0x00000000d6780000,0x00000000d6780000)
  from space 1024K, 99% used [0x00000000d6780000,0x00000000d687e4d0,0x00000000d6880000)
  to   space 1536K, 0% used [0x00000000d6980000,0x00000000d6980000,0x00000000d6b00000)
 ParOldGen       total 68608K, used 65566K [0x0000000080000000, 0x0000000084300000, 0x00000000d5580000)
  object space 68608K, 95% used [0x0000000080000000,0x0000000084007b00,0x0000000084300000)
 Metaspace       used 74541K, committed 76224K, reserved 1179648K
  class space    used 9296K, committed 10112K, reserved 1048576K
}
Event: 343.660 GC heap after
{Heap after GC invocations=75 (full 3):
 PSYoungGen      total 19456K, used 896K [0x00000000d5580000, 0x00000000d6a80000, 0x0000000100000000)
  eden space 18432K, 0% used [0x00000000d5580000,0x00000000d5580000,0x00000000d6780000)
  from space 1024K, 87% used [0x00000000d6980000,0x00000000d6a60000,0x00000000d6a80000)
  to   space 1024K, 0% used [0x00000000d6780000,0x00000000d6780000,0x00000000d6880000)
 ParOldGen       total 68608K, used 66371K [0x0000000080000000, 0x0000000084300000, 0x00000000d5580000)
  object space 68608K, 96% used [0x0000000080000000,0x00000000840d0f80,0x0000000084300000)
 Metaspace       used 74541K, committed 76224K, reserved 1179648K
  class space    used 9296K, committed 10112K, reserved 1048576K
}
Event: 1048.277 GC heap before
{Heap before GC invocations=76 (full 3):
 PSYoungGen      total 19456K, used 19328K [0x00000000d5580000, 0x00000000d6a80000, 0x0000000100000000)
  eden space 18432K, 100% used [0x00000000d5580000,0x00000000d6780000,0x00000000d6780000)
  from space 1024K, 87% used [0x00000000d6980000,0x00000000d6a60000,0x00000000d6a80000)
  to   space 1024K, 0% used [0x00000000d6780000,0x00000000d6780000,0x00000000d6880000)
 ParOldGen       total 68608K, used 66371K [0x0000000080000000, 0x0000000084300000, 0x00000000d5580000)
  object space 68608K, 96% used [0x0000000080000000,0x00000000840d0f80,0x0000000084300000)
 Metaspace       used 74967K, committed 76672K, reserved 1179648K
  class space    used 9349K, committed 10176K, reserved 1048576K
}
Event: 1048.302 GC heap after
{Heap after GC invocations=76 (full 3):
 PSYoungGen      total 19456K, used 832K [0x00000000d5580000, 0x00000000d6a00000, 0x0000000100000000)
  eden space 18432K, 0% used [0x00000000d5580000,0x00000000d5580000,0x00000000d6780000)
  from space 1024K, 81% used [0x00000000d6780000,0x00000000d6850000,0x00000000d6880000)
  to   space 1024K, 0% used [0x00000000d6900000,0x00000000d6900000,0x00000000d6a00000)
 ParOldGen       total 68608K, used 67132K [0x0000000080000000, 0x0000000084300000, 0x00000000d5580000)
  object space 68608K, 97% used [0x0000000080000000,0x000000008418f130,0x0000000084300000)
 Metaspace       used 74967K, committed 76672K, reserved 1179648K
  class space    used 9349K, committed 10176K, reserved 1048576K
}
Event: 1573.115 GC heap before
{Heap before GC invocations=77 (full 3):
 PSYoungGen      total 19456K, used 19264K [0x00000000d5580000, 0x00000000d6a00000, 0x0000000100000000)
  eden space 18432K, 100% used [0x00000000d5580000,0x00000000d6780000,0x00000000d6780000)
  from space 1024K, 81% used [0x00000000d6780000,0x00000000d6850000,0x00000000d6880000)
  to   space 1024K, 0% used [0x00000000d6900000,0x00000000d6900000,0x00000000d6a00000)
 ParOldGen       total 68608K, used 67132K [0x0000000080000000, 0x0000000084300000, 0x00000000d5580000)
  object space 68608K, 97% used [0x0000000080000000,0x000000008418f130,0x0000000084300000)
 Metaspace       used 75068K, committed 76800K, reserved 1179648K
  class space    used 9349K, committed 10176K, reserved 1048576K
}
Event: 1573.143 GC heap after
{Heap after GC invocations=77 (full 3):
 PSYoungGen      total 18944K, used 320K [0x00000000d5580000, 0x00000000d6980000, 0x0000000100000000)
  eden space 18432K, 0% used [0x00000000d5580000,0x00000000d5580000,0x00000000d6780000)
  from space 512K, 62% used [0x00000000d6900000,0x00000000d6950000,0x00000000d6980000)
  to   space 1024K, 0% used [0x00000000d6780000,0x00000000d6780000,0x00000000d6880000)
 ParOldGen       total 68608K, used 67764K [0x0000000080000000, 0x0000000084300000, 0x00000000d5580000)
  object space 68608K, 98% used [0x0000000080000000,0x000000008422d130,0x0000000084300000)
 Metaspace       used 75068K, committed 76800K, reserved 1179648K
  class space    used 9349K, committed 10176K, reserved 1048576K
}
Event: 2646.507 GC heap before
{Heap before GC invocations=78 (full 3):
 PSYoungGen      total 18944K, used 18740K [0x00000000d5580000, 0x00000000d6980000, 0x0000000100000000)
  eden space 18432K, 99% used [0x00000000d5580000,0x00000000d677d030,0x00000000d6780000)
  from space 512K, 62% used [0x00000000d6900000,0x00000000d6950000,0x00000000d6980000)
  to   space 1024K, 0% used [0x00000000d6780000,0x00000000d6780000,0x00000000d6880000)
 ParOldGen       total 68608K, used 67764K [0x0000000080000000, 0x0000000084300000, 0x00000000d5580000)
  object space 68608K, 98% used [0x0000000080000000,0x000000008422d130,0x0000000084300000)
 Metaspace       used 75140K, committed 76864K, reserved 1179648K
  class space    used 9349K, committed 10176K, reserved 1048576K
}
Event: 2646.541 GC heap after
{Heap after GC invocations=78 (full 3):
 PSYoungGen      total 19456K, used 979K [0x00000000d5580000, 0x00000000d6a80000, 0x0000000100000000)
  eden space 18432K, 0% used [0x00000000d5580000,0x00000000d5580000,0x00000000d6780000)
  from space 1024K, 95% used [0x00000000d6780000,0x00000000d6874c88,0x00000000d6880000)
  to   space 1536K, 0% used [0x00000000d6900000,0x00000000d6900000,0x00000000d6a80000)
 ParOldGen       total 68608K, used 67836K [0x0000000080000000, 0x0000000084300000, 0x00000000d5580000)
  object space 68608K, 98% used [0x0000000080000000,0x000000008423f130,0x0000000084300000)
 Metaspace       used 75140K, committed 76864K, reserved 1179648K
  class space    used 9349K, committed 10176K, reserved 1048576K
}
Event: 3160.680 GC heap before
{Heap before GC invocations=79 (full 3):
 PSYoungGen      total 19456K, used 19411K [0x00000000d5580000, 0x00000000d6a80000, 0x0000000100000000)
  eden space 18432K, 100% used [0x00000000d5580000,0x00000000d6780000,0x00000000d6780000)
  from space 1024K, 95% used [0x00000000d6780000,0x00000000d6874c88,0x00000000d6880000)
  to   space 1536K, 0% used [0x00000000d6900000,0x00000000d6900000,0x00000000d6a80000)
 ParOldGen       total 68608K, used 67836K [0x0000000080000000, 0x0000000084300000, 0x00000000d5580000)
  object space 68608K, 98% used [0x0000000080000000,0x000000008423f130,0x0000000084300000)
 Metaspace       used 75442K, committed 77184K, reserved 1179648K
  class space    used 9385K, committed 10240K, reserved 1048576K
}
Event: 3160.712 GC heap after
{Heap after GC invocations=79 (full 3):
 PSYoungGen      total 18944K, used 480K [0x00000000d5580000, 0x00000000d6980000, 0x0000000100000000)
  eden space 18432K, 0% used [0x00000000d5580000,0x00000000d5580000,0x00000000d6780000)
  from space 512K, 93% used [0x00000000d6900000,0x00000000d6978000,0x00000000d6980000)
  to   space 1024K, 0% used [0x00000000d6780000,0x00000000d6780000,0x00000000d6880000)
 ParOldGen       total 68608K, used 68324K [0x0000000080000000, 0x0000000084300000, 0x00000000d5580000)
  object space 68608K, 99% used [0x0000000080000000,0x00000000842b9130,0x0000000084300000)
 Metaspace       used 75442K, committed 77184K, reserved 1179648K
  class space    used 9385K, committed 10240K, reserved 1048576K
}
Event: 3450.144 GC heap before
{Heap before GC invocations=80 (full 3):
 PSYoungGen      total 18944K, used 18908K [0x00000000d5580000, 0x00000000d6980000, 0x0000000100000000)
  eden space 18432K, 99% used [0x00000000d5580000,0x00000000d677f238,0x00000000d6780000)
  from space 512K, 93% used [0x00000000d6900000,0x00000000d6978000,0x00000000d6980000)
  to   space 1024K, 0% used [0x00000000d6780000,0x00000000d6780000,0x00000000d6880000)
 ParOldGen       total 68608K, used 68324K [0x0000000080000000, 0x0000000084300000, 0x00000000d5580000)
  object space 68608K, 99% used [0x0000000080000000,0x00000000842b9130,0x0000000084300000)
 Metaspace       used 75744K, committed 77504K, reserved 1179648K
  class space    used 9420K, committed 10240K, reserved 1048576K
}
Event: 3450.194 GC heap after
{Heap after GC invocations=80 (full 3):
 PSYoungGen      total 19456K, used 960K [0x00000000d5580000, 0x00000000d6a80000, 0x0000000100000000)
  eden space 18432K, 0% used [0x00000000d5580000,0x00000000d5580000,0x00000000d6780000)
  from space 1024K, 93% used [0x00000000d6780000,0x00000000d6870000,0x00000000d6880000)
  to   space 1536K, 0% used [0x00000000d6900000,0x00000000d6900000,0x00000000d6a80000)
 ParOldGen       total 68608K, used 68540K [0x0000000080000000, 0x0000000084300000, 0x00000000d5580000)
  object space 68608K, 99% used [0x0000000080000000,0x00000000842ef130,0x0000000084300000)
 Metaspace       used 75744K, committed 77504K, reserved 1179648K
  class space    used 9420K, committed 10240K, reserved 1048576K
}
Event: 3485.823 GC heap before
{Heap before GC invocations=81 (full 3):
 PSYoungGen      total 19456K, used 19392K [0x00000000d5580000, 0x00000000d6a80000, 0x0000000100000000)
  eden space 18432K, 100% used [0x00000000d5580000,0x00000000d6780000,0x00000000d6780000)
  from space 1024K, 93% used [0x00000000d6780000,0x00000000d6870000,0x00000000d6880000)
  to   space 1536K, 0% used [0x00000000d6900000,0x00000000d6900000,0x00000000d6a80000)
 ParOldGen       total 68608K, used 68540K [0x0000000080000000, 0x0000000084300000, 0x00000000d5580000)
  object space 68608K, 99% used [0x0000000080000000,0x00000000842ef130,0x0000000084300000)
 Metaspace       used 76012K, committed 77760K, reserved 1179648K
  class space    used 9457K, committed 10304K, reserved 1048576K
}
Event: 3485.857 GC heap after
{Heap after GC invocations=81 (full 3):
 PSYoungGen      total 19968K, used 1122K [0x00000000d5580000, 0x00000000d6a80000, 0x0000000100000000)
  eden space 18432K, 0% used [0x00000000d5580000,0x00000000d5580000,0x00000000d6780000)
  from space 1536K, 73% used [0x00000000d6900000,0x00000000d6a18bd8,0x00000000d6a80000)
  to   space 1536K, 0% used [0x00000000d6780000,0x00000000d6780000,0x00000000d6900000)
 ParOldGen       total 69632K, used 69164K [0x0000000080000000, 0x0000000084400000, 0x00000000d5580000)
  object space 69632K, 99% used [0x0000000080000000,0x000000008438b130,0x0000000084400000)
 Metaspace       used 76012K, committed 77760K, reserved 1179648K
  class space    used 9457K, committed 10304K, reserved 1048576K
}

Dll operation events (15 events):
Event: 0.020 Loaded shared library c:\Users\HP\.vscode\extensions\redhat.java-1.54.0-win32-x64\jre\21.0.10-win32-x86_64\bin\java.dll
Event: 0.141 Loaded shared library c:\Users\HP\.vscode\extensions\redhat.java-1.54.0-win32-x64\jre\21.0.10-win32-x86_64\bin\zip.dll
Event: 0.173 Loaded shared library C:\Users\HP\.vscode\extensions\redhat.java-1.54.0-win32-x64\jre\21.0.10-win32-x86_64\bin\instrument.dll
Event: 0.180 Loaded shared library C:\Users\HP\.vscode\extensions\redhat.java-1.54.0-win32-x64\jre\21.0.10-win32-x86_64\bin\net.dll
Event: 0.186 Loaded shared library C:\Users\HP\.vscode\extensions\redhat.java-1.54.0-win32-x64\jre\21.0.10-win32-x86_64\bin\nio.dll
Event: 0.191 Loaded shared library C:\Users\HP\.vscode\extensions\redhat.java-1.54.0-win32-x64\jre\21.0.10-win32-x86_64\bin\zip.dll
Event: 0.214 Loaded shared library C:\Users\HP\.vscode\extensions\redhat.java-1.54.0-win32-x64\jre\21.0.10-win32-x86_64\bin\jimage.dll
Event: 0.316 Loaded shared library c:\Users\HP\.vscode\extensions\redhat.java-1.54.0-win32-x64\jre\21.0.10-win32-x86_64\bin\verify.dll
Event: 13.228 Loaded shared library C:\Users\HP\AppData\Roaming\Code\User\globalStorage\redhat.java\1.54.0\config_win\org.eclipse.equinox.launcher\org.eclipse.equinox.launcher.win32.win32.x86_64_1.3.0.v20260203-2149\eclipse_11919.dll
Event: 31.735 Loaded shared library C:\Users\HP\AppData\Local\Temp\jna-2312\jna4717291809979935775.dll
Event: 34.146 Loaded shared library C:\Users\HP\.vscode\extensions\redhat.java-1.54.0-win32-x64\jre\21.0.10-win32-x86_64\bin\sunmscapi.dll
Event: 34.806 Loaded shared library C:\Users\HP\.vscode\extensions\redhat.java-1.54.0-win32-x64\jre\21.0.10-win32-x86_64\bin\extnet.dll
Event: 37.963 Loaded shared library C:\Users\HP\.gradle\native\1def1411415f61bf3af743bc5b6707747c0891f09f0c88961ee8f79bc544acac\windows-amd64\native-platform.dll
Event: 39.673 Loaded shared library C:\Users\HP\.vscode\extensions\redhat.java-1.54.0-win32-x64\jre\21.0.10-win32-x86_64\bin\management.dll
Event: 39.685 Loaded shared library C:\Users\HP\.vscode\extensions\redhat.java-1.54.0-win32-x64\jre\21.0.10-win32-x86_64\bin\management_ext.dll

Deoptimization events (20 events):
Event: 3019.442 Thread 0x000002c194f1f490 DEOPT PACKING pc=0x000002c134fc32ab sp=0x000000fe56efefa0
Event: 3019.444 Thread 0x000002c194f1f490 DEOPT UNPACKING pc=0x000002c13b1a4242 sp=0x000000fe56efe488 mode 0
Event: 3162.514 Thread 0x000002c191a61250 Uncommon trap: trap_request=0xffffffbe fr.pc=0x000002c13bfb7ff8 relative=0x0000000000000758
Event: 3162.514 Thread 0x000002c191a61250 Uncommon trap: reason=profile_predicate action=maybe_recompile pc=0x000002c13bfb7ff8 method=java.util.regex.Pattern$CharPropertyGreedy.match(Ljava/util/regex/Matcher;ILjava/lang/CharSequence;)Z @ 103 c2
Event: 3162.514 Thread 0x000002c191a61250 DEOPT PACKING pc=0x000002c13bfb7ff8 sp=0x000000fe54ffee90
Event: 3162.515 Thread 0x000002c191a61250 DEOPT UNPACKING pc=0x000002c13b1a3aa2 sp=0x000000fe54ffee10 mode 2
Event: 3162.515 Thread 0x000002c191a61250 Uncommon trap: trap_request=0xffffffbe fr.pc=0x000002c13ba8c850 relative=0x00000000000003f0
Event: 3162.515 Thread 0x000002c191a61250 Uncommon trap: reason=profile_predicate action=maybe_recompile pc=0x000002c13ba8c850 method=java.util.regex.Pattern$Slice.match(Ljava/util/regex/Matcher;ILjava/lang/CharSequence;)Z @ 18 c2
Event: 3162.516 Thread 0x000002c191a61250 DEOPT PACKING pc=0x000002c13ba8c850 sp=0x000000fe54ffed20
Event: 3162.516 Thread 0x000002c191a61250 DEOPT UNPACKING pc=0x000002c13b1a3aa2 sp=0x000000fe54ffecd0 mode 2
Event: 3272.522 Thread 0x000002c194f201b0 DEOPT PACKING pc=0x000002c134fc32ab sp=0x000000fe572ff6b0
Event: 3272.524 Thread 0x000002c194f201b0 DEOPT UNPACKING pc=0x000002c13b1a4242 sp=0x000000fe572feb98 mode 0
Event: 3453.014 Thread 0x000002c191a64d60 Uncommon trap: trap_request=0xffffffbe fr.pc=0x000002c13bfb7ff8 relative=0x0000000000000758
Event: 3453.015 Thread 0x000002c191a64d60 Uncommon trap: reason=profile_predicate action=maybe_recompile pc=0x000002c13bfb7ff8 method=java.util.regex.Pattern$CharPropertyGreedy.match(Ljava/util/regex/Matcher;ILjava/lang/CharSequence;)Z @ 103 c2
Event: 3453.015 Thread 0x000002c191a64d60 DEOPT PACKING pc=0x000002c13bfb7ff8 sp=0x000000fe552fea80
Event: 3453.016 Thread 0x000002c191a64d60 DEOPT UNPACKING pc=0x000002c13b1a3aa2 sp=0x000000fe552fea00 mode 2
Event: 3529.417 Thread 0x000002c194f1fb20 DEOPT PACKING pc=0x000002c134fc32ab sp=0x000000fe571ff490
Event: 3529.419 Thread 0x000002c194f1fb20 DEOPT UNPACKING pc=0x000002c13b1a4242 sp=0x000000fe571fe978 mode 0
Event: 3829.926 Thread 0x000002c191a63320 DEOPT PACKING pc=0x000002c134fc32ab sp=0x000000fe56bff130
Event: 3829.928 Thread 0x000002c191a63320 DEOPT UNPACKING pc=0x000002c13b1a4242 sp=0x000000fe56bfe618 mode 0

Classes loaded (20 events):
Event: 111.574 Loading class java/util/stream/ReduceOps$CountingSink$OfRef
Event: 111.575 Loading class java/util/stream/ReduceOps$CountingSink
Event: 111.575 Loading class java/util/stream/ReduceOps$CountingSink done
Event: 111.575 Loading class java/util/stream/ReduceOps$CountingSink$OfRef done
Event: 111.621 Loading class java/util/stream/ReduceOps$1
Event: 111.621 Loading class java/util/stream/ReduceOps$1 done
Event: 111.621 Loading class java/util/stream/ReduceOps$1ReducingSink
Event: 111.622 Loading class java/util/stream/ReduceOps$1ReducingSink done
Event: 258.892 Loading class java/io/SequenceInputStream
Event: 258.895 Loading class java/io/SequenceInputStream done
Event: 343.616 Loading class java/util/stream/Nodes$CollectorTask$OfRef
Event: 343.624 Loading class java/util/stream/Nodes$CollectorTask
Event: 343.661 Loading class java/util/stream/Nodes$CollectorTask done
Event: 343.661 Loading class java/util/stream/Nodes$CollectorTask$OfRef done
Event: 343.664 Loading class java/util/function/LongFunction
Event: 343.665 Loading class java/util/function/LongFunction done
Event: 343.670 Loading class java/util/stream/Nodes$ConcNode
Event: 343.673 Loading class java/util/stream/Nodes$AbstractConcNode
Event: 343.677 Loading class java/util/stream/Nodes$AbstractConcNode done
Event: 343.677 Loading class java/util/stream/Nodes$ConcNode done

Classes unloaded (10 events):
Event: 32.636 Thread 0x000002c1474b6380 Unloading class 0x000002c1491a4800 'java/lang/invoke/LambdaForm$MH+0x000002c1491a4800'
Event: 32.636 Thread 0x000002c1474b6380 Unloading class 0x000002c1491a4400 'java/lang/invoke/LambdaForm$MH+0x000002c1491a4400'
Event: 32.636 Thread 0x000002c1474b6380 Unloading class 0x000002c1491a4000 'java/lang/invoke/LambdaForm$MH+0x000002c1491a4000'
Event: 32.636 Thread 0x000002c1474b6380 Unloading class 0x000002c1491a3c00 'java/lang/invoke/LambdaForm$MH+0x000002c1491a3c00'
Event: 32.636 Thread 0x000002c1474b6380 Unloading class 0x000002c1491a3800 'java/lang/invoke/LambdaForm$BMH+0x000002c1491a3800'
Event: 32.636 Thread 0x000002c1474b6380 Unloading class 0x000002c1491a3400 'java/lang/invoke/LambdaForm$DMH+0x000002c1491a3400'
Event: 32.636 Thread 0x000002c1474b6380 Unloading class 0x000002c1491a2000 'java/lang/invoke/LambdaForm$DMH+0x000002c1491a2000'
Event: 34.298 Thread 0x000002c1474b6380 Unloading class 0x000002c149320c00 'java/lang/invoke/LambdaForm$MH+0x000002c149320c00'
Event: 34.298 Thread 0x000002c1474b6380 Unloading class 0x000002c149320000 'java/lang/invoke/LambdaForm$MH+0x000002c149320000'
Event: 34.298 Thread 0x000002c1474b6380 Unloading class 0x000002c14931f800 'java/lang/invoke/LambdaForm$MH+0x000002c14931f800'

Classes redefined (0 events):
No events

Internal exceptions (20 events):
Event: 2646.898 Thread 0x000002c191a646d0 Exception <a 'java/lang/NoSuchMethodError'{0x00000000d58dacf0}: static Lorg/gradle/plugins/ide/internal/tooling/model/LaunchableGradleTask;.<clinit>()V> (0x00000000d58dacf0) 
thrown [s\src\hotspot\share\prims\jni.cpp, line 1111]
Event: 2646.898 Thread 0x000002c191a646d0 Exception <a 'java/lang/NoSuchMethodError'{0x00000000d58e08e0}: static Lorg/gradle/plugins/ide/internal/tooling/model/LaunchableGradleProjectTask;.<clinit>()V> (0x00000000d58e08e0) 
thrown [s\src\hotspot\share\prims\jni.cpp, line 1111]
Event: 2929.889 Thread 0x000002c190db46a0 Exception <a 'sun/nio/fs/WindowsException'{0x00000000d6194be0}> (0x00000000d6194be0) 
thrown [s\src\hotspot\share\prims\jni.cpp, line 520]
Event: 2929.891 Thread 0x000002c190db46a0 Exception <a 'sun/nio/fs/WindowsException'{0x00000000d61954c0}> (0x00000000d61954c0) 
thrown [s\src\hotspot\share\prims\jni.cpp, line 520]
Event: 3177.039 Thread 0x000002c191a618e0 Exception <a 'java/lang/NoSuchMethodError'{0x00000000d5c2c9d0}: static Lorg/gradle/plugins/ide/internal/tooling/model/DefaultGradleProject;.<clinit>()V> (0x00000000d5c2c9d0) 
thrown [s\src\hotspot\share\prims\jni.cpp, line 1111]
Event: 3177.044 Thread 0x000002c191a618e0 Exception <a 'java/lang/NoSuchMethodError'{0x00000000d5c40c30}: static Lorg/gradle/plugins/ide/internal/tooling/model/DefaultGradleScript;.<clinit>()V> (0x00000000d5c40c30) 
thrown [s\src\hotspot\share\prims\jni.cpp, line 1111]
Event: 3177.185 Thread 0x000002c191a618e0 Exception <a 'java/lang/NoSuchMethodError'{0x00000000d5d32d00}: static Lorg/gradle/tooling/internal/gradle/DefaultProjectIdentifier;.<clinit>()V> (0x00000000d5d32d00) 
thrown [s\src\hotspot\share\prims\jni.cpp, line 1111]
Event: 3177.187 Thread 0x000002c191a618e0 Exception <a 'java/lang/NoSuchMethodError'{0x00000000d5d418a8}: static Lorg/gradle/tooling/internal/gradle/DefaultBuildIdentifier;.<clinit>()V> (0x00000000d5d418a8) 
thrown [s\src\hotspot\share\prims\jni.cpp, line 1111]
Event: 3177.205 Thread 0x000002c191a618e0 Exception <a 'java/lang/NoSuchMethodError'{0x00000000d5d7f560}: static Lorg/gradle/plugins/ide/internal/tooling/model/LaunchableGradleTask;.<clinit>()V> (0x00000000d5d7f560) 
thrown [s\src\hotspot\share\prims\jni.cpp, line 1111]
Event: 3177.205 Thread 0x000002c191a618e0 Exception <a 'java/lang/NoSuchMethodError'{0x00000000d5d85150}: static Lorg/gradle/plugins/ide/internal/tooling/model/LaunchableGradleProjectTask;.<clinit>()V> (0x00000000d5d85150) 
thrown [s\src\hotspot\share\prims\jni.cpp, line 1111]
Event: 3407.852 Thread 0x000002c191a61f70 Exception <a 'sun/nio/fs/WindowsException'{0x00000000d625d7f8}> (0x00000000d625d7f8) 
thrown [s\src\hotspot\share\prims\jni.cpp, line 520]
Event: 3407.855 Thread 0x000002c191a61f70 Exception <a 'sun/nio/fs/WindowsException'{0x00000000d625e0f8}> (0x00000000d625e0f8) 
thrown [s\src\hotspot\share\prims\jni.cpp, line 520]
Event: 3479.574 Thread 0x000002c191a61250 Exception <a 'java/lang/NoSuchMethodError'{0x00000000d5c02d58}: static Lorg/gradle/plugins/ide/internal/tooling/model/DefaultGradleProject;.<clinit>()V> (0x00000000d5c02d58) 
thrown [s\src\hotspot\share\prims\jni.cpp, line 1111]
Event: 3479.589 Thread 0x000002c191a61250 Exception <a 'java/lang/NoSuchMethodError'{0x00000000d5c16fc0}: static Lorg/gradle/plugins/ide/internal/tooling/model/DefaultGradleScript;.<clinit>()V> (0x00000000d5c16fc0) 
thrown [s\src\hotspot\share\prims\jni.cpp, line 1111]
Event: 3479.787 Thread 0x000002c191a61250 Exception <a 'java/lang/NoSuchMethodError'{0x00000000d5d081c0}: static Lorg/gradle/tooling/internal/gradle/DefaultProjectIdentifier;.<clinit>()V> (0x00000000d5d081c0) 
thrown [s\src\hotspot\share\prims\jni.cpp, line 1111]
Event: 3479.789 Thread 0x000002c191a61250 Exception <a 'java/lang/NoSuchMethodError'{0x00000000d5d16d58}: static Lorg/gradle/tooling/internal/gradle/DefaultBuildIdentifier;.<clinit>()V> (0x00000000d5d16d58) 
thrown [s\src\hotspot\share\prims\jni.cpp, line 1111]
Event: 3479.817 Thread 0x000002c191a61250 Exception <a 'java/lang/NoSuchMethodError'{0x00000000d5d54708}: static Lorg/gradle/plugins/ide/internal/tooling/model/LaunchableGradleTask;.<clinit>()V> (0x00000000d5d54708) 
thrown [s\src\hotspot\share\prims\jni.cpp, line 1111]
Event: 3479.817 Thread 0x000002c191a61250 Exception <a 'java/lang/NoSuchMethodError'{0x00000000d5d5a570}: static Lorg/gradle/plugins/ide/internal/tooling/model/LaunchableGradleProjectTask;.<clinit>()V> (0x00000000d5d5a570) 
thrown [s\src\hotspot\share\prims\jni.cpp, line 1111]
Event: 3749.901 Thread 0x000002c190db46a0 Exception <a 'sun/nio/fs/WindowsException'{0x00000000d5640d80}> (0x00000000d5640d80) 
thrown [s\src\hotspot\share\prims\jni.cpp, line 520]
Event: 3749.905 Thread 0x000002c190db46a0 Exception <a 'sun/nio/fs/WindowsException'{0x00000000d5641660}> (0x00000000d5641660) 
thrown [s\src\hotspot\share\prims\jni.cpp, line 520]

ZGC Phase Switch (0 events):
No events

VM Operations (20 events):
Event: 3668.289 Executing non-safepoint VM operation: RendezvousGCThreads
Event: 3668.290 Executing non-safepoint VM operation: RendezvousGCThreads done
Event: 3728.500 Executing non-safepoint VM operation: HandshakeAllThreads (HandshakeForDeflation)
Event: 3728.500 Executing non-safepoint VM operation: HandshakeAllThreads (HandshakeForDeflation) done
Event: 3728.500 Executing non-safepoint VM operation: RendezvousGCThreads
Event: 3728.500 Executing non-safepoint VM operation: RendezvousGCThreads done
Event: 3750.781 Executing safepoint VM operation: Cleanup
Event: 3750.781 Executing safepoint VM operation: Cleanup done
Event: 3788.666 Executing non-safepoint VM operation: HandshakeAllThreads (HandshakeForDeflation)
Event: 3788.666 Executing non-safepoint VM operation: HandshakeAllThreads (HandshakeForDeflation) done
Event: 3788.666 Executing non-safepoint VM operation: RendezvousGCThreads
Event: 3788.666 Executing non-safepoint VM operation: RendezvousGCThreads done
Event: 3885.610 Executing safepoint VM operation: Cleanup
Event: 3885.614 Executing safepoint VM operation: Cleanup done
Event: 3897.704 Executing safepoint VM operation: Cleanup
Event: 3897.704 Executing safepoint VM operation: Cleanup done
Event: 3968.978 Executing non-safepoint VM operation: HandshakeAllThreads (HandshakeForDeflation)
Event: 3968.985 Executing non-safepoint VM operation: HandshakeAllThreads (HandshakeForDeflation) done
Event: 3968.985 Executing non-safepoint VM operation: RendezvousGCThreads
Event: 3968.985 Executing non-safepoint VM operation: RendezvousGCThreads done

Memory protections (0 events):
No events

Nmethod flushes (20 events):
Event: 40.766 Thread 0x000002c1474b6380 flushing  nmethod 0x000002c134485a10
Event: 40.766 Thread 0x000002c1474b6380 flushing  nmethod 0x000002c134486010
Event: 40.766 Thread 0x000002c1474b6380 flushing  nmethod 0x000002c134486390
Event: 40.766 Thread 0x000002c1474b6380 flushing  nmethod 0x000002c134497e10
Event: 40.766 Thread 0x000002c1474b6380 flushing  nmethod 0x000002c1344b5990
Event: 40.766 Thread 0x000002c1474b6380 flushing  nmethod 0x000002c1344b6890
Event: 40.766 Thread 0x000002c1474b6380 flushing  nmethod 0x000002c1344b7790
Event: 40.766 Thread 0x000002c1474b6380 flushing  nmethod 0x000002c1344b7d90
Event: 40.766 Thread 0x000002c1474b6380 flushing  nmethod 0x000002c1344b8610
Event: 40.766 Thread 0x000002c1474b6380 flushing  nmethod 0x000002c1344bbb10
Event: 40.766 Thread 0x000002c1474b6380 flushing  nmethod 0x000002c1344bc210
Event: 40.766 Thread 0x000002c1474b6380 flushing  nmethod 0x000002c1344be410
Event: 40.766 Thread 0x000002c1474b6380 flushing  nmethod 0x000002c1344cc010
Event: 40.766 Thread 0x000002c1474b6380 flushing  nmethod 0x000002c1344d0b10
Event: 40.766 Thread 0x000002c1474b6380 flushing  nmethod 0x000002c1344e0a10
Event: 40.766 Thread 0x000002c1474b6380 flushing  nmethod 0x000002c13450b990
Event: 40.766 Thread 0x000002c1474b6380 flushing  nmethod 0x000002c134519a10
Event: 40.766 Thread 0x000002c1474b6380 flushing  nmethod 0x000002c134529910
Event: 40.766 Thread 0x000002c1474b6380 flushing  nmethod 0x000002c134534a90
Event: 40.766 Thread 0x000002c1474b6380 flushing  nmethod 0x000002c134537f10

Events (20 events):
Event: 3407.868 Thread 0x000002c191a61f70 Thread added: 0x000002c191a61250
Event: 3407.869 Thread 0x000002c191a61250 Thread exited: 0x000002c191a61250
Event: 3449.485 Thread 0x000002c193069da0 Thread added: 0x000002c191a61250
Event: 3450.233 Thread 0x000002c191a61250 Thread added: 0x000002c191a64d60
Event: 3450.267 Thread 0x000002c191a64d60 Thread added: 0x000002c191a618e0
Event: 3450.269 Thread 0x000002c191a64d60 Thread added: 0x000002c191a67b50
Event: 3450.287 Thread 0x000002c191a618e0 Thread exited: 0x000002c191a618e0
Event: 3453.021 Thread 0x000002c191a64d60 Thread exited: 0x000002c191a64d60
Event: 3453.022 Thread 0x000002c191a67b50 Thread exited: 0x000002c191a67b50
Event: 3480.021 Thread 0x000002c191a61250 Thread exited: 0x000002c191a61250
Event: 3480.320 Thread 0x000002c193069da0 Thread added: 0x000002c191a61250
Event: 3483.079 Thread 0x000002c191a61250 Thread exited: 0x000002c191a61250
Event: 3483.123 Thread 0x000002c193069da0 Thread added: 0x000002c191a61250
Event: 3484.833 Thread 0x000002c191a61250 Thread exited: 0x000002c191a61250
Event: 3484.851 Thread 0x000002c193069da0 Thread added: 0x000002c191a61250
Event: 3485.868 Thread 0x000002c191a61250 Thread exited: 0x000002c191a61250
Event: 3749.819 Thread 0x000002c190db46a0 Thread added: 0x000002c191a61250
Event: 3749.843 Thread 0x000002c191a61250 Thread exited: 0x000002c191a61250
Event: 3749.927 Thread 0x000002c190db46a0 Thread added: 0x000002c191a61250
Event: 3749.929 Thread 0x000002c191a61250 Thread exited: 0x000002c191a61250


Dynamic libraries:
0x00007ff6f13c0000 - 0x00007ff6f13ce000 	c:\Users\HP\.vscode\extensions\redhat.java-1.54.0-win32-x64\jre\21.0.10-win32-x86_64\bin\java.exe
0x00007ffd58e20000 - 0x00007ffd59087000 	C:\WINDOWS\SYSTEM32\ntdll.dll
0x00007ffd578d0000 - 0x00007ffd57999000 	C:\WINDOWS\System32\KERNEL32.DLL
0x00007ffd55b40000 - 0x00007ffd55f37000 	C:\WINDOWS\System32\KERNELBASE.dll
0x00007ffd530e0000 - 0x00007ffd53180000 	C:\WINDOWS\SYSTEM32\apphelp.dll
0x00007ffd569a0000 - 0x00007ffd56aeb000 	C:\WINDOWS\System32\ucrtbase.dll
0x00007ffd2eda0000 - 0x00007ffd2edb8000 	c:\Users\HP\.vscode\extensions\redhat.java-1.54.0-win32-x64\jre\21.0.10-win32-x86_64\bin\jli.dll
0x00007ffd56d70000 - 0x00007ffd56f36000 	C:\WINDOWS\System32\USER32.dll
0x00007ffd55f40000 - 0x00007ffd55f67000 	C:\WINDOWS\System32\win32u.dll
0x00007ffd57810000 - 0x00007ffd5783b000 	C:\WINDOWS\System32\GDI32.dll
0x00007ffd56870000 - 0x00007ffd5699c000 	C:\WINDOWS\System32\gdi32full.dll
0x00007ffd56af0000 - 0x00007ffd56b93000 	C:\WINDOWS\System32\msvcp_win.dll
0x00007ffd2d9e0000 - 0x00007ffd2d9fe000 	c:\Users\HP\.vscode\extensions\redhat.java-1.54.0-win32-x64\jre\21.0.10-win32-x86_64\bin\VCRUNTIME140.dll
0x00007ffd3ab10000 - 0x00007ffd3ada2000 	C:\WINDOWS\WinSxS\amd64_microsoft.windows.common-controls_6595b64144ccf1df_6.0.26100.8457_none_3e0b2faee331e92d\COMCTL32.dll
0x00007ffd58d30000 - 0x00007ffd58dd9000 	C:\WINDOWS\System32\msvcrt.dll
0x00007ffd582c0000 - 0x00007ffd582f2000 	C:\WINDOWS\System32\IMM32.DLL
0x00007ffd366e0000 - 0x00007ffd3683e000 	C:\Program Files (x86)\Citrix\ICA Client\ctxapclient64.dll
0x00007ffd57c40000 - 0x00007ffd57fc3000 	C:\WINDOWS\System32\combase.dll
0x00007ffd58b10000 - 0x00007ffd58c28000 	C:\WINDOWS\System32\RPCRT4.dll
0x00007ffd4e7f0000 - 0x00007ffd4e7fb000 	C:\WINDOWS\SYSTEM32\VERSION.dll
0x00007ffd55740000 - 0x00007ffd5576a000 	C:\WINDOWS\SYSTEM32\bcrypt.dll
0x00007ffd579a0000 - 0x00007ffd57a47000 	C:\WINDOWS\System32\sechost.dll
0x00007ffd56f40000 - 0x00007ffd56ff6000 	C:\WINDOWS\System32\ADVAPI32.dll
0x00007ffd54700000 - 0x00007ffd54736000 	C:\WINDOWS\SYSTEM32\ntmarta.dll
0x00007ffd55850000 - 0x00007ffd558f8000 	C:\WINDOWS\System32\bcryptprimitives.dll
0x00007ffd47e60000 - 0x00007ffd47e6c000 	c:\Users\HP\.vscode\extensions\redhat.java-1.54.0-win32-x64\jre\21.0.10-win32-x86_64\bin\vcruntime140_1.dll
0x00007ffcd0450000 - 0x00007ffcd04dd000 	c:\Users\HP\.vscode\extensions\redhat.java-1.54.0-win32-x64\jre\21.0.10-win32-x86_64\bin\msvcp140.dll
0x00007ffc4d7b0000 - 0x00007ffc4e551000 	c:\Users\HP\.vscode\extensions\redhat.java-1.54.0-win32-x64\jre\21.0.10-win32-x86_64\bin\server\jvm.dll
0x00007ffd57bb0000 - 0x00007ffd57c30000 	C:\WINDOWS\System32\WS2_32.dll
0x00007ffd556d0000 - 0x00007ffd5572e000 	C:\WINDOWS\SYSTEM32\POWRPROF.dll
0x00007ffd4d900000 - 0x00007ffd4d936000 	C:\WINDOWS\SYSTEM32\WINMM.dll
0x00007ffd556b0000 - 0x00007ffd556c4000 	C:\WINDOWS\SYSTEM32\UMPDC.dll
0x00007ffd545c0000 - 0x00007ffd545db000 	C:\WINDOWS\SYSTEM32\kernel.appcore.dll
0x00007ffd47e10000 - 0x00007ffd47e1a000 	c:\Users\HP\.vscode\extensions\redhat.java-1.54.0-win32-x64\jre\21.0.10-win32-x86_64\bin\jimage.dll
0x00007ffd48fa0000 - 0x00007ffd491e2000 	C:\WINDOWS\SYSTEM32\DBGHELP.DLL
0x00007ffd56c90000 - 0x00007ffd56d69000 	C:\WINDOWS\System32\OLEAUT32.dll
0x00007ffd38f00000 - 0x00007ffd38f3b000 	C:\WINDOWS\SYSTEM32\dbgcore.DLL
0x00007ffd41f80000 - 0x00007ffd41f8f000 	c:\Users\HP\.vscode\extensions\redhat.java-1.54.0-win32-x64\jre\21.0.10-win32-x86_64\bin\instrument.dll
0x00007ffd3a930000 - 0x00007ffd3a950000 	c:\Users\HP\.vscode\extensions\redhat.java-1.54.0-win32-x64\jre\21.0.10-win32-x86_64\bin\java.dll
0x000002c18a830000 - 0x000002c18af9e000 	C:\WINDOWS\System32\SHELL32.dll
0x000002c18f000000 - 0x000002c18f86c000 	C:\WINDOWS\System32\windows.storage.dll
0x00007ffd58c30000 - 0x00007ffd58d26000 	C:\WINDOWS\System32\SHCORE.dll
0x00007ffd577a0000 - 0x00007ffd57806000 	C:\WINDOWS\System32\shlwapi.dll
0x00007ffd55770000 - 0x00007ffd55799000 	C:\WINDOWS\SYSTEM32\profapi.dll
0x00007ffd3a910000 - 0x00007ffd3a928000 	c:\Users\HP\.vscode\extensions\redhat.java-1.54.0-win32-x64\jre\21.0.10-win32-x86_64\bin\zip.dll
0x00007ffd42000000 - 0x00007ffd42010000 	C:\Users\HP\.vscode\extensions\redhat.java-1.54.0-win32-x64\jre\21.0.10-win32-x86_64\bin\net.dll
0x00007ffd4dfd0000 - 0x00007ffd4e0f9000 	C:\WINDOWS\SYSTEM32\WINHTTP.dll
0x00007ffd54b50000 - 0x00007ffd54bbc000 	C:\WINDOWS\system32\mswsock.dll
0x00007ffd2d550000 - 0x00007ffd2d566000 	C:\Users\HP\.vscode\extensions\redhat.java-1.54.0-win32-x64\jre\21.0.10-win32-x86_64\bin\nio.dll
0x00007ffd3caa0000 - 0x00007ffd3cab0000 	c:\Users\HP\.vscode\extensions\redhat.java-1.54.0-win32-x64\jre\21.0.10-win32-x86_64\bin\verify.dll
0x00007ffd17a40000 - 0x00007ffd17a85000 	C:\Users\HP\AppData\Roaming\Code\User\globalStorage\redhat.java\1.54.0\config_win\org.eclipse.equinox.launcher\org.eclipse.equinox.launcher.win32.win32.x86_64_1.3.0.v20260203-2149\eclipse_11919.dll
0x00007ffd58380000 - 0x00007ffd58517000 	C:\WINDOWS\System32\ole32.dll
0x00007ffd54e30000 - 0x00007ffd54e4b000 	C:\WINDOWS\SYSTEM32\CRYPTSP.dll
0x00007ffd54520000 - 0x00007ffd54559000 	C:\WINDOWS\system32\rsaenh.dll
0x00007ffd54c00000 - 0x00007ffd54c33000 	C:\WINDOWS\SYSTEM32\USERENV.dll
0x00007ffd54e50000 - 0x00007ffd54e5c000 	C:\WINDOWS\SYSTEM32\CRYPTBASE.dll
0x00007ffd53fa0000 - 0x00007ffd53fd2000 	C:\WINDOWS\SYSTEM32\IPHLPAPI.DLL
0x00007ffd56ba0000 - 0x00007ffd56baa000 	C:\WINDOWS\System32\NSI.dll
0x00007ffcdfa50000 - 0x00007ffcdfa99000 	C:\Users\HP\AppData\Local\Temp\jna-2312\jna4717291809979935775.dll
0x00007ffd57fd0000 - 0x00007ffd57fd8000 	C:\WINDOWS\System32\PSAPI.DLL
0x00007ffd4e970000 - 0x00007ffd4e98d000 	C:\WINDOWS\SYSTEM32\dhcpcsvc6.DLL
0x00007ffd4e800000 - 0x00007ffd4e825000 	C:\WINDOWS\SYSTEM32\dhcpcsvc.DLL
0x00007ffd3a8e0000 - 0x00007ffd3a8ee000 	C:\Users\HP\.vscode\extensions\redhat.java-1.54.0-win32-x64\jre\21.0.10-win32-x86_64\bin\sunmscapi.dll
0x00007ffd559c0000 - 0x00007ffd55b38000 	C:\WINDOWS\System32\CRYPT32.dll
0x00007ffd55050000 - 0x00007ffd55080000 	C:\WINDOWS\SYSTEM32\ncrypt.dll
0x00007ffd55000000 - 0x00007ffd5503f000 	C:\WINDOWS\SYSTEM32\NTASN1.dll
0x00007ffd54030000 - 0x00007ffd54162000 	C:\WINDOWS\SYSTEM32\DNSAPI.dll
0x00007ffd4e940000 - 0x00007ffd4e94b000 	C:\Windows\System32\rasadhlp.dll
0x00007ffd4b2a0000 - 0x00007ffd4b326000 	C:\WINDOWS\System32\fwpuclnt.dll
0x00007ffd3a8d0000 - 0x00007ffd3a8d9000 	C:\Users\HP\.vscode\extensions\redhat.java-1.54.0-win32-x64\jre\21.0.10-win32-x86_64\bin\extnet.dll
0x00007ffd28170000 - 0x00007ffd28197000 	C:\Users\HP\.gradle\native\1def1411415f61bf3af743bc5b6707747c0891f09f0c88961ee8f79bc544acac\windows-amd64\native-platform.dll
0x00007ffd3a310000 - 0x00007ffd3a31a000 	C:\Users\HP\.vscode\extensions\redhat.java-1.54.0-win32-x64\jre\21.0.10-win32-x86_64\bin\management.dll
0x00007ffd3a230000 - 0x00007ffd3a23c000 	C:\Users\HP\.vscode\extensions\redhat.java-1.54.0-win32-x64\jre\21.0.10-win32-x86_64\bin\management_ext.dll
0x00007ffd27420000 - 0x00007ffd27428000 	C:\WINDOWS\system32\wshunix.dll

JVMTI agents:
c:\Users\HP\.vscode\extensions\redhat.java-1.54.0-win32-x64\lombok\lombok-1.18.39-4050.jar path:c:\Users\HP\.vscode\extensions\redhat.java-1.54.0-win32-x64\jre\21.0.10-win32-x86_64\bin\instrument.dll, loaded, initialized, instrumentlib options:none

dbghelp: loaded successfully - version: 4.0.5 - missing functions: none
symbol engine: initialized successfully - sym options: 0x614 - pdb path: .;c:\Users\HP\.vscode\extensions\redhat.java-1.54.0-win32-x64\jre\21.0.10-win32-x86_64\bin;C:\WINDOWS\SYSTEM32;C:\WINDOWS\WinSxS\amd64_microsoft.windows.common-controls_6595b64144ccf1df_6.0.26100.8457_none_3e0b2faee331e92d;C:\Program Files (x86)\Citrix\ICA Client;c:\Users\HP\.vscode\extensions\redhat.java-1.54.0-win32-x64\jre\21.0.10-win32-x86_64\bin\server;C:\Users\HP\AppData\Roaming\Code\User\globalStorage\redhat.java\1.54.0\config_win\org.eclipse.equinox.launcher\org.eclipse.equinox.launcher.win32.win32.x86_64_1.3.0.v20260203-2149;C:\Users\HP\AppData\Local\Temp\jna-2312;C:\Users\HP\.gradle\native\1def1411415f61bf3af743bc5b6707747c0891f09f0c88961ee8f79bc544acac\windows-amd64

VM Arguments:
jvm_args: --add-modules=ALL-SYSTEM --add-opens=java.base/java.util=ALL-UNNAMED --add-opens=java.base/java.lang=ALL-UNNAMED --add-opens=java.base/sun.nio.fs=ALL-UNNAMED -Declipse.application=org.eclipse.jdt.ls.core.id1 -Dosgi.bundles.defaultStartLevel=4 -Declipse.product=org.eclipse.jdt.ls.core.product -Djava.import.generatesMetadataFilesAtProjectRoot=false -DDetectVMInstallationsJob.disabled=true -Dfile.encoding=utf8 -XX:+UseParallelGC -XX:GCTimeRatio=4 -XX:AdaptiveSizePolicyWeight=90 -Dsun.zip.disableMemoryMapping=true -Xmx2G -Xms100m -Xlog:disable -javaagent:c:\Users\HP\.vscode\extensions\redhat.java-1.54.0-win32-x64\lombok\lombok-1.18.39-4050.jar -XX:+HeapDumpOnOutOfMemoryError -XX:HeapDumpPath=c:\Users\HP\AppData\Roaming\Code\User\workspaceStorage\0ba70f6d07a91b9ee12d1719c72579bf\redhat.java -Daether.dependencyCollector.impl=bf 
java_command: c:\Users\HP\.vscode\extensions\redhat.java-1.54.0-win32-x64\server\plugins\org.eclipse.equinox.launcher_1.7.100.v20251111-0406.jar -configuration c:\Users\HP\AppData\Roaming\Code\User\globalStorage\redhat.java\1.54.0\config_win -data c:\Users\HP\AppData\Roaming\Code\User\workspaceStorage\0ba70f6d07a91b9ee12d1719c72579bf\redhat.java\jdt_ws --pipe=\\.\pipe\lsp-2385b9d2b9efb1cc6925d8127c21fd6a-sock
java_class_path (initial): c:\Users\HP\.vscode\extensions\redhat.java-1.54.0-win32-x64\server\plugins\org.eclipse.equinox.launcher_1.7.100.v20251111-0406.jar
Launcher Type: SUN_STANDARD

[Global flags]
    uintx AdaptiveSizePolicyWeight                 = 90                                        {product} {command line}
     intx CICompilerCount                          = 4                                         {product} {ergonomic}
    uintx GCTimeRatio                              = 4                                         {product} {command line}
     bool HeapDumpOnOutOfMemoryError               = true                                   {manageable} {command line}
    ccstr HeapDumpPath                             = c:\Users\HP\AppData\Roaming\Code\User\workspaceStorage\0ba70f6d07a91b9ee12d1719c72579bf\redhat.java         {manageable} {command line}
   size_t InitialHeapSize                          = 104857600                                 {product} {command line}
   size_t MaxHeapSize                              = 2147483648                                {product} {command line}
   size_t MaxNewSize                               = 715653120                                 {product} {ergonomic}
   size_t MinHeapDeltaBytes                        = 524288                                    {product} {ergonomic}
   size_t MinHeapSize                              = 104857600                                 {product} {command line}
   size_t NewSize                                  = 34603008                                  {product} {ergonomic}
    uintx NonNMethodCodeHeapSize                   = 5839372                                {pd product} {ergonomic}
    uintx NonProfiledCodeHeapSize                  = 122909434                              {pd product} {ergonomic}
   size_t OldSize                                  = 70254592                                  {product} {ergonomic}
    uintx ProfiledCodeHeapSize                     = 122909434                              {pd product} {ergonomic}
    uintx ReservedCodeCacheSize                    = 251658240                              {pd product} {ergonomic}
     bool SegmentedCodeCache                       = true                                      {product} {ergonomic}
   size_t SoftMaxHeapSize                          = 2147483648                             {manageable} {ergonomic}
     bool UseCompressedOops                        = true                           {product lp64_product} {ergonomic}
     bool UseLargePagesIndividualAllocation        = false                                  {pd product} {ergonomic}
     bool UseParallelGC                            = true                                      {product} {command line}

Logging:
Log output configuration:
 #0: stdout all=off uptime,level,tags foldmultilines=false
 #1: stderr all=off uptime,level,tags foldmultilines=false

Release file:
JAVA_VERSION="21.0.10" 
MODULES="java.base java.compiler java.datatransfer java.xml java.prefs java.desktop java.instrument java.logging java.management java.security.sasl java.naming java.rmi java.management.rmi java.net.http java.scripting java.security.jgss java.transaction.xa java.sql java.sql.rowset java.xml.crypto java.se java.smartcardio jdk.accessibility jdk.internal.jvmstat jdk.attach jdk.charsets jdk.internal.opt jdk.zipfs jdk.compiler jdk.crypto.ec jdk.crypto.cryptoki jdk.crypto.mscapi jdk.dynalink jdk.internal.ed jdk.editpad jdk.hotspot.agent jdk.httpserver jdk.internal.le jdk.internal.vm.ci jdk.internal.vm.compiler jdk.internal.vm.compiler.management jdk.jartool jdk.javadoc jdk.jcmd jdk.management jdk.management.agent jdk.jconsole jdk.jdeps jdk.jdwp.agent jdk.jdi jdk.jfr jdk.jshell jdk.jsobject jdk.jstatd jdk.localedata jdk.management.jfr jdk.naming.dns jdk.naming.rmi jdk.net jdk.nio.mapmode jdk.random jdk.sctp jdk.security.auth jdk.security.jgss jdk.unsupported jdk.unsupported.desktop jdk.xml.dom" 

Environment Variables:
PATH=C:\Program Files\Common Files\Oracle\Java\javapath;C:\WINDOWS\system32;C:\WINDOWS;C:\WINDOWS\System32\Wbem;C:\WINDOWS\System32\WindowsPowerShell\v1.0\;C:\WINDOWS\System32\OpenSSH\;C:\Program Files\Git\cmd;c:\Users\HP\AppData\Local\Programs\cursor\resources\app\bin;C:\Program Files (x86)\Microsoft SQL Server\170\Tools\Binn\;C:\Program Files\Microsoft SQL Server\170\Tools\Binn\;C:\Program Files\Microsoft SQL Server\Client SDK\ODBC\180\Tools\Binn\;C:\Program Files\Microsoft SQL Server\170\DTS\Binn\;C:\Program Files\nodejs\;C:\Users\HP\AppData\Local\Programs\Python\Python311\Scripts\;C:\Users\HP\AppData\Local\Programs\Python\Python311\;C:\Users\HP\AppData\Local\Programs\Python\Python313\Scripts\;C:\Users\HP\AppData\Local\Programs\Python\Python313\;C:\Users\HP\AppData\Local\Programs\Python\Launcher\;C:\Users\HP\AppData\Local\Microsoft\WindowsApps;C:\Users\HP\AppData\Local\Programs\Microsoft VS Code\bin;C:\Users\HP\AppData\Local\Microsoft\WinGet\Packages\Gyan.FFmpeg_Microsoft.Winget.Source_8wekyb3d8bbwe\ffmpeg-8.0.1-full_build\bin;C:\Users\HP\AppData\Local\PowerToys\DSCModules\;C:\Users\HP\AppData\Roaming\npm;C:\Users\HP\AppData\Local\Programs\Antigravity IDE\bin
USERNAME=HP
OS=Windows_NT
PROCESSOR_IDENTIFIER=AMD64 Family 25 Model 80 Stepping 0, AuthenticAMD
TMP=C:\Users\HP\AppData\Local\Temp
TEMP=C:\Users\HP\AppData\Local\Temp




Periodic native trim disabled

---------------  S Y S T E M  ---------------

OS:
 Windows 11 , 64 bit Build 26100 (10.0.26100.8328)
OS uptime: 1 days 5:24 hours
Hyper-V role detected

CPU: total 12 (initial active 12) (12 cores per cpu, 2 threads per core) family 25 model 80 stepping 0 microcode 0xa50000f, cx8, cmov, fxsr, ht, mmx, 3dnowpref, sse, sse2, sse3, ssse3, sse4a, sse4.1, sse4.2, popcnt, lzcnt, tsc, tscinvbit, avx, avx2, aes, erms, clmul, bmi1, bmi2, adx, sha, fma, vzeroupper, clflush, clflushopt, hv, rdtscp, rdpid, fsrm, f16c, cet_ss
Processor Information for processor 0
  Max Mhz: 3301, Current Mhz: 1908, Mhz Limit: 3301
Processor Information for processor 1
  Max Mhz: 3301, Current Mhz: 1908, Mhz Limit: 3301
Processor Information for processor 2
  Max Mhz: 3301, Current Mhz: 1908, Mhz Limit: 3301
Processor Information for processor 3
  Max Mhz: 3301, Current Mhz: 1908, Mhz Limit: 3301
Processor Information for processor 4
  Max Mhz: 3301, Current Mhz: 1805, Mhz Limit: 3301
Processor Information for processor 5
  Max Mhz: 3301, Current Mhz: 1908, Mhz Limit: 3301
Processor Information for processor 6
  Max Mhz: 3301, Current Mhz: 1805, Mhz Limit: 3301
Processor Information for processor 7
  Max Mhz: 3301, Current Mhz: 1805, Mhz Limit: 3301
Processor Information for processor 8
  Max Mhz: 3301, Current Mhz: 1908, Mhz Limit: 3301
Processor Information for processor 9
  Max Mhz: 3301, Current Mhz: 1805, Mhz Limit: 3301
Processor Information for processor 10
  Max Mhz: 3301, Current Mhz: 1805, Mhz Limit: 3301
Processor Information for processor 11
  Max Mhz: 3301, Current Mhz: 1805, Mhz Limit: 3301

Memory: 4k page, system-wide physical 7521M (429M free)
TotalPageFile size 31073M (AvailPageFile size 9M)
current process WorkingSet (physical memory assigned to process): 9M, peak: 298M
current process commit charge ("private bytes"): 452M, peak: 454M

vm_info: OpenJDK 64-Bit Server VM (21.0.10+7-LTS) for windows-amd64 JRE (21.0.10+7-LTS), built on 2026-01-20T00:00:00Z by "admin" with MS VC++ 17.12 (VS2022)

END.
