#
# There is insufficient memory for the Java Runtime Environment to continue.
# Native memory allocation (mmap) failed to map 10485760 bytes. Error detail: G1 virtual space
# Possible reasons:
#   The system is out of physical RAM or swap space
#   This process is running with CompressedOops enabled, and the Java Heap may be blocking the growth of the native heap
# Possible solutions:
#   Reduce memory load on the system
#   Increase physical memory or swap space
#   Check if swap backing store is full
#   Decrease Java heap size (-Xmx/-Xms)
#   Decrease number of Java threads
#   Decrease Java thread stack sizes (-Xss)
#   Set larger code cache with -XX:ReservedCodeCacheSize=
#   JVM is running with Unscaled Compressed Oops mode in which the Java heap is
#     placed in the first 4GB address space. The Java Heap base address is the
#     maximum limit for the native heap growth. Please use -XX:HeapBaseMinAddress
#     to set the Java Heap base and to place the Java Heap above 4GB virtual address.
# This output file may be truncated or incomplete.
#
#  Out of Memory Error (os_windows.cpp:3714), pid=14620, tid=15616
#
# JRE version: OpenJDK Runtime Environment Temurin-21.0.10+7 (21.0.10+7) (build 21.0.10+7-LTS)
# Java VM: OpenJDK 64-Bit Server VM Temurin-21.0.10+7 (21.0.10+7-LTS, mixed mode, sharing, tiered, compressed oops, compressed class ptrs, g1 gc, windows-amd64)
# No core dump will be written. Minidumps are not enabled by default on client versions of Windows
#

---------------  S U M M A R Y ------------

Command Line: --add-opens=java.base/java.lang=ALL-UNNAMED --add-opens=java.base/java.lang.invoke=ALL-UNNAMED --add-opens=java.base/java.util=ALL-UNNAMED --add-opens=java.prefs/java.util.prefs=ALL-UNNAMED --add-exports=jdk.compiler/com.sun.tools.javac.api=ALL-UNNAMED --add-exports=jdk.compiler/com.sun.tools.javac.util=ALL-UNNAMED --add-opens=java.base/java.util=ALL-UNNAMED --add-opens=java.prefs/java.util.prefs=ALL-UNNAMED --add-opens=java.base/java.nio.charset=ALL-UNNAMED --add-opens=java.base/java.net=ALL-UNNAMED --add-opens=java.base/java.util.concurrent.atomic=ALL-UNNAMED --add-opens=java.xml/javax.xml.namespace=ALL-UNNAMED -Xmx1024m -Dfile.encoding=UTF-8 -Duser.country=IN -Duser.language=en -Duser.variant -javaagent:C:\Users\HP\.gradle\wrapper\dists\gradle-8.13-bin\5xuhj0ry160q40clulazy9h7d\gradle-8.13\lib\agents\gradle-instrumentation-agent-8.13.jar org.gradle.launcher.daemon.bootstrap.GradleDaemon 8.13

Host: AMD Ryzen 5 5600H with Radeon Graphics         , 12 cores, 7G,  Windows 11 , 64 bit Build 26100 (10.0.26100.8328)
Time: Wed May 27 22:48:27 2026 India Standard Time elapsed time: 33.001965 seconds (0d 0h 0m 33s)

---------------  T H R E A D  ---------------

Current thread (0x000001a812708db0):  VMThread "VM Thread"          [id=15616, stack(0x00000011ff300000,0x00000011ff400000) (1024K)]

Stack: [0x00000011ff300000,0x00000011ff400000]
Native frames: (J=compiled Java code, j=interpreted, Vv=VM code, C=native code)
V  [jvm.dll+0x6d7a39]
V  [jvm.dll+0x8b4b26]
V  [jvm.dll+0x8b70de]
V  [jvm.dll+0x8b77c3]
V  [jvm.dll+0x284346]
V  [jvm.dll+0x6d4355]
V  [jvm.dll+0x6c808a]
V  [jvm.dll+0x35edb8]
V  [jvm.dll+0x3669f6]
V  [jvm.dll+0x3b7afe]
V  [jvm.dll+0x3b7da8]
V  [jvm.dll+0x332fbc]
V  [jvm.dll+0x3357d6]
V  [jvm.dll+0x33f7cd]
V  [jvm.dll+0x374e8f]
V  [jvm.dll+0x8bd4b0]
V  [jvm.dll+0x8be824]
V  [jvm.dll+0x8bed50]
V  [jvm.dll+0x8beff3]
V  [jvm.dll+0x85f59d]
V  [jvm.dll+0x6d626d]
C  [ucrtbase.dll+0x37b0]
C  [KERNEL32.DLL+0x2e957]
C  [ntdll.dll+0x427c]

VM_Operation (0x00000011feeff8d0): G1PauseRemark, mode: safepoint, requested by thread 0x000001a87bf87a60


---------------  P R O C E S S  ---------------

Threads class SMR info:
_java_thread_list=0x000001a85e313ca0, length=68, elements={
0x000001a879b0a930, 0x000001a812721c00, 0x000001a812723170, 0x000001a81272d540,
0x000001a81272f240, 0x000001a8127365f0, 0x000001a81273f990, 0x000001a812747570,
0x000001a812752fd0, 0x000001a858b36990, 0x000001a858b376b0, 0x000001a858b38a60,
0x000001a858b39780, 0x000001a858b37d40, 0x000001a858b390f0, 0x000001a858b36300,
0x000001a85a358680, 0x000001a85a3593a0, 0x000001a85a359a30, 0x000001a85a358d10,
0x000001a85a357960, 0x000001a85a35a0c0, 0x000001a85a35a750, 0x000001a85a35ade0,
0x000001a85a357ff0, 0x000001a85a35dbd0, 0x000001a85a35ceb0, 0x000001a85a35c820,
0x000001a85a35e260, 0x000001a85a35ef80, 0x000001a85a35bb00, 0x000001a8598bc430,
0x000001a8598bcac0, 0x000001a8598bf220, 0x000001a8598c05d0, 0x000001a8598bf8b0,
0x000001a8598be500, 0x000001a8598bff40, 0x000001a8598beb90, 0x000001a8598bd150,
0x000001a8598c0c60, 0x000001a8598bd7e0, 0x000001a8598c12f0, 0x000001a8598c2010,
0x000001a8598c1980, 0x000001a8598c26a0, 0x000001a8598c2d30, 0x000001a8598c33c0,
0x000001a85c85c2a0, 0x000001a85c85c930, 0x000001a85c8594b0, 0x000001a85c859b40,
0x000001a85c85bc10, 0x000001a85c85cfc0, 0x000001a85c85b580, 0x000001a85c85d650,
0x000001a85c85a1d0, 0x000001a85c85dce0, 0x000001a85c85aef0, 0x000001a85c85a860,
0x000001a85c85fdb0, 0x000001a85c85ea00, 0x000001a85c860ad0, 0x000001a85c85e370,
0x000001a85c860440, 0x000001a85c85f090, 0x000001a858af3c90, 0x000001a858af2f70
}

Java Threads: ( => current thread )
  0x000001a879b0a930 JavaThread "main"                              [_thread_blocked, id=39820, stack(0x00000011feb00000,0x00000011fec00000) (1024K)]
  0x000001a812721c00 JavaThread "Reference Handler"          daemon [_thread_blocked, id=39056, stack(0x00000011ff400000,0x00000011ff500000) (1024K)]
  0x000001a812723170 JavaThread "Finalizer"                  daemon [_thread_blocked, id=29544, stack(0x00000011ff500000,0x00000011ff600000) (1024K)]
  0x000001a81272d540 JavaThread "Signal Dispatcher"          daemon [_thread_blocked, id=39288, stack(0x00000011ff600000,0x00000011ff700000) (1024K)]
  0x000001a81272f240 JavaThread "Attach Listener"            daemon [_thread_blocked, id=33324, stack(0x00000011ff700000,0x00000011ff800000) (1024K)]
  0x000001a8127365f0 JavaThread "Service Thread"             daemon [_thread_blocked, id=19608, stack(0x00000011ff800000,0x00000011ff900000) (1024K)]
  0x000001a81273f990 JavaThread "Monitor Deflation Thread"   daemon [_thread_blocked, id=31852, stack(0x00000011ff900000,0x00000011ffa00000) (1024K)]
  0x000001a812747570 JavaThread "C2 CompilerThread0"         daemon [_thread_blocked, id=39280, stack(0x00000011ffa00000,0x00000011ffb00000) (1024K)]
  0x000001a812752fd0 JavaThread "C1 CompilerThread0"         daemon [_thread_blocked, id=37496, stack(0x00000011ffb00000,0x00000011ffc00000) (1024K)]
  0x000001a858b36990 JavaThread "Common-Cleaner"             daemon [_thread_blocked, id=14832, stack(0x00000011ffc00000,0x00000011ffd00000) (1024K)]
  0x000001a858b376b0 JavaThread "Notification Thread"        daemon [_thread_blocked, id=31668, stack(0x00000011ffd00000,0x00000011ffe00000) (1024K)]
  0x000001a858b38a60 JavaThread "Daemon health stats"               [_thread_blocked, id=34204, stack(0x0000001180400000,0x0000001180500000) (1024K)]
  0x000001a858b39780 JavaThread "Incoming local TCP Connector on port 59221"        [_thread_in_native, id=28884, stack(0x0000001180500000,0x0000001180600000) (1024K)]
  0x000001a858b37d40 JavaThread "Daemon periodic checks"            [_thread_blocked, id=35144, stack(0x0000001180600000,0x0000001180700000) (1024K)]
  0x000001a858b390f0 JavaThread "Daemon"                            [_thread_blocked, id=39556, stack(0x0000001180700000,0x0000001180800000) (1024K)]
  0x000001a858b36300 JavaThread "Handler for socket connection from /127.0.0.1:59221 to /127.0.0.1:59222"        [_thread_in_native, id=38236, stack(0x0000001180800000,0x0000001180900000) (1024K)]
  0x000001a85a358680 JavaThread "Cancel handler"                    [_thread_blocked, id=17672, stack(0x0000001180900000,0x0000001180a00000) (1024K)]
  0x000001a85a3593a0 JavaThread "Daemon worker"                     [_thread_blocked, id=12544, stack(0x0000001180a00000,0x0000001180b00000) (1024K)]
  0x000001a85a359a30 JavaThread "Asynchronous log dispatcher for DefaultDaemonConnection: socket connection from /127.0.0.1:59221 to /127.0.0.1:59222"        [_thread_blocked, id=31092, stack(0x0000001180b00000,0x0000001180c00000) (1024K)]
  0x000001a85a358d10 JavaThread "Stdin handler"                     [_thread_blocked, id=19256, stack(0x0000001180c00000,0x0000001180d00000) (1024K)]
  0x000001a85a357960 JavaThread "Daemon client event forwarder"        [_thread_blocked, id=31152, stack(0x0000001180d00000,0x0000001180e00000) (1024K)]
  0x000001a85a35a0c0 JavaThread "Cache worker for journal cache (C:\Users\HP\.gradle\caches\journal-1)"        [_thread_blocked, id=34908, stack(0x0000001180e00000,0x0000001180f00000) (1024K)]
  0x000001a85a35a750 JavaThread "File lock request listener"        [_thread_in_native, id=32036, stack(0x0000001180f00000,0x0000001181000000) (1024K)]
  0x000001a85a35ade0 JavaThread "Cache worker for file hash cache (C:\Users\HP\.gradle\caches\8.13\fileHashes)"        [_thread_blocked, id=10496, stack(0x0000001181000000,0x0000001181100000) (1024K)]
  0x000001a85a357ff0 JavaThread "File lock release action executor"        [_thread_blocked, id=34252, stack(0x0000001181100000,0x0000001181200000) (1024K)]
  0x000001a85a35dbd0 JavaThread "Cache worker for file hash cache (C:\Users\HP\Documents\Application_developement\Doctor_patient\Android app\Hospiq\.gradle\8.13\fileHashes)"        [_thread_blocked, id=25460, stack(0x0000001181800000,0x0000001181900000) (1024K)]
  0x000001a85a35ceb0 JavaThread "Cache worker for Build Output Cleanup Cache (C:\Users\HP\Documents\Application_developement\Doctor_patient\Android app\Hospiq\.gradle\buildOutputCleanup)"        [_thread_blocked, id=10704, stack(0x0000001181900000,0x0000001181a00000) (1024K)]
  0x000001a85a35c820 JavaThread "File watcher server"        daemon [_thread_in_native, id=15824, stack(0x0000001181a00000,0x0000001181b00000) (1024K)]
  0x000001a85a35e260 JavaThread "File watcher consumer"      daemon [_thread_blocked, id=37864, stack(0x0000001181b00000,0x0000001181c00000) (1024K)]
  0x000001a85a35ef80 JavaThread "Cache worker for checksums cache (C:\Users\HP\Documents\Application_developement\Doctor_patient\Android app\Hospiq\.gradle\8.13\checksums)"        [_thread_blocked, id=37704, stack(0x0000001180300000,0x0000001180400000) (1024K)]
  0x000001a85a35bb00 JavaThread "Cache worker for file content cache (C:\Users\HP\.gradle\caches\8.13\fileContent)"        [_thread_blocked, id=37368, stack(0x0000001181c00000,0x0000001181d00000) (1024K)]
  0x000001a8598bc430 JavaThread "Cache worker for cache directory md-supplier (C:\Users\HP\.gradle\caches\8.13\md-supplier)"        [_thread_blocked, id=12844, stack(0x0000001181d00000,0x0000001181e00000) (1024K)]
  0x000001a8598bcac0 JavaThread "Cache worker for cache directory md-rule (C:\Users\HP\.gradle\caches\8.13\md-rule)"        [_thread_blocked, id=37748, stack(0x0000001181e00000,0x0000001181f00000) (1024K)]
  0x000001a8598bf220 JavaThread "Unconstrained build operations"        [_thread_blocked, id=28488, stack(0x0000001181f00000,0x0000001182000000) (1024K)]
  0x000001a8598c05d0 JavaThread "Unconstrained build operations Thread 2"        [_thread_blocked, id=33700, stack(0x0000001182000000,0x0000001182100000) (1024K)]
  0x000001a8598bf8b0 JavaThread "Unconstrained build operations Thread 3"        [_thread_blocked, id=7320, stack(0x0000001182100000,0x0000001182200000) (1024K)]
  0x000001a8598be500 JavaThread "Unconstrained build operations Thread 4"        [_thread_blocked, id=37828, stack(0x0000001182200000,0x0000001182300000) (1024K)]
  0x000001a8598bff40 JavaThread "Unconstrained build operations Thread 5"        [_thread_blocked, id=37332, stack(0x0000001182300000,0x0000001182400000) (1024K)]
  0x000001a8598beb90 JavaThread "Unconstrained build operations Thread 6"        [_thread_blocked, id=30264, stack(0x0000001182400000,0x0000001182500000) (1024K)]
  0x000001a8598bd150 JavaThread "Unconstrained build operations Thread 7"        [_thread_blocked, id=30104, stack(0x0000001182500000,0x0000001182600000) (1024K)]
  0x000001a8598c0c60 JavaThread "Unconstrained build operations Thread 8"        [_thread_blocked, id=18576, stack(0x0000001182600000,0x0000001182700000) (1024K)]
  0x000001a8598bd7e0 JavaThread "Unconstrained build operations Thread 9"        [_thread_blocked, id=27800, stack(0x0000001182700000,0x0000001182800000) (1024K)]
  0x000001a8598c12f0 JavaThread "Unconstrained build operations Thread 10"        [_thread_blocked, id=37376, stack(0x0000001182800000,0x0000001182900000) (1024K)]
  0x000001a8598c2010 JavaThread "Unconstrained build operations Thread 11"        [_thread_blocked, id=39256, stack(0x0000001182900000,0x0000001182a00000) (1024K)]
  0x000001a8598c1980 JavaThread "Unconstrained build operations Thread 12"        [_thread_blocked, id=30256, stack(0x0000001182a00000,0x0000001182b00000) (1024K)]
  0x000001a8598c26a0 JavaThread "Unconstrained build operations Thread 13"        [_thread_blocked, id=38444, stack(0x0000001182b00000,0x0000001182c00000) (1024K)]
  0x000001a8598c2d30 JavaThread "Unconstrained build operations Thread 14"        [_thread_blocked, id=8760, stack(0x0000001182c00000,0x0000001182d00000) (1024K)]
  0x000001a8598c33c0 JavaThread "Unconstrained build operations Thread 15"        [_thread_blocked, id=36416, stack(0x0000001182d00000,0x0000001182e00000) (1024K)]
  0x000001a85c85c2a0 JavaThread "Unconstrained build operations Thread 16"        [_thread_blocked, id=37144, stack(0x0000001182e00000,0x0000001182f00000) (1024K)]
  0x000001a85c85c930 JavaThread "Unconstrained build operations Thread 17"        [_thread_blocked, id=17396, stack(0x0000001182f00000,0x0000001183000000) (1024K)]
  0x000001a85c8594b0 JavaThread "Unconstrained build operations Thread 18"        [_thread_blocked, id=2188, stack(0x0000001183000000,0x0000001183100000) (1024K)]
  0x000001a85c859b40 JavaThread "Unconstrained build operations Thread 19"        [_thread_blocked, id=5200, stack(0x0000001183100000,0x0000001183200000) (1024K)]
  0x000001a85c85bc10 JavaThread "Unconstrained build operations Thread 20"        [_thread_blocked, id=5824, stack(0x0000001183200000,0x0000001183300000) (1024K)]
  0x000001a85c85cfc0 JavaThread "Unconstrained build operations Thread 21"        [_thread_blocked, id=18404, stack(0x0000001183300000,0x0000001183400000) (1024K)]
  0x000001a85c85b580 JavaThread "Unconstrained build operations Thread 22"        [_thread_blocked, id=1596, stack(0x0000001183400000,0x0000001183500000) (1024K)]
  0x000001a85c85d650 JavaThread "Unconstrained build operations Thread 23"        [_thread_blocked, id=37264, stack(0x0000001183500000,0x0000001183600000) (1024K)]
  0x000001a85c85a1d0 JavaThread "Unconstrained build operations Thread 24"        [_thread_blocked, id=37364, stack(0x0000001183600000,0x0000001183700000) (1024K)]
  0x000001a85c85dce0 JavaThread "Unconstrained build operations Thread 25"        [_thread_blocked, id=39408, stack(0x0000001183700000,0x0000001183800000) (1024K)]
  0x000001a85c85aef0 JavaThread "Unconstrained build operations Thread 26"        [_thread_blocked, id=9908, stack(0x0000001183800000,0x0000001183900000) (1024K)]
  0x000001a85c85a860 JavaThread "Unconstrained build operations Thread 27"        [_thread_blocked, id=36908, stack(0x0000001183900000,0x0000001183a00000) (1024K)]
  0x000001a85c85fdb0 JavaThread "Unconstrained build operations Thread 28"        [_thread_blocked, id=4832, stack(0x0000001183a00000,0x0000001183b00000) (1024K)]
  0x000001a85c85ea00 JavaThread "Unconstrained build operations Thread 29"        [_thread_blocked, id=33372, stack(0x0000001183b00000,0x0000001183c00000) (1024K)]
  0x000001a85c860ad0 JavaThread "Unconstrained build operations Thread 30"        [_thread_blocked, id=33088, stack(0x0000001183c00000,0x0000001183d00000) (1024K)]
  0x000001a85c85e370 JavaThread "Unconstrained build operations Thread 31"        [_thread_blocked, id=39376, stack(0x0000001183d00000,0x0000001183e00000) (1024K)]
  0x000001a85c860440 JavaThread "Unconstrained build operations Thread 32"        [_thread_blocked, id=26784, stack(0x0000001183e00000,0x0000001183f00000) (1024K)]
  0x000001a85c85f090 JavaThread "Unconstrained build operations Thread 33"        [_thread_blocked, id=27404, stack(0x0000001183f00000,0x0000001184000000) (1024K)]
  0x000001a858af3c90 JavaThread "Memory manager"                    [_thread_blocked, id=21620, stack(0x0000001184000000,0x0000001184100000) (1024K)]
  0x000001a858af2f70 JavaThread "build event listener"              [_thread_blocked, id=31724, stack(0x0000001184100000,0x0000001184200000) (1024K)]
Total: 68

Other Threads:
=>0x000001a812708db0 VMThread "VM Thread"                           [id=15616, stack(0x00000011ff300000,0x00000011ff400000) (1024K)]
  0x000001a8126f2700 WatcherThread "VM Periodic Task Thread"        [id=31236, stack(0x00000011ff200000,0x00000011ff300000) (1024K)]
  0x000001a87bf80b70 WorkerThread "GC Thread#0"                     [id=13528, stack(0x00000011fed00000,0x00000011fee00000) (1024K)]
  0x000001a858f31de0 WorkerThread "GC Thread#1"                     [id=14136, stack(0x00000011ffe00000,0x00000011fff00000) (1024K)]
  0x000001a858d1c3a0 WorkerThread "GC Thread#2"                     [id=31556, stack(0x00000011fff00000,0x0000001200000000) (1024K)]
  0x000001a8597be450 WorkerThread "GC Thread#3"                     [id=37728, stack(0x0000001180100000,0x0000001180200000) (1024K)]
  0x000001a8597c0cf0 WorkerThread "GC Thread#4"                     [id=18820, stack(0x0000001180200000,0x0000001180300000) (1024K)]
  0x000001a85a164780 WorkerThread "GC Thread#5"                     [id=13696, stack(0x0000001180000000,0x0000001180100000) (1024K)]
  0x000001a85c6ba810 WorkerThread "GC Thread#6"                     [id=26456, stack(0x0000001181200000,0x0000001181300000) (1024K)]
  0x000001a85c87d690 WorkerThread "GC Thread#7"                     [id=26628, stack(0x0000001181300000,0x0000001181400000) (1024K)]
  0x000001a85c87da40 WorkerThread "GC Thread#8"                     [id=10976, stack(0x0000001181400000,0x0000001181500000) (1024K)]
  0x000001a85c87ea00 WorkerThread "GC Thread#9"                     [id=32196, stack(0x0000001181500000,0x0000001181600000) (1024K)]
  0x000001a87bf87a60 ConcurrentGCThread "G1 Main Marker"            [id=38008, stack(0x00000011fee00000,0x00000011fef00000) (1024K)]
  0x000001a879bac7f0 WorkerThread "G1 Conc#0"                       [id=19100, stack(0x00000011fef00000,0x00000011ff000000) (1024K)]
  0x000001a85ab12330 WorkerThread "G1 Conc#1"                       [id=17988, stack(0x0000001181600000,0x0000001181700000) (1024K)]
  0x000001a85bf8d970 WorkerThread "G1 Conc#2"                       [id=32488, stack(0x0000001181700000,0x0000001181800000) (1024K)]
  0x000001a87bfceac0 ConcurrentGCThread "G1 Refine#0"               [id=15284, stack(0x00000011ff000000,0x00000011ff100000) (1024K)]
  0x000001a8125c91d0 ConcurrentGCThread "G1 Service"                [id=18324, stack(0x00000011ff100000,0x00000011ff200000) (1024K)]
Total: 18

Threads with active compile tasks:
Total: 0

VM state: at safepoint (normal execution)

VM Mutex/Monitor currently owned by a thread:  ([mutex/lock_event])
[0x00007ffc2f40e560] Threads_lock - owner thread: 0x000001a812708db0
[0x00007ffc2f40e660] Heap_lock - owner thread: 0x000001a87bf87a60

Heap address: 0x00000000c0000000, size: 1024 MB, Compressed Oops mode: 32-bit

CDS archive(s) mapped at: [0x000001a813000000-0x000001a813ba0000-0x000001a813ba0000), size 12189696, SharedBaseAddress: 0x000001a813000000, ArchiveRelocationMode: 1.
Compressed class space mapped at: 0x000001a814000000-0x000001a854000000, reserved size: 1073741824
Narrow klass base: 0x000001a813000000, Narrow klass shift: 0, Narrow klass range: 0x100000000

GC Precious Log:
 CardTable entry size: 512
 Card Set container configuration: InlinePtr #cards 5 size 8 Array Of Cards #cards 12 size 40 Howl #buckets 4 coarsen threshold 1843 Howl Bitmap #cards 512 size 80 coarsen threshold 460 Card regions per heap region 1 cards per card region 2048
 CPUs: 12 total, 12 available
 Memory: 7521M
 Large Page Support: Disabled
 NUMA Support: Disabled
 Compressed Oops: Enabled (32-bit)
 Heap Region Size: 1M
 Heap Min Capacity: 8M
 Heap Initial Capacity: 118M
 Heap Max Capacity: 1G
 Pre-touch: Disabled
 Parallel Workers: 10
 Concurrent Workers: 3
 Concurrent Refinement Workers: 10
 Periodic GC: Disabled

Heap:
 garbage-first heap   total 138240K, used 88394K [0x00000000c0000000, 0x0000000100000000)
  region size 1024K, 5 young (5120K), 4 survivors (4096K)
 Metaspace       used 71425K, committed 73344K, reserved 1114112K
  class space    used 10181K, committed 11136K, reserved 1048576K

Heap Regions: E=young(eden), S=young(survivor), O=old, HS=humongous(starts), HC=humongous(continues), CS=collection set, F=free, TAMS=top-at-mark-start, PB=parsable bottom
|   0|0x00000000c0000000, 0x00000000c0100000, 0x00000000c0100000|100%|HS|  |TAMS 0x00000000c0100000| PB 0x00000000c0000000| Complete 
|   1|0x00000000c0100000, 0x00000000c0200000, 0x00000000c0200000|100%|HC|  |TAMS 0x00000000c0200000| PB 0x00000000c0100000| Complete 
|   2|0x00000000c0200000, 0x00000000c0300000, 0x00000000c0300000|100%|HC|  |TAMS 0x00000000c0300000| PB 0x00000000c0200000| Complete 
|   3|0x00000000c0300000, 0x00000000c0400000, 0x00000000c0400000|100%| O|  |TAMS 0x00000000c0400000| PB 0x00000000c0400000| Untracked 
|   4|0x00000000c0400000, 0x00000000c0500000, 0x00000000c0500000|100%| O|  |TAMS 0x00000000c0500000| PB 0x00000000c0500000| Untracked 
|   5|0x00000000c0500000, 0x00000000c0600000, 0x00000000c0600000|100%| O|  |TAMS 0x00000000c0600000| PB 0x00000000c0600000| Untracked 
|   6|0x00000000c0600000, 0x00000000c0700000, 0x00000000c0700000|100%|HS|  |TAMS 0x00000000c0700000| PB 0x00000000c0600000| Complete 
|   7|0x00000000c0700000, 0x00000000c0800000, 0x00000000c0800000|100%| O|  |TAMS 0x00000000c0800000| PB 0x00000000c0800000| Untracked 
|   8|0x00000000c0800000, 0x00000000c0900000, 0x00000000c0900000|100%| O|  |TAMS 0x00000000c0900000| PB 0x00000000c0900000| Untracked 
|   9|0x00000000c0900000, 0x00000000c0a00000, 0x00000000c0a00000|100%| O|  |TAMS 0x00000000c0a00000| PB 0x00000000c0a00000| Untracked 
|  10|0x00000000c0a00000, 0x00000000c0b00000, 0x00000000c0b00000|100%| O|  |TAMS 0x00000000c0b00000| PB 0x00000000c0b00000| Untracked 
|  11|0x00000000c0b00000, 0x00000000c0c00000, 0x00000000c0c00000|100%| O|  |TAMS 0x00000000c0c00000| PB 0x00000000c0c00000| Untracked 
|  12|0x00000000c0c00000, 0x00000000c0d00000, 0x00000000c0d00000|100%| O|  |TAMS 0x00000000c0d00000| PB 0x00000000c0d00000| Untracked 
|  13|0x00000000c0d00000, 0x00000000c0e00000, 0x00000000c0e00000|100%| O|  |TAMS 0x00000000c0e00000| PB 0x00000000c0e00000| Untracked 
|  14|0x00000000c0e00000, 0x00000000c0f00000, 0x00000000c0f00000|100%| O|  |TAMS 0x00000000c0f00000| PB 0x00000000c0f00000| Untracked 
|  15|0x00000000c0f00000, 0x00000000c1000000, 0x00000000c1000000|100%| O|  |TAMS 0x00000000c1000000| PB 0x00000000c1000000| Untracked 
|  16|0x00000000c1000000, 0x00000000c1100000, 0x00000000c1100000|100%| O|  |TAMS 0x00000000c1100000| PB 0x00000000c1100000| Untracked 
|  17|0x00000000c1100000, 0x00000000c1200000, 0x00000000c1200000|100%| O|  |TAMS 0x00000000c1200000| PB 0x00000000c1200000| Untracked 
|  18|0x00000000c1200000, 0x00000000c1300000, 0x00000000c1300000|100%| O|  |TAMS 0x00000000c1300000| PB 0x00000000c1300000| Untracked 
|  19|0x00000000c1300000, 0x00000000c1400000, 0x00000000c1400000|100%| O|  |TAMS 0x00000000c1400000| PB 0x00000000c1400000| Untracked 
|  20|0x00000000c1400000, 0x00000000c1500000, 0x00000000c1500000|100%| O|  |TAMS 0x00000000c1500000| PB 0x00000000c1500000| Untracked 
|  21|0x00000000c1500000, 0x00000000c1600000, 0x00000000c1600000|100%| O|  |TAMS 0x00000000c1600000| PB 0x00000000c1600000| Untracked 
|  22|0x00000000c1600000, 0x00000000c1700000, 0x00000000c1700000|100%| O|  |TAMS 0x00000000c1700000| PB 0x00000000c1700000| Untracked 
|  23|0x00000000c1700000, 0x00000000c1800000, 0x00000000c1800000|100%| O|  |TAMS 0x00000000c1800000| PB 0x00000000c1800000| Untracked 
|  24|0x00000000c1800000, 0x00000000c1900000, 0x00000000c1900000|100%| O|  |TAMS 0x00000000c1900000| PB 0x00000000c1900000| Untracked 
|  25|0x00000000c1900000, 0x00000000c1a00000, 0x00000000c1a00000|100%| O|  |TAMS 0x00000000c1a00000| PB 0x00000000c1a00000| Untracked 
|  26|0x00000000c1a00000, 0x00000000c1b00000, 0x00000000c1b00000|100%| O|  |TAMS 0x00000000c1b00000| PB 0x00000000c1b00000| Untracked 
|  27|0x00000000c1b00000, 0x00000000c1c00000, 0x00000000c1c00000|100%| O|  |TAMS 0x00000000c1c00000| PB 0x00000000c1c00000| Untracked 
|  28|0x00000000c1c00000, 0x00000000c1d00000, 0x00000000c1d00000|100%| O|  |TAMS 0x00000000c1d00000| PB 0x00000000c1d00000| Untracked 
|  29|0x00000000c1d00000, 0x00000000c1e00000, 0x00000000c1e00000|100%| O|  |TAMS 0x00000000c1e00000| PB 0x00000000c1e00000| Untracked 
|  30|0x00000000c1e00000, 0x00000000c1f00000, 0x00000000c1f00000|100%| O|  |TAMS 0x00000000c1f00000| PB 0x00000000c1f00000| Untracked 
|  31|0x00000000c1f00000, 0x00000000c2000000, 0x00000000c2000000|100%| O|  |TAMS 0x00000000c2000000| PB 0x00000000c2000000| Untracked 
|  32|0x00000000c2000000, 0x00000000c2100000, 0x00000000c2100000|100%| O|  |TAMS 0x00000000c2100000| PB 0x00000000c2100000| Updating 
|  33|0x00000000c2100000, 0x00000000c2200000, 0x00000000c2200000|100%| O|  |TAMS 0x00000000c2200000| PB 0x00000000c2200000| Untracked 
|  34|0x00000000c2200000, 0x00000000c2300000, 0x00000000c2300000|100%| O|  |TAMS 0x00000000c2300000| PB 0x00000000c2300000| Untracked 
|  35|0x00000000c2300000, 0x00000000c2400000, 0x00000000c2400000|100%| O|  |TAMS 0x00000000c2400000| PB 0x00000000c2400000| Untracked 
|  36|0x00000000c2400000, 0x00000000c2500000, 0x00000000c2500000|100%| O|  |TAMS 0x00000000c2500000| PB 0x00000000c2500000| Untracked 
|  37|0x00000000c2500000, 0x00000000c2600000, 0x00000000c2600000|100%| O|  |TAMS 0x00000000c2600000| PB 0x00000000c2600000| Untracked 
|  38|0x00000000c2600000, 0x00000000c2700000, 0x00000000c2700000|100%| O|  |TAMS 0x00000000c2700000| PB 0x00000000c2700000| Updating 
|  39|0x00000000c2700000, 0x00000000c2800000, 0x00000000c2800000|100%| O|  |TAMS 0x00000000c2800000| PB 0x00000000c2800000| Untracked 
|  40|0x00000000c2800000, 0x00000000c2900000, 0x00000000c2900000|100%| O|  |TAMS 0x00000000c2900000| PB 0x00000000c2900000| Updating 
|  41|0x00000000c2900000, 0x00000000c2a00000, 0x00000000c2a00000|100%| O|  |TAMS 0x00000000c2a00000| PB 0x00000000c2a00000| Untracked 
|  42|0x00000000c2a00000, 0x00000000c2b00000, 0x00000000c2b00000|100%| O|  |TAMS 0x00000000c2b00000| PB 0x00000000c2b00000| Untracked 
|  43|0x00000000c2b00000, 0x00000000c2c00000, 0x00000000c2c00000|100%| O|  |TAMS 0x00000000c2c00000| PB 0x00000000c2c00000| Untracked 
|  44|0x00000000c2c00000, 0x00000000c2d00000, 0x00000000c2d00000|100%| O|  |TAMS 0x00000000c2c00000| PB 0x00000000c2c00000| Untracked 
|  45|0x00000000c2d00000, 0x00000000c2e00000, 0x00000000c2e00000|100%| O|  |TAMS 0x00000000c2e00000| PB 0x00000000c2e00000| Updating 
|  46|0x00000000c2e00000, 0x00000000c2f00000, 0x00000000c2f00000|100%| O|  |TAMS 0x00000000c2f00000| PB 0x00000000c2f00000| Untracked 
|  47|0x00000000c2f00000, 0x00000000c3000000, 0x00000000c3000000|100%| O|  |TAMS 0x00000000c3000000| PB 0x00000000c3000000| Untracked 
|  48|0x00000000c3000000, 0x00000000c3100000, 0x00000000c3100000|100%|HS|  |TAMS 0x00000000c3100000| PB 0x00000000c3000000| Complete 
|  49|0x00000000c3100000, 0x00000000c3200000, 0x00000000c3200000|100%|HS|  |TAMS 0x00000000c3200000| PB 0x00000000c3100000| Complete 
|  50|0x00000000c3200000, 0x00000000c3300000, 0x00000000c3300000|100%|HS|  |TAMS 0x00000000c3300000| PB 0x00000000c3200000| Complete 
|  51|0x00000000c3300000, 0x00000000c3400000, 0x00000000c3400000|100%|HC|  |TAMS 0x00000000c3400000| PB 0x00000000c3300000| Complete 
|  52|0x00000000c3400000, 0x00000000c3500000, 0x00000000c3500000|100%|HS|  |TAMS 0x00000000c3500000| PB 0x00000000c3400000| Complete 
|  53|0x00000000c3500000, 0x00000000c3600000, 0x00000000c3600000|100%|HC|  |TAMS 0x00000000c3600000| PB 0x00000000c3500000| Complete 
|  54|0x00000000c3600000, 0x00000000c3700000, 0x00000000c3700000|100%|HS|  |TAMS 0x00000000c3700000| PB 0x00000000c3600000| Complete 
|  55|0x00000000c3700000, 0x00000000c3800000, 0x00000000c3800000|100%|HS|  |TAMS 0x00000000c3800000| PB 0x00000000c3700000| Complete 
|  56|0x00000000c3800000, 0x00000000c3900000, 0x00000000c3900000|100%|HC|  |TAMS 0x00000000c3900000| PB 0x00000000c3800000| Complete 
|  57|0x00000000c3900000, 0x00000000c3a00000, 0x00000000c3a00000|100%|HC|  |TAMS 0x00000000c3a00000| PB 0x00000000c3900000| Complete 
|  58|0x00000000c3a00000, 0x00000000c3b00000, 0x00000000c3b00000|100%|HC|  |TAMS 0x00000000c3b00000| PB 0x00000000c3a00000| Complete 
|  59|0x00000000c3b00000, 0x00000000c3c00000, 0x00000000c3c00000|100%|HS|  |TAMS 0x00000000c3c00000| PB 0x00000000c3b00000| Complete 
|  60|0x00000000c3c00000, 0x00000000c3d00000, 0x00000000c3d00000|100%|HS|  |TAMS 0x00000000c3d00000| PB 0x00000000c3c00000| Complete 
|  61|0x00000000c3d00000, 0x00000000c3e00000, 0x00000000c3e00000|100%|HS|  |TAMS 0x00000000c3e00000| PB 0x00000000c3d00000| Complete 
|  62|0x00000000c3e00000, 0x00000000c3f00000, 0x00000000c3f00000|100%| O|  |TAMS 0x00000000c3f00000| PB 0x00000000c3f00000| Untracked 
|  63|0x00000000c3f00000, 0x00000000c4000000, 0x00000000c4000000|100%| O|  |TAMS 0x00000000c4000000| PB 0x00000000c4000000| Untracked 
|  64|0x00000000c4000000, 0x00000000c4100000, 0x00000000c4100000|100%| O|  |TAMS 0x00000000c4100000| PB 0x00000000c4100000| Untracked 
|  65|0x00000000c4100000, 0x00000000c4200000, 0x00000000c4200000|100%| O|  |TAMS 0x00000000c4200000| PB 0x00000000c4200000| Untracked 
|  66|0x00000000c4200000, 0x00000000c4300000, 0x00000000c4300000|100%| O|  |TAMS 0x00000000c4300000| PB 0x00000000c4300000| Updating 
|  67|0x00000000c4300000, 0x00000000c4400000, 0x00000000c4400000|100%| O|  |TAMS 0x00000000c435b258| PB 0x00000000c435b258| Untracked 
|  68|0x00000000c4400000, 0x00000000c4500000, 0x00000000c4500000|100%| O|  |TAMS 0x00000000c4500000| PB 0x00000000c4500000| Untracked 
|  69|0x00000000c4500000, 0x00000000c4600000, 0x00000000c4600000|100%| O|  |TAMS 0x00000000c4600000| PB 0x00000000c4600000| Untracked 
|  70|0x00000000c4600000, 0x00000000c4700000, 0x00000000c4700000|100%| O|  |TAMS 0x00000000c4700000| PB 0x00000000c4700000| Updating 
|  71|0x00000000c4700000, 0x00000000c47ea510, 0x00000000c4800000| 91%| O|  |TAMS 0x00000000c4700000| PB 0x00000000c4700000| Untracked 
|  72|0x00000000c4800000, 0x00000000c4800000, 0x00000000c4900000|  0%| F|  |TAMS 0x00000000c4800000| PB 0x00000000c4800000| Untracked 
|  73|0x00000000c4900000, 0x00000000c4a00000, 0x00000000c4a00000|100%|HS|  |TAMS 0x00000000c4a00000| PB 0x00000000c4900000| Complete 
|  74|0x00000000c4a00000, 0x00000000c4b00000, 0x00000000c4b00000|100%|HS|  |TAMS 0x00000000c4b00000| PB 0x00000000c4a00000| Complete 
|  75|0x00000000c4b00000, 0x00000000c4c00000, 0x00000000c4c00000|100%|HS|  |TAMS 0x00000000c4b00000| PB 0x00000000c4b00000| Complete 
|  76|0x00000000c4c00000, 0x00000000c4d00000, 0x00000000c4d00000|100%|HC|  |TAMS 0x00000000c4c00000| PB 0x00000000c4c00000| Complete 
|  77|0x00000000c4d00000, 0x00000000c4e00000, 0x00000000c4e00000|100%|HC|  |TAMS 0x00000000c4d00000| PB 0x00000000c4d00000| Complete 
|  78|0x00000000c4e00000, 0x00000000c4f00000, 0x00000000c4f00000|100%|HC|  |TAMS 0x00000000c4e00000| PB 0x00000000c4e00000| Complete 
|  79|0x00000000c4f00000, 0x00000000c4f00000, 0x00000000c5000000|  0%| F|  |TAMS 0x00000000c4f00000| PB 0x00000000c4f00000| Untracked 
|  80|0x00000000c5000000, 0x00000000c5000000, 0x00000000c5100000|  0%| F|  |TAMS 0x00000000c5000000| PB 0x00000000c5000000| Untracked 
|  81|0x00000000c5100000, 0x00000000c5100000, 0x00000000c5200000|  0%| F|  |TAMS 0x00000000c5100000| PB 0x00000000c5100000| Untracked 
|  82|0x00000000c5200000, 0x00000000c5200000, 0x00000000c5300000|  0%| F|  |TAMS 0x00000000c5200000| PB 0x00000000c5200000| Untracked 
|  83|0x00000000c5300000, 0x00000000c5300000, 0x00000000c5400000|  0%| F|  |TAMS 0x00000000c5300000| PB 0x00000000c5300000| Untracked 
|  84|0x00000000c5400000, 0x00000000c5400000, 0x00000000c5500000|  0%| F|  |TAMS 0x00000000c5400000| PB 0x00000000c5400000| Untracked 
|  85|0x00000000c5500000, 0x00000000c5500000, 0x00000000c5600000|  0%| F|  |TAMS 0x00000000c5500000| PB 0x00000000c5500000| Untracked 
|  86|0x00000000c5600000, 0x00000000c5600000, 0x00000000c5700000|  0%| F|  |TAMS 0x00000000c5600000| PB 0x00000000c5600000| Untracked 
|  87|0x00000000c5700000, 0x00000000c5700000, 0x00000000c5800000|  0%| F|  |TAMS 0x00000000c5700000| PB 0x00000000c5700000| Untracked 
|  88|0x00000000c5800000, 0x00000000c5800000, 0x00000000c5900000|  0%| F|  |TAMS 0x00000000c5800000| PB 0x00000000c5800000| Untracked 
|  89|0x00000000c5900000, 0x00000000c5900000, 0x00000000c5a00000|  0%| F|  |TAMS 0x00000000c5900000| PB 0x00000000c5900000| Untracked 
|  90|0x00000000c5a00000, 0x00000000c5a68610, 0x00000000c5b00000| 40%| S|CS|TAMS 0x00000000c5a00000| PB 0x00000000c5a00000| Complete 
|  91|0x00000000c5b00000, 0x00000000c5b00000, 0x00000000c5c00000|  0%| F|  |TAMS 0x00000000c5b00000| PB 0x00000000c5b00000| Untracked 
|  92|0x00000000c5c00000, 0x00000000c5c00000, 0x00000000c5d00000|  0%| F|  |TAMS 0x00000000c5c00000| PB 0x00000000c5c00000| Untracked 
|  93|0x00000000c5d00000, 0x00000000c5d00000, 0x00000000c5e00000|  0%| F|  |TAMS 0x00000000c5d00000| PB 0x00000000c5d00000| Untracked 
|  94|0x00000000c5e00000, 0x00000000c5e00000, 0x00000000c5f00000|  0%| F|  |TAMS 0x00000000c5e00000| PB 0x00000000c5e00000| Untracked 
|  95|0x00000000c5f00000, 0x00000000c5f00000, 0x00000000c6000000|  0%| F|  |TAMS 0x00000000c5f00000| PB 0x00000000c5f00000| Untracked 
|  96|0x00000000c6000000, 0x00000000c6100000, 0x00000000c6100000|100%| S|CS|TAMS 0x00000000c6000000| PB 0x00000000c6000000| Complete 
|  97|0x00000000c6100000, 0x00000000c6200000, 0x00000000c6200000|100%| S|CS|TAMS 0x00000000c6100000| PB 0x00000000c6100000| Complete 
|  98|0x00000000c6200000, 0x00000000c6300000, 0x00000000c6300000|100%| S|CS|TAMS 0x00000000c6200000| PB 0x00000000c6200000| Complete 
|  99|0x00000000c6300000, 0x00000000c6300000, 0x00000000c6400000|  0%| F|  |TAMS 0x00000000c6300000| PB 0x00000000c6300000| Untracked 
| 100|0x00000000c6400000, 0x00000000c6400000, 0x00000000c6500000|  0%| F|  |TAMS 0x00000000c6400000| PB 0x00000000c6400000| Untracked 
| 101|0x00000000c6500000, 0x00000000c6500000, 0x00000000c6600000|  0%| F|  |TAMS 0x00000000c6500000| PB 0x00000000c6500000| Untracked 
| 102|0x00000000c6600000, 0x00000000c6600000, 0x00000000c6700000|  0%| F|  |TAMS 0x00000000c6600000| PB 0x00000000c6600000| Untracked 
| 103|0x00000000c6700000, 0x00000000c6700000, 0x00000000c6800000|  0%| F|  |TAMS 0x00000000c6700000| PB 0x00000000c6700000| Untracked 
| 104|0x00000000c6800000, 0x00000000c6800000, 0x00000000c6900000|  0%| F|  |TAMS 0x00000000c6800000| PB 0x00000000c6800000| Untracked 
| 105|0x00000000c6900000, 0x00000000c6900000, 0x00000000c6a00000|  0%| F|  |TAMS 0x00000000c6900000| PB 0x00000000c6900000| Untracked 
| 106|0x00000000c6a00000, 0x00000000c6a00000, 0x00000000c6b00000|  0%| F|  |TAMS 0x00000000c6a00000| PB 0x00000000c6a00000| Untracked 
| 107|0x00000000c6b00000, 0x00000000c6b00000, 0x00000000c6c00000|  0%| F|  |TAMS 0x00000000c6b00000| PB 0x00000000c6b00000| Untracked 
| 108|0x00000000c6c00000, 0x00000000c6c00000, 0x00000000c6d00000|  0%| F|  |TAMS 0x00000000c6c00000| PB 0x00000000c6c00000| Untracked 
| 109|0x00000000c6d00000, 0x00000000c6d00000, 0x00000000c6e00000|  0%| F|  |TAMS 0x00000000c6d00000| PB 0x00000000c6d00000| Untracked 
| 110|0x00000000c6e00000, 0x00000000c6e00000, 0x00000000c6f00000|  0%| F|  |TAMS 0x00000000c6e00000| PB 0x00000000c6e00000| Untracked 
| 111|0x00000000c6f00000, 0x00000000c6f00000, 0x00000000c7000000|  0%| F|  |TAMS 0x00000000c6f00000| PB 0x00000000c6f00000| Untracked 
| 112|0x00000000c7000000, 0x00000000c7000000, 0x00000000c7100000|  0%| F|  |TAMS 0x00000000c7000000| PB 0x00000000c7000000| Untracked 
| 113|0x00000000c7100000, 0x00000000c7100000, 0x00000000c7200000|  0%| F|  |TAMS 0x00000000c7100000| PB 0x00000000c7100000| Untracked 
| 114|0x00000000c7200000, 0x00000000c7200000, 0x00000000c7300000|  0%| F|  |TAMS 0x00000000c7200000| PB 0x00000000c7200000| Untracked 
| 115|0x00000000c7300000, 0x00000000c7300000, 0x00000000c7400000|  0%| F|  |TAMS 0x00000000c7300000| PB 0x00000000c7300000| Untracked 
| 116|0x00000000c7400000, 0x00000000c7400000, 0x00000000c7500000|  0%| F|  |TAMS 0x00000000c7400000| PB 0x00000000c7400000| Untracked 
| 117|0x00000000c7500000, 0x00000000c7500000, 0x00000000c7600000|  0%| F|  |TAMS 0x00000000c7500000| PB 0x00000000c7500000| Untracked 
| 118|0x00000000c7600000, 0x00000000c7600000, 0x00000000c7700000|  0%| F|  |TAMS 0x00000000c7600000| PB 0x00000000c7600000| Untracked 
| 119|0x00000000c7700000, 0x00000000c7700000, 0x00000000c7800000|  0%| F|  |TAMS 0x00000000c7700000| PB 0x00000000c7700000| Untracked 
| 120|0x00000000c7800000, 0x00000000c7800000, 0x00000000c7900000|  0%| F|  |TAMS 0x00000000c7800000| PB 0x00000000c7800000| Untracked 
| 121|0x00000000c7900000, 0x00000000c7900000, 0x00000000c7a00000|  0%| F|  |TAMS 0x00000000c7900000| PB 0x00000000c7900000| Untracked 
| 122|0x00000000c7a00000, 0x00000000c7a00000, 0x00000000c7b00000|  0%| F|  |TAMS 0x00000000c7a00000| PB 0x00000000c7a00000| Untracked 
| 123|0x00000000c7b00000, 0x00000000c7b00000, 0x00000000c7c00000|  0%| F|  |TAMS 0x00000000c7b00000| PB 0x00000000c7b00000| Untracked 
| 124|0x00000000c7c00000, 0x00000000c7c00000, 0x00000000c7d00000|  0%| F|  |TAMS 0x00000000c7c00000| PB 0x00000000c7c00000| Untracked 
| 125|0x00000000c7d00000, 0x00000000c7d00000, 0x00000000c7e00000|  0%| F|  |TAMS 0x00000000c7d00000| PB 0x00000000c7d00000| Untracked 
| 126|0x00000000c7e00000, 0x00000000c7e00000, 0x00000000c7f00000|  0%| F|  |TAMS 0x00000000c7e00000| PB 0x00000000c7e00000| Untracked 
| 127|0x00000000c7f00000, 0x00000000c7f00000, 0x00000000c8000000|  0%| F|  |TAMS 0x00000000c7f00000| PB 0x00000000c7f00000| Untracked 
| 128|0x00000000c8000000, 0x00000000c8000000, 0x00000000c8100000|  0%| F|  |TAMS 0x00000000c8000000| PB 0x00000000c8000000| Untracked 
|1018|0x00000000ffa00000, 0x00000000ffb00000, 0x00000000ffb00000|100%| O|  |TAMS 0x00000000ffb00000| PB 0x00000000ffb00000| Updating 
|1019|0x00000000ffb00000, 0x00000000ffc00000, 0x00000000ffc00000|100%| O|  |TAMS 0x00000000ffc00000| PB 0x00000000ffc00000| Updating 
|1020|0x00000000ffc00000, 0x00000000ffd00000, 0x00000000ffd00000|100%| O|  |TAMS 0x00000000ffd00000| PB 0x00000000ffd00000| Untracked 
|1021|0x00000000ffd00000, 0x00000000ffe00000, 0x00000000ffe00000|100%| O|  |TAMS 0x00000000ffe00000| PB 0x00000000ffe00000| Untracked 
|1022|0x00000000ffe00000, 0x00000000fff00000, 0x00000000fff00000|100%| O|  |TAMS 0x00000000fff00000| PB 0x00000000fff00000| Untracked 
|1023|0x00000000fff00000, 0x00000000fff00a60, 0x0000000100000000|  0%| E|  |TAMS 0x00000000fff00000| PB 0x00000000fff00000| Complete 

Card table byte_map: [0x000001a87f860000,0x000001a87fa60000] _byte_map_base: 0x000001a87f260000

Marking Bits: (CMBitMap*) 0x000001a87bf81190
 Bits: [0x000001a80f000000, 0x000001a810000000)

Polling page: 0x000001a879f10000

Metaspace:

Usage:
  Non-class:     59.81 MB used.
      Class:      9.94 MB used.
       Both:     69.75 MB used.

Virtual space:
  Non-class space:       64.00 MB reserved,      60.75 MB ( 95%) committed,  1 nodes.
      Class space:        1.00 GB reserved,      10.88 MB (  1%) committed,  1 nodes.
             Both:        1.06 GB reserved,      71.62 MB (  7%) committed. 

Chunk freelists:
   Non-Class:  2.50 MB
       Class:  4.95 MB
        Both:  7.45 MB

MaxMetaspaceSize: unlimited
CompressedClassSpaceSize: 1.00 GB
Initial GC threshold: 21.00 MB
Current GC threshold: 108.44 MB
CDS: on
 - commit_granule_bytes: 65536.
 - commit_granule_words: 8192.
 - virtual_space_node_default_size: 8388608.
 - enlarge_chunks_in_place: 1.
 - use_allocation_guard: 0.


Internal statistics:

num_allocs_failed_limit: 6.
num_arena_births: 3598.
num_arena_deaths: 0.
num_vsnodes_births: 2.
num_vsnodes_deaths: 0.
num_space_committed: 1146.
num_space_uncommitted: 0.
num_chunks_returned_to_freelist: 6.
num_chunks_taken_from_freelist: 6979.
num_chunk_merges: 6.
num_chunk_splits: 4498.
num_chunks_enlarged: 2732.
num_inconsistent_stats: 0.

CodeHeap 'non-profiled nmethods': size=120000Kb used=3773Kb max_used=3971Kb free=116226Kb
 bounds [0x000001a807ad0000, 0x000001a807ec0000, 0x000001a80f000000]
CodeHeap 'profiled nmethods': size=120000Kb used=14762Kb max_used=15001Kb free=105237Kb
 bounds [0x000001a800000000, 0x000001a800eb0000, 0x000001a807530000]
CodeHeap 'non-nmethods': size=5760Kb used=1946Kb max_used=1991Kb free=3813Kb
 bounds [0x000001a807530000, 0x000001a8077a0000, 0x000001a807ad0000]
CodeCache: size=245760Kb, used=20481Kb, max_used=20963Kb, free=225276Kb
 total_blobs=9062, nmethods=8255, adapters=710, full_count=0
Compilation: enabled, stopped_count=0, restarted_count=0

Compilation events (20 events):
Event: 30.649 Thread 0x000001a812747570 9526       4       java.util.Optional::ofNullable (19 bytes)
Event: 30.650 Thread 0x000001a812747570 nmethod 9526 0x000001a807eaa610 code [0x000001a807eaa7a0, 0x000001a807eaa880]
Event: 30.650 Thread 0x000001a812747570 9573       4       org.objectweb.asm.Type::getDescriptor (73 bytes)
Event: 30.677 Thread 0x000001a812747570 nmethod 9573 0x000001a807eaa910 code [0x000001a807eaab40, 0x000001a807eab9b0]
Event: 30.678 Thread 0x000001a812747570 9588       4       java.util.TreeMap::put (8 bytes)
Event: 30.718 Thread 0x000001a812747570 nmethod 9588 0x000001a807eac010 code [0x000001a807eac220, 0x000001a807eacbc0]
Event: 30.718 Thread 0x000001a812747570 9590       4       java.util.jar.Manifest::getTrustedAttributes (57 bytes)
Event: 30.732 Thread 0x000001a812747570 nmethod 9590 0x000001a807ead190 code [0x000001a807ead380, 0x000001a807ead7f0]
Event: 30.732 Thread 0x000001a812747570 9540       4       java.lang.reflect.Constructor::newInstanceWithCaller (51 bytes)
Event: 30.751 Thread 0x000001a812747570 nmethod 9540 0x000001a807eadb90 code [0x000001a807eade60, 0x000001a807eae668]
Event: 30.805 Thread 0x000001a812747570 9591       4       java.lang.invoke.MemberName::flagsMods (45 bytes)
Event: 30.832 Thread 0x000001a812747570 nmethod 9591 0x000001a807eaef90 code [0x000001a807eaf100, 0x000001a807eaf178]
Event: 30.833 Thread 0x000001a812747570 9592       4       java.lang.invoke.MethodHandles$Lookup::checkAccess (200 bytes)
Event: 30.865 Thread 0x000001a812747570 nmethod 9592 0x000001a807eaf290 code [0x000001a807eaf480, 0x000001a807eaf850]
Event: 30.865 Thread 0x000001a812747570 9593       4       java.lang.invoke.MemberName::init (53 bytes)
Event: 30.869 Thread 0x000001a812747570 nmethod 9593 0x000001a807eafb10 code [0x000001a807eafca0, 0x000001a807eafff0]
Event: 30.881 Thread 0x000001a812747570 9594       4       java.lang.ref.SoftReference::<init> (13 bytes)
Event: 30.893 Thread 0x000001a812747570 nmethod 9594 0x000001a807eb0090 code [0x000001a807eb0220, 0x000001a807eb0498]
Event: 30.893 Thread 0x000001a812747570 9595 %     4       java.net.URI$Parser::scan @ 3 (76 bytes)
Event: 30.904 Thread 0x000001a812747570 nmethod 9595% 0x000001a807eb0510 code [0x000001a807eb06e0, 0x000001a807eb0a48]

GC Heap History (20 events):
Event: 21.440 GC heap before
{Heap before GC invocations=23 (full 0):
 garbage-first heap   total 87040K, used 59679K [0x00000000c0000000, 0x0000000100000000)
  region size 1024K, 14 young (14336K), 4 survivors (4096K)
 Metaspace       used 55724K, committed 57408K, reserved 1114112K
  class space    used 8087K, committed 8896K, reserved 1048576K
}
Event: 21.444 GC heap after
{Heap after GC invocations=24 (full 0):
 garbage-first heap   total 87040K, used 51016K [0x00000000c0000000, 0x0000000100000000)
  region size 1024K, 2 young (2048K), 2 survivors (2048K)
 Metaspace       used 55724K, committed 57408K, reserved 1114112K
  class space    used 8087K, committed 8896K, reserved 1048576K
}
Event: 22.184 GC heap before
{Heap before GC invocations=25 (full 0):
 garbage-first heap   total 89088K, used 87880K [0x00000000c0000000, 0x0000000100000000)
  region size 1024K, 25 young (25600K), 2 survivors (2048K)
 Metaspace       used 56855K, committed 58624K, reserved 1114112K
  class space    used 8237K, committed 9088K, reserved 1048576K
}
Event: 22.191 GC heap after
{Heap after GC invocations=26 (full 0):
 garbage-first heap   total 98304K, used 71175K [0x00000000c0000000, 0x0000000100000000)
  region size 1024K, 4 young (4096K), 4 survivors (4096K)
 Metaspace       used 56855K, committed 58624K, reserved 1114112K
  class space    used 8237K, committed 9088K, reserved 1048576K
}
Event: 22.649 GC heap before
{Heap before GC invocations=26 (full 0):
 garbage-first heap   total 98304K, used 87559K [0x00000000c0000000, 0x0000000100000000)
  region size 1024K, 19 young (19456K), 4 survivors (4096K)
 Metaspace       used 58046K, committed 59776K, reserved 1114112K
  class space    used 8391K, committed 9216K, reserved 1048576K
}
Event: 22.654 GC heap after
{Heap after GC invocations=27 (full 0):
 garbage-first heap   total 98304K, used 72880K [0x00000000c0000000, 0x0000000100000000)
  region size 1024K, 1 young (1024K), 1 survivors (1024K)
 Metaspace       used 58046K, committed 59776K, reserved 1114112K
  class space    used 8391K, committed 9216K, reserved 1048576K
}
Event: 24.188 GC heap before
{Heap before GC invocations=27 (full 0):
 garbage-first heap   total 98304K, used 87216K [0x00000000c0000000, 0x0000000100000000)
  region size 1024K, 16 young (16384K), 1 survivors (1024K)
 Metaspace       used 59415K, committed 61184K, reserved 1114112K
  class space    used 8553K, committed 9408K, reserved 1048576K
}
Event: 24.193 GC heap after
{Heap after GC invocations=28 (full 0):
 garbage-first heap   total 98304K, used 73807K [0x00000000c0000000, 0x0000000100000000)
  region size 1024K, 2 young (2048K), 2 survivors (2048K)
 Metaspace       used 59415K, committed 61184K, reserved 1114112K
  class space    used 8553K, committed 9408K, reserved 1048576K
}
Event: 24.837 GC heap before
{Heap before GC invocations=29 (full 0):
 garbage-first heap   total 124928K, used 88143K [0x00000000c0000000, 0x0000000100000000)
  region size 1024K, 17 young (17408K), 2 survivors (2048K)
 Metaspace       used 60959K, committed 62848K, reserved 1114112K
  class space    used 8721K, committed 9664K, reserved 1048576K
}
Event: 24.841 GC heap after
{Heap after GC invocations=30 (full 0):
 garbage-first heap   total 124928K, used 73958K [0x00000000c0000000, 0x0000000100000000)
  region size 1024K, 2 young (2048K), 2 survivors (2048K)
 Metaspace       used 60959K, committed 62848K, reserved 1114112K
  class space    used 8721K, committed 9664K, reserved 1048576K
}
Event: 26.932 GC heap before
{Heap before GC invocations=30 (full 0):
 garbage-first heap   total 124928K, used 107750K [0x00000000c0000000, 0x0000000100000000)
  region size 1024K, 35 young (35840K), 2 survivors (2048K)
 Metaspace       used 64666K, committed 66624K, reserved 1114112K
  class space    used 9262K, committed 10240K, reserved 1048576K
}
Event: 26.940 GC heap after
{Heap after GC invocations=31 (full 0):
 garbage-first heap   total 124928K, used 77462K [0x00000000c0000000, 0x0000000100000000)
  region size 1024K, 5 young (5120K), 5 survivors (5120K)
 Metaspace       used 64666K, committed 66624K, reserved 1114112K
  class space    used 9262K, committed 10240K, reserved 1048576K
}
Event: 26.961 GC heap before
{Heap before GC invocations=31 (full 0):
 garbage-first heap   total 124928K, used 79510K [0x00000000c0000000, 0x0000000100000000)
  region size 1024K, 8 young (8192K), 5 survivors (5120K)
 Metaspace       used 64666K, committed 66624K, reserved 1114112K
  class space    used 9262K, committed 10240K, reserved 1048576K
}
Event: 26.968 GC heap after
{Heap after GC invocations=32 (full 0):
 garbage-first heap   total 124928K, used 79334K [0x00000000c0000000, 0x0000000100000000)
  region size 1024K, 2 young (2048K), 2 survivors (2048K)
 Metaspace       used 64666K, committed 66624K, reserved 1114112K
  class space    used 9262K, committed 10240K, reserved 1048576K
}
Event: 28.159 GC heap before
{Heap before GC invocations=33 (full 0):
 garbage-first heap   total 138240K, used 106982K [0x00000000c0000000, 0x0000000100000000)
  region size 1024K, 25 young (25600K), 2 survivors (2048K)
 Metaspace       used 65845K, committed 67776K, reserved 1114112K
  class space    used 9433K, committed 10368K, reserved 1048576K
}
Event: 28.165 GC heap after
{Heap after GC invocations=34 (full 0):
 garbage-first heap   total 138240K, used 81934K [0x00000000c0000000, 0x0000000100000000)
  region size 1024K, 3 young (3072K), 3 survivors (3072K)
 Metaspace       used 65845K, committed 67776K, reserved 1114112K
  class space    used 9433K, committed 10368K, reserved 1048576K
}
Event: 29.056 GC heap before
{Heap before GC invocations=34 (full 0):
 garbage-first heap   total 138240K, used 113678K [0x00000000c0000000, 0x0000000100000000)
  region size 1024K, 34 young (34816K), 3 survivors (3072K)
 Metaspace       used 68139K, committed 70080K, reserved 1114112K
  class space    used 9731K, committed 10688K, reserved 1048576K
}
Event: 29.061 GC heap after
{Heap after GC invocations=35 (full 0):
 garbage-first heap   total 138240K, used 83684K [0x00000000c0000000, 0x0000000100000000)
  region size 1024K, 5 young (5120K), 5 survivors (5120K)
 Metaspace       used 68139K, committed 70080K, reserved 1114112K
  class space    used 9731K, committed 10688K, reserved 1048576K
}
Event: 30.882 GC heap before
{Heap before GC invocations=35 (full 0):
 garbage-first heap   total 138240K, used 114404K [0x00000000c0000000, 0x0000000100000000)
  region size 1024K, 36 young (36864K), 5 survivors (5120K)
 Metaspace       used 71425K, committed 73344K, reserved 1114112K
  class space    used 10181K, committed 11136K, reserved 1048576K
}
Event: 30.891 GC heap after
{Heap after GC invocations=36 (full 0):
 garbage-first heap   total 138240K, used 85322K [0x00000000c0000000, 0x0000000100000000)
  region size 1024K, 4 young (4096K), 4 survivors (4096K)
 Metaspace       used 71425K, committed 73344K, reserved 1114112K
  class space    used 10181K, committed 11136K, reserved 1048576K
}

Dll operation events (14 events):
Event: 0.023 Loaded shared library C:\Users\HP\.trae\extensions\redhat.java-1.54.0-win32-x64\jre\21.0.10-win32-x86_64\bin\java.dll
Event: 0.157 Loaded shared library C:\Users\HP\.trae\extensions\redhat.java-1.54.0-win32-x64\jre\21.0.10-win32-x86_64\bin\zip.dll
Event: 0.194 Loaded shared library C:\Users\HP\.trae\extensions\redhat.java-1.54.0-win32-x64\jre\21.0.10-win32-x86_64\bin\instrument.dll
Event: 0.205 Loaded shared library C:\Users\HP\.trae\extensions\redhat.java-1.54.0-win32-x64\jre\21.0.10-win32-x86_64\bin\net.dll
Event: 0.211 Loaded shared library C:\Users\HP\.trae\extensions\redhat.java-1.54.0-win32-x64\jre\21.0.10-win32-x86_64\bin\nio.dll
Event: 0.216 Loaded shared library C:\Users\HP\.trae\extensions\redhat.java-1.54.0-win32-x64\jre\21.0.10-win32-x86_64\bin\zip.dll
Event: 0.886 Loaded shared library C:\Users\HP\.trae\extensions\redhat.java-1.54.0-win32-x64\jre\21.0.10-win32-x86_64\bin\jimage.dll
Event: 1.195 Loaded shared library C:\Users\HP\.trae\extensions\redhat.java-1.54.0-win32-x64\jre\21.0.10-win32-x86_64\bin\verify.dll
Event: 1.394 Loaded shared library C:\Users\HP\.gradle\native\1def1411415f61bf3af743bc5b6707747c0891f09f0c88961ee8f79bc544acac\windows-amd64\native-platform.dll
Event: 1.423 Loaded shared library C:\Users\HP\.gradle\native\0.2.7\x86_64-windows-gnu\gradle-fileevents.dll
Event: 3.610 Loaded shared library C:\Users\HP\.trae\extensions\redhat.java-1.54.0-win32-x64\jre\21.0.10-win32-x86_64\bin\management.dll
Event: 3.620 Loaded shared library C:\Users\HP\.trae\extensions\redhat.java-1.54.0-win32-x64\jre\21.0.10-win32-x86_64\bin\management_ext.dll
Event: 3.892 Loaded shared library C:\Users\HP\.trae\extensions\redhat.java-1.54.0-win32-x64\jre\21.0.10-win32-x86_64\bin\extnet.dll
Event: 4.316 Loaded shared library C:\Users\HP\.trae\extensions\redhat.java-1.54.0-win32-x64\jre\21.0.10-win32-x86_64\bin\sunmscapi.dll

Deoptimization events (20 events):
Event: 29.565 Thread 0x000001a85a3593a0 DEOPT PACKING pc=0x000001a8009ae162 sp=0x0000001180af72e0
Event: 29.565 Thread 0x000001a85a3593a0 DEOPT UNPACKING pc=0x000001a807584bc2 sp=0x0000001180af67e8 mode 0
Event: 29.746 Thread 0x000001a85a3593a0 Uncommon trap: trap_request=0xffffff45 fr.pc=0x000001a807dc09b8 relative=0x0000000000000098
Event: 29.746 Thread 0x000001a85a3593a0 Uncommon trap: reason=unstable_if action=reinterpret pc=0x000001a807dc09b8 method=java.util.Spliterator.getExactSizeIfKnown()J @ 9 c2
Event: 29.746 Thread 0x000001a85a3593a0 DEOPT PACKING pc=0x000001a807dc09b8 sp=0x0000001180af6eb0
Event: 29.747 Thread 0x000001a85a3593a0 DEOPT UNPACKING pc=0x000001a807584422 sp=0x0000001180af6e38 mode 2
Event: 29.834 Thread 0x000001a85a3593a0 DEOPT PACKING pc=0x000001a800e5688a sp=0x0000001180af6d30
Event: 29.834 Thread 0x000001a85a3593a0 DEOPT UNPACKING pc=0x000001a807584bc2 sp=0x0000001180af6250 mode 0
Event: 30.390 Thread 0x000001a85a3593a0 Uncommon trap: trap_request=0xffffff45 fr.pc=0x000001a807e9ff58 relative=0x00000000000000b8
Event: 30.391 Thread 0x000001a85a3593a0 Uncommon trap: reason=unstable_if action=reinterpret pc=0x000001a807e9ff58 method=jdk.internal.util.xml.impl.Parser.bappend(CC)V @ 1 c2
Event: 30.391 Thread 0x000001a85a3593a0 DEOPT PACKING pc=0x000001a807e9ff58 sp=0x0000001180af6c10
Event: 30.391 Thread 0x000001a85a3593a0 DEOPT UNPACKING pc=0x000001a807584422 sp=0x0000001180af6b98 mode 2
Event: 30.391 Thread 0x000001a85a3593a0 Uncommon trap: trap_request=0xffffff45 fr.pc=0x000001a807e9fb94 relative=0x0000000000000074
Event: 30.391 Thread 0x000001a85a3593a0 Uncommon trap: reason=unstable_if action=reinterpret pc=0x000001a807e9fb94 method=jdk.internal.util.xml.impl.Parser.ensureCapacity(I)V @ 40 c2
Event: 30.391 Thread 0x000001a85a3593a0 DEOPT PACKING pc=0x000001a807e9fb94 sp=0x0000001180af6c10
Event: 30.391 Thread 0x000001a85a3593a0 DEOPT UNPACKING pc=0x000001a807584422 sp=0x0000001180af6b88 mode 2
Event: 30.604 Thread 0x000001a85a3593a0 Uncommon trap: trap_request=0xffffff45 fr.pc=0x000001a807cff57c relative=0x00000000000000bc
Event: 30.604 Thread 0x000001a85a3593a0 Uncommon trap: reason=unstable_if action=reinterpret pc=0x000001a807cff57c method=java.lang.invoke.LambdaForm$BasicType.basicType(C)Ljava/lang/invoke/LambdaForm$BasicType; @ 1 c2
Event: 30.604 Thread 0x000001a85a3593a0 DEOPT PACKING pc=0x000001a807cff57c sp=0x0000001180af7370
Event: 30.604 Thread 0x000001a85a3593a0 DEOPT UNPACKING pc=0x000001a807584422 sp=0x0000001180af72a0 mode 2

Classes loaded (20 events):
Event: 30.451 Loading class javax/management/ListenerNotFoundException
Event: 30.451 Loading class javax/management/OperationsException
Event: 30.452 Loading class javax/management/JMException
Event: 30.452 Loading class javax/management/JMException done
Event: 30.452 Loading class javax/management/OperationsException done
Event: 30.452 Loading class javax/management/ListenerNotFoundException done
Event: 30.452 Loading class jdk/jfr/Recording
Event: 30.453 Loading class jdk/jfr/Recording done
Event: 30.453 Loading class jdk/jfr/FlightRecorder
Event: 30.454 Loading class jdk/jfr/FlightRecorder done
Event: 30.454 Loading class jdk/management/jfr/FlightRecorderMXBeanImpl$MXBeanListener
Event: 30.455 Loading class jdk/jfr/FlightRecorderListener
Event: 30.455 Loading class jdk/jfr/FlightRecorderListener done
Event: 30.455 Loading class jdk/management/jfr/FlightRecorderMXBeanImpl$MXBeanListener done
Event: 30.534 Loading class java/time/format/DateTimeFormatterBuilder$WeekBasedFieldPrinterParser
Event: 30.535 Loading class java/time/format/DateTimeFormatterBuilder$WeekBasedFieldPrinterParser done
Event: 30.601 Loading class com/sun/jmx/mbeanserver/StandardMBeanSupport
Event: 30.602 Loading class com/sun/jmx/mbeanserver/StandardMBeanSupport done
Event: 30.602 Loading class com/sun/jmx/mbeanserver/StandardMBeanIntrospector
Event: 30.603 Loading class com/sun/jmx/mbeanserver/StandardMBeanIntrospector done

Classes unloaded (0 events):
No events

Classes redefined (0 events):
No events

Internal exceptions (20 events):
Event: 21.917 Thread 0x000001a85a3593a0 Exception <a 'java/lang/NoSuchMethodError'{0x00000000c48e4060}: 'java.lang.Object java.lang.invoke.DirectMethodHandle$Holder.invokeStatic(java.lang.Object, java.lang.Object, java.lang.Object, java.lang.Object, int)'> (0x00000000c48e4060) 
thrown [s\src\hotspot\share\interpreter\linkResolver.cpp, line 773]
Event: 22.853 Thread 0x000001a85a3593a0 Exception <a 'java/lang/NoSuchMethodError'{0x00000000c54e8708}: 'int java.lang.invoke.DirectMethodHandle$Holder.invokeSpecialIFC(java.lang.Object, java.lang.Object, java.lang.Object, java.lang.Object, java.lang.Object)'> (0x00000000c54e8708) 
thrown [s\src\hotspot\share\interpreter\linkResolver.cpp, line 773]
Event: 25.535 Thread 0x000001a85a3593a0 Exception <a 'java/lang/NoSuchMethodError'{0x00000000c660c900}: 'java.lang.Object java.lang.invoke.DirectMethodHandle$Holder.newInvokeSpecial(java.lang.Object, java.lang.Object, java.lang.Object, java.lang.Object, java.lang.Object, java.lang.Object, java.lang.Object, java.lang.Object, java.lang.Object, java.lang.Object, java.lang.Object, java.lang.Object, java.lang.Object, java.lang.Object, java.lang.Object, java.lang.Object)'> (0x00000000c660c900) 
thrown [s\src\hotspot\share\interpreter\linkResolver.cpp,
Event: 25.536 Thread 0x000001a85a3593a0 Exception <a 'java/lang/NoSuchMethodError'{0x00000000c66135c0}: 'java.lang.Object java.lang.invoke.DirectMethodHandle$Holder.invokeSpecial(java.lang.Object, java.lang.Object, java.lang.Object, java.lang.Object, java.lang.Object, java.lang.Object, java.lang.Object, java.lang.Object, java.lang.Object, java.lang.Object, java.lang.Object, java.lang.Object, java.lang.Object, java.lang.Object, java.lang.Object, java.lang.Object, java.lang.Object)'> (0x00000000c66135c0) 
thrown [s\src\hotspot\share\interpreter\li
Event: 25.537 Thread 0x000001a85a3593a0 Exception <a 'java/lang/NoSuchMethodError'{0x00000000c6619450}: 'java.lang.Object java.lang.invoke.DelegatingMethodHandle$Holder.reinvoke_L(java.lang.Object, java.lang.Object, java.lang.Object, java.lang.Object, java.lang.Object, java.lang.Object, java.lang.Object, java.lang.Object, java.lang.Object, java.lang.Object, java.lang.Object, java.lang.Object, java.lang.Object, java.lang.Object, java.lang.Object, java.lang.Object)'> (0x00000000c6619450) 
thrown [s\src\hotspot\share\interpreter\linkResolver.cpp, l
Event: 25.991 Thread 0x000001a85a3593a0 Exception <a 'java/lang/NoSuchMethodError'{0x00000000c608ffa0}: 'void java.lang.invoke.DirectMethodHandle$Holder.invokeVirtual(java.lang.Object, java.lang.Object)'> (0x00000000c608ffa0) 
thrown [s\src\hotspot\share\interpreter\linkResolver.cpp, line 773]
Event: 29.240 Thread 0x000001a85a3593a0 Implicit null exception at 0x000001a807d364f5 to 0x000001a807d365d0
Event: 29.536 Thread 0x000001a85a3593a0 Exception <a 'java/lang/NoSuchMethodError'{0x00000000c72f7c30}: static Lorg/jetbrains/kotlin/gradle/plugin/internal/DefaultConfigurationTimePropertiesAccessorVariantFactory;.<clinit>()V> (0x00000000c72f7c30) 
thrown [s\src\hotspot\share\prims\jni.cpp, line 1111]
Event: 29.541 Thread 0x000001a85a3593a0 Exception <a 'java/lang/NoSuchMethodError'{0x00000000c7114a68}: static Lorg/jetbrains/kotlin/gradle/plugin/internal/DefaultProjectIsolationStartParameterAccessorVariantFactory;.<clinit>()V> (0x00000000c7114a68) 
thrown [s\src\hotspot\share\prims\jni.cpp, line 1111]
Event: 29.547 Thread 0x000001a85a3593a0 Exception <a 'java/lang/NoSuchMethodError'{0x00000000c713d038}: static Lorg/jetbrains/kotlin/gradle/plugin/internal/DefaultArtifactTypeAttributeAccessorVariantFactory;.<clinit>()V> (0x00000000c713d038) 
thrown [s\src\hotspot\share\prims\jni.cpp, line 1111]
Event: 29.550 Thread 0x000001a85a3593a0 Exception <a 'java/lang/NoSuchMethodError'{0x00000000c7165228}: static Lorg/jetbrains/kotlin/gradle/plugin/internal/DefaultCompatibilityConventionRegistrar$Factory;.<clinit>()V> (0x00000000c7165228) 
thrown [s\src\hotspot\share\prims\jni.cpp, line 1111]
Event: 29.553 Thread 0x000001a85a3593a0 Exception <a 'java/lang/NoSuchMethodError'{0x00000000c7182c10}: static Lorg/jetbrains/kotlin/gradle/plugin/internal/DefaultJavaSourceSetsAccessorVariantFactory;.<clinit>()V> (0x00000000c7182c10) 
thrown [s\src\hotspot\share\prims\jni.cpp, line 1111]
Event: 29.556 Thread 0x000001a85a3593a0 Exception <a 'java/lang/NoSuchMethodError'{0x00000000c719fa30}: static Lorg/jetbrains/kotlin/gradle/plugin/internal/DefaultIdeaSyncDetectorVariantFactory;.<clinit>()V> (0x00000000c719fa30) 
thrown [s\src\hotspot\share\prims\jni.cpp, line 1111]
Event: 29.561 Thread 0x000001a85a3593a0 Exception <a 'java/lang/NoSuchMethodError'{0x00000000c71bdd50}: static Lorg/jetbrains/kotlin/gradle/plugin/internal/DefaultKotlinTestReportCompatibilityHelperVariantFactory;.<clinit>()V> (0x00000000c71bdd50) 
thrown [s\src\hotspot\share\prims\jni.cpp, line 1111]
Event: 29.564 Thread 0x000001a85a3593a0 Exception <a 'java/lang/NoSuchMethodError'{0x00000000c71dbb58}: static Lorg/jetbrains/kotlin/gradle/plugin/internal/DefaultMppTestReportHelperVariantFactory;.<clinit>()V> (0x00000000c71dbb58) 
thrown [s\src\hotspot\share\prims\jni.cpp, line 1111]
Event: 29.570 Thread 0x000001a85a3593a0 Exception <a 'java/lang/NoSuchMethodError'{0x00000000c7004780}: static Lorg/jetbrains/kotlin/gradle/plugin/internal/DefaultConfigurationCacheStartParameterAccessorVariantFactory;.<clinit>()V> (0x00000000c7004780) 
thrown [s\src\hotspot\share\prims\jni.cpp, line 1111]
Event: 29.573 Thread 0x000001a85a3593a0 Exception <a 'java/lang/NoSuchMethodError'{0x00000000c70233e0}: static Lorg/jetbrains/kotlin/gradle/plugin/internal/MavenPluginConfigurator$DefaultMavenPluginConfiguratorVariantFactory;.<clinit>()V> (0x00000000c70233e0) 
thrown [s\src\hotspot\share\prims\jni.cpp, line 1111]
Event: 29.575 Thread 0x000001a85a3593a0 Exception <a 'java/lang/NoSuchMethodError'{0x00000000c7040200}: static Lorg/jetbrains/kotlin/gradle/targets/js/nodejs/DefaultUnameExecutorVariantFactory;.<clinit>()V> (0x00000000c7040200) 
thrown [s\src\hotspot\share\prims\jni.cpp, line 1111]
Event: 29.578 Thread 0x000001a85a3593a0 Exception <a 'java/lang/NoSuchMethodError'{0x00000000c705dab0}: static Lorg/jetbrains/kotlin/gradle/plugin/internal/DefaultBasePluginConfigurationVariantFactory;.<clinit>()V> (0x00000000c705dab0) 
thrown [s\src\hotspot\share\prims\jni.cpp, line 1111]
Event: 29.619 Thread 0x000001a85a3593a0 Exception <a 'java/lang/IncompatibleClassChangeError'{0x00000000c6f09ff0}: Found class java.lang.Object, but interface was expected> (0x00000000c6f09ff0) 
thrown [s\src\hotspot\share\interpreter\linkResolver.cpp, line 840]

ZGC Phase Switch (0 events):
No events

VM Operations (20 events):
Event: 26.940 Executing safepoint VM operation: G1CollectForAllocation (G1 Evacuation Pause) done
Event: 26.961 Executing safepoint VM operation: G1TryInitiateConcMark (G1 Humongous Allocation)
Event: 26.968 Executing safepoint VM operation: G1TryInitiateConcMark (G1 Humongous Allocation) done
Event: 27.034 Executing safepoint VM operation: G1PauseRemark
Event: 27.046 Executing safepoint VM operation: G1PauseRemark done
Event: 27.066 Executing safepoint VM operation: G1PauseCleanup
Event: 27.066 Executing safepoint VM operation: G1PauseCleanup done
Event: 28.075 Executing safepoint VM operation: Cleanup
Event: 28.075 Executing safepoint VM operation: Cleanup done
Event: 28.159 Executing safepoint VM operation: G1CollectForAllocation (G1 Evacuation Pause)
Event: 28.165 Executing safepoint VM operation: G1CollectForAllocation (G1 Evacuation Pause) done
Event: 29.056 Executing safepoint VM operation: G1CollectForAllocation (G1 Evacuation Pause)
Event: 29.061 Executing safepoint VM operation: G1CollectForAllocation (G1 Evacuation Pause) done
Event: 29.445 Executing non-safepoint VM operation: HandshakeAllThreads (Deoptimize)
Event: 29.445 Executing non-safepoint VM operation: HandshakeAllThreads (Deoptimize) done
Event: 30.454 Executing safepoint VM operation: Cleanup
Event: 30.455 Executing safepoint VM operation: Cleanup done
Event: 30.882 Executing safepoint VM operation: G1TryInitiateConcMark (G1 Humongous Allocation)
Event: 30.891 Executing safepoint VM operation: G1TryInitiateConcMark (G1 Humongous Allocation) done
Event: 30.959 Executing safepoint VM operation: G1PauseRemark

Memory protections (0 events):
No events

Nmethod flushes (20 events):
Event: 30.967 Thread 0x000001a812708db0 flushing  nmethod 0x000001a800675a10
Event: 30.967 Thread 0x000001a812708db0 flushing  nmethod 0x000001a800676f90
Event: 30.967 Thread 0x000001a812708db0 flushing  nmethod 0x000001a800678010
Event: 30.967 Thread 0x000001a812708db0 flushing  nmethod 0x000001a800c79410
Event: 30.967 Thread 0x000001a812708db0 flushing  nmethod 0x000001a800d7c310
Event: 30.967 Thread 0x000001a812708db0 flushing  nmethod 0x000001a800000790
Event: 30.967 Thread 0x000001a812708db0 flushing  nmethod 0x000001a800001790
Event: 30.967 Thread 0x000001a812708db0 flushing  nmethod 0x000001a8003b6310
Event: 30.967 Thread 0x000001a812708db0 flushing  nmethod 0x000001a800406c10
Event: 30.967 Thread 0x000001a812708db0 flushing  nmethod 0x000001a800407610
Event: 30.967 Thread 0x000001a812708db0 flushing  nmethod 0x000001a800c39b10
Event: 30.967 Thread 0x000001a812708db0 flushing  nmethod 0x000001a807b16590
Event: 30.967 Thread 0x000001a812708db0 flushing  nmethod 0x000001a807bb2110
Event: 30.967 Thread 0x000001a812708db0 flushing  nmethod 0x000001a80064ed90
Event: 30.967 Thread 0x000001a812708db0 flushing  nmethod 0x000001a800650910
Event: 30.967 Thread 0x000001a812708db0 flushing  nmethod 0x000001a800651610
Event: 30.967 Thread 0x000001a812708db0 flushing osr nmethod 0x000001a80068c190
Event: 30.967 Thread 0x000001a812708db0 flushing  nmethod 0x000001a8006cc990
Event: 30.967 Thread 0x000001a812708db0 flushing  nmethod 0x000001a8006ccc90
Event: 30.967 Thread 0x000001a812708db0 flushing  nmethod 0x000001a800927190

Events (20 events):
Event: 19.464 Thread 0x000001a85a3593a0 Thread added: 0x000001a85c85c2a0
Event: 19.468 Thread 0x000001a85a3593a0 Thread added: 0x000001a85c85c930
Event: 19.472 Thread 0x000001a85a3593a0 Thread added: 0x000001a85c8594b0
Event: 19.476 Thread 0x000001a85a3593a0 Thread added: 0x000001a85c859b40
Event: 19.482 Thread 0x000001a85a3593a0 Thread added: 0x000001a85c85bc10
Event: 19.488 Thread 0x000001a85a3593a0 Thread added: 0x000001a85c85cfc0
Event: 19.497 Thread 0x000001a85a3593a0 Thread added: 0x000001a85c85b580
Event: 20.229 Thread 0x000001a85a3593a0 Thread added: 0x000001a85c85d650
Event: 20.230 Thread 0x000001a85a3593a0 Thread added: 0x000001a85c85a1d0
Event: 20.231 Thread 0x000001a85a3593a0 Thread added: 0x000001a85c85dce0
Event: 20.231 Thread 0x000001a85a3593a0 Thread added: 0x000001a85c85aef0
Event: 20.232 Thread 0x000001a85a3593a0 Thread added: 0x000001a85c85a860
Event: 20.232 Thread 0x000001a85a3593a0 Thread added: 0x000001a85c85fdb0
Event: 20.233 Thread 0x000001a85a3593a0 Thread added: 0x000001a85c85ea00
Event: 20.234 Thread 0x000001a85a3593a0 Thread added: 0x000001a85c860ad0
Event: 20.234 Thread 0x000001a85a3593a0 Thread added: 0x000001a85c85e370
Event: 20.235 Thread 0x000001a85a3593a0 Thread added: 0x000001a85c860440
Event: 20.235 Thread 0x000001a85a3593a0 Thread added: 0x000001a85c85f090
Event: 25.791 Thread 0x000001a85a3593a0 Thread added: 0x000001a858af3c90
Event: 30.638 Thread 0x000001a85a3593a0 Thread added: 0x000001a858af2f70


Dynamic libraries:
0x00007ff7ff300000 - 0x00007ff7ff30e000 	C:\Users\HP\.trae\extensions\redhat.java-1.54.0-win32-x64\jre\21.0.10-win32-x86_64\bin\java.exe
0x00007ffd58e20000 - 0x00007ffd59087000 	C:\WINDOWS\SYSTEM32\ntdll.dll
0x00007ffd578d0000 - 0x00007ffd57999000 	C:\WINDOWS\System32\KERNEL32.DLL
0x00007ffd55b40000 - 0x00007ffd55f37000 	C:\WINDOWS\System32\KERNELBASE.dll
0x00007ffd569a0000 - 0x00007ffd56aeb000 	C:\WINDOWS\System32\ucrtbase.dll
0x00007ffd17880000 - 0x00007ffd17898000 	C:\Users\HP\.trae\extensions\redhat.java-1.54.0-win32-x64\jre\21.0.10-win32-x86_64\bin\jli.dll
0x00007ffd56d70000 - 0x00007ffd56f36000 	C:\WINDOWS\System32\USER32.dll
0x00007ffd55f40000 - 0x00007ffd55f67000 	C:\WINDOWS\System32\win32u.dll
0x00007ffd57810000 - 0x00007ffd5783b000 	C:\WINDOWS\System32\GDI32.dll
0x00007ffd56870000 - 0x00007ffd5699c000 	C:\WINDOWS\System32\gdi32full.dll
0x00007ffd56af0000 - 0x00007ffd56b93000 	C:\WINDOWS\System32\msvcp_win.dll
0x00007ffd17740000 - 0x00007ffd1775e000 	C:\Users\HP\.trae\extensions\redhat.java-1.54.0-win32-x64\jre\21.0.10-win32-x86_64\bin\VCRUNTIME140.dll
0x00007ffd3ab10000 - 0x00007ffd3ada2000 	C:\WINDOWS\WinSxS\amd64_microsoft.windows.common-controls_6595b64144ccf1df_6.0.26100.8457_none_3e0b2faee331e92d\COMCTL32.dll
0x00007ffd58d30000 - 0x00007ffd58dd9000 	C:\WINDOWS\System32\msvcrt.dll
0x00007ffd582c0000 - 0x00007ffd582f2000 	C:\WINDOWS\System32\IMM32.DLL
0x00007ffd366e0000 - 0x00007ffd3683e000 	C:\Program Files (x86)\Citrix\ICA Client\ctxapclient64.dll
0x00007ffd57c40000 - 0x00007ffd57fc3000 	C:\WINDOWS\System32\combase.dll
0x00007ffd58b10000 - 0x00007ffd58c28000 	C:\WINDOWS\System32\RPCRT4.dll
0x00007ffd4e7f0000 - 0x00007ffd4e7fb000 	C:\WINDOWS\SYSTEM32\VERSION.dll
0x00007ffd55740000 - 0x00007ffd5576a000 	C:\WINDOWS\SYSTEM32\bcrypt.dll
0x00007ffd579a0000 - 0x00007ffd57a47000 	C:\WINDOWS\System32\sechost.dll
0x00007ffd56f40000 - 0x00007ffd56ff6000 	C:\WINDOWS\System32\ADVAPI32.dll
0x00007ffd54700000 - 0x00007ffd54736000 	C:\WINDOWS\SYSTEM32\ntmarta.dll
0x00007ffd55850000 - 0x00007ffd558f8000 	C:\WINDOWS\System32\bcryptprimitives.dll
0x00007ffd2c920000 - 0x00007ffd2c92c000 	C:\Users\HP\.trae\extensions\redhat.java-1.54.0-win32-x64\jre\21.0.10-win32-x86_64\bin\vcruntime140_1.dll
0x00007ffd08940000 - 0x00007ffd089cd000 	C:\Users\HP\.trae\extensions\redhat.java-1.54.0-win32-x64\jre\21.0.10-win32-x86_64\bin\msvcp140.dll
0x00007ffc2e750000 - 0x00007ffc2f4f1000 	C:\Users\HP\.trae\extensions\redhat.java-1.54.0-win32-x64\jre\21.0.10-win32-x86_64\bin\server\jvm.dll
0x00007ffd57bb0000 - 0x00007ffd57c30000 	C:\WINDOWS\System32\WS2_32.dll
0x00007ffd556d0000 - 0x00007ffd5572e000 	C:\WINDOWS\SYSTEM32\POWRPROF.dll
0x00007ffd4d900000 - 0x00007ffd4d936000 	C:\WINDOWS\SYSTEM32\WINMM.dll
0x00007ffd556b0000 - 0x00007ffd556c4000 	C:\WINDOWS\SYSTEM32\UMPDC.dll
0x00007ffd545c0000 - 0x00007ffd545db000 	C:\WINDOWS\SYSTEM32\kernel.appcore.dll
0x00007ffd27520000 - 0x00007ffd2752a000 	C:\Users\HP\.trae\extensions\redhat.java-1.54.0-win32-x64\jre\21.0.10-win32-x86_64\bin\jimage.dll
0x00007ffd48fa0000 - 0x00007ffd491e2000 	C:\WINDOWS\SYSTEM32\DBGHELP.DLL
0x00007ffd56c90000 - 0x00007ffd56d69000 	C:\WINDOWS\System32\OLEAUT32.dll
0x00007ffd38f00000 - 0x00007ffd38f3b000 	C:\WINDOWS\SYSTEM32\dbgcore.DLL
0x00007ffd42120000 - 0x00007ffd4212f000 	C:\Users\HP\.trae\extensions\redhat.java-1.54.0-win32-x64\jre\21.0.10-win32-x86_64\bin\instrument.dll
0x00007ffd17560000 - 0x00007ffd17580000 	C:\Users\HP\.trae\extensions\redhat.java-1.54.0-win32-x64\jre\21.0.10-win32-x86_64\bin\java.dll
0x000001a812760000 - 0x000001a812ece000 	C:\WINDOWS\System32\SHELL32.dll
0x000001a858000000 - 0x000001a85886c000 	C:\WINDOWS\System32\windows.storage.dll
0x00007ffd58c30000 - 0x00007ffd58d26000 	C:\WINDOWS\System32\SHCORE.dll
0x00007ffd577a0000 - 0x00007ffd57806000 	C:\WINDOWS\System32\shlwapi.dll
0x00007ffd55770000 - 0x00007ffd55799000 	C:\WINDOWS\SYSTEM32\profapi.dll
0x00007ffd17510000 - 0x00007ffd17528000 	C:\Users\HP\.trae\extensions\redhat.java-1.54.0-win32-x64\jre\21.0.10-win32-x86_64\bin\zip.dll
0x00007ffd27510000 - 0x00007ffd27520000 	C:\Users\HP\.trae\extensions\redhat.java-1.54.0-win32-x64\jre\21.0.10-win32-x86_64\bin\net.dll
0x00007ffd4dfd0000 - 0x00007ffd4e0f9000 	C:\WINDOWS\SYSTEM32\WINHTTP.dll
0x00007ffd54b50000 - 0x00007ffd54bbc000 	C:\WINDOWS\system32\mswsock.dll
0x00007ffd16dc0000 - 0x00007ffd16dd6000 	C:\Users\HP\.trae\extensions\redhat.java-1.54.0-win32-x64\jre\21.0.10-win32-x86_64\bin\nio.dll
0x00007ffd42110000 - 0x00007ffd42120000 	C:\Users\HP\.trae\extensions\redhat.java-1.54.0-win32-x64\jre\21.0.10-win32-x86_64\bin\verify.dll
0x00007ffd28170000 - 0x00007ffd28197000 	C:\Users\HP\.gradle\native\1def1411415f61bf3af743bc5b6707747c0891f09f0c88961ee8f79bc544acac\windows-amd64\native-platform.dll
0x00007ffcb3560000 - 0x00007ffcb35d8000 	C:\Users\HP\.gradle\native\0.2.7\x86_64-windows-gnu\gradle-fileevents.dll
0x00007ffd37950000 - 0x00007ffd3795a000 	C:\Users\HP\.trae\extensions\redhat.java-1.54.0-win32-x64\jre\21.0.10-win32-x86_64\bin\management.dll
0x00007ffd37940000 - 0x00007ffd3794c000 	C:\Users\HP\.trae\extensions\redhat.java-1.54.0-win32-x64\jre\21.0.10-win32-x86_64\bin\management_ext.dll
0x00007ffd57fd0000 - 0x00007ffd57fd8000 	C:\WINDOWS\System32\PSAPI.DLL
0x00007ffd53fa0000 - 0x00007ffd53fd2000 	C:\WINDOWS\SYSTEM32\IPHLPAPI.DLL
0x00007ffd56ba0000 - 0x00007ffd56baa000 	C:\WINDOWS\System32\NSI.dll
0x00007ffd42130000 - 0x00007ffd42139000 	C:\Users\HP\.trae\extensions\redhat.java-1.54.0-win32-x64\jre\21.0.10-win32-x86_64\bin\extnet.dll
0x00007ffd54e30000 - 0x00007ffd54e4b000 	C:\WINDOWS\SYSTEM32\CRYPTSP.dll
0x00007ffd54520000 - 0x00007ffd54559000 	C:\WINDOWS\system32\rsaenh.dll
0x00007ffd54c00000 - 0x00007ffd54c33000 	C:\WINDOWS\SYSTEM32\USERENV.dll
0x00007ffd54e50000 - 0x00007ffd54e5c000 	C:\WINDOWS\SYSTEM32\CRYPTBASE.dll
0x00007ffd42140000 - 0x00007ffd4214e000 	C:\Users\HP\.trae\extensions\redhat.java-1.54.0-win32-x64\jre\21.0.10-win32-x86_64\bin\sunmscapi.dll
0x00007ffd559c0000 - 0x00007ffd55b38000 	C:\WINDOWS\System32\CRYPT32.dll
0x00007ffd55050000 - 0x00007ffd55080000 	C:\WINDOWS\SYSTEM32\ncrypt.dll
0x00007ffd55000000 - 0x00007ffd5503f000 	C:\WINDOWS\SYSTEM32\NTASN1.dll
0x00007ffd27420000 - 0x00007ffd27428000 	C:\WINDOWS\system32\wshunix.dll

JVMTI agents:
C:\Users\HP\.gradle\wrapper\dists\gradle-8.13-bin\5xuhj0ry160q40clulazy9h7d\gradle-8.13\lib\agents\gradle-instrumentation-agent-8.13.jar path:C:\Users\HP\.trae\extensions\redhat.java-1.54.0-win32-x64\jre\21.0.10-win32-x86_64\bin\instrument.dll, loaded, initialized, instrumentlib options:none

dbghelp: loaded successfully - version: 4.0.5 - missing functions: none
symbol engine: initialized successfully - sym options: 0x614 - pdb path: .;C:\Users\HP\.trae\extensions\redhat.java-1.54.0-win32-x64\jre\21.0.10-win32-x86_64\bin;C:\WINDOWS\SYSTEM32;C:\WINDOWS\WinSxS\amd64_microsoft.windows.common-controls_6595b64144ccf1df_6.0.26100.8457_none_3e0b2faee331e92d;C:\Program Files (x86)\Citrix\ICA Client;C:\Users\HP\.trae\extensions\redhat.java-1.54.0-win32-x64\jre\21.0.10-win32-x86_64\bin\server;C:\Users\HP\.gradle\native\1def1411415f61bf3af743bc5b6707747c0891f09f0c88961ee8f79bc544acac\windows-amd64;C:\Users\HP\.gradle\native\0.2.7\x86_64-windows-gnu

VM Arguments:
jvm_args: --add-opens=java.base/java.lang=ALL-UNNAMED --add-opens=java.base/java.lang.invoke=ALL-UNNAMED --add-opens=java.base/java.util=ALL-UNNAMED --add-opens=java.prefs/java.util.prefs=ALL-UNNAMED --add-exports=jdk.compiler/com.sun.tools.javac.api=ALL-UNNAMED --add-exports=jdk.compiler/com.sun.tools.javac.util=ALL-UNNAMED --add-opens=java.base/java.util=ALL-UNNAMED --add-opens=java.prefs/java.util.prefs=ALL-UNNAMED --add-opens=java.base/java.nio.charset=ALL-UNNAMED --add-opens=java.base/java.net=ALL-UNNAMED --add-opens=java.base/java.util.concurrent.atomic=ALL-UNNAMED --add-opens=java.xml/javax.xml.namespace=ALL-UNNAMED -Xmx1024m -Dfile.encoding=UTF-8 -Duser.country=IN -Duser.language=en -Duser.variant -javaagent:C:\Users\HP\.gradle\wrapper\dists\gradle-8.13-bin\5xuhj0ry160q40clulazy9h7d\gradle-8.13\lib\agents\gradle-instrumentation-agent-8.13.jar 
java_command: org.gradle.launcher.daemon.bootstrap.GradleDaemon 8.13
java_class_path (initial): C:\Users\HP\.gradle\wrapper\dists\gradle-8.13-bin\5xuhj0ry160q40clulazy9h7d\gradle-8.13\lib\gradle-daemon-main-8.13.jar
Launcher Type: SUN_STANDARD

[Global flags]
     intx CICompilerCount                          = 4                                         {product} {ergonomic}
     uint ConcGCThreads                            = 3                                         {product} {ergonomic}
     uint G1ConcRefinementThreads                  = 10                                        {product} {ergonomic}
   size_t G1HeapRegionSize                         = 1048576                                   {product} {ergonomic}
    uintx GCDrainStackTargetSize                   = 64                                        {product} {ergonomic}
   size_t InitialHeapSize                          = 123731968                                 {product} {ergonomic}
   size_t MarkStackSize                            = 4194304                                   {product} {ergonomic}
   size_t MaxHeapSize                              = 1073741824                                {product} {command line}
   size_t MaxNewSize                               = 643825664                                 {product} {ergonomic}
   size_t MinHeapDeltaBytes                        = 1048576                                   {product} {ergonomic}
   size_t MinHeapSize                              = 8388608                                   {product} {ergonomic}
    uintx NonNMethodCodeHeapSize                   = 5839372                                {pd product} {ergonomic}
    uintx NonProfiledCodeHeapSize                  = 122909434                              {pd product} {ergonomic}
    uintx ProfiledCodeHeapSize                     = 122909434                              {pd product} {ergonomic}
    uintx ReservedCodeCacheSize                    = 251658240                              {pd product} {ergonomic}
     bool SegmentedCodeCache                       = true                                      {product} {ergonomic}
   size_t SoftMaxHeapSize                          = 1073741824                             {manageable} {ergonomic}
     bool UseCompressedOops                        = true                           {product lp64_product} {ergonomic}
     bool UseG1GC                                  = true                                      {product} {ergonomic}
     bool UseLargePagesIndividualAllocation        = false                                  {pd product} {ergonomic}

Logging:
Log output configuration:
 #0: stdout all=warning uptime,level,tags foldmultilines=false
 #1: stderr all=off uptime,level,tags foldmultilines=false

Release file:
JAVA_VERSION="21.0.10" 
MODULES="java.base java.compiler java.datatransfer java.xml java.prefs java.desktop java.instrument java.logging java.management java.security.sasl java.naming java.rmi java.management.rmi java.net.http java.scripting java.security.jgss java.transaction.xa java.sql java.sql.rowset java.xml.crypto java.se java.smartcardio jdk.accessibility jdk.internal.jvmstat jdk.attach jdk.charsets jdk.internal.opt jdk.zipfs jdk.compiler jdk.crypto.ec jdk.crypto.cryptoki jdk.crypto.mscapi jdk.dynalink jdk.internal.ed jdk.editpad jdk.hotspot.agent jdk.httpserver jdk.internal.le jdk.internal.vm.ci jdk.internal.vm.compiler jdk.internal.vm.compiler.management jdk.jartool jdk.javadoc jdk.jcmd jdk.management jdk.management.agent jdk.jconsole jdk.jdeps jdk.jdwp.agent jdk.jdi jdk.jfr jdk.jshell jdk.jsobject jdk.jstatd jdk.localedata jdk.management.jfr jdk.naming.dns jdk.naming.rmi jdk.net jdk.nio.mapmode jdk.random jdk.sctp jdk.security.auth jdk.security.jgss jdk.unsupported jdk.unsupported.desktop jdk.xml.dom" 

Environment Variables:
PATH=c:\Users\HP\.trae\tools\trae-gopls\current;c:\Users\HP\.trae\sdks\workspaces\0ba70f6d\versions\node\current;c:\Users\HP\.trae\sdks\versions\node\current;C:\Program Files\Common Files\Oracle\Java\javapath;C:\WINDOWS\system32;C:\WINDOWS;C:\WINDOWS\System32\Wbem;C:\WINDOWS\System32\WindowsPowerShell\v1.0\;C:\WINDOWS\System32\OpenSSH\;C:\Program Files\Git\cmd;c:\Users\HP\AppData\Local\Programs\cursor\resources\app\bin;C:\Program Files (x86)\Microsoft SQL Server\170\Tools\Binn\;C:\Program Files\Microsoft SQL Server\170\Tools\Binn\;C:\Program Files\Microsoft SQL Server\Client SDK\ODBC\180\Tools\Binn\;C:\Program Files\Microsoft SQL Server\170\DTS\Binn\;C:\Program Files\nodejs\;C:\Users\HP\AppData\Local\Programs\Python\Python311\Scripts\;C:\Users\HP\AppData\Local\Programs\Python\Python311\;C:\Users\HP\AppData\Local\Programs\Python\Python313\Scripts\;C:\Users\HP\AppData\Local\Programs\Python\Python313\;C:\Users\HP\AppData\Local\Programs\Python\Launcher\;C:\Users\HP\AppData\Local\Microsoft\WindowsApps;C:\Users\HP\AppData\Local\Programs\Microsoft VS Code\bin;C:\Users\HP\AppData\Local\Microsoft\WinGet\Packages\Gyan.FFmpeg_Microsoft.Winget.Source_8wekyb3d8bbwe\ffmpeg-8.0.1-full_build\bin;C:\Users\HP\AppData\Local\PowerToys\DSCModules\;C:\Users\HP\AppData\Roaming\npm;C:\Users\HP\AppData\Local\Programs\Antigravity IDE\bin;c:\Users\HP\AppData\Local\Programs\Trae\resources\app\bin\lib
USERNAME=HP
OS=Windows_NT
PROCESSOR_IDENTIFIER=AMD64 Family 25 Model 80 Stepping 0, AuthenticAMD
TMP=C:\Users\HP\AppData\Local\Temp
TEMP=C:\Users\HP\AppData\Local\Temp




Periodic native trim disabled

---------------  S Y S T E M  ---------------

OS:
 Windows 11 , 64 bit Build 26100 (10.0.26100.8328)
OS uptime: 1 days 11:12 hours
Hyper-V role detected

CPU: total 12 (initial active 12) (12 cores per cpu, 2 threads per core) family 25 model 80 stepping 0 microcode 0xa50000f, cx8, cmov, fxsr, ht, mmx, 3dnowpref, sse, sse2, sse3, ssse3, sse4a, sse4.1, sse4.2, popcnt, lzcnt, tsc, tscinvbit, avx, avx2, aes, erms, clmul, bmi1, bmi2, adx, sha, fma, vzeroupper, clflush, clflushopt, hv, rdtscp, rdpid, fsrm, f16c, cet_ss
Processor Information for the first 12 processors :
  Max Mhz: 3301, Current Mhz: 1908, Mhz Limit: 3301

Memory: 4k page, system-wide physical 7521M (15M free)
TotalPageFile size 31073M (AvailPageFile size 0M)
current process WorkingSet (physical memory assigned to process): 5M, peak: 259M
current process commit charge ("private bytes"): 390M, peak: 405M

vm_info: OpenJDK 64-Bit Server VM (21.0.10+7-LTS) for windows-amd64 JRE (21.0.10+7-LTS), built on 2026-01-20T00:00:00Z by "admin" with MS VC++ 17.12 (VS2022)

END.
